[0.768s] Invoking command in '/home/suke/chicken_core/src/perception/yolov10_ros': PYTHONPATH=/home/suke/chicken_core/build/yolov10_ros/prefix_override:/usr/lib/python3/dist-packages/colcon_core/task/python/colcon_distutils_commands:/home/suke/chicken_core/install/yolov10_ros/lib/python3.10/site-packages:${PYTHONPATH} /usr/bin/python3 -W ignore:setup.py install is deprecated setup.py egg_info --egg-base ../../../build/yolov10_ros build --build-base /home/suke/chicken_core/build/yolov10_ros/build install --record /home/suke/chicken_core/build/yolov10_ros/install.log --single-version-externally-managed install_data
[0.920s] running egg_info
[0.920s] writing ../../../build/yolov10_ros/yolov10_ros.egg-info/PKG-INFO
[0.920s] writing dependency_links to ../../../build/yolov10_ros/yolov10_ros.egg-info/dependency_links.txt
[0.920s] writing entry points to ../../../build/yolov10_ros/yolov10_ros.egg-info/entry_points.txt
[0.920s] writing requirements to ../../../build/yolov10_ros/yolov10_ros.egg-info/requires.txt
[0.920s] writing top-level names to ../../../build/yolov10_ros/yolov10_ros.egg-info/top_level.txt
[0.921s] reading manifest file '../../../build/yolov10_ros/yolov10_ros.egg-info/SOURCES.txt'
[0.922s] writing manifest file '../../../build/yolov10_ros/yolov10_ros.egg-info/SOURCES.txt'
[0.922s] running build
[0.922s] running build_py
[0.922s] running install
[0.922s] running install_lib
[0.923s] running install_data
[0.923s] running install_egg_info
[0.924s] removing '/home/suke/chicken_core/install/yolov10_ros/lib/python3.10/site-packages/yolov10_ros-0.0.0-py3.10.egg-info' (and everything under it)
[0.924s] Copying ../../../build/yolov10_ros/yolov10_ros.egg-info to /home/suke/chicken_core/install/yolov10_ros/lib/python3.10/site-packages/yolov10_ros-0.0.0-py3.10.egg-info
[0.924s] running install_scripts
[0.937s] Installing yolov10_node script to /home/suke/chicken_core/install/yolov10_ros/lib/yolov10_ros
[0.937s] writing list of installed files to '/home/suke/chicken_core/build/yolov10_ros/install.log'
[0.953s] Invoked command in '/home/suke/chicken_core/src/perception/yolov10_ros' returned '0': PYTHONPATH=/home/suke/chicken_core/build/yolov10_ros/prefix_override:/usr/lib/python3/dist-packages/colcon_core/task/python/colcon_distutils_commands:/home/suke/chicken_core/install/yolov10_ros/lib/python3.10/site-packages:${PYTHONPATH} /usr/bin/python3 -W ignore:setup.py install is deprecated setup.py egg_info --egg-base ../../../build/yolov10_ros build --build-base /home/suke/chicken_core/build/yolov10_ros/build install --record /home/suke/chicken_core/build/yolov10_ros/install.log --single-version-externally-managed install_data
