[0.162s] Invoking command in '/home/suke/chicken_ws/build/emcl2': CMAKE_PREFIX_PATH=${CMAKE_PREFIX_PATH}:/home/suke/chicken_ws/install/depth_anything_v2_ros2:/home/suke/ouxt_automation/robotx_ws/install/opencv_tests:/home/suke/ouxt_automation/robotx_ws/install/detic_onnx_ros2:/opt/ros/humble /usr/bin/cmake --build /home/suke/chicken_ws/build/emcl2 -- -j20 -l20
[0.206s] [100%] Built target emcl2_node
[0.213s] Invoked command in '/home/suke/chicken_ws/build/emcl2' returned '0': CMAKE_PREFIX_PATH=${CMAKE_PREFIX_PATH}:/home/suke/chicken_ws/install/depth_anything_v2_ros2:/home/suke/ouxt_automation/robotx_ws/install/opencv_tests:/home/suke/ouxt_automation/robotx_ws/install/detic_onnx_ros2:/opt/ros/humble /usr/bin/cmake --build /home/suke/chicken_ws/build/emcl2 -- -j20 -l20
[0.252s] Invoking command in '/home/suke/chicken_ws/build/emcl2': CMAKE_PREFIX_PATH=${CMAKE_PREFIX_PATH}:/home/suke/chicken_ws/install/depth_anything_v2_ros2:/home/suke/ouxt_automation/robotx_ws/install/opencv_tests:/home/suke/ouxt_automation/robotx_ws/install/detic_onnx_ros2:/opt/ros/humble /usr/bin/cmake --install /home/suke/chicken_ws/build/emcl2
[0.257s] -- Install configuration: "Release"
[0.258s] -- Execute custom install script
[0.258s] -- Up-to-date symlink: /home/suke/chicken_ws/install/emcl2/lib/emcl2/test.bash
[0.258s] -- Up-to-date symlink: /home/suke/chicken_ws/install/emcl2/lib/emcl2/test_gui.bash
[0.258s] -- Up-to-date symlink: /home/suke/chicken_ws/install/emcl2/include/emcl2/ExpResetMcl2.h
[0.258s] -- Up-to-date symlink: /home/suke/chicken_ws/install/emcl2/include/emcl2/LikelihoodFieldMap.h
[0.258s] -- Up-to-date symlink: /home/suke/chicken_ws/install/emcl2/include/emcl2/Mcl.h
[0.258s] -- Up-to-date symlink: /home/suke/chicken_ws/install/emcl2/include/emcl2/OdomModel.h
[0.258s] -- Up-to-date symlink: /home/suke/chicken_ws/install/emcl2/include/emcl2/Particle.h
[0.258s] -- Up-to-date symlink: /home/suke/chicken_ws/install/emcl2/include/emcl2/Pose.h
[0.258s] -- Up-to-date symlink: /home/suke/chicken_ws/install/emcl2/include/emcl2/Scan.h
[0.258s] -- Up-to-date symlink: /home/suke/chicken_ws/install/emcl2/include/emcl2/emcl2_node.h
[0.259s] -- Up-to-date symlink: /home/suke/chicken_ws/install/emcl2/lib/emcl2/emcl2_node
[0.259s] -- Up-to-date symlink: /home/suke/chicken_ws/install/emcl2/share/emcl2/config/emcl2.param.yaml
[0.259s] -- Up-to-date symlink: /home/suke/chicken_ws/install/emcl2/share/emcl2/config/emcl2_quick_start.param.yaml
[0.259s] -- Up-to-date symlink: /home/suke/chicken_ws/install/emcl2/share/emcl2/launch/emcl2.launch.py
[0.259s] -- Up-to-date symlink: /home/suke/chicken_ws/install/emcl2/share/emcl2/test/demo.bash
[0.259s] -- Up-to-date symlink: /home/suke/chicken_ws/install/emcl2/share/emcl2/test/test.bash
[0.259s] -- Up-to-date symlink: /home/suke/chicken_ws/install/emcl2/share/emcl2/test/test.launch.xml
[0.259s] -- Up-to-date symlink: /home/suke/chicken_ws/install/emcl2/share/emcl2/test/test_gui.bash
[0.259s] -- Up-to-date symlink: /home/suke/chicken_ws/install/emcl2/share/ament_index/resource_index/package_run_dependencies/emcl2
[0.259s] -- Up-to-date symlink: /home/suke/chicken_ws/install/emcl2/share/ament_index/resource_index/parent_prefix_path/emcl2
[0.259s] -- Up-to-date symlink: /home/suke/chicken_ws/install/emcl2/share/emcl2/environment/ament_prefix_path.sh
[0.259s] -- Up-to-date symlink: /home/suke/chicken_ws/install/emcl2/share/emcl2/environment/ament_prefix_path.dsv
[0.259s] -- Up-to-date symlink: /home/suke/chicken_ws/install/emcl2/share/emcl2/environment/path.sh
[0.259s] -- Up-to-date symlink: /home/suke/chicken_ws/install/emcl2/share/emcl2/environment/path.dsv
[0.260s] -- Up-to-date symlink: /home/suke/chicken_ws/install/emcl2/share/emcl2/local_setup.bash
[0.260s] -- Up-to-date symlink: /home/suke/chicken_ws/install/emcl2/share/emcl2/local_setup.sh
[0.260s] -- Up-to-date symlink: /home/suke/chicken_ws/install/emcl2/share/emcl2/local_setup.zsh
[0.260s] -- Up-to-date symlink: /home/suke/chicken_ws/install/emcl2/share/emcl2/local_setup.dsv
[0.260s] -- Symlinking: /home/suke/chicken_ws/install/emcl2/share/emcl2/package.dsv
[0.266s] -- Up-to-date symlink: /home/suke/chicken_ws/install/emcl2/share/ament_index/resource_index/packages/emcl2
[0.266s] -- Up-to-date symlink: /home/suke/chicken_ws/install/emcl2/share/emcl2/cmake/ament_cmake_export_dependencies-extras.cmake
[0.266s] -- Up-to-date symlink: /home/suke/chicken_ws/install/emcl2/share/emcl2/cmake/ament_cmake_export_include_directories-extras.cmake
[0.266s] -- Up-to-date symlink: /home/suke/chicken_ws/install/emcl2/share/emcl2/cmake/emcl2Config.cmake
[0.266s] -- Up-to-date symlink: /home/suke/chicken_ws/install/emcl2/share/emcl2/cmake/emcl2Config-version.cmake
[0.266s] -- Up-to-date symlink: /home/suke/chicken_ws/install/emcl2/share/emcl2/package.xml
[0.268s] Invoked command in '/home/suke/chicken_ws/build/emcl2' returned '0': CMAKE_PREFIX_PATH=${CMAKE_PREFIX_PATH}:/home/suke/chicken_ws/install/depth_anything_v2_ros2:/home/suke/ouxt_automation/robotx_ws/install/opencv_tests:/home/suke/ouxt_automation/robotx_ws/install/detic_onnx_ros2:/opt/ros/humble /usr/bin/cmake --install /home/suke/chicken_ws/build/emcl2
