[0.841s] Invoking command in '/home/suke/chicken_core/src/perception/depth_anything_v2_ros2': PYTHONPATH=/home/suke/chicken_core/build/depth_anything_v2_ros2/prefix_override:/usr/lib/python3/dist-packages/colcon_core/task/python/colcon_distutils_commands:/home/suke/chicken_core/install/depth_anything_v2_ros2/lib/python3.10/site-packages:${PYTHONPATH} /usr/bin/python3 -W ignore:setup.py install is deprecated setup.py egg_info --egg-base ../../../build/depth_anything_v2_ros2 build --build-base /home/suke/chicken_core/build/depth_anything_v2_ros2/build install --record /home/suke/chicken_core/build/depth_anything_v2_ros2/install.log --single-version-externally-managed install_data
[0.992s] running egg_info
[0.993s] writing ../../../build/depth_anything_v2_ros2/depth_anything_v2_ros2.egg-info/PKG-INFO
[0.993s] writing dependency_links to ../../../build/depth_anything_v2_ros2/depth_anything_v2_ros2.egg-info/dependency_links.txt
[0.993s] writing entry points to ../../../build/depth_anything_v2_ros2/depth_anything_v2_ros2.egg-info/entry_points.txt
[0.993s] writing requirements to ../../../build/depth_anything_v2_ros2/depth_anything_v2_ros2.egg-info/requires.txt
[0.993s] writing top-level names to ../../../build/depth_anything_v2_ros2/depth_anything_v2_ros2.egg-info/top_level.txt
[0.994s] reading manifest file '../../../build/depth_anything_v2_ros2/depth_anything_v2_ros2.egg-info/SOURCES.txt'
[0.994s] adding license file 'LICENSE'
[0.995s] writing manifest file '../../../build/depth_anything_v2_ros2/depth_anything_v2_ros2.egg-info/SOURCES.txt'
[0.995s] running build
[0.995s] running build_py
[0.995s] running install
[0.995s] running install_lib
[0.996s] running install_data
[0.996s] running install_egg_info
[0.997s] removing '/home/suke/chicken_core/install/depth_anything_v2_ros2/lib/python3.10/site-packages/depth_anything_v2_ros2-1.0.0-py3.10.egg-info' (and everything under it)
[0.997s] Copying ../../../build/depth_anything_v2_ros2/depth_anything_v2_ros2.egg-info to /home/suke/chicken_core/install/depth_anything_v2_ros2/lib/python3.10/site-packages/depth_anything_v2_ros2-1.0.0-py3.10.egg-info
[0.997s] running install_scripts
[1.011s] Installing depth_anything_v2_ros2 script to /home/suke/chicken_core/install/depth_anything_v2_ros2/lib/depth_anything_v2_ros2
[1.011s] writing list of installed files to '/home/suke/chicken_core/build/depth_anything_v2_ros2/install.log'
[1.027s] Invoked command in '/home/suke/chicken_core/src/perception/depth_anything_v2_ros2' returned '0': PYTHONPATH=/home/suke/chicken_core/build/depth_anything_v2_ros2/prefix_override:/usr/lib/python3/dist-packages/colcon_core/task/python/colcon_distutils_commands:/home/suke/chicken_core/install/depth_anything_v2_ros2/lib/python3.10/site-packages:${PYTHONPATH} /usr/bin/python3 -W ignore:setup.py install is deprecated setup.py egg_info --egg-base ../../../build/depth_anything_v2_ros2 build --build-base /home/suke/chicken_core/build/depth_anything_v2_ros2/build install --record /home/suke/chicken_core/build/depth_anything_v2_ros2/install.log --single-version-externally-managed install_data
