[0.161s] Invoking command in '/home/suke/chicken_ws/build/emcl2': CMAKE_PREFIX_PATH=${CMAKE_PREFIX_PATH}:/home/suke/chicken_ws/install/depth_anything_v2_ros2:/home/suke/ouxt_automation/robotx_ws/install/opencv_tests:/home/suke/ouxt_automation/robotx_ws/install/detic_onnx_ros2:/opt/ros/humble /usr/bin/cmake /home/suke/chicken_ws/src/localization/emcl2_ros2 -DCMAKE_BUILD_TYPE=Release -DAMENT_CMAKE_SYMLINK_INSTALL=1 -DCMAKE_INSTALL_PREFIX=/home/suke/chicken_ws/install/emcl2
[0.198s] -- The C compiler identification is GNU 11.4.0
[0.234s] -- The CXX compiler identification is GNU 11.4.0
[0.239s] -- Detecting C compiler ABI info
[0.280s] -- Detecting C compiler ABI info - done
[0.284s] -- Check for working C compiler: /usr/lib/ccache/gcc - skipped
[0.284s] -- Detecting C compile features
[0.284s] -- Detecting C compile features - done
[0.286s] -- Detecting CXX compiler ABI info
[0.332s] -- Detecting CXX compiler ABI info - done
[0.336s] -- Check for working CXX compiler: /usr/lib/ccache/g++ - skipped
[0.336s] -- Detecting CXX compile features
[0.336s] -- Detecting CXX compile features - done
[0.339s] -- Found ament_cmake_auto: 1.3.9 (/opt/ros/humble/share/ament_cmake_auto/cmake)
[0.449s] -- Found Python3: /usr/bin/python3 (found version "3.10.12") found components: Interpreter 
[0.487s] -- Override CMake install command with custom implementation using symlinks instead of copying resources
[0.622s] -- Found rosidl_generator_c: 3.1.5 (/opt/ros/humble/share/rosidl_generator_c/cmake)
[0.629s] -- Found rosidl_adapter: 3.1.5 (/opt/ros/humble/share/rosidl_adapter/cmake)
[0.639s] -- Found rosidl_generator_cpp: 3.1.5 (/opt/ros/humble/share/rosidl_generator_cpp/cmake)
[0.652s] -- Using all available rosidl_typesupport_c: rosidl_typesupport_fastrtps_c;rosidl_typesupport_introspection_c
[0.672s] -- Using all available rosidl_typesupport_cpp: rosidl_typesupport_fastrtps_cpp;rosidl_typesupport_introspection_cpp
[0.737s] -- Found rmw_implementation_cmake: 6.1.2 (/opt/ros/humble/share/rmw_implementation_cmake/cmake)
[0.742s] -- Found rmw_cyclonedds_cpp: 1.3.4 (/opt/ros/humble/share/rmw_cyclonedds_cpp/cmake)
[0.774s] -- Using RMW implementation 'rmw_cyclonedds_cpp' as default
[0.785s] -- Looking for pthread.h
[0.825s] -- Looking for pthread.h - found
[0.825s] -- Performing Test CMAKE_HAVE_LIBC_PTHREAD
[0.865s] -- Performing Test CMAKE_HAVE_LIBC_PTHREAD - Success
[0.866s] -- Found Threads: TRUE  
[1.333s] -- Found eigen3_cmake_module: 0.1.1 (/opt/ros/humble/share/eigen3_cmake_module/cmake)
[1.334s] -- Found Eigen3: TRUE (found version "3.4.0") 
[1.334s] -- Ensuring Eigen3 include directory is part of orocos-kdl CMake target
[1.364s] -- Found ament_lint_auto: 0.12.11 (/opt/ros/humble/share/ament_lint_auto/cmake)
[1.390s] -- Added test 'cppcheck' to perform static code analysis on C / C++ code
[1.391s] -- Configured cppcheck include dirs: /home/suke/chicken_ws/src/localization/emcl2_ros2/include
[1.391s] -- Configured cppcheck exclude dirs and/or files: 
[1.391s] -- Added test 'flake8' to check Python code syntax and style conventions
[1.392s] -- Added test 'lint_cmake' to check CMake code style
[1.393s] -- Added test 'pep257' to check Python code against some of the docstring style conventions in PEP 257
[1.395s] -- Added test 'uncrustify' to check C / C++ code style
[1.395s] -- Configured uncrustify additional arguments: 
[1.395s] -- Added test 'xmllint' to check XML markup files
[1.397s] -- Configuring done
[1.403s] -- Generating done
[1.404s] -- Build files have been written to: /home/suke/chicken_ws/build/emcl2
