[0.038s] Invoking command in '/home/suke/chicken_core/build/chicken_utils': CMAKE_PREFIX_PATH=${CMAKE_PREFIX_PATH}:/home/suke/chicken_core/install/yolov10_ros:/home/suke/chicken_core/install/depth_anything_v2_ros2:/home/suke/chicken_core/install/cart_controller:/home/suke/ouxt_automation/robotx_ws/install/opencv_tests:/home/suke/ouxt_automation/robotx_ws/install/detic_onnx_ros2:/opt/ros/humble /usr/bin/cmake /home/suke/chicken_core/src/simulation/chicken_utils -DAMENT_CMAKE_SYMLINK_INSTALL=1 -DCMAKE_INSTALL_PREFIX=/home/suke/chicken_core/install/chicken_utils
[0.544s] -- Found ament_cmake_auto: 1.3.9 (/opt/ros/humble/share/ament_cmake_auto/cmake)
[0.544s] -- Override CMake install command with custom implementation using symlinks instead of copying resources
[0.544s] -- Found rosidl_generator_c: 3.1.5 (/opt/ros/humble/share/rosidl_generator_c/cmake)
[0.545s] -- Found rosidl_adapter: 3.1.5 (/opt/ros/humble/share/rosidl_adapter/cmake)
[0.545s] -- Found rosidl_generator_cpp: 3.1.5 (/opt/ros/humble/share/rosidl_generator_cpp/cmake)
[0.545s] -- Using all available rosidl_typesupport_c: rosidl_typesupport_fastrtps_c;rosidl_typesupport_introspection_c
[0.545s] -- Using all available rosidl_typesupport_cpp: rosidl_typesupport_fastrtps_cpp;rosidl_typesupport_introspection_cpp
[0.545s] -- Found rmw_implementation_cmake: 6.1.2 (/opt/ros/humble/share/rmw_implementation_cmake/cmake)
[0.545s] -- Found rmw_cyclonedds_cpp: 1.3.4 (/opt/ros/humble/share/rmw_cyclonedds_cpp/cmake)
[0.545s] -- Using RMW implementation 'rmw_cyclonedds_cpp' as default
[0.687s] -- Found eigen3_cmake_module: 0.1.1 (/opt/ros/humble/share/eigen3_cmake_module/cmake)
[0.688s] -- Ensuring Eigen3 include directory is part of orocos-kdl CMake target
[0.704s] -- Found ament_lint_auto: 0.12.11 (/opt/ros/humble/share/ament_lint_auto/cmake)
[0.710s] -- Added test 'copyright' to check source files copyright and LICENSE
[0.710s] -- Added test 'cppcheck' to perform static code analysis on C / C++ code
[0.710s] -- Configured cppcheck include dirs: /home/suke/chicken_core/src/simulation/chicken_utils/include
[0.711s] -- Configured cppcheck exclude dirs and/or files: 
[0.711s] -- Added test 'cpplint' to check C / C++ code against the Google style
[0.711s] -- Configured cpplint exclude dirs and/or files: 
[0.711s] -- Added test 'lint_cmake' to check CMake code style
[0.712s] -- Added test 'uncrustify' to check C / C++ code style
[0.712s] -- Configured uncrustify additional arguments: 
[0.712s] -- Added test 'xmllint' to check XML markup files
[0.713s] -- Configuring done
[0.720s] -- Generating done
[0.720s] -- Build files have been written to: /home/suke/chicken_core/build/chicken_utils
[0.725s] Invoked command in '/home/suke/chicken_core/build/chicken_utils' returned '0': CMAKE_PREFIX_PATH=${CMAKE_PREFIX_PATH}:/home/suke/chicken_core/install/yolov10_ros:/home/suke/chicken_core/install/depth_anything_v2_ros2:/home/suke/chicken_core/install/cart_controller:/home/suke/ouxt_automation/robotx_ws/install/opencv_tests:/home/suke/ouxt_automation/robotx_ws/install/detic_onnx_ros2:/opt/ros/humble /usr/bin/cmake /home/suke/chicken_core/src/simulation/chicken_utils -DAMENT_CMAKE_SYMLINK_INSTALL=1 -DCMAKE_INSTALL_PREFIX=/home/suke/chicken_core/install/chicken_utils
[0.726s] Invoking command in '/home/suke/chicken_core/build/chicken_utils': CMAKE_PREFIX_PATH=${CMAKE_PREFIX_PATH}:/home/suke/chicken_core/install/yolov10_ros:/home/suke/chicken_core/install/depth_anything_v2_ros2:/home/suke/chicken_core/install/cart_controller:/home/suke/ouxt_automation/robotx_ws/install/opencv_tests:/home/suke/ouxt_automation/robotx_ws/install/detic_onnx_ros2:/opt/ros/humble /usr/bin/cmake --build /home/suke/chicken_core/build/chicken_utils -- -j20 -l20
[0.763s] [35m[1mConsolidate compiler generated dependencies of target quaternion_utils[0m
[0.780s] [100%] Built target quaternion_utils
[0.791s] Invoked command in '/home/suke/chicken_core/build/chicken_utils' returned '0': CMAKE_PREFIX_PATH=${CMAKE_PREFIX_PATH}:/home/suke/chicken_core/install/yolov10_ros:/home/suke/chicken_core/install/depth_anything_v2_ros2:/home/suke/chicken_core/install/cart_controller:/home/suke/ouxt_automation/robotx_ws/install/opencv_tests:/home/suke/ouxt_automation/robotx_ws/install/detic_onnx_ros2:/opt/ros/humble /usr/bin/cmake --build /home/suke/chicken_core/build/chicken_utils -- -j20 -l20
[0.823s] Invoking command in '/home/suke/chicken_core/build/chicken_utils': CMAKE_PREFIX_PATH=${CMAKE_PREFIX_PATH}:/home/suke/chicken_core/install/yolov10_ros:/home/suke/chicken_core/install/depth_anything_v2_ros2:/home/suke/chicken_core/install/cart_controller:/home/suke/ouxt_automation/robotx_ws/install/opencv_tests:/home/suke/ouxt_automation/robotx_ws/install/detic_onnx_ros2:/opt/ros/humble /usr/bin/cmake --install /home/suke/chicken_core/build/chicken_utils
[0.829s] -- Install configuration: ""
[0.830s] -- Execute custom install script
[0.830s] -- Up-to-date symlink: /home/suke/chicken_core/install/chicken_utils/include/chicken_utils/quaternion_utils.hpp
[0.830s] -- Up-to-date symlink: /home/suke/chicken_core/install/chicken_utils/share/chicken_utils/environment/library_path.sh
[0.830s] -- Up-to-date symlink: /home/suke/chicken_core/install/chicken_utils/share/chicken_utils/environment/library_path.dsv
[0.830s] -- Up-to-date symlink: /home/suke/chicken_core/install/chicken_utils/lib/libquaternion_utils.so
[0.830s] -- Up-to-date symlink: /home/suke/chicken_core/install/chicken_utils/share/ament_index/resource_index/package_run_dependencies/chicken_utils
[0.830s] -- Up-to-date symlink: /home/suke/chicken_core/install/chicken_utils/share/ament_index/resource_index/parent_prefix_path/chicken_utils
[0.830s] -- Up-to-date symlink: /home/suke/chicken_core/install/chicken_utils/share/chicken_utils/environment/ament_prefix_path.sh
[0.830s] -- Up-to-date symlink: /home/suke/chicken_core/install/chicken_utils/share/chicken_utils/environment/ament_prefix_path.dsv
[0.830s] -- Up-to-date symlink: /home/suke/chicken_core/install/chicken_utils/share/chicken_utils/environment/path.sh
[0.830s] -- Up-to-date symlink: /home/suke/chicken_core/install/chicken_utils/share/chicken_utils/environment/path.dsv
[0.831s] -- Up-to-date symlink: /home/suke/chicken_core/install/chicken_utils/share/chicken_utils/local_setup.bash
[0.831s] -- Up-to-date symlink: /home/suke/chicken_core/install/chicken_utils/share/chicken_utils/local_setup.sh
[0.831s] -- Up-to-date symlink: /home/suke/chicken_core/install/chicken_utils/share/chicken_utils/local_setup.zsh
[0.831s] -- Up-to-date symlink: /home/suke/chicken_core/install/chicken_utils/share/chicken_utils/local_setup.dsv
[0.831s] -- Symlinking: /home/suke/chicken_core/install/chicken_utils/share/chicken_utils/package.dsv
[0.839s] -- Up-to-date symlink: /home/suke/chicken_core/install/chicken_utils/share/ament_index/resource_index/packages/chicken_utils
[0.839s] -- Up-to-date symlink: /home/suke/chicken_core/install/chicken_utils/share/chicken_utils/cmake/ament_cmake_export_dependencies-extras.cmake
[0.839s] -- Up-to-date symlink: /home/suke/chicken_core/install/chicken_utils/share/chicken_utils/cmake/ament_cmake_export_include_directories-extras.cmake
[0.839s] -- Up-to-date symlink: /home/suke/chicken_core/install/chicken_utils/share/chicken_utils/cmake/ament_cmake_export_libraries-extras.cmake
[0.839s] -- Up-to-date symlink: /home/suke/chicken_core/install/chicken_utils/share/chicken_utils/cmake/chicken_utilsConfig.cmake
[0.839s] -- Up-to-date symlink: /home/suke/chicken_core/install/chicken_utils/share/chicken_utils/cmake/chicken_utilsConfig-version.cmake
[0.839s] -- Up-to-date symlink: /home/suke/chicken_core/install/chicken_utils/share/chicken_utils/package.xml
[0.841s] Invoked command in '/home/suke/chicken_core/build/chicken_utils' returned '0': CMAKE_PREFIX_PATH=${CMAKE_PREFIX_PATH}:/home/suke/chicken_core/install/yolov10_ros:/home/suke/chicken_core/install/depth_anything_v2_ros2:/home/suke/chicken_core/install/cart_controller:/home/suke/ouxt_automation/robotx_ws/install/opencv_tests:/home/suke/ouxt_automation/robotx_ws/install/detic_onnx_ros2:/opt/ros/humble /usr/bin/cmake --install /home/suke/chicken_core/build/chicken_utils
