[0.751s] Invoking command in '/home/suke/chicken_core/build/cart_controller': PYTHONPATH=/home/suke/chicken_core/build/cart_controller/prefix_override:/usr/lib/python3/dist-packages/colcon_core/task/python/colcon_distutils_commands:/home/suke/chicken_core/install/cart_controller/lib/python3.10/site-packages:${PYTHONPATH} /usr/bin/python3 -W ignore:setup.py install is deprecated setup.py develop --editable --build-directory /home/suke/chicken_core/build/cart_controller/build --no-deps symlink_data
[0.920s] running develop
[0.921s] /usr/lib/python3/dist-packages/setuptools/command/easy_install.py:158: EasyInstallDeprecationWarning: easy_install command is deprecated. Use build and pip and other standards-based tools.
[0.921s]   warnings.warn(
[1.034s] running egg_info
[1.034s] creating cart_controller.egg-info
[1.035s] writing cart_controller.egg-info/PKG-INFO
[1.035s] writing dependency_links to cart_controller.egg-info/dependency_links.txt
[1.035s] writing entry points to cart_controller.egg-info/entry_points.txt
[1.035s] writing requirements to cart_controller.egg-info/requires.txt
[1.035s] writing top-level names to cart_controller.egg-info/top_level.txt
[1.035s] writing manifest file 'cart_controller.egg-info/SOURCES.txt'
[1.035s] reading manifest file 'cart_controller.egg-info/SOURCES.txt'
[1.035s] writing manifest file 'cart_controller.egg-info/SOURCES.txt'
[1.035s] running build_ext
[1.035s] Creating /home/suke/chicken_core/install/cart_controller/lib/python3.10/site-packages/cart-controller.egg-link (link to .)
[1.035s] Installing controller_node script to /home/suke/chicken_core/install/cart_controller/lib/cart_controller
[1.036s] 
[1.036s] Installed /home/suke/chicken_core/build/cart_controller
[1.036s] running symlink_data
[1.036s] creating /home/suke/chicken_core/install/cart_controller/share/ament_index
[1.036s] creating /home/suke/chicken_core/install/cart_controller/share/ament_index/resource_index
[1.036s] creating /home/suke/chicken_core/install/cart_controller/share/ament_index/resource_index/packages
[1.036s] symbolically linking /home/suke/chicken_core/build/cart_controller/resource/cart_controller -> /home/suke/chicken_core/install/cart_controller/share/ament_index/resource_index/packages
[1.036s] symbolically linking /home/suke/chicken_core/build/cart_controller/package.xml -> /home/suke/chicken_core/install/cart_controller/share/cart_controller
[1.036s] symbolically linking /home/suke/chicken_core/build/cart_controller/launch/cart_launch.py -> /home/suke/chicken_core/install/cart_controller/share/cart_controller
[1.054s] Invoked command in '/home/suke/chicken_core/build/cart_controller' returned '0': PYTHONPATH=/home/suke/chicken_core/build/cart_controller/prefix_override:/usr/lib/python3/dist-packages/colcon_core/task/python/colcon_distutils_commands:/home/suke/chicken_core/install/cart_controller/lib/python3.10/site-packages:${PYTHONPATH} /usr/bin/python3 -W ignore:setup.py install is deprecated setup.py develop --editable --build-directory /home/suke/chicken_core/build/cart_controller/build --no-deps symlink_data
