[0.067s] [34mcolcon[0m [1;30mDEBUG[0m [32mCommand line arguments: ['/usr/bin/colcon', 'build', '--symlink-install', '--cmake-args', '-DCMAKE_BUILD_TYPE=Release'][0m
[0.067s] [34mcolcon[0m [1;30mDEBUG[0m [32mParsed command line arguments: Namespace(log_base=None, log_level=None, verb_name='build', build_base='build', install_base='install', merge_install=False, symlink_install=True, test_result_base=None, continue_on_error=False, executor='parallel', parallel_workers=20, event_handlers=None, ignore_user_meta=False, metas=['./colcon.meta'], base_paths=['.'], packages_ignore=None, packages_ignore_regex=None, paths=None, packages_up_to=None, packages_up_to_regex=None, packages_above=None, packages_above_and_dependencies=None, packages_above_depth=None, packages_select_by_dep=None, packages_skip_by_dep=None, packages_skip_up_to=None, packages_select_build_failed=False, packages_skip_build_finished=False, packages_select_test_failures=False, packages_skip_test_passed=False, packages_select=None, packages_skip=None, packages_select_regex=None, packages_skip_regex=None, packages_start=None, packages_end=None, allow_overriding=[], cmake_args=['-DCMAKE_BUILD_TYPE=Release'], cmake_target=None, cmake_target_skip_unavailable=False, cmake_clean_cache=False, cmake_clean_first=False, cmake_force_configure=False, ament_cmake_args=None, catkin_cmake_args=None, catkin_skip_building_tests=False, mixin_files=None, mixin=None, verb_parser=<colcon_mixin.mixin.mixin_argument.MixinArgumentDecorator object at 0x7e34ed007760>, verb_extension=<colcon_core.verb.build.BuildVerb object at 0x7e34ed7f7d90>, main=<bound method BuildVerb.main of <colcon_core.verb.build.BuildVerb object at 0x7e34ed7f7d90>>, mixin_verb=('build',))[0m
[0.158s] [34mcolcon.colcon_core.package_discovery[0m [1;30mLevel 1[0m discover_packages(colcon_meta) check parameters
[0.158s] [34mcolcon.colcon_core.package_discovery[0m [1;30mLevel 1[0m discover_packages(recursive) check parameters
[0.158s] [34mcolcon.colcon_core.package_discovery[0m [1;30mLevel 1[0m discover_packages(ignore) check parameters
[0.158s] [34mcolcon.colcon_core.package_discovery[0m [1;30mLevel 1[0m discover_packages(path) check parameters
[0.158s] [34mcolcon.colcon_core.package_discovery[0m [1;30mLevel 1[0m discover_packages(colcon_meta) discover
[0.158s] [34mcolcon.colcon_core.package_discovery[0m [1;30mLevel 1[0m discover_packages(recursive) discover
[0.158s] [34mcolcon.colcon_core.package_discovery[0m [1;30mINFO[0m Crawling recursively for packages in '/home/suke/chicken_ws'
[0.158s] [34mcolcon.colcon_core.package_identification[0m [1;30mLevel 1[0m _identify(.) by extensions ['ignore', 'ignore_ament_install']
[0.158s] [34mcolcon.colcon_core.package_identification[0m [1;30mLevel 1[0m _identify(.) by extension 'ignore'
[0.158s] [34mcolcon.colcon_core.package_identification[0m [1;30mLevel 1[0m _identify(.) by extension 'ignore_ament_install'
[0.158s] [34mcolcon.colcon_core.package_identification[0m [1;30mLevel 1[0m _identify(.) by extensions ['colcon_pkg']
[0.158s] [34mcolcon.colcon_core.package_identification[0m [1;30mLevel 1[0m _identify(.) by extension 'colcon_pkg'
[0.158s] [34mcolcon.colcon_core.package_identification[0m [1;30mLevel 1[0m _identify(.) by extensions ['colcon_meta']
[0.158s] [34mcolcon.colcon_core.package_identification[0m [1;30mLevel 1[0m _identify(.) by extension 'colcon_meta'
[0.158s] [34mcolcon.colcon_core.package_identification[0m [1;30mLevel 1[0m _identify(.) by extensions ['ros']
[0.158s] [34mcolcon.colcon_core.package_identification[0m [1;30mLevel 1[0m _identify(.) by extension 'ros'
[0.169s] [34mcolcon.colcon_core.package_identification[0m [1;30mLevel 1[0m _identify(.) by extensions ['cmake', 'python']
[0.169s] [34mcolcon.colcon_core.package_identification[0m [1;30mLevel 1[0m _identify(.) by extension 'cmake'
[0.169s] [34mcolcon.colcon_core.package_identification[0m [1;30mLevel 1[0m _identify(.) by extension 'python'
[0.169s] [34mcolcon.colcon_core.package_identification[0m [1;30mLevel 1[0m _identify(.) by extensions ['python_setup_py']
[0.169s] [34mcolcon.colcon_core.package_identification[0m [1;30mLevel 1[0m _identify(.) by extension 'python_setup_py'
[0.169s] [34mcolcon.colcon_core.package_identification[0m [1;30mLevel 1[0m _identify(build) by extensions ['ignore', 'ignore_ament_install']
[0.169s] [34mcolcon.colcon_core.package_identification[0m [1;30mLevel 1[0m _identify(build) by extension 'ignore'
[0.169s] [34mcolcon.colcon_core.package_identification[0m [1;30mLevel 1[0m _identify(build) ignored
[0.169s] [34mcolcon.colcon_core.package_identification[0m [1;30mLevel 1[0m _identify(hardware) by extensions ['ignore', 'ignore_ament_install']
[0.169s] [34mcolcon.colcon_core.package_identification[0m [1;30mLevel 1[0m _identify(hardware) by extension 'ignore'
[0.169s] [34mcolcon.colcon_core.package_identification[0m [1;30mLevel 1[0m _identify(hardware) by extension 'ignore_ament_install'
[0.169s] [34mcolcon.colcon_core.package_identification[0m [1;30mLevel 1[0m _identify(hardware) by extensions ['colcon_pkg']
[0.169s] [34mcolcon.colcon_core.package_identification[0m [1;30mLevel 1[0m _identify(hardware) by extension 'colcon_pkg'
[0.169s] [34mcolcon.colcon_core.package_identification[0m [1;30mLevel 1[0m _identify(hardware) by extensions ['colcon_meta']
[0.169s] [34mcolcon.colcon_core.package_identification[0m [1;30mLevel 1[0m _identify(hardware) by extension 'colcon_meta'
[0.169s] [34mcolcon.colcon_core.package_identification[0m [1;30mLevel 1[0m _identify(hardware) by extensions ['ros']
[0.169s] [34mcolcon.colcon_core.package_identification[0m [1;30mLevel 1[0m _identify(hardware) by extension 'ros'
[0.170s] [34mcolcon.colcon_core.package_identification[0m [1;30mLevel 1[0m _identify(hardware) by extensions ['cmake', 'python']
[0.170s] [34mcolcon.colcon_core.package_identification[0m [1;30mLevel 1[0m _identify(hardware) by extension 'cmake'
[0.170s] [34mcolcon.colcon_core.package_identification[0m [1;30mLevel 1[0m _identify(hardware) by extension 'python'
[0.170s] [34mcolcon.colcon_core.package_identification[0m [1;30mLevel 1[0m _identify(hardware) by extensions ['python_setup_py']
[0.170s] [34mcolcon.colcon_core.package_identification[0m [1;30mLevel 1[0m _identify(hardware) by extension 'python_setup_py'
[0.170s] [34mcolcon.colcon_core.package_identification[0m [1;30mLevel 1[0m _identify(install) by extensions ['ignore', 'ignore_ament_install']
[0.170s] [34mcolcon.colcon_core.package_identification[0m [1;30mLevel 1[0m _identify(install) by extension 'ignore'
[0.170s] [34mcolcon.colcon_core.package_identification[0m [1;30mLevel 1[0m _identify(install) ignored
[0.170s] [34mcolcon.colcon_core.package_identification[0m [1;30mLevel 1[0m _identify(log) by extensions ['ignore', 'ignore_ament_install']
[0.170s] [34mcolcon.colcon_core.package_identification[0m [1;30mLevel 1[0m _identify(log) by extension 'ignore'
[0.170s] [34mcolcon.colcon_core.package_identification[0m [1;30mLevel 1[0m _identify(log) ignored
[0.170s] [34mcolcon.colcon_core.package_identification[0m [1;30mLevel 1[0m _identify(src) by extensions ['ignore', 'ignore_ament_install']
[0.170s] [34mcolcon.colcon_core.package_identification[0m [1;30mLevel 1[0m _identify(src) by extension 'ignore'
[0.170s] [34mcolcon.colcon_core.package_identification[0m [1;30mLevel 1[0m _identify(src) by extension 'ignore_ament_install'
[0.170s] [34mcolcon.colcon_core.package_identification[0m [1;30mLevel 1[0m _identify(src) by extensions ['colcon_pkg']
[0.170s] [34mcolcon.colcon_core.package_identification[0m [1;30mLevel 1[0m _identify(src) by extension 'colcon_pkg'
[0.170s] [34mcolcon.colcon_core.package_identification[0m [1;30mLevel 1[0m _identify(src) by extensions ['colcon_meta']
[0.170s] [34mcolcon.colcon_core.package_identification[0m [1;30mLevel 1[0m _identify(src) by extension 'colcon_meta'
[0.170s] [34mcolcon.colcon_core.package_identification[0m [1;30mLevel 1[0m _identify(src) by extensions ['ros']
[0.170s] [34mcolcon.colcon_core.package_identification[0m [1;30mLevel 1[0m _identify(src) by extension 'ros'
[0.170s] [34mcolcon.colcon_core.package_identification[0m [1;30mLevel 1[0m _identify(src) by extensions ['cmake', 'python']
[0.170s] [34mcolcon.colcon_core.package_identification[0m [1;30mLevel 1[0m _identify(src) by extension 'cmake'
[0.170s] [34mcolcon.colcon_core.package_identification[0m [1;30mLevel 1[0m _identify(src) by extension 'python'
[0.170s] [34mcolcon.colcon_core.package_identification[0m [1;30mLevel 1[0m _identify(src) by extensions ['python_setup_py']
[0.170s] [34mcolcon.colcon_core.package_identification[0m [1;30mLevel 1[0m _identify(src) by extension 'python_setup_py'
[0.170s] [34mcolcon.colcon_core.package_identification[0m [1;30mLevel 1[0m _identify(src/control) by extensions ['ignore', 'ignore_ament_install']
[0.170s] [34mcolcon.colcon_core.package_identification[0m [1;30mLevel 1[0m _identify(src/control) by extension 'ignore'
[0.170s] [34mcolcon.colcon_core.package_identification[0m [1;30mLevel 1[0m _identify(src/control) by extension 'ignore_ament_install'
[0.170s] [34mcolcon.colcon_core.package_identification[0m [1;30mLevel 1[0m _identify(src/control) by extensions ['colcon_pkg']
[0.170s] [34mcolcon.colcon_core.package_identification[0m [1;30mLevel 1[0m _identify(src/control) by extension 'colcon_pkg'
[0.170s] [34mcolcon.colcon_core.package_identification[0m [1;30mLevel 1[0m _identify(src/control) by extensions ['colcon_meta']
[0.170s] [34mcolcon.colcon_core.package_identification[0m [1;30mLevel 1[0m _identify(src/control) by extension 'colcon_meta'
[0.170s] [34mcolcon.colcon_core.package_identification[0m [1;30mLevel 1[0m _identify(src/control) by extensions ['ros']
[0.170s] [34mcolcon.colcon_core.package_identification[0m [1;30mLevel 1[0m _identify(src/control) by extension 'ros'
[0.170s] [34mcolcon.colcon_core.package_identification[0m [1;30mLevel 1[0m _identify(src/control) by extensions ['cmake', 'python']
[0.170s] [34mcolcon.colcon_core.package_identification[0m [1;30mLevel 1[0m _identify(src/control) by extension 'cmake'
[0.170s] [34mcolcon.colcon_core.package_identification[0m [1;30mLevel 1[0m _identify(src/control) by extension 'python'
[0.170s] [34mcolcon.colcon_core.package_identification[0m [1;30mLevel 1[0m _identify(src/control) by extensions ['python_setup_py']
[0.170s] [34mcolcon.colcon_core.package_identification[0m [1;30mLevel 1[0m _identify(src/control) by extension 'python_setup_py'
[0.170s] [34mcolcon.colcon_core.package_identification[0m [1;30mLevel 1[0m _identify(src/description) by extensions ['ignore', 'ignore_ament_install']
[0.170s] [34mcolcon.colcon_core.package_identification[0m [1;30mLevel 1[0m _identify(src/description) by extension 'ignore'
[0.170s] [34mcolcon.colcon_core.package_identification[0m [1;30mLevel 1[0m _identify(src/description) by extension 'ignore_ament_install'
[0.170s] [34mcolcon.colcon_core.package_identification[0m [1;30mLevel 1[0m _identify(src/description) by extensions ['colcon_pkg']
[0.171s] [34mcolcon.colcon_core.package_identification[0m [1;30mLevel 1[0m _identify(src/description) by extension 'colcon_pkg'
[0.171s] [34mcolcon.colcon_core.package_identification[0m [1;30mLevel 1[0m _identify(src/description) by extensions ['colcon_meta']
[0.171s] [34mcolcon.colcon_core.package_identification[0m [1;30mLevel 1[0m _identify(src/description) by extension 'colcon_meta'
[0.171s] [34mcolcon.colcon_core.package_identification[0m [1;30mLevel 1[0m _identify(src/description) by extensions ['ros']
[0.171s] [34mcolcon.colcon_core.package_identification[0m [1;30mLevel 1[0m _identify(src/description) by extension 'ros'
[0.171s] [34mcolcon.colcon_core.package_identification[0m [1;30mLevel 1[0m _identify(src/description) by extensions ['cmake', 'python']
[0.171s] [34mcolcon.colcon_core.package_identification[0m [1;30mLevel 1[0m _identify(src/description) by extension 'cmake'
[0.171s] [34mcolcon.colcon_core.package_identification[0m [1;30mLevel 1[0m _identify(src/description) by extension 'python'
[0.171s] [34mcolcon.colcon_core.package_identification[0m [1;30mLevel 1[0m _identify(src/description) by extensions ['python_setup_py']
[0.171s] [34mcolcon.colcon_core.package_identification[0m [1;30mLevel 1[0m _identify(src/description) by extension 'python_setup_py'
[0.171s] [34mcolcon.colcon_core.package_identification[0m [1;30mLevel 1[0m _identify(src/localization) by extensions ['ignore', 'ignore_ament_install']
[0.171s] [34mcolcon.colcon_core.package_identification[0m [1;30mLevel 1[0m _identify(src/localization) by extension 'ignore'
[0.171s] [34mcolcon.colcon_core.package_identification[0m [1;30mLevel 1[0m _identify(src/localization) by extension 'ignore_ament_install'
[0.171s] [34mcolcon.colcon_core.package_identification[0m [1;30mLevel 1[0m _identify(src/localization) by extensions ['colcon_pkg']
[0.171s] [34mcolcon.colcon_core.package_identification[0m [1;30mLevel 1[0m _identify(src/localization) by extension 'colcon_pkg'
[0.171s] [34mcolcon.colcon_core.package_identification[0m [1;30mLevel 1[0m _identify(src/localization) by extensions ['colcon_meta']
[0.171s] [34mcolcon.colcon_core.package_identification[0m [1;30mLevel 1[0m _identify(src/localization) by extension 'colcon_meta'
[0.171s] [34mcolcon.colcon_core.package_identification[0m [1;30mLevel 1[0m _identify(src/localization) by extensions ['ros']
[0.171s] [34mcolcon.colcon_core.package_identification[0m [1;30mLevel 1[0m _identify(src/localization) by extension 'ros'
[0.171s] [34mcolcon.colcon_core.package_identification[0m [1;30mLevel 1[0m _identify(src/localization) by extensions ['cmake', 'python']
[0.171s] [34mcolcon.colcon_core.package_identification[0m [1;30mLevel 1[0m _identify(src/localization) by extension 'cmake'
[0.171s] [34mcolcon.colcon_core.package_identification[0m [1;30mLevel 1[0m _identify(src/localization) by extension 'python'
[0.171s] [34mcolcon.colcon_core.package_identification[0m [1;30mLevel 1[0m _identify(src/localization) by extensions ['python_setup_py']
[0.171s] [34mcolcon.colcon_core.package_identification[0m [1;30mLevel 1[0m _identify(src/localization) by extension 'python_setup_py'
[0.171s] [34mcolcon.colcon_core.package_identification[0m [1;30mLevel 1[0m _identify(src/localization/emcl2_ros2) by extensions ['ignore', 'ignore_ament_install']
[0.171s] [34mcolcon.colcon_core.package_identification[0m [1;30mLevel 1[0m _identify(src/localization/emcl2_ros2) by extension 'ignore'
[0.171s] [34mcolcon.colcon_core.package_identification[0m [1;30mLevel 1[0m _identify(src/localization/emcl2_ros2) by extension 'ignore_ament_install'
[0.171s] [34mcolcon.colcon_core.package_identification[0m [1;30mLevel 1[0m _identify(src/localization/emcl2_ros2) by extensions ['colcon_pkg']
[0.171s] [34mcolcon.colcon_core.package_identification[0m [1;30mLevel 1[0m _identify(src/localization/emcl2_ros2) by extension 'colcon_pkg'
[0.171s] [34mcolcon.colcon_core.package_identification[0m [1;30mLevel 1[0m _identify(src/localization/emcl2_ros2) by extensions ['colcon_meta']
[0.171s] [34mcolcon.colcon_core.package_identification[0m [1;30mLevel 1[0m _identify(src/localization/emcl2_ros2) by extension 'colcon_meta'
[0.171s] [34mcolcon.colcon_core.package_identification[0m [1;30mLevel 1[0m _identify(src/localization/emcl2_ros2) by extensions ['ros']
[0.171s] [34mcolcon.colcon_core.package_identification[0m [1;30mLevel 1[0m _identify(src/localization/emcl2_ros2) by extension 'ros'
[0.173s] [34mcolcon.colcon_core.package_identification[0m [1;30mDEBUG[0m [32mPackage 'src/localization/emcl2_ros2' with type 'ros.ament_cmake' and name 'emcl2'[0m
[0.173s] [34mcolcon.colcon_core.package_identification[0m [1;30mLevel 1[0m _identify(src/perception) by extensions ['ignore', 'ignore_ament_install']
[0.173s] [34mcolcon.colcon_core.package_identification[0m [1;30mLevel 1[0m _identify(src/perception) by extension 'ignore'
[0.173s] [34mcolcon.colcon_core.package_identification[0m [1;30mLevel 1[0m _identify(src/perception) by extension 'ignore_ament_install'
[0.173s] [34mcolcon.colcon_core.package_identification[0m [1;30mLevel 1[0m _identify(src/perception) by extensions ['colcon_pkg']
[0.173s] [34mcolcon.colcon_core.package_identification[0m [1;30mLevel 1[0m _identify(src/perception) by extension 'colcon_pkg'
[0.173s] [34mcolcon.colcon_core.package_identification[0m [1;30mLevel 1[0m _identify(src/perception) by extensions ['colcon_meta']
[0.173s] [34mcolcon.colcon_core.package_identification[0m [1;30mLevel 1[0m _identify(src/perception) by extension 'colcon_meta'
[0.173s] [34mcolcon.colcon_core.package_identification[0m [1;30mLevel 1[0m _identify(src/perception) by extensions ['ros']
[0.173s] [34mcolcon.colcon_core.package_identification[0m [1;30mLevel 1[0m _identify(src/perception) by extension 'ros'
[0.173s] [34mcolcon.colcon_core.package_identification[0m [1;30mLevel 1[0m _identify(src/perception) by extensions ['cmake', 'python']
[0.173s] [34mcolcon.colcon_core.package_identification[0m [1;30mLevel 1[0m _identify(src/perception) by extension 'cmake'
[0.173s] [34mcolcon.colcon_core.package_identification[0m [1;30mLevel 1[0m _identify(src/perception) by extension 'python'
[0.173s] [34mcolcon.colcon_core.package_identification[0m [1;30mLevel 1[0m _identify(src/perception) by extensions ['python_setup_py']
[0.173s] [34mcolcon.colcon_core.package_identification[0m [1;30mLevel 1[0m _identify(src/perception) by extension 'python_setup_py'
[0.173s] [34mcolcon.colcon_core.package_identification[0m [1;30mLevel 1[0m _identify(src/perception/depth_anything_v2_ros2) by extensions ['ignore', 'ignore_ament_install']
[0.173s] [34mcolcon.colcon_core.package_identification[0m [1;30mLevel 1[0m _identify(src/perception/depth_anything_v2_ros2) by extension 'ignore'
[0.173s] [34mcolcon.colcon_core.package_identification[0m [1;30mLevel 1[0m _identify(src/perception/depth_anything_v2_ros2) by extension 'ignore_ament_install'
[0.173s] [34mcolcon.colcon_core.package_identification[0m [1;30mLevel 1[0m _identify(src/perception/depth_anything_v2_ros2) by extensions ['colcon_pkg']
[0.173s] [34mcolcon.colcon_core.package_identification[0m [1;30mLevel 1[0m _identify(src/perception/depth_anything_v2_ros2) by extension 'colcon_pkg'
[0.173s] [34mcolcon.colcon_core.package_identification[0m [1;30mLevel 1[0m _identify(src/perception/depth_anything_v2_ros2) by extensions ['colcon_meta']
[0.173s] [34mcolcon.colcon_core.package_identification[0m [1;30mLevel 1[0m _identify(src/perception/depth_anything_v2_ros2) by extension 'colcon_meta'
[0.173s] [34mcolcon.colcon_core.package_identification[0m [1;30mLevel 1[0m _identify(src/perception/depth_anything_v2_ros2) by extensions ['ros']
[0.173s] [34mcolcon.colcon_core.package_identification[0m [1;30mLevel 1[0m _identify(src/perception/depth_anything_v2_ros2) by extension 'ros'
[0.174s] [34mcolcon.colcon_core.package_identification[0m [1;30mDEBUG[0m [32mPackage 'src/perception/depth_anything_v2_ros2' with type 'ros.ament_python' and name 'depth_anything_v2_ros2'[0m
[0.174s] [34mcolcon.colcon_core.package_identification[0m [1;30mLevel 1[0m _identify(src/planning) by extensions ['ignore', 'ignore_ament_install']
[0.174s] [34mcolcon.colcon_core.package_identification[0m [1;30mLevel 1[0m _identify(src/planning) by extension 'ignore'
[0.174s] [34mcolcon.colcon_core.package_identification[0m [1;30mLevel 1[0m _identify(src/planning) by extension 'ignore_ament_install'
[0.174s] [34mcolcon.colcon_core.package_identification[0m [1;30mLevel 1[0m _identify(src/planning) by extensions ['colcon_pkg']
[0.174s] [34mcolcon.colcon_core.package_identification[0m [1;30mLevel 1[0m _identify(src/planning) by extension 'colcon_pkg'
[0.174s] [34mcolcon.colcon_core.package_identification[0m [1;30mLevel 1[0m _identify(src/planning) by extensions ['colcon_meta']
[0.174s] [34mcolcon.colcon_core.package_identification[0m [1;30mLevel 1[0m _identify(src/planning) by extension 'colcon_meta'
[0.174s] [34mcolcon.colcon_core.package_identification[0m [1;30mLevel 1[0m _identify(src/planning) by extensions ['ros']
[0.174s] [34mcolcon.colcon_core.package_identification[0m [1;30mLevel 1[0m _identify(src/planning) by extension 'ros'
[0.174s] [34mcolcon.colcon_core.package_identification[0m [1;30mLevel 1[0m _identify(src/planning) by extensions ['cmake', 'python']
[0.174s] [34mcolcon.colcon_core.package_identification[0m [1;30mLevel 1[0m _identify(src/planning) by extension 'cmake'
[0.174s] [34mcolcon.colcon_core.package_identification[0m [1;30mLevel 1[0m _identify(src/planning) by extension 'python'
[0.174s] [34mcolcon.colcon_core.package_identification[0m [1;30mLevel 1[0m _identify(src/planning) by extensions ['python_setup_py']
[0.174s] [34mcolcon.colcon_core.package_identification[0m [1;30mLevel 1[0m _identify(src/planning) by extension 'python_setup_py'
[0.174s] [34mcolcon.colcon_core.package_identification[0m [1;30mLevel 1[0m _identify(src/simulation) by extensions ['ignore', 'ignore_ament_install']
[0.174s] [34mcolcon.colcon_core.package_identification[0m [1;30mLevel 1[0m _identify(src/simulation) by extension 'ignore'
[0.174s] [34mcolcon.colcon_core.package_identification[0m [1;30mLevel 1[0m _identify(src/simulation) by extension 'ignore_ament_install'
[0.174s] [34mcolcon.colcon_core.package_identification[0m [1;30mLevel 1[0m _identify(src/simulation) by extensions ['colcon_pkg']
[0.174s] [34mcolcon.colcon_core.package_identification[0m [1;30mLevel 1[0m _identify(src/simulation) by extension 'colcon_pkg'
[0.174s] [34mcolcon.colcon_core.package_identification[0m [1;30mLevel 1[0m _identify(src/simulation) by extensions ['colcon_meta']
[0.174s] [34mcolcon.colcon_core.package_identification[0m [1;30mLevel 1[0m _identify(src/simulation) by extension 'colcon_meta'
[0.174s] [34mcolcon.colcon_core.package_identification[0m [1;30mLevel 1[0m _identify(src/simulation) by extensions ['ros']
[0.174s] [34mcolcon.colcon_core.package_identification[0m [1;30mLevel 1[0m _identify(src/simulation) by extension 'ros'
[0.174s] [34mcolcon.colcon_core.package_identification[0m [1;30mLevel 1[0m _identify(src/simulation) by extensions ['cmake', 'python']
[0.174s] [34mcolcon.colcon_core.package_identification[0m [1;30mLevel 1[0m _identify(src/simulation) by extension 'cmake'
[0.174s] [34mcolcon.colcon_core.package_identification[0m [1;30mLevel 1[0m _identify(src/simulation) by extension 'python'
[0.174s] [34mcolcon.colcon_core.package_identification[0m [1;30mLevel 1[0m _identify(src/simulation) by extensions ['python_setup_py']
[0.174s] [34mcolcon.colcon_core.package_identification[0m [1;30mLevel 1[0m _identify(src/simulation) by extension 'python_setup_py'
[0.174s] [34mcolcon.colcon_core.package_identification[0m [1;30mLevel 1[0m _identify(src/simulation/chicken_utils) by extensions ['ignore', 'ignore_ament_install']
[0.174s] [34mcolcon.colcon_core.package_identification[0m [1;30mLevel 1[0m _identify(src/simulation/chicken_utils) by extension 'ignore'
[0.174s] [34mcolcon.colcon_core.package_identification[0m [1;30mLevel 1[0m _identify(src/simulation/chicken_utils) by extension 'ignore_ament_install'
[0.174s] [34mcolcon.colcon_core.package_identification[0m [1;30mLevel 1[0m _identify(src/simulation/chicken_utils) by extensions ['colcon_pkg']
[0.174s] [34mcolcon.colcon_core.package_identification[0m [1;30mLevel 1[0m _identify(src/simulation/chicken_utils) by extension 'colcon_pkg'
[0.174s] [34mcolcon.colcon_core.package_identification[0m [1;30mLevel 1[0m _identify(src/simulation/chicken_utils) by extensions ['colcon_meta']
[0.174s] [34mcolcon.colcon_core.package_identification[0m [1;30mLevel 1[0m _identify(src/simulation/chicken_utils) by extension 'colcon_meta'
[0.174s] [34mcolcon.colcon_core.package_identification[0m [1;30mLevel 1[0m _identify(src/simulation/chicken_utils) by extensions ['ros']
[0.174s] [34mcolcon.colcon_core.package_identification[0m [1;30mLevel 1[0m _identify(src/simulation/chicken_utils) by extension 'ros'
[0.175s] [34mcolcon.colcon_core.package_identification[0m [1;30mDEBUG[0m [32mPackage 'src/simulation/chicken_utils' with type 'ros.ament_cmake' and name 'chicken_utils'[0m
[0.175s] [34mcolcon.colcon_core.package_identification[0m [1;30mLevel 1[0m _identify(src/simulation/chiken_simulator) by extensions ['ignore', 'ignore_ament_install']
[0.175s] [34mcolcon.colcon_core.package_identification[0m [1;30mLevel 1[0m _identify(src/simulation/chiken_simulator) by extension 'ignore'
[0.175s] [34mcolcon.colcon_core.package_identification[0m [1;30mLevel 1[0m _identify(src/simulation/chiken_simulator) by extension 'ignore_ament_install'
[0.175s] [34mcolcon.colcon_core.package_identification[0m [1;30mLevel 1[0m _identify(src/simulation/chiken_simulator) by extensions ['colcon_pkg']
[0.175s] [34mcolcon.colcon_core.package_identification[0m [1;30mLevel 1[0m _identify(src/simulation/chiken_simulator) by extension 'colcon_pkg'
[0.175s] [34mcolcon.colcon_core.package_identification[0m [1;30mLevel 1[0m _identify(src/simulation/chiken_simulator) by extensions ['colcon_meta']
[0.175s] [34mcolcon.colcon_core.package_identification[0m [1;30mLevel 1[0m _identify(src/simulation/chiken_simulator) by extension 'colcon_meta'
[0.175s] [34mcolcon.colcon_core.package_identification[0m [1;30mLevel 1[0m _identify(src/simulation/chiken_simulator) by extensions ['ros']
[0.175s] [34mcolcon.colcon_core.package_identification[0m [1;30mLevel 1[0m _identify(src/simulation/chiken_simulator) by extension 'ros'
[0.176s] [34mcolcon.colcon_core.package_identification[0m [1;30mDEBUG[0m [32mPackage 'src/simulation/chiken_simulator' with type 'ros.ament_cmake' and name 'chicken_simulator'[0m
[0.176s] [34mcolcon.colcon_core.package_discovery[0m [1;30mLevel 1[0m discover_packages(recursive) using defaults
[0.176s] [34mcolcon.colcon_core.package_discovery[0m [1;30mLevel 1[0m discover_packages(ignore) discover
[0.176s] [34mcolcon.colcon_core.package_discovery[0m [1;30mLevel 1[0m discover_packages(ignore) using defaults
[0.176s] [34mcolcon.colcon_core.package_discovery[0m [1;30mLevel 1[0m discover_packages(path) discover
[0.176s] [34mcolcon.colcon_core.package_discovery[0m [1;30mLevel 1[0m discover_packages(path) using defaults
[0.185s] [34mcolcon.colcon_core.package_discovery[0m [1;30mLevel 1[0m discover_packages(prefix_path) check parameters
[0.185s] [34mcolcon.colcon_core.package_discovery[0m [1;30mLevel 1[0m discover_packages(prefix_path) discover
[0.185s] [34mcolcon.colcon_ros.prefix_path.ament[0m [1;30mWARNING[0m [33mThe path '/home/suke/chicken_ws/install/chiken_utils' in the environment variable AMENT_PREFIX_PATH doesn't exist[0m
[0.186s] [34mcolcon.colcon_ros.prefix_path.catkin[0m [1;30mWARNING[0m [33mThe path '/home/suke/chicken_ws/install/chiken_utils' in the environment variable CMAKE_PREFIX_PATH doesn't exist[0m
[0.186s] [34mcolcon.colcon_installed_package_information.package_discovery[0m [1;30mDEBUG[0m [32mFound 4 installed packages in /home/suke/chicken_ws/install[0m
[0.187s] [34mcolcon.colcon_installed_package_information.package_discovery[0m [1;30mDEBUG[0m [32mFound 58 installed packages in /home/suke/ouxt_automation/robotx_ws/install[0m
[0.188s] [34mcolcon.colcon_installed_package_information.package_discovery[0m [1;30mDEBUG[0m [32mFound 388 installed packages in /opt/ros/humble[0m
[0.189s] [34mcolcon.colcon_core.package_discovery[0m [1;30mLevel 1[0m discover_packages(prefix_path) using defaults
[0.212s] [34mcolcon.colcon_core.verb[0m [1;30mLevel 5[0m set package 'chicken_utils' build argument 'cmake_args' from command line to '['-DCMAKE_BUILD_TYPE=Release']'
[0.212s] [34mcolcon.colcon_core.verb[0m [1;30mLevel 5[0m set package 'chicken_utils' build argument 'cmake_target' from command line to 'None'
[0.212s] [34mcolcon.colcon_core.verb[0m [1;30mLevel 5[0m set package 'chicken_utils' build argument 'cmake_target_skip_unavailable' from command line to 'False'
[0.212s] [34mcolcon.colcon_core.verb[0m [1;30mLevel 5[0m set package 'chicken_utils' build argument 'cmake_clean_cache' from command line to 'False'
[0.212s] [34mcolcon.colcon_core.verb[0m [1;30mLevel 5[0m set package 'chicken_utils' build argument 'cmake_clean_first' from command line to 'False'
[0.212s] [34mcolcon.colcon_core.verb[0m [1;30mLevel 5[0m set package 'chicken_utils' build argument 'cmake_force_configure' from command line to 'False'
[0.212s] [34mcolcon.colcon_core.verb[0m [1;30mLevel 5[0m set package 'chicken_utils' build argument 'ament_cmake_args' from command line to 'None'
[0.212s] [34mcolcon.colcon_core.verb[0m [1;30mLevel 5[0m set package 'chicken_utils' build argument 'catkin_cmake_args' from command line to 'None'
[0.212s] [34mcolcon.colcon_core.verb[0m [1;30mLevel 5[0m set package 'chicken_utils' build argument 'catkin_skip_building_tests' from command line to 'False'
[0.212s] [34mcolcon.colcon_core.verb[0m [1;30mDEBUG[0m [32mBuilding package 'chicken_utils' with the following arguments: {'ament_cmake_args': None, 'build_base': '/home/suke/chicken_ws/build/chicken_utils', 'catkin_cmake_args': None, 'catkin_skip_building_tests': False, 'cmake_args': ['-DCMAKE_BUILD_TYPE=Release'], 'cmake_clean_cache': False, 'cmake_clean_first': False, 'cmake_force_configure': False, 'cmake_target': None, 'cmake_target_skip_unavailable': False, 'install_base': '/home/suke/chicken_ws/install/chicken_utils', 'merge_install': False, 'path': '/home/suke/chicken_ws/src/simulation/chicken_utils', 'symlink_install': True, 'test_result_base': None}[0m
[0.212s] [34mcolcon.colcon_core.verb[0m [1;30mLevel 5[0m set package 'depth_anything_v2_ros2' build argument 'cmake_args' from command line to '['-DCMAKE_BUILD_TYPE=Release']'
[0.212s] [34mcolcon.colcon_core.verb[0m [1;30mLevel 5[0m set package 'depth_anything_v2_ros2' build argument 'cmake_target' from command line to 'None'
[0.212s] [34mcolcon.colcon_core.verb[0m [1;30mLevel 5[0m set package 'depth_anything_v2_ros2' build argument 'cmake_target_skip_unavailable' from command line to 'False'
[0.212s] [34mcolcon.colcon_core.verb[0m [1;30mLevel 5[0m set package 'depth_anything_v2_ros2' build argument 'cmake_clean_cache' from command line to 'False'
[0.212s] [34mcolcon.colcon_core.verb[0m [1;30mLevel 5[0m set package 'depth_anything_v2_ros2' build argument 'cmake_clean_first' from command line to 'False'
[0.212s] [34mcolcon.colcon_core.verb[0m [1;30mLevel 5[0m set package 'depth_anything_v2_ros2' build argument 'cmake_force_configure' from command line to 'False'
[0.212s] [34mcolcon.colcon_core.verb[0m [1;30mLevel 5[0m set package 'depth_anything_v2_ros2' build argument 'ament_cmake_args' from command line to 'None'
[0.212s] [34mcolcon.colcon_core.verb[0m [1;30mLevel 5[0m set package 'depth_anything_v2_ros2' build argument 'catkin_cmake_args' from command line to 'None'
[0.212s] [34mcolcon.colcon_core.verb[0m [1;30mLevel 5[0m set package 'depth_anything_v2_ros2' build argument 'catkin_skip_building_tests' from command line to 'False'
[0.212s] [34mcolcon.colcon_core.verb[0m [1;30mDEBUG[0m [32mBuilding package 'depth_anything_v2_ros2' with the following arguments: {'ament_cmake_args': None, 'build_base': '/home/suke/chicken_ws/build/depth_anything_v2_ros2', 'catkin_cmake_args': None, 'catkin_skip_building_tests': False, 'cmake_args': ['-DCMAKE_BUILD_TYPE=Release'], 'cmake_clean_cache': False, 'cmake_clean_first': False, 'cmake_force_configure': False, 'cmake_target': None, 'cmake_target_skip_unavailable': False, 'install_base': '/home/suke/chicken_ws/install/depth_anything_v2_ros2', 'merge_install': False, 'path': '/home/suke/chicken_ws/src/perception/depth_anything_v2_ros2', 'symlink_install': True, 'test_result_base': None}[0m
[0.212s] [34mcolcon.colcon_core.verb[0m [1;30mLevel 5[0m set package 'emcl2' build argument 'cmake_args' from command line to '['-DCMAKE_BUILD_TYPE=Release']'
[0.212s] [34mcolcon.colcon_core.verb[0m [1;30mLevel 5[0m set package 'emcl2' build argument 'cmake_target' from command line to 'None'
[0.212s] [34mcolcon.colcon_core.verb[0m [1;30mLevel 5[0m set package 'emcl2' build argument 'cmake_target_skip_unavailable' from command line to 'False'
[0.213s] [34mcolcon.colcon_core.verb[0m [1;30mLevel 5[0m set package 'emcl2' build argument 'cmake_clean_cache' from command line to 'False'
[0.213s] [34mcolcon.colcon_core.verb[0m [1;30mLevel 5[0m set package 'emcl2' build argument 'cmake_clean_first' from command line to 'False'
[0.213s] [34mcolcon.colcon_core.verb[0m [1;30mLevel 5[0m set package 'emcl2' build argument 'cmake_force_configure' from command line to 'False'
[0.213s] [34mcolcon.colcon_core.verb[0m [1;30mLevel 5[0m set package 'emcl2' build argument 'ament_cmake_args' from command line to 'None'
[0.213s] [34mcolcon.colcon_core.verb[0m [1;30mLevel 5[0m set package 'emcl2' build argument 'catkin_cmake_args' from command line to 'None'
[0.213s] [34mcolcon.colcon_core.verb[0m [1;30mLevel 5[0m set package 'emcl2' build argument 'catkin_skip_building_tests' from command line to 'False'
[0.213s] [34mcolcon.colcon_core.verb[0m [1;30mDEBUG[0m [32mBuilding package 'emcl2' with the following arguments: {'ament_cmake_args': None, 'build_base': '/home/suke/chicken_ws/build/emcl2', 'catkin_cmake_args': None, 'catkin_skip_building_tests': False, 'cmake_args': ['-DCMAKE_BUILD_TYPE=Release'], 'cmake_clean_cache': False, 'cmake_clean_first': False, 'cmake_force_configure': False, 'cmake_target': None, 'cmake_target_skip_unavailable': False, 'install_base': '/home/suke/chicken_ws/install/emcl2', 'merge_install': False, 'path': '/home/suke/chicken_ws/src/localization/emcl2_ros2', 'symlink_install': True, 'test_result_base': None}[0m
[0.213s] [34mcolcon.colcon_core.verb[0m [1;30mLevel 5[0m set package 'chicken_simulator' build argument 'cmake_args' from command line to '['-DCMAKE_BUILD_TYPE=Release']'
[0.213s] [34mcolcon.colcon_core.verb[0m [1;30mLevel 5[0m set package 'chicken_simulator' build argument 'cmake_target' from command line to 'None'
[0.213s] [34mcolcon.colcon_core.verb[0m [1;30mLevel 5[0m set package 'chicken_simulator' build argument 'cmake_target_skip_unavailable' from command line to 'False'
[0.213s] [34mcolcon.colcon_core.verb[0m [1;30mLevel 5[0m set package 'chicken_simulator' build argument 'cmake_clean_cache' from command line to 'False'
[0.213s] [34mcolcon.colcon_core.verb[0m [1;30mLevel 5[0m set package 'chicken_simulator' build argument 'cmake_clean_first' from command line to 'False'
[0.213s] [34mcolcon.colcon_core.verb[0m [1;30mLevel 5[0m set package 'chicken_simulator' build argument 'cmake_force_configure' from command line to 'False'
[0.213s] [34mcolcon.colcon_core.verb[0m [1;30mLevel 5[0m set package 'chicken_simulator' build argument 'ament_cmake_args' from command line to 'None'
[0.213s] [34mcolcon.colcon_core.verb[0m [1;30mLevel 5[0m set package 'chicken_simulator' build argument 'catkin_cmake_args' from command line to 'None'
[0.213s] [34mcolcon.colcon_core.verb[0m [1;30mLevel 5[0m set package 'chicken_simulator' build argument 'catkin_skip_building_tests' from command line to 'False'
[0.213s] [34mcolcon.colcon_core.verb[0m [1;30mDEBUG[0m [32mBuilding package 'chicken_simulator' with the following arguments: {'ament_cmake_args': None, 'build_base': '/home/suke/chicken_ws/build/chicken_simulator', 'catkin_cmake_args': None, 'catkin_skip_building_tests': False, 'cmake_args': ['-DCMAKE_BUILD_TYPE=Release'], 'cmake_clean_cache': False, 'cmake_clean_first': False, 'cmake_force_configure': False, 'cmake_target': None, 'cmake_target_skip_unavailable': False, 'install_base': '/home/suke/chicken_ws/install/chicken_simulator', 'merge_install': False, 'path': '/home/suke/chicken_ws/src/simulation/chiken_simulator', 'symlink_install': True, 'test_result_base': None}[0m
[0.213s] [34mcolcon.colcon_core.executor[0m [1;30mINFO[0m Executing jobs using 'parallel' executor
[0.213s] [34mcolcon.colcon_parallel_executor.executor.parallel[0m [1;30mDEBUG[0m [32mrun_until_complete[0m
[0.214s] [34mcolcon.colcon_ros.task.ament_cmake.build[0m [1;30mINFO[0m Building ROS package in '/home/suke/chicken_ws/src/simulation/chicken_utils' with build type 'ament_cmake'
[0.214s] [34mcolcon.colcon_cmake.task.cmake.build[0m [1;30mINFO[0m Building CMake package in '/home/suke/chicken_ws/src/simulation/chicken_utils'
[0.215s] [34mcolcon.colcon_core.plugin_system[0m [1;30mINFO[0m Skipping extension 'colcon_core.shell.bat': Not used on non-Windows systems
[0.215s] [34mcolcon.colcon_core.shell[0m [1;30mINFO[0m Skip shell extension 'powershell' for command environment: Not usable outside of PowerShell
[0.215s] [34mcolcon.colcon_core.shell[0m [1;30mDEBUG[0m [32mSkip shell extension 'dsv' for command environment[0m
[0.218s] [34mcolcon.colcon_ros.task.ament_python.build[0m [1;30mINFO[0m Building ROS package in '/home/suke/chicken_ws/src/perception/depth_anything_v2_ros2' with build type 'ament_python'
[0.219s] [34mcolcon.colcon_core.shell[0m [1;30mLevel 1[0m create_environment_hook('depth_anything_v2_ros2', 'ament_prefix_path')
[0.219s] [34mcolcon.colcon_core.shell[0m [1;30mINFO[0m Creating environment hook '/home/suke/chicken_ws/install/depth_anything_v2_ros2/share/depth_anything_v2_ros2/hook/ament_prefix_path.ps1'
[0.219s] [34mcolcon.colcon_core.shell[0m [1;30mINFO[0m Creating environment descriptor '/home/suke/chicken_ws/install/depth_anything_v2_ros2/share/depth_anything_v2_ros2/hook/ament_prefix_path.dsv'
[0.219s] [34mcolcon.colcon_core.shell[0m [1;30mINFO[0m Creating environment hook '/home/suke/chicken_ws/install/depth_anything_v2_ros2/share/depth_anything_v2_ros2/hook/ament_prefix_path.sh'
[0.220s] [34mcolcon.colcon_core.shell[0m [1;30mINFO[0m Skip shell extension 'powershell' for command environment: Not usable outside of PowerShell
[0.220s] [34mcolcon.colcon_core.shell[0m [1;30mDEBUG[0m [32mSkip shell extension 'dsv' for command environment[0m
[0.222s] [34mcolcon.colcon_ros.task.ament_cmake.build[0m [1;30mINFO[0m Building ROS package in '/home/suke/chicken_ws/src/localization/emcl2_ros2' with build type 'ament_cmake'
[0.223s] [34mcolcon.colcon_cmake.task.cmake.build[0m [1;30mINFO[0m Building CMake package in '/home/suke/chicken_ws/src/localization/emcl2_ros2'
[0.223s] [34mcolcon.colcon_core.shell[0m [1;30mINFO[0m Skip shell extension 'powershell' for command environment: Not usable outside of PowerShell
[0.223s] [34mcolcon.colcon_core.shell[0m [1;30mDEBUG[0m [32mSkip shell extension 'dsv' for command environment[0m
[0.229s] [34mcolcon.colcon_core.event_handler.log_command[0m [1;30mDEBUG[0m [32mInvoking command in '/home/suke/chicken_ws/build/chicken_utils': CMAKE_PREFIX_PATH=${CMAKE_PREFIX_PATH}:/home/suke/chicken_ws/install/depth_anything_v2_ros2:/home/suke/ouxt_automation/robotx_ws/install/opencv_tests:/home/suke/ouxt_automation/robotx_ws/install/detic_onnx_ros2:/opt/ros/humble /usr/bin/cmake --build /home/suke/chicken_ws/build/chicken_utils -- -j20 -l20[0m
[0.378s] [34mcolcon.colcon_core.task.python.build[0m [1;30mINFO[0m Building Python package in '/home/suke/chicken_ws/src/perception/depth_anything_v2_ros2'
[0.378s] [34mcolcon.colcon_core.shell[0m [1;30mINFO[0m Skip shell extension 'powershell' for command environment: Not usable outside of PowerShell
[0.378s] [34mcolcon.colcon_core.shell[0m [1;30mDEBUG[0m [32mSkip shell extension 'dsv' for command environment[0m
[0.385s] [34mcolcon.colcon_core.event_handler.log_command[0m [1;30mDEBUG[0m [32mInvoking command in '/home/suke/chicken_ws/build/emcl2': CMAKE_PREFIX_PATH=${CMAKE_PREFIX_PATH}:/home/suke/chicken_ws/install/depth_anything_v2_ros2:/home/suke/ouxt_automation/robotx_ws/install/opencv_tests:/home/suke/ouxt_automation/robotx_ws/install/detic_onnx_ros2:/opt/ros/humble /usr/bin/cmake --build /home/suke/chicken_ws/build/emcl2 -- -j20 -l20[0m
[0.385s] [34mcolcon.colcon_core.event_handler.log_command[0m [1;30mDEBUG[0m [32mInvoked command in '/home/suke/chicken_ws/build/chicken_utils' returned '0': CMAKE_PREFIX_PATH=${CMAKE_PREFIX_PATH}:/home/suke/chicken_ws/install/depth_anything_v2_ros2:/home/suke/ouxt_automation/robotx_ws/install/opencv_tests:/home/suke/ouxt_automation/robotx_ws/install/detic_onnx_ros2:/opt/ros/humble /usr/bin/cmake --build /home/suke/chicken_ws/build/chicken_utils -- -j20 -l20[0m
[0.413s] [34mcolcon.colcon_core.event_handler.log_command[0m [1;30mDEBUG[0m [32mInvoking command in '/home/suke/chicken_ws/build/chicken_utils': CMAKE_PREFIX_PATH=${CMAKE_PREFIX_PATH}:/home/suke/chicken_ws/install/depth_anything_v2_ros2:/home/suke/ouxt_automation/robotx_ws/install/opencv_tests:/home/suke/ouxt_automation/robotx_ws/install/detic_onnx_ros2:/opt/ros/humble /usr/bin/cmake --install /home/suke/chicken_ws/build/chicken_utils[0m
[0.427s] [34mcolcon.colcon_core.environment[0m [1;30mLevel 1[0m create_environment_scripts_only(chicken_utils)
[0.427s] [34mcolcon.colcon_core.event_handler.log_command[0m [1;30mDEBUG[0m [32mInvoked command in '/home/suke/chicken_ws/build/chicken_utils' returned '0': CMAKE_PREFIX_PATH=${CMAKE_PREFIX_PATH}:/home/suke/chicken_ws/install/depth_anything_v2_ros2:/home/suke/ouxt_automation/robotx_ws/install/opencv_tests:/home/suke/ouxt_automation/robotx_ws/install/detic_onnx_ros2:/opt/ros/humble /usr/bin/cmake --install /home/suke/chicken_ws/build/chicken_utils[0m
[0.428s] [34mcolcon.colcon_core.environment[0m [1;30mLevel 1[0m checking '/home/suke/chicken_ws/install/chicken_utils' for CMake module files
[0.429s] [34mcolcon.colcon_core.environment[0m [1;30mLevel 1[0m checking '/home/suke/chicken_ws/install/chicken_utils' for CMake config files
[0.429s] [34mcolcon.colcon_core.shell[0m [1;30mLevel 1[0m create_environment_hook('chicken_utils', 'cmake_prefix_path')
[0.429s] [34mcolcon.colcon_core.shell[0m [1;30mINFO[0m Creating environment hook '/home/suke/chicken_ws/install/chicken_utils/share/chicken_utils/hook/cmake_prefix_path.ps1'
[0.429s] [34mcolcon.colcon_core.shell[0m [1;30mINFO[0m Creating environment descriptor '/home/suke/chicken_ws/install/chicken_utils/share/chicken_utils/hook/cmake_prefix_path.dsv'
[0.429s] [34mcolcon.colcon_core.shell[0m [1;30mINFO[0m Creating environment hook '/home/suke/chicken_ws/install/chicken_utils/share/chicken_utils/hook/cmake_prefix_path.sh'
[0.430s] [34mcolcon.colcon_core.environment[0m [1;30mLevel 1[0m checking '/home/suke/chicken_ws/install/chicken_utils/lib'
[0.430s] [34mcolcon.colcon_core.shell[0m [1;30mLevel 1[0m create_environment_hook('chicken_utils', 'ld_library_path_lib')
[0.430s] [34mcolcon.colcon_core.shell[0m [1;30mINFO[0m Creating environment hook '/home/suke/chicken_ws/install/chicken_utils/share/chicken_utils/hook/ld_library_path_lib.ps1'
[0.430s] [34mcolcon.colcon_core.shell[0m [1;30mINFO[0m Creating environment descriptor '/home/suke/chicken_ws/install/chicken_utils/share/chicken_utils/hook/ld_library_path_lib.dsv'
[0.430s] [34mcolcon.colcon_core.shell[0m [1;30mINFO[0m Creating environment hook '/home/suke/chicken_ws/install/chicken_utils/share/chicken_utils/hook/ld_library_path_lib.sh'
[0.430s] [34mcolcon.colcon_core.environment[0m [1;30mLevel 1[0m checking '/home/suke/chicken_ws/install/chicken_utils/bin'
[0.430s] [34mcolcon.colcon_core.environment[0m [1;30mLevel 1[0m checking '/home/suke/chicken_ws/install/chicken_utils/lib/pkgconfig/chicken_utils.pc'
[0.430s] [34mcolcon.colcon_core.environment[0m [1;30mLevel 1[0m checking '/home/suke/chicken_ws/install/chicken_utils/lib/python3.10/site-packages'
[0.431s] [34mcolcon.colcon_core.environment[0m [1;30mLevel 1[0m checking '/home/suke/chicken_ws/install/chicken_utils/bin'
[0.431s] [34mcolcon.colcon_core.shell[0m [1;30mINFO[0m Creating package script '/home/suke/chicken_ws/install/chicken_utils/share/chicken_utils/package.ps1'
[0.431s] [34mcolcon.colcon_core.shell[0m [1;30mINFO[0m Creating package descriptor '/home/suke/chicken_ws/install/chicken_utils/share/chicken_utils/package.dsv'
[0.432s] [34mcolcon.colcon_core.shell[0m [1;30mINFO[0m Creating package script '/home/suke/chicken_ws/install/chicken_utils/share/chicken_utils/package.sh'
[0.432s] [34mcolcon.colcon_core.shell[0m [1;30mINFO[0m Creating package script '/home/suke/chicken_ws/install/chicken_utils/share/chicken_utils/package.bash'
[0.433s] [34mcolcon.colcon_core.shell[0m [1;30mINFO[0m Creating package script '/home/suke/chicken_ws/install/chicken_utils/share/chicken_utils/package.zsh'
[0.433s] [34mcolcon.colcon_core.environment[0m [1;30mLevel 1[0m create_file_with_runtime_dependencies(/home/suke/chicken_ws/install/chicken_utils/share/colcon-core/packages/chicken_utils)
[0.435s] [34mcolcon.colcon_core.event_handler.log_command[0m [1;30mDEBUG[0m [32mInvoked command in '/home/suke/chicken_ws/build/emcl2' returned '0': CMAKE_PREFIX_PATH=${CMAKE_PREFIX_PATH}:/home/suke/chicken_ws/install/depth_anything_v2_ros2:/home/suke/ouxt_automation/robotx_ws/install/opencv_tests:/home/suke/ouxt_automation/robotx_ws/install/detic_onnx_ros2:/opt/ros/humble /usr/bin/cmake --build /home/suke/chicken_ws/build/emcl2 -- -j20 -l20[0m
[0.456s] [34mcolcon.colcon_core.environment[0m [1;30mLevel 1[0m create_environment_scripts_only(chicken_utils)
[0.456s] [34mcolcon.colcon_core.environment[0m [1;30mLevel 1[0m checking '/home/suke/chicken_ws/install/chicken_utils' for CMake module files
[0.457s] [34mcolcon.colcon_core.environment[0m [1;30mLevel 1[0m checking '/home/suke/chicken_ws/install/chicken_utils' for CMake config files
[0.457s] [34mcolcon.colcon_core.shell[0m [1;30mLevel 1[0m create_environment_hook('chicken_utils', 'cmake_prefix_path')
[0.457s] [34mcolcon.colcon_core.shell[0m [1;30mINFO[0m Creating environment hook '/home/suke/chicken_ws/install/chicken_utils/share/chicken_utils/hook/cmake_prefix_path.ps1'
[0.457s] [34mcolcon.colcon_core.shell[0m [1;30mINFO[0m Creating environment descriptor '/home/suke/chicken_ws/install/chicken_utils/share/chicken_utils/hook/cmake_prefix_path.dsv'
[0.457s] [34mcolcon.colcon_core.shell[0m [1;30mINFO[0m Creating environment hook '/home/suke/chicken_ws/install/chicken_utils/share/chicken_utils/hook/cmake_prefix_path.sh'
[0.458s] [34mcolcon.colcon_core.environment[0m [1;30mLevel 1[0m checking '/home/suke/chicken_ws/install/chicken_utils/lib'
[0.458s] [34mcolcon.colcon_core.shell[0m [1;30mLevel 1[0m create_environment_hook('chicken_utils', 'ld_library_path_lib')
[0.458s] [34mcolcon.colcon_core.shell[0m [1;30mINFO[0m Creating environment hook '/home/suke/chicken_ws/install/chicken_utils/share/chicken_utils/hook/ld_library_path_lib.ps1'
[0.458s] [34mcolcon.colcon_core.shell[0m [1;30mINFO[0m Creating environment descriptor '/home/suke/chicken_ws/install/chicken_utils/share/chicken_utils/hook/ld_library_path_lib.dsv'
[0.458s] [34mcolcon.colcon_core.shell[0m [1;30mINFO[0m Creating environment hook '/home/suke/chicken_ws/install/chicken_utils/share/chicken_utils/hook/ld_library_path_lib.sh'
[0.458s] [34mcolcon.colcon_core.environment[0m [1;30mLevel 1[0m checking '/home/suke/chicken_ws/install/chicken_utils/bin'
[0.458s] [34mcolcon.colcon_core.environment[0m [1;30mLevel 1[0m checking '/home/suke/chicken_ws/install/chicken_utils/lib/pkgconfig/chicken_utils.pc'
[0.459s] [34mcolcon.colcon_core.environment[0m [1;30mLevel 1[0m checking '/home/suke/chicken_ws/install/chicken_utils/lib/python3.10/site-packages'
[0.459s] [34mcolcon.colcon_core.environment[0m [1;30mLevel 1[0m checking '/home/suke/chicken_ws/install/chicken_utils/bin'
[0.459s] [34mcolcon.colcon_core.shell[0m [1;30mINFO[0m Creating package script '/home/suke/chicken_ws/install/chicken_utils/share/chicken_utils/package.ps1'
[0.459s] [34mcolcon.colcon_core.shell[0m [1;30mINFO[0m Creating package descriptor '/home/suke/chicken_ws/install/chicken_utils/share/chicken_utils/package.dsv'
[0.459s] [34mcolcon.colcon_core.shell[0m [1;30mINFO[0m Creating package script '/home/suke/chicken_ws/install/chicken_utils/share/chicken_utils/package.sh'
[0.460s] [34mcolcon.colcon_core.shell[0m [1;30mINFO[0m Creating package script '/home/suke/chicken_ws/install/chicken_utils/share/chicken_utils/package.bash'
[0.460s] [34mcolcon.colcon_core.shell[0m [1;30mINFO[0m Creating package script '/home/suke/chicken_ws/install/chicken_utils/share/chicken_utils/package.zsh'
[0.460s] [34mcolcon.colcon_core.environment[0m [1;30mLevel 1[0m create_file_with_runtime_dependencies(/home/suke/chicken_ws/install/chicken_utils/share/colcon-core/packages/chicken_utils)
[0.460s] [34mcolcon.colcon_ros.task.ament_cmake.build[0m [1;30mINFO[0m Building ROS package in '/home/suke/chicken_ws/src/simulation/chiken_simulator' with build type 'ament_cmake'
[0.460s] [34mcolcon.colcon_cmake.task.cmake.build[0m [1;30mINFO[0m Building CMake package in '/home/suke/chicken_ws/src/simulation/chiken_simulator'
[0.460s] [34mcolcon.colcon_core.shell[0m [1;30mINFO[0m Skip shell extension 'powershell' for command environment: Not usable outside of PowerShell
[0.460s] [34mcolcon.colcon_core.shell[0m [1;30mDEBUG[0m [32mSkip shell extension 'dsv' for command environment[0m
[0.469s] [34mcolcon.colcon_core.event_handler.log_command[0m [1;30mDEBUG[0m [32mInvoking command in '/home/suke/chicken_ws/build/chicken_simulator': AMENT_PREFIX_PATH=/home/suke/chicken_ws/install/chicken_utils:${AMENT_PREFIX_PATH} CMAKE_PREFIX_PATH=/home/suke/chicken_ws/install/chicken_utils:/home/suke/chicken_ws/install/emcl2:/home/suke/chicken_ws/install/chicken_simulator:/home/suke/chicken_ws/install/chiken_utils:/home/suke/ouxt_automation/robotx_ws/install/navi_sim:/home/suke/ouxt_automation/robotx_ws/install/wamv_description:/home/suke/ouxt_automation/robotx_ws/install/wamv_control:/home/suke/ouxt_automation/robotx_ws/install/vrx_bridge:/home/suke/ouxt_automation/robotx_ws/install/vision_opencv:/home/suke/ouxt_automation/robotx_ws/install/robotx_planner_bringup:/home/suke/ouxt_automation/robotx_ws/install/hermite_path_planner_bringup:/home/suke/ouxt_automation/robotx_ws/install/velocity_planner:/home/suke/ouxt_automation/robotx_ws/install/usv_controller:/home/suke/ouxt_automation/robotx_ws/install/robotx_communication:/home/suke/ouxt_automation/robotx_ws/install/tcp_sender:/home/suke/ouxt_automation/robotx_ws/install/playstation_controller_drivers:/home/suke/ouxt_automation/robotx_ws/install/sdl2_vendor2:/home/suke/ouxt_automation/robotx_ws/install/perception_bringup:/home/suke/ouxt_automation/robotx_ws/install/scan_segmentation:/home/suke/ouxt_automation/robotx_ws/install/robotx_msgs:/home/suke/ouxt_automation/robotx_ws/install/robotx_ekf:/home/suke/ouxt_automation/robotx_ws/install/robotx_costmap_calculator:/home/suke/ouxt_automation/robotx_ws/install/robotx_bt_planner:/home/suke/ouxt_automation/robotx_ws/install/robotx_behavior_tree:/home/suke/ouxt_automation/robotx_ws/install/robotx_behavior_msgs:/home/suke/ouxt_automation/robotx_ws/install/pure_pursuit_planner:/home/suke/ouxt_automation/robotx_ws/install/point_painting:/home/suke/ouxt_automation/robotx_ws/install/perception:/home/suke/ouxt_automation/robotx_ws/install/pcl_apps:/home/suke/ouxt_automation/robotx_ws/install/opencv_components:/home/suke/ouxt_automation/robotx_ws/install/perception_msgs:/home/suke/ouxt_automation/robotx_ws/install/pcl_type_adapter:/home/suke/ouxt_automation/robotx_ws/install/pcl_apps_msgs:/home/suke/ouxt_automation/robotx_ws/install/image_processing_utils:/home/suke/ouxt_automation/robotx_ws/install/image_geometry:/home/suke/ouxt_automation/robotx_ws/install/opencv_vendor:/home/suke/ouxt_automation/robotx_ws/install/odom_frame_publisher:/home/suke/ouxt_automation/robotx_ws/install/nmea_to_geopose:/home/suke/ouxt_automation/robotx_ws/install/ndt_omp:/home/suke/ouxt_automation/robotx_ws/install/mock_server:/home/suke/ouxt_automation/robotx_ws/install/lidar_camera_fusion:/home/suke/ouxt_automation/robotx_ws/install/message_synchronizer:/home/suke/ouxt_automation/robotx_ws/install/lua_vendor:/home/suke/ouxt_automation/robotx_ws/install/local_waypoint_server:/home/suke/ouxt_automation/robotx_ws/install/joy_to_twist:/home/suke/ouxt_automation/robotx_ws/install/hungarian_solver:/home/suke/ouxt_automation/robotx_ws/install/hermite_path_planner:/home/suke/ouxt_automation/robotx_ws/install/hermite_path_msgs:/home/suke/ouxt_automation/robotx_ws/install/grid_map_type_adapter:/home/suke/ouxt_automation/robotx_ws/install/geometry_msgs_data_buffer:/home/suke/ouxt_automation/robotx_ws/install/geographic_info:/home/suke/ouxt_automation/robotx_ws/install/geographic_conversion:/home/suke/ouxt_automation/robotx_ws/install/geodesy:/home/suke/ouxt_automation/robotx_ws/install/geographic_msgs:/home/suke/ouxt_automation/robotx_ws/install/detic_onnx_ros2_msg:/home/suke/ouxt_automation/robotx_ws/install/data_buffer:/home/suke/ouxt_automation/robotx_ws/install/cv_bridge:/home/suke/ouxt_automation/robotx_ws/install/costmap_to_point:/home/suke/ouxt_automation/robotx_ws/install/boost_geometry_util:/home/suke/ouxt_automation/robotx_ws/install/behavior_tree_action_builder:/home/suke/chicken_ws/install/depth_anything_v2_ros2:/home/suke/ouxt_automation/robotx_ws/install/opencv_tests:/home/suke/ouxt_automation/robotx_ws/install/detic_onnx_ros2:/opt/ros/humble LD_LIBRARY_PATH=/home/suke/chicken_ws/install/chicken_utils/lib:${LD_LIBRARY_PATH} /usr/bin/cmake --build /home/suke/chicken_ws/build/chicken_simulator -- -j20 -l20[0m
[0.474s] [34mcolcon.colcon_core.event_handler.log_command[0m [1;30mDEBUG[0m [32mInvoking command in '/home/suke/chicken_ws/build/emcl2': CMAKE_PREFIX_PATH=${CMAKE_PREFIX_PATH}:/home/suke/chicken_ws/install/depth_anything_v2_ros2:/home/suke/ouxt_automation/robotx_ws/install/opencv_tests:/home/suke/ouxt_automation/robotx_ws/install/detic_onnx_ros2:/opt/ros/humble /usr/bin/cmake --install /home/suke/chicken_ws/build/emcl2[0m
[0.490s] [34mcolcon.colcon_core.environment[0m [1;30mLevel 1[0m create_environment_scripts_only(emcl2)
[0.490s] [34mcolcon.colcon_core.environment[0m [1;30mLevel 1[0m checking '/home/suke/chicken_ws/install/emcl2' for CMake module files
[0.490s] [34mcolcon.colcon_core.event_handler.log_command[0m [1;30mDEBUG[0m [32mInvoked command in '/home/suke/chicken_ws/build/emcl2' returned '0': CMAKE_PREFIX_PATH=${CMAKE_PREFIX_PATH}:/home/suke/chicken_ws/install/depth_anything_v2_ros2:/home/suke/ouxt_automation/robotx_ws/install/opencv_tests:/home/suke/ouxt_automation/robotx_ws/install/detic_onnx_ros2:/opt/ros/humble /usr/bin/cmake --install /home/suke/chicken_ws/build/emcl2[0m
[0.491s] [34mcolcon.colcon_core.environment[0m [1;30mLevel 1[0m checking '/home/suke/chicken_ws/install/emcl2' for CMake config files
[0.491s] [34mcolcon.colcon_core.shell[0m [1;30mLevel 1[0m create_environment_hook('emcl2', 'cmake_prefix_path')
[0.491s] [34mcolcon.colcon_core.shell[0m [1;30mINFO[0m Creating environment hook '/home/suke/chicken_ws/install/emcl2/share/emcl2/hook/cmake_prefix_path.ps1'
[0.491s] [34mcolcon.colcon_core.shell[0m [1;30mINFO[0m Creating environment descriptor '/home/suke/chicken_ws/install/emcl2/share/emcl2/hook/cmake_prefix_path.dsv'
[0.491s] [34mcolcon.colcon_core.shell[0m [1;30mINFO[0m Creating environment hook '/home/suke/chicken_ws/install/emcl2/share/emcl2/hook/cmake_prefix_path.sh'
[0.492s] [34mcolcon.colcon_core.environment[0m [1;30mLevel 1[0m checking '/home/suke/chicken_ws/install/emcl2/lib'
[0.492s] [34mcolcon.colcon_core.environment[0m [1;30mLevel 1[0m checking '/home/suke/chicken_ws/install/emcl2/bin'
[0.492s] [34mcolcon.colcon_core.environment[0m [1;30mLevel 1[0m checking '/home/suke/chicken_ws/install/emcl2/lib/pkgconfig/emcl2.pc'
[0.492s] [34mcolcon.colcon_core.environment[0m [1;30mLevel 1[0m checking '/home/suke/chicken_ws/install/emcl2/lib/python3.10/site-packages'
[0.492s] [34mcolcon.colcon_core.environment[0m [1;30mLevel 1[0m checking '/home/suke/chicken_ws/install/emcl2/bin'
[0.492s] [34mcolcon.colcon_core.shell[0m [1;30mINFO[0m Creating package script '/home/suke/chicken_ws/install/emcl2/share/emcl2/package.ps1'
[0.492s] [34mcolcon.colcon_core.shell[0m [1;30mINFO[0m Creating package descriptor '/home/suke/chicken_ws/install/emcl2/share/emcl2/package.dsv'
[0.492s] [34mcolcon.colcon_core.shell[0m [1;30mINFO[0m Creating package script '/home/suke/chicken_ws/install/emcl2/share/emcl2/package.sh'
[0.493s] [34mcolcon.colcon_core.shell[0m [1;30mINFO[0m Creating package script '/home/suke/chicken_ws/install/emcl2/share/emcl2/package.bash'
[0.493s] [34mcolcon.colcon_core.shell[0m [1;30mINFO[0m Creating package script '/home/suke/chicken_ws/install/emcl2/share/emcl2/package.zsh'
[0.493s] [34mcolcon.colcon_core.environment[0m [1;30mLevel 1[0m create_file_with_runtime_dependencies(/home/suke/chicken_ws/install/emcl2/share/colcon-core/packages/emcl2)
[0.531s] [34mcolcon.colcon_core.environment[0m [1;30mLevel 1[0m create_environment_scripts_only(emcl2)
[0.531s] [34mcolcon.colcon_core.environment[0m [1;30mLevel 1[0m checking '/home/suke/chicken_ws/install/emcl2' for CMake module files
[0.531s] [34mcolcon.colcon_core.environment[0m [1;30mLevel 1[0m checking '/home/suke/chicken_ws/install/emcl2' for CMake config files
[0.531s] [34mcolcon.colcon_core.shell[0m [1;30mLevel 1[0m create_environment_hook('emcl2', 'cmake_prefix_path')
[0.531s] [34mcolcon.colcon_core.shell[0m [1;30mINFO[0m Creating environment hook '/home/suke/chicken_ws/install/emcl2/share/emcl2/hook/cmake_prefix_path.ps1'
[0.532s] [34mcolcon.colcon_core.shell[0m [1;30mINFO[0m Creating environment descriptor '/home/suke/chicken_ws/install/emcl2/share/emcl2/hook/cmake_prefix_path.dsv'
[0.532s] [34mcolcon.colcon_core.shell[0m [1;30mINFO[0m Creating environment hook '/home/suke/chicken_ws/install/emcl2/share/emcl2/hook/cmake_prefix_path.sh'
[0.532s] [34mcolcon.colcon_core.environment[0m [1;30mLevel 1[0m checking '/home/suke/chicken_ws/install/emcl2/lib'
[0.532s] [34mcolcon.colcon_core.environment[0m [1;30mLevel 1[0m checking '/home/suke/chicken_ws/install/emcl2/bin'
[0.532s] [34mcolcon.colcon_core.environment[0m [1;30mLevel 1[0m checking '/home/suke/chicken_ws/install/emcl2/lib/pkgconfig/emcl2.pc'
[0.532s] [34mcolcon.colcon_core.environment[0m [1;30mLevel 1[0m checking '/home/suke/chicken_ws/install/emcl2/lib/python3.10/site-packages'
[0.532s] [34mcolcon.colcon_core.environment[0m [1;30mLevel 1[0m checking '/home/suke/chicken_ws/install/emcl2/bin'
[0.532s] [34mcolcon.colcon_core.shell[0m [1;30mINFO[0m Creating package script '/home/suke/chicken_ws/install/emcl2/share/emcl2/package.ps1'
[0.533s] [34mcolcon.colcon_core.shell[0m [1;30mINFO[0m Creating package descriptor '/home/suke/chicken_ws/install/emcl2/share/emcl2/package.dsv'
[0.533s] [34mcolcon.colcon_core.shell[0m [1;30mINFO[0m Creating package script '/home/suke/chicken_ws/install/emcl2/share/emcl2/package.sh'
[0.533s] [34mcolcon.colcon_core.shell[0m [1;30mINFO[0m Creating package script '/home/suke/chicken_ws/install/emcl2/share/emcl2/package.bash'
[0.533s] [34mcolcon.colcon_core.shell[0m [1;30mINFO[0m Creating package script '/home/suke/chicken_ws/install/emcl2/share/emcl2/package.zsh'
[0.533s] [34mcolcon.colcon_core.environment[0m [1;30mLevel 1[0m create_file_with_runtime_dependencies(/home/suke/chicken_ws/install/emcl2/share/colcon-core/packages/emcl2)
[0.596s] [34mcolcon.colcon_core.event_handler.log_command[0m [1;30mDEBUG[0m [32mInvoking command in '/home/suke/chicken_ws/build/depth_anything_v2_ros2': PYTHONPATH=/home/suke/chicken_ws/build/depth_anything_v2_ros2/prefix_override:/usr/lib/python3/dist-packages/colcon_core/task/python/colcon_distutils_commands:/home/suke/chicken_ws/install/depth_anything_v2_ros2/lib/python3.10/site-packages:${PYTHONPATH} /usr/bin/python3 -W ignore:setup.py install is deprecated setup.py develop --editable --build-directory /home/suke/chicken_ws/build/depth_anything_v2_ros2/build --no-deps symlink_data[0m
[0.872s] [34mcolcon.colcon_core.shell[0m [1;30mLevel 1[0m create_environment_hook('depth_anything_v2_ros2', 'pythonpath_develop')
[0.872s] [34mcolcon.colcon_core.shell[0m [1;30mINFO[0m Creating environment hook '/home/suke/chicken_ws/build/depth_anything_v2_ros2/share/depth_anything_v2_ros2/hook/pythonpath_develop.ps1'
[0.872s] [34mcolcon.colcon_core.event_handler.log_command[0m [1;30mDEBUG[0m [32mInvoked command in '/home/suke/chicken_ws/build/depth_anything_v2_ros2' returned '0': PYTHONPATH=/home/suke/chicken_ws/build/depth_anything_v2_ros2/prefix_override:/usr/lib/python3/dist-packages/colcon_core/task/python/colcon_distutils_commands:/home/suke/chicken_ws/install/depth_anything_v2_ros2/lib/python3.10/site-packages:${PYTHONPATH} /usr/bin/python3 -W ignore:setup.py install is deprecated setup.py develop --editable --build-directory /home/suke/chicken_ws/build/depth_anything_v2_ros2/build --no-deps symlink_data[0m
[0.873s] [34mcolcon.colcon_core.shell[0m [1;30mINFO[0m Creating environment descriptor '/home/suke/chicken_ws/build/depth_anything_v2_ros2/share/depth_anything_v2_ros2/hook/pythonpath_develop.dsv'
[0.873s] [34mcolcon.colcon_core.shell[0m [1;30mINFO[0m Creating environment hook '/home/suke/chicken_ws/build/depth_anything_v2_ros2/share/depth_anything_v2_ros2/hook/pythonpath_develop.sh'
[0.873s] [34mcolcon.colcon_core.environment[0m [1;30mLevel 1[0m checking '/home/suke/chicken_ws/install/depth_anything_v2_ros2' for CMake module files
[0.873s] [34mcolcon.colcon_core.environment[0m [1;30mLevel 1[0m checking '/home/suke/chicken_ws/install/depth_anything_v2_ros2' for CMake config files
[0.874s] [34mcolcon.colcon_core.environment[0m [1;30mLevel 1[0m checking '/home/suke/chicken_ws/install/depth_anything_v2_ros2/lib'
[0.874s] [34mcolcon.colcon_core.environment[0m [1;30mLevel 1[0m checking '/home/suke/chicken_ws/install/depth_anything_v2_ros2/bin'
[0.874s] [34mcolcon.colcon_core.environment[0m [1;30mLevel 1[0m checking '/home/suke/chicken_ws/install/depth_anything_v2_ros2/lib/pkgconfig/depth_anything_v2_ros2.pc'
[0.874s] [34mcolcon.colcon_core.environment[0m [1;30mLevel 1[0m checking '/home/suke/chicken_ws/install/depth_anything_v2_ros2/lib/python3.10/site-packages'
[0.874s] [34mcolcon.colcon_core.shell[0m [1;30mLevel 1[0m create_environment_hook('depth_anything_v2_ros2', 'pythonpath')
[0.874s] [34mcolcon.colcon_core.shell[0m [1;30mINFO[0m Creating environment hook '/home/suke/chicken_ws/install/depth_anything_v2_ros2/share/depth_anything_v2_ros2/hook/pythonpath.ps1'
[0.874s] [34mcolcon.colcon_core.shell[0m [1;30mINFO[0m Creating environment descriptor '/home/suke/chicken_ws/install/depth_anything_v2_ros2/share/depth_anything_v2_ros2/hook/pythonpath.dsv'
[0.874s] [34mcolcon.colcon_core.shell[0m [1;30mINFO[0m Creating environment hook '/home/suke/chicken_ws/install/depth_anything_v2_ros2/share/depth_anything_v2_ros2/hook/pythonpath.sh'
[0.874s] [34mcolcon.colcon_core.environment[0m [1;30mLevel 1[0m checking '/home/suke/chicken_ws/install/depth_anything_v2_ros2/bin'
[0.874s] [34mcolcon.colcon_core.environment[0m [1;30mLevel 1[0m create_environment_scripts_only(depth_anything_v2_ros2)
[0.875s] [34mcolcon.colcon_core.shell[0m [1;30mINFO[0m Creating package script '/home/suke/chicken_ws/install/depth_anything_v2_ros2/share/depth_anything_v2_ros2/package.ps1'
[0.875s] [34mcolcon.colcon_core.shell[0m [1;30mINFO[0m Creating package descriptor '/home/suke/chicken_ws/install/depth_anything_v2_ros2/share/depth_anything_v2_ros2/package.dsv'
[0.875s] [34mcolcon.colcon_core.shell[0m [1;30mINFO[0m Creating package script '/home/suke/chicken_ws/install/depth_anything_v2_ros2/share/depth_anything_v2_ros2/package.sh'
[0.875s] [34mcolcon.colcon_core.shell[0m [1;30mINFO[0m Creating package script '/home/suke/chicken_ws/install/depth_anything_v2_ros2/share/depth_anything_v2_ros2/package.bash'
[0.875s] [34mcolcon.colcon_core.shell[0m [1;30mINFO[0m Creating package script '/home/suke/chicken_ws/install/depth_anything_v2_ros2/share/depth_anything_v2_ros2/package.zsh'
[0.875s] [34mcolcon.colcon_core.environment[0m [1;30mLevel 1[0m create_file_with_runtime_dependencies(/home/suke/chicken_ws/install/depth_anything_v2_ros2/share/colcon-core/packages/depth_anything_v2_ros2)
[8.157s] [34mcolcon.colcon_core.event_handler.log_command[0m [1;30mDEBUG[0m [32mInvoked command in '/home/suke/chicken_ws/build/chicken_simulator' returned '0': AMENT_PREFIX_PATH=/home/suke/chicken_ws/install/chicken_utils:${AMENT_PREFIX_PATH} CMAKE_PREFIX_PATH=/home/suke/chicken_ws/install/chicken_utils:/home/suke/chicken_ws/install/emcl2:/home/suke/chicken_ws/install/chicken_simulator:/home/suke/chicken_ws/install/chiken_utils:/home/suke/ouxt_automation/robotx_ws/install/navi_sim:/home/suke/ouxt_automation/robotx_ws/install/wamv_description:/home/suke/ouxt_automation/robotx_ws/install/wamv_control:/home/suke/ouxt_automation/robotx_ws/install/vrx_bridge:/home/suke/ouxt_automation/robotx_ws/install/vision_opencv:/home/suke/ouxt_automation/robotx_ws/install/robotx_planner_bringup:/home/suke/ouxt_automation/robotx_ws/install/hermite_path_planner_bringup:/home/suke/ouxt_automation/robotx_ws/install/velocity_planner:/home/suke/ouxt_automation/robotx_ws/install/usv_controller:/home/suke/ouxt_automation/robotx_ws/install/robotx_communication:/home/suke/ouxt_automation/robotx_ws/install/tcp_sender:/home/suke/ouxt_automation/robotx_ws/install/playstation_controller_drivers:/home/suke/ouxt_automation/robotx_ws/install/sdl2_vendor2:/home/suke/ouxt_automation/robotx_ws/install/perception_bringup:/home/suke/ouxt_automation/robotx_ws/install/scan_segmentation:/home/suke/ouxt_automation/robotx_ws/install/robotx_msgs:/home/suke/ouxt_automation/robotx_ws/install/robotx_ekf:/home/suke/ouxt_automation/robotx_ws/install/robotx_costmap_calculator:/home/suke/ouxt_automation/robotx_ws/install/robotx_bt_planner:/home/suke/ouxt_automation/robotx_ws/install/robotx_behavior_tree:/home/suke/ouxt_automation/robotx_ws/install/robotx_behavior_msgs:/home/suke/ouxt_automation/robotx_ws/install/pure_pursuit_planner:/home/suke/ouxt_automation/robotx_ws/install/point_painting:/home/suke/ouxt_automation/robotx_ws/install/perception:/home/suke/ouxt_automation/robotx_ws/install/pcl_apps:/home/suke/ouxt_automation/robotx_ws/install/opencv_components:/home/suke/ouxt_automation/robotx_ws/install/perception_msgs:/home/suke/ouxt_automation/robotx_ws/install/pcl_type_adapter:/home/suke/ouxt_automation/robotx_ws/install/pcl_apps_msgs:/home/suke/ouxt_automation/robotx_ws/install/image_processing_utils:/home/suke/ouxt_automation/robotx_ws/install/image_geometry:/home/suke/ouxt_automation/robotx_ws/install/opencv_vendor:/home/suke/ouxt_automation/robotx_ws/install/odom_frame_publisher:/home/suke/ouxt_automation/robotx_ws/install/nmea_to_geopose:/home/suke/ouxt_automation/robotx_ws/install/ndt_omp:/home/suke/ouxt_automation/robotx_ws/install/mock_server:/home/suke/ouxt_automation/robotx_ws/install/lidar_camera_fusion:/home/suke/ouxt_automation/robotx_ws/install/message_synchronizer:/home/suke/ouxt_automation/robotx_ws/install/lua_vendor:/home/suke/ouxt_automation/robotx_ws/install/local_waypoint_server:/home/suke/ouxt_automation/robotx_ws/install/joy_to_twist:/home/suke/ouxt_automation/robotx_ws/install/hungarian_solver:/home/suke/ouxt_automation/robotx_ws/install/hermite_path_planner:/home/suke/ouxt_automation/robotx_ws/install/hermite_path_msgs:/home/suke/ouxt_automation/robotx_ws/install/grid_map_type_adapter:/home/suke/ouxt_automation/robotx_ws/install/geometry_msgs_data_buffer:/home/suke/ouxt_automation/robotx_ws/install/geographic_info:/home/suke/ouxt_automation/robotx_ws/install/geographic_conversion:/home/suke/ouxt_automation/robotx_ws/install/geodesy:/home/suke/ouxt_automation/robotx_ws/install/geographic_msgs:/home/suke/ouxt_automation/robotx_ws/install/detic_onnx_ros2_msg:/home/suke/ouxt_automation/robotx_ws/install/data_buffer:/home/suke/ouxt_automation/robotx_ws/install/cv_bridge:/home/suke/ouxt_automation/robotx_ws/install/costmap_to_point:/home/suke/ouxt_automation/robotx_ws/install/boost_geometry_util:/home/suke/ouxt_automation/robotx_ws/install/behavior_tree_action_builder:/home/suke/chicken_ws/install/depth_anything_v2_ros2:/home/suke/ouxt_automation/robotx_ws/install/opencv_tests:/home/suke/ouxt_automation/robotx_ws/install/detic_onnx_ros2:/opt/ros/humble LD_LIBRARY_PATH=/home/suke/chicken_ws/install/chicken_utils/lib:${LD_LIBRARY_PATH} /usr/bin/cmake --build /home/suke/chicken_ws/build/chicken_simulator -- -j20 -l20[0m
[8.188s] [34mcolcon.colcon_core.event_handler.log_command[0m [1;30mDEBUG[0m [32mInvoking command in '/home/suke/chicken_ws/build/chicken_simulator': AMENT_PREFIX_PATH=/home/suke/chicken_ws/install/chicken_utils:${AMENT_PREFIX_PATH} CMAKE_PREFIX_PATH=/home/suke/chicken_ws/install/chicken_utils:/home/suke/chicken_ws/install/emcl2:/home/suke/chicken_ws/install/chicken_simulator:/home/suke/chicken_ws/install/chiken_utils:/home/suke/ouxt_automation/robotx_ws/install/navi_sim:/home/suke/ouxt_automation/robotx_ws/install/wamv_description:/home/suke/ouxt_automation/robotx_ws/install/wamv_control:/home/suke/ouxt_automation/robotx_ws/install/vrx_bridge:/home/suke/ouxt_automation/robotx_ws/install/vision_opencv:/home/suke/ouxt_automation/robotx_ws/install/robotx_planner_bringup:/home/suke/ouxt_automation/robotx_ws/install/hermite_path_planner_bringup:/home/suke/ouxt_automation/robotx_ws/install/velocity_planner:/home/suke/ouxt_automation/robotx_ws/install/usv_controller:/home/suke/ouxt_automation/robotx_ws/install/robotx_communication:/home/suke/ouxt_automation/robotx_ws/install/tcp_sender:/home/suke/ouxt_automation/robotx_ws/install/playstation_controller_drivers:/home/suke/ouxt_automation/robotx_ws/install/sdl2_vendor2:/home/suke/ouxt_automation/robotx_ws/install/perception_bringup:/home/suke/ouxt_automation/robotx_ws/install/scan_segmentation:/home/suke/ouxt_automation/robotx_ws/install/robotx_msgs:/home/suke/ouxt_automation/robotx_ws/install/robotx_ekf:/home/suke/ouxt_automation/robotx_ws/install/robotx_costmap_calculator:/home/suke/ouxt_automation/robotx_ws/install/robotx_bt_planner:/home/suke/ouxt_automation/robotx_ws/install/robotx_behavior_tree:/home/suke/ouxt_automation/robotx_ws/install/robotx_behavior_msgs:/home/suke/ouxt_automation/robotx_ws/install/pure_pursuit_planner:/home/suke/ouxt_automation/robotx_ws/install/point_painting:/home/suke/ouxt_automation/robotx_ws/install/perception:/home/suke/ouxt_automation/robotx_ws/install/pcl_apps:/home/suke/ouxt_automation/robotx_ws/install/opencv_components:/home/suke/ouxt_automation/robotx_ws/install/perception_msgs:/home/suke/ouxt_automation/robotx_ws/install/pcl_type_adapter:/home/suke/ouxt_automation/robotx_ws/install/pcl_apps_msgs:/home/suke/ouxt_automation/robotx_ws/install/image_processing_utils:/home/suke/ouxt_automation/robotx_ws/install/image_geometry:/home/suke/ouxt_automation/robotx_ws/install/opencv_vendor:/home/suke/ouxt_automation/robotx_ws/install/odom_frame_publisher:/home/suke/ouxt_automation/robotx_ws/install/nmea_to_geopose:/home/suke/ouxt_automation/robotx_ws/install/ndt_omp:/home/suke/ouxt_automation/robotx_ws/install/mock_server:/home/suke/ouxt_automation/robotx_ws/install/lidar_camera_fusion:/home/suke/ouxt_automation/robotx_ws/install/message_synchronizer:/home/suke/ouxt_automation/robotx_ws/install/lua_vendor:/home/suke/ouxt_automation/robotx_ws/install/local_waypoint_server:/home/suke/ouxt_automation/robotx_ws/install/joy_to_twist:/home/suke/ouxt_automation/robotx_ws/install/hungarian_solver:/home/suke/ouxt_automation/robotx_ws/install/hermite_path_planner:/home/suke/ouxt_automation/robotx_ws/install/hermite_path_msgs:/home/suke/ouxt_automation/robotx_ws/install/grid_map_type_adapter:/home/suke/ouxt_automation/robotx_ws/install/geometry_msgs_data_buffer:/home/suke/ouxt_automation/robotx_ws/install/geographic_info:/home/suke/ouxt_automation/robotx_ws/install/geographic_conversion:/home/suke/ouxt_automation/robotx_ws/install/geodesy:/home/suke/ouxt_automation/robotx_ws/install/geographic_msgs:/home/suke/ouxt_automation/robotx_ws/install/detic_onnx_ros2_msg:/home/suke/ouxt_automation/robotx_ws/install/data_buffer:/home/suke/ouxt_automation/robotx_ws/install/cv_bridge:/home/suke/ouxt_automation/robotx_ws/install/costmap_to_point:/home/suke/ouxt_automation/robotx_ws/install/boost_geometry_util:/home/suke/ouxt_automation/robotx_ws/install/behavior_tree_action_builder:/home/suke/chicken_ws/install/depth_anything_v2_ros2:/home/suke/ouxt_automation/robotx_ws/install/opencv_tests:/home/suke/ouxt_automation/robotx_ws/install/detic_onnx_ros2:/opt/ros/humble LD_LIBRARY_PATH=/home/suke/chicken_ws/install/chicken_utils/lib:${LD_LIBRARY_PATH} /usr/bin/cmake --install /home/suke/chicken_ws/build/chicken_simulator[0m
[8.380s] [34mcolcon.colcon_core.environment[0m [1;30mLevel 1[0m create_environment_scripts_only(chicken_simulator)
[8.381s] [34mcolcon.colcon_core.environment[0m [1;30mLevel 1[0m checking '/home/suke/chicken_ws/install/chicken_simulator' for CMake module files
[8.381s] [34mcolcon.colcon_core.event_handler.log_command[0m [1;30mDEBUG[0m [32mInvoked command in '/home/suke/chicken_ws/build/chicken_simulator' returned '0': AMENT_PREFIX_PATH=/home/suke/chicken_ws/install/chicken_utils:${AMENT_PREFIX_PATH} CMAKE_PREFIX_PATH=/home/suke/chicken_ws/install/chicken_utils:/home/suke/chicken_ws/install/emcl2:/home/suke/chicken_ws/install/chicken_simulator:/home/suke/chicken_ws/install/chiken_utils:/home/suke/ouxt_automation/robotx_ws/install/navi_sim:/home/suke/ouxt_automation/robotx_ws/install/wamv_description:/home/suke/ouxt_automation/robotx_ws/install/wamv_control:/home/suke/ouxt_automation/robotx_ws/install/vrx_bridge:/home/suke/ouxt_automation/robotx_ws/install/vision_opencv:/home/suke/ouxt_automation/robotx_ws/install/robotx_planner_bringup:/home/suke/ouxt_automation/robotx_ws/install/hermite_path_planner_bringup:/home/suke/ouxt_automation/robotx_ws/install/velocity_planner:/home/suke/ouxt_automation/robotx_ws/install/usv_controller:/home/suke/ouxt_automation/robotx_ws/install/robotx_communication:/home/suke/ouxt_automation/robotx_ws/install/tcp_sender:/home/suke/ouxt_automation/robotx_ws/install/playstation_controller_drivers:/home/suke/ouxt_automation/robotx_ws/install/sdl2_vendor2:/home/suke/ouxt_automation/robotx_ws/install/perception_bringup:/home/suke/ouxt_automation/robotx_ws/install/scan_segmentation:/home/suke/ouxt_automation/robotx_ws/install/robotx_msgs:/home/suke/ouxt_automation/robotx_ws/install/robotx_ekf:/home/suke/ouxt_automation/robotx_ws/install/robotx_costmap_calculator:/home/suke/ouxt_automation/robotx_ws/install/robotx_bt_planner:/home/suke/ouxt_automation/robotx_ws/install/robotx_behavior_tree:/home/suke/ouxt_automation/robotx_ws/install/robotx_behavior_msgs:/home/suke/ouxt_automation/robotx_ws/install/pure_pursuit_planner:/home/suke/ouxt_automation/robotx_ws/install/point_painting:/home/suke/ouxt_automation/robotx_ws/install/perception:/home/suke/ouxt_automation/robotx_ws/install/pcl_apps:/home/suke/ouxt_automation/robotx_ws/install/opencv_components:/home/suke/ouxt_automation/robotx_ws/install/perception_msgs:/home/suke/ouxt_automation/robotx_ws/install/pcl_type_adapter:/home/suke/ouxt_automation/robotx_ws/install/pcl_apps_msgs:/home/suke/ouxt_automation/robotx_ws/install/image_processing_utils:/home/suke/ouxt_automation/robotx_ws/install/image_geometry:/home/suke/ouxt_automation/robotx_ws/install/opencv_vendor:/home/suke/ouxt_automation/robotx_ws/install/odom_frame_publisher:/home/suke/ouxt_automation/robotx_ws/install/nmea_to_geopose:/home/suke/ouxt_automation/robotx_ws/install/ndt_omp:/home/suke/ouxt_automation/robotx_ws/install/mock_server:/home/suke/ouxt_automation/robotx_ws/install/lidar_camera_fusion:/home/suke/ouxt_automation/robotx_ws/install/message_synchronizer:/home/suke/ouxt_automation/robotx_ws/install/lua_vendor:/home/suke/ouxt_automation/robotx_ws/install/local_waypoint_server:/home/suke/ouxt_automation/robotx_ws/install/joy_to_twist:/home/suke/ouxt_automation/robotx_ws/install/hungarian_solver:/home/suke/ouxt_automation/robotx_ws/install/hermite_path_planner:/home/suke/ouxt_automation/robotx_ws/install/hermite_path_msgs:/home/suke/ouxt_automation/robotx_ws/install/grid_map_type_adapter:/home/suke/ouxt_automation/robotx_ws/install/geometry_msgs_data_buffer:/home/suke/ouxt_automation/robotx_ws/install/geographic_info:/home/suke/ouxt_automation/robotx_ws/install/geographic_conversion:/home/suke/ouxt_automation/robotx_ws/install/geodesy:/home/suke/ouxt_automation/robotx_ws/install/geographic_msgs:/home/suke/ouxt_automation/robotx_ws/install/detic_onnx_ros2_msg:/home/suke/ouxt_automation/robotx_ws/install/data_buffer:/home/suke/ouxt_automation/robotx_ws/install/cv_bridge:/home/suke/ouxt_automation/robotx_ws/install/costmap_to_point:/home/suke/ouxt_automation/robotx_ws/install/boost_geometry_util:/home/suke/ouxt_automation/robotx_ws/install/behavior_tree_action_builder:/home/suke/chicken_ws/install/depth_anything_v2_ros2:/home/suke/ouxt_automation/robotx_ws/install/opencv_tests:/home/suke/ouxt_automation/robotx_ws/install/detic_onnx_ros2:/opt/ros/humble LD_LIBRARY_PATH=/home/suke/chicken_ws/install/chicken_utils/lib:${LD_LIBRARY_PATH} /usr/bin/cmake --install /home/suke/chicken_ws/build/chicken_simulator[0m
[8.381s] [34mcolcon.colcon_core.environment[0m [1;30mLevel 1[0m checking '/home/suke/chicken_ws/install/chicken_simulator' for CMake config files
[8.381s] [34mcolcon.colcon_core.shell[0m [1;30mLevel 1[0m create_environment_hook('chicken_simulator', 'cmake_prefix_path')
[8.381s] [34mcolcon.colcon_core.shell[0m [1;30mINFO[0m Creating environment hook '/home/suke/chicken_ws/install/chicken_simulator/share/chicken_simulator/hook/cmake_prefix_path.ps1'
[8.382s] [34mcolcon.colcon_core.shell[0m [1;30mINFO[0m Creating environment descriptor '/home/suke/chicken_ws/install/chicken_simulator/share/chicken_simulator/hook/cmake_prefix_path.dsv'
[8.382s] [34mcolcon.colcon_core.shell[0m [1;30mINFO[0m Creating environment hook '/home/suke/chicken_ws/install/chicken_simulator/share/chicken_simulator/hook/cmake_prefix_path.sh'
[8.382s] [34mcolcon.colcon_core.environment[0m [1;30mLevel 1[0m checking '/home/suke/chicken_ws/install/chicken_simulator/lib'
[8.382s] [34mcolcon.colcon_core.shell[0m [1;30mLevel 1[0m create_environment_hook('chicken_simulator', 'ld_library_path_lib')
[8.382s] [34mcolcon.colcon_core.shell[0m [1;30mINFO[0m Creating environment hook '/home/suke/chicken_ws/install/chicken_simulator/share/chicken_simulator/hook/ld_library_path_lib.ps1'
[8.382s] [34mcolcon.colcon_core.shell[0m [1;30mINFO[0m Creating environment descriptor '/home/suke/chicken_ws/install/chicken_simulator/share/chicken_simulator/hook/ld_library_path_lib.dsv'
[8.382s] [34mcolcon.colcon_core.shell[0m [1;30mINFO[0m Creating environment hook '/home/suke/chicken_ws/install/chicken_simulator/share/chicken_simulator/hook/ld_library_path_lib.sh'
[8.383s] [34mcolcon.colcon_core.environment[0m [1;30mLevel 1[0m checking '/home/suke/chicken_ws/install/chicken_simulator/bin'
[8.383s] [34mcolcon.colcon_core.environment[0m [1;30mLevel 1[0m checking '/home/suke/chicken_ws/install/chicken_simulator/lib/pkgconfig/chicken_simulator.pc'
[8.383s] [34mcolcon.colcon_core.environment[0m [1;30mLevel 1[0m checking '/home/suke/chicken_ws/install/chicken_simulator/lib/python3.10/site-packages'
[8.383s] [34mcolcon.colcon_core.environment[0m [1;30mLevel 1[0m checking '/home/suke/chicken_ws/install/chicken_simulator/bin'
[8.383s] [34mcolcon.colcon_core.shell[0m [1;30mINFO[0m Creating package script '/home/suke/chicken_ws/install/chicken_simulator/share/chicken_simulator/package.ps1'
[8.383s] [34mcolcon.colcon_core.shell[0m [1;30mINFO[0m Creating package descriptor '/home/suke/chicken_ws/install/chicken_simulator/share/chicken_simulator/package.dsv'
[8.383s] [34mcolcon.colcon_core.shell[0m [1;30mINFO[0m Creating package script '/home/suke/chicken_ws/install/chicken_simulator/share/chicken_simulator/package.sh'
[8.384s] [34mcolcon.colcon_core.shell[0m [1;30mINFO[0m Creating package script '/home/suke/chicken_ws/install/chicken_simulator/share/chicken_simulator/package.bash'
[8.384s] [34mcolcon.colcon_core.shell[0m [1;30mINFO[0m Creating package script '/home/suke/chicken_ws/install/chicken_simulator/share/chicken_simulator/package.zsh'
[8.384s] [34mcolcon.colcon_core.environment[0m [1;30mLevel 1[0m create_file_with_runtime_dependencies(/home/suke/chicken_ws/install/chicken_simulator/share/colcon-core/packages/chicken_simulator)
[8.432s] [34mcolcon.colcon_core.environment[0m [1;30mLevel 1[0m create_environment_scripts_only(chicken_simulator)
[8.432s] [34mcolcon.colcon_core.environment[0m [1;30mLevel 1[0m checking '/home/suke/chicken_ws/install/chicken_simulator' for CMake module files
[8.433s] [34mcolcon.colcon_core.environment[0m [1;30mLevel 1[0m checking '/home/suke/chicken_ws/install/chicken_simulator' for CMake config files
[8.433s] [34mcolcon.colcon_core.shell[0m [1;30mLevel 1[0m create_environment_hook('chicken_simulator', 'cmake_prefix_path')
[8.433s] [34mcolcon.colcon_core.shell[0m [1;30mINFO[0m Creating environment hook '/home/suke/chicken_ws/install/chicken_simulator/share/chicken_simulator/hook/cmake_prefix_path.ps1'
[8.434s] [34mcolcon.colcon_core.shell[0m [1;30mINFO[0m Creating environment descriptor '/home/suke/chicken_ws/install/chicken_simulator/share/chicken_simulator/hook/cmake_prefix_path.dsv'
[8.434s] [34mcolcon.colcon_core.shell[0m [1;30mINFO[0m Creating environment hook '/home/suke/chicken_ws/install/chicken_simulator/share/chicken_simulator/hook/cmake_prefix_path.sh'
[8.434s] [34mcolcon.colcon_core.environment[0m [1;30mLevel 1[0m checking '/home/suke/chicken_ws/install/chicken_simulator/lib'
[8.435s] [34mcolcon.colcon_core.shell[0m [1;30mLevel 1[0m create_environment_hook('chicken_simulator', 'ld_library_path_lib')
[8.435s] [34mcolcon.colcon_core.shell[0m [1;30mINFO[0m Creating environment hook '/home/suke/chicken_ws/install/chicken_simulator/share/chicken_simulator/hook/ld_library_path_lib.ps1'
[8.435s] [34mcolcon.colcon_core.shell[0m [1;30mINFO[0m Creating environment descriptor '/home/suke/chicken_ws/install/chicken_simulator/share/chicken_simulator/hook/ld_library_path_lib.dsv'
[8.436s] [34mcolcon.colcon_core.shell[0m [1;30mINFO[0m Creating environment hook '/home/suke/chicken_ws/install/chicken_simulator/share/chicken_simulator/hook/ld_library_path_lib.sh'
[8.436s] [34mcolcon.colcon_core.environment[0m [1;30mLevel 1[0m checking '/home/suke/chicken_ws/install/chicken_simulator/bin'
[8.436s] [34mcolcon.colcon_core.environment[0m [1;30mLevel 1[0m checking '/home/suke/chicken_ws/install/chicken_simulator/lib/pkgconfig/chicken_simulator.pc'
[8.436s] [34mcolcon.colcon_core.environment[0m [1;30mLevel 1[0m checking '/home/suke/chicken_ws/install/chicken_simulator/lib/python3.10/site-packages'
[8.437s] [34mcolcon.colcon_core.environment[0m [1;30mLevel 1[0m checking '/home/suke/chicken_ws/install/chicken_simulator/bin'
[8.437s] [34mcolcon.colcon_core.shell[0m [1;30mINFO[0m Creating package script '/home/suke/chicken_ws/install/chicken_simulator/share/chicken_simulator/package.ps1'
[8.438s] [34mcolcon.colcon_core.shell[0m [1;30mINFO[0m Creating package descriptor '/home/suke/chicken_ws/install/chicken_simulator/share/chicken_simulator/package.dsv'
[8.439s] [34mcolcon.colcon_core.shell[0m [1;30mINFO[0m Creating package script '/home/suke/chicken_ws/install/chicken_simulator/share/chicken_simulator/package.sh'
[8.439s] [34mcolcon.colcon_core.shell[0m [1;30mINFO[0m Creating package script '/home/suke/chicken_ws/install/chicken_simulator/share/chicken_simulator/package.bash'
[8.439s] [34mcolcon.colcon_core.shell[0m [1;30mINFO[0m Creating package script '/home/suke/chicken_ws/install/chicken_simulator/share/chicken_simulator/package.zsh'
[8.440s] [34mcolcon.colcon_core.environment[0m [1;30mLevel 1[0m create_file_with_runtime_dependencies(/home/suke/chicken_ws/install/chicken_simulator/share/colcon-core/packages/chicken_simulator)
[8.440s] [34mcolcon.colcon_parallel_executor.executor.parallel[0m [1;30mDEBUG[0m [32mclosing loop[0m
[8.440s] [34mcolcon.colcon_parallel_executor.executor.parallel[0m [1;30mDEBUG[0m [32mloop closed[0m
[8.440s] [34mcolcon.colcon_parallel_executor.executor.parallel[0m [1;30mDEBUG[0m [32mrun_until_complete finished with '0'[0m
[8.441s] [34mcolcon.colcon_core.event_reactor[0m [1;30mDEBUG[0m [32mjoining thread[0m
[8.447s] [34mcolcon.colcon_core.plugin_system[0m [1;30mINFO[0m Skipping extension 'colcon_notification.desktop_notification.terminal_notifier': Not used on non-Darwin systems
[8.448s] [34mcolcon.colcon_core.plugin_system[0m [1;30mINFO[0m Skipping extension 'colcon_notification.desktop_notification.win32': Not used on non-Windows systems
[8.448s] [34mcolcon.colcon_notification.desktop_notification[0m [1;30mINFO[0m Sending desktop notification using 'notify2'
[8.472s] [34mcolcon.colcon_core.event_reactor[0m [1;30mDEBUG[0m [32mjoined thread[0m
[8.473s] [34mcolcon.colcon_core.shell[0m [1;30mINFO[0m Creating prefix script '/home/suke/chicken_ws/install/local_setup.ps1'
[8.474s] [34mcolcon.colcon_core.shell[0m [1;30mINFO[0m Creating prefix util module '/home/suke/chicken_ws/install/_local_setup_util_ps1.py'
[8.474s] [34mcolcon.colcon_core.shell[0m [1;30mINFO[0m Creating prefix chain script '/home/suke/chicken_ws/install/setup.ps1'
[8.476s] [34mcolcon.colcon_core.shell[0m [1;30mINFO[0m Creating prefix script '/home/suke/chicken_ws/install/local_setup.sh'
[8.477s] [34mcolcon.colcon_core.shell[0m [1;30mINFO[0m Creating prefix util module '/home/suke/chicken_ws/install/_local_setup_util_sh.py'
[8.477s] [34mcolcon.colcon_core.shell[0m [1;30mINFO[0m Creating prefix chain script '/home/suke/chicken_ws/install/setup.sh'
[8.479s] [34mcolcon.colcon_core.shell[0m [1;30mINFO[0m Creating prefix script '/home/suke/chicken_ws/install/local_setup.bash'
[8.479s] [34mcolcon.colcon_core.shell[0m [1;30mINFO[0m Creating prefix chain script '/home/suke/chicken_ws/install/setup.bash'
[8.481s] [34mcolcon.colcon_core.shell[0m [1;30mINFO[0m Creating prefix script '/home/suke/chicken_ws/install/local_setup.zsh'
[8.481s] [34mcolcon.colcon_core.shell[0m [1;30mINFO[0m Creating prefix chain script '/home/suke/chicken_ws/install/setup.zsh'
