[0.034s] Invoking command in '/home/suke/chicken_core/build/chicken_utils': CMAKE_PREFIX_PATH=${CMAKE_PREFIX_PATH}:/home/suke/ouxt_automation/robotx_ws/install/opencv_tests:/home/suke/ouxt_automation/robotx_ws/install/detic_onnx_ros2:/opt/ros/humble /usr/bin/cmake /home/suke/chicken_core/src/simulation/chicken_utils -DAMENT_CMAKE_SYMLINK_INSTALL=1 -DCMAKE_INSTALL_PREFIX=/home/suke/chicken_core/install/chicken_utils
[0.504s] -- The C compiler identification is GNU 11.4.0
[0.505s] -- The CXX compiler identification is GNU 11.4.0
[0.505s] -- Detecting C compiler ABI info
[0.505s] -- Detecting C compiler ABI info - done
[0.505s] -- Check for working C compiler: /usr/lib/ccache/gcc - skipped
[0.505s] -- Detecting C compile features
[0.505s] -- Detecting C compile features - done
[0.506s] -- Detecting CXX compiler ABI info
[0.506s] -- Detecting CXX compiler ABI info - done
[0.506s] -- Check for working CXX compiler: /usr/lib/ccache/g++ - skipped
[0.506s] -- Detecting CXX compile features
[0.506s] -- Detecting CXX compile features - done
[0.506s] -- Found ament_cmake_auto: 1.3.9 (/opt/ros/humble/share/ament_cmake_auto/cmake)
[0.506s] -- Found Python3: /usr/bin/python3 (found version "3.10.12") found components: Interpreter 
[0.506s] -- Override CMake install command with custom implementation using symlinks instead of copying resources
[0.506s] -- Found rosidl_generator_c: 3.1.5 (/opt/ros/humble/share/rosidl_generator_c/cmake)
[0.512s] -- Found rosidl_adapter: 3.1.5 (/opt/ros/humble/share/rosidl_adapter/cmake)
[0.522s] -- Found rosidl_generator_cpp: 3.1.5 (/opt/ros/humble/share/rosidl_generator_cpp/cmake)
[0.543s] -- Using all available rosidl_typesupport_c: rosidl_typesupport_fastrtps_c;rosidl_typesupport_introspection_c
[0.565s] -- Using all available rosidl_typesupport_cpp: rosidl_typesupport_fastrtps_cpp;rosidl_typesupport_introspection_cpp
[0.632s] -- Found rmw_implementation_cmake: 6.1.2 (/opt/ros/humble/share/rmw_implementation_cmake/cmake)
[0.637s] -- Found rmw_cyclonedds_cpp: 1.3.4 (/opt/ros/humble/share/rmw_cyclonedds_cpp/cmake)
[0.672s] -- Using RMW implementation 'rmw_cyclonedds_cpp' as default
[0.685s] -- Looking for pthread.h
[0.733s] -- Looking for pthread.h - found
[0.733s] -- Performing Test CMAKE_HAVE_LIBC_PTHREAD
[0.798s] -- Performing Test CMAKE_HAVE_LIBC_PTHREAD - Success
[0.798s] -- Found Threads: TRUE  
[1.541s] -- Found eigen3_cmake_module: 0.1.1 (/opt/ros/humble/share/eigen3_cmake_module/cmake)
[1.544s] -- Found Eigen3: TRUE (found version "3.4.0") 
[1.544s] -- Ensuring Eigen3 include directory is part of orocos-kdl CMake target
[1.575s] -- Found ament_lint_auto: 0.12.11 (/opt/ros/humble/share/ament_lint_auto/cmake)
[1.607s] -- Added test 'copyright' to check source files copyright and LICENSE
[1.608s] -- Added test 'cppcheck' to perform static code analysis on C / C++ code
[1.608s] -- Configured cppcheck include dirs: /home/suke/chicken_core/src/simulation/chicken_utils/include
[1.608s] -- Configured cppcheck exclude dirs and/or files: 
[1.609s] -- Added test 'cpplint' to check C / C++ code against the Google style
[1.609s] -- Configured cpplint exclude dirs and/or files: 
[1.610s] -- Added test 'lint_cmake' to check CMake code style
[1.611s] -- Added test 'uncrustify' to check C / C++ code style
[1.611s] -- Configured uncrustify additional arguments: 
[1.612s] -- Added test 'xmllint' to check XML markup files
[1.619s] -- Configuring done
[1.625s] -- Generating done
[1.626s] -- Build files have been written to: /home/suke/chicken_core/build/chicken_utils
[1.631s] Invoked command in '/home/suke/chicken_core/build/chicken_utils' returned '0': CMAKE_PREFIX_PATH=${CMAKE_PREFIX_PATH}:/home/suke/ouxt_automation/robotx_ws/install/opencv_tests:/home/suke/ouxt_automation/robotx_ws/install/detic_onnx_ros2:/opt/ros/humble /usr/bin/cmake /home/suke/chicken_core/src/simulation/chicken_utils -DAMENT_CMAKE_SYMLINK_INSTALL=1 -DCMAKE_INSTALL_PREFIX=/home/suke/chicken_core/install/chicken_utils
[1.632s] Invoking command in '/home/suke/chicken_core/build/chicken_utils': CMAKE_PREFIX_PATH=${CMAKE_PREFIX_PATH}:/home/suke/ouxt_automation/robotx_ws/install/opencv_tests:/home/suke/ouxt_automation/robotx_ws/install/detic_onnx_ros2:/opt/ros/humble /usr/bin/cmake --build /home/suke/chicken_core/build/chicken_utils -- -j20 -l20
[1.672s] [ 50%] [32mBuilding CXX object CMakeFiles/quaternion_utils.dir/src/quaternion_utils.cpp.o[0m
[1.698s] [100%] [32m[1mLinking CXX shared library libquaternion_utils.so[0m
[1.880s] [100%] Built target quaternion_utils
[1.888s] Invoked command in '/home/suke/chicken_core/build/chicken_utils' returned '0': CMAKE_PREFIX_PATH=${CMAKE_PREFIX_PATH}:/home/suke/ouxt_automation/robotx_ws/install/opencv_tests:/home/suke/ouxt_automation/robotx_ws/install/detic_onnx_ros2:/opt/ros/humble /usr/bin/cmake --build /home/suke/chicken_core/build/chicken_utils -- -j20 -l20
[1.912s] Invoking command in '/home/suke/chicken_core/build/chicken_utils': CMAKE_PREFIX_PATH=${CMAKE_PREFIX_PATH}:/home/suke/ouxt_automation/robotx_ws/install/opencv_tests:/home/suke/ouxt_automation/robotx_ws/install/detic_onnx_ros2:/opt/ros/humble /usr/bin/cmake --install /home/suke/chicken_core/build/chicken_utils
[1.917s] -- Install configuration: ""
[1.918s] -- Execute custom install script
[1.918s] -- Symlinking: /home/suke/chicken_core/install/chicken_utils/include/chicken_utils/quaternion_utils.hpp
[1.924s] -- Symlinking: /home/suke/chicken_core/install/chicken_utils/share/chicken_utils/environment/library_path.sh
[1.931s] -- Symlinking: /home/suke/chicken_core/install/chicken_utils/share/chicken_utils/environment/library_path.dsv
[1.938s] -- Symlinking: /home/suke/chicken_core/install/chicken_utils/lib/libquaternion_utils.so
[1.945s] -- Symlinking: /home/suke/chicken_core/install/chicken_utils/share/ament_index/resource_index/package_run_dependencies/chicken_utils
[1.953s] -- Symlinking: /home/suke/chicken_core/install/chicken_utils/share/ament_index/resource_index/parent_prefix_path/chicken_utils
[1.959s] -- Symlinking: /home/suke/chicken_core/install/chicken_utils/share/chicken_utils/environment/ament_prefix_path.sh
[1.966s] -- Symlinking: /home/suke/chicken_core/install/chicken_utils/share/chicken_utils/environment/ament_prefix_path.dsv
[1.972s] -- Symlinking: /home/suke/chicken_core/install/chicken_utils/share/chicken_utils/environment/path.sh
[1.978s] -- Symlinking: /home/suke/chicken_core/install/chicken_utils/share/chicken_utils/environment/path.dsv
[1.985s] -- Symlinking: /home/suke/chicken_core/install/chicken_utils/share/chicken_utils/local_setup.bash
[1.995s] -- Symlinking: /home/suke/chicken_core/install/chicken_utils/share/chicken_utils/local_setup.sh
[2.002s] -- Symlinking: /home/suke/chicken_core/install/chicken_utils/share/chicken_utils/local_setup.zsh
[2.009s] -- Symlinking: /home/suke/chicken_core/install/chicken_utils/share/chicken_utils/local_setup.dsv
[2.016s] -- Symlinking: /home/suke/chicken_core/install/chicken_utils/share/chicken_utils/package.dsv
[2.023s] -- Symlinking: /home/suke/chicken_core/install/chicken_utils/share/ament_index/resource_index/packages/chicken_utils
[2.030s] -- Symlinking: /home/suke/chicken_core/install/chicken_utils/share/chicken_utils/cmake/ament_cmake_export_dependencies-extras.cmake
[2.037s] -- Symlinking: /home/suke/chicken_core/install/chicken_utils/share/chicken_utils/cmake/ament_cmake_export_include_directories-extras.cmake
[2.045s] -- Symlinking: /home/suke/chicken_core/install/chicken_utils/share/chicken_utils/cmake/ament_cmake_export_libraries-extras.cmake
[2.052s] -- Symlinking: /home/suke/chicken_core/install/chicken_utils/share/chicken_utils/cmake/chicken_utilsConfig.cmake
[2.060s] -- Symlinking: /home/suke/chicken_core/install/chicken_utils/share/chicken_utils/cmake/chicken_utilsConfig-version.cmake
[2.067s] -- Symlinking: /home/suke/chicken_core/install/chicken_utils/share/chicken_utils/package.xml
[2.075s] Invoked command in '/home/suke/chicken_core/build/chicken_utils' returned '0': CMAKE_PREFIX_PATH=${CMAKE_PREFIX_PATH}:/home/suke/ouxt_automation/robotx_ws/install/opencv_tests:/home/suke/ouxt_automation/robotx_ws/install/detic_onnx_ros2:/opt/ros/humble /usr/bin/cmake --install /home/suke/chicken_core/build/chicken_utils
