[0.035s] Invoking command in '/home/suke/chicken_core/build/chicken_utils': CMAKE_PREFIX_PATH=${CMAKE_PREFIX_PATH}:/home/suke/ouxt_automation/robotx_ws/install/opencv_tests:/home/suke/ouxt_automation/robotx_ws/install/kalman_filter_localization:/home/suke/ouxt_automation/robotx_ws/install/detic_onnx_ros2:/opt/ros/humble /usr/bin/cmake --build /home/suke/chicken_core/build/chicken_utils -- -j20 -l20
[0.531s] [100%] Built target quaternion_utils
[0.536s] Invoked command in '/home/suke/chicken_core/build/chicken_utils' returned '0': CMAKE_PREFIX_PATH=${CMAKE_PREFIX_PATH}:/home/suke/ouxt_automation/robotx_ws/install/opencv_tests:/home/suke/ouxt_automation/robotx_ws/install/kalman_filter_localization:/home/suke/ouxt_automation/robotx_ws/install/detic_onnx_ros2:/opt/ros/humble /usr/bin/cmake --build /home/suke/chicken_core/build/chicken_utils -- -j20 -l20
[0.577s] Invoking command in '/home/suke/chicken_core/build/chicken_utils': CMAKE_PREFIX_PATH=${CMAKE_PREFIX_PATH}:/home/suke/ouxt_automation/robotx_ws/install/opencv_tests:/home/suke/ouxt_automation/robotx_ws/install/kalman_filter_localization:/home/suke/ouxt_automation/robotx_ws/install/detic_onnx_ros2:/opt/ros/humble /usr/bin/cmake --install /home/suke/chicken_core/build/chicken_utils
[0.586s] -- Install configuration: ""
[0.587s] -- Execute custom install script
[0.587s] -- Up-to-date symlink: /home/suke/chicken_core/install/chicken_utils/include/chicken_utils/quaternion_utils.hpp
[0.587s] -- Up-to-date symlink: /home/suke/chicken_core/install/chicken_utils/share/chicken_utils/environment/library_path.sh
[0.587s] -- Up-to-date symlink: /home/suke/chicken_core/install/chicken_utils/share/chicken_utils/environment/library_path.dsv
[0.588s] -- Up-to-date symlink: /home/suke/chicken_core/install/chicken_utils/lib/libquaternion_utils.so
[0.588s] -- Up-to-date symlink: /home/suke/chicken_core/install/chicken_utils/share/ament_index/resource_index/package_run_dependencies/chicken_utils
[0.588s] -- Up-to-date symlink: /home/suke/chicken_core/install/chicken_utils/share/ament_index/resource_index/parent_prefix_path/chicken_utils
[0.588s] -- Up-to-date symlink: /home/suke/chicken_core/install/chicken_utils/share/chicken_utils/environment/ament_prefix_path.sh
[0.588s] -- Up-to-date symlink: /home/suke/chicken_core/install/chicken_utils/share/chicken_utils/environment/ament_prefix_path.dsv
[0.588s] -- Up-to-date symlink: /home/suke/chicken_core/install/chicken_utils/share/chicken_utils/environment/path.sh
[0.590s] -- Up-to-date symlink: /home/suke/chicken_core/install/chicken_utils/share/chicken_utils/environment/path.dsv
[0.590s] -- Up-to-date symlink: /home/suke/chicken_core/install/chicken_utils/share/chicken_utils/local_setup.bash
[0.590s] -- Up-to-date symlink: /home/suke/chicken_core/install/chicken_utils/share/chicken_utils/local_setup.sh
[0.590s] -- Up-to-date symlink: /home/suke/chicken_core/install/chicken_utils/share/chicken_utils/local_setup.zsh
[0.590s] -- Up-to-date symlink: /home/suke/chicken_core/install/chicken_utils/share/chicken_utils/local_setup.dsv
[0.590s] -- Symlinking: /home/suke/chicken_core/install/chicken_utils/share/chicken_utils/package.dsv
[0.599s] -- Up-to-date symlink: /home/suke/chicken_core/install/chicken_utils/share/ament_index/resource_index/packages/chicken_utils
[0.599s] -- Up-to-date symlink: /home/suke/chicken_core/install/chicken_utils/share/chicken_utils/cmake/ament_cmake_export_dependencies-extras.cmake
[0.599s] -- Up-to-date symlink: /home/suke/chicken_core/install/chicken_utils/share/chicken_utils/cmake/ament_cmake_export_include_directories-extras.cmake
[0.599s] -- Up-to-date symlink: /home/suke/chicken_core/install/chicken_utils/share/chicken_utils/cmake/ament_cmake_export_libraries-extras.cmake
[0.599s] -- Up-to-date symlink: /home/suke/chicken_core/install/chicken_utils/share/chicken_utils/cmake/chicken_utilsConfig.cmake
[0.599s] -- Up-to-date symlink: /home/suke/chicken_core/install/chicken_utils/share/chicken_utils/cmake/chicken_utilsConfig-version.cmake
[0.599s] -- Up-to-date symlink: /home/suke/chicken_core/install/chicken_utils/share/chicken_utils/package.xml
[0.601s] Invoked command in '/home/suke/chicken_core/build/chicken_utils' returned '0': CMAKE_PREFIX_PATH=${CMAKE_PREFIX_PATH}:/home/suke/ouxt_automation/robotx_ws/install/opencv_tests:/home/suke/ouxt_automation/robotx_ws/install/kalman_filter_localization:/home/suke/ouxt_automation/robotx_ws/install/detic_onnx_ros2:/opt/ros/humble /usr/bin/cmake --install /home/suke/chicken_core/build/chicken_utils
