running egg_info
writing ../../../build/cart_controller/cart_controller.egg-info/PKG-INFO
writing dependency_links to ../../../build/cart_controller/cart_controller.egg-info/dependency_links.txt
writing entry points to ../../../build/cart_controller/cart_controller.egg-info/entry_points.txt
writing requirements to ../../../build/cart_controller/cart_controller.egg-info/requires.txt
writing top-level names to ../../../build/cart_controller/cart_controller.egg-info/top_level.txt
reading manifest file '../../../build/cart_controller/cart_controller.egg-info/SOURCES.txt'
adding license file 'LICENSE'
writing manifest file '../../../build/cart_controller/cart_controller.egg-info/SOURCES.txt'
running build
running build_py
running install
running install_lib
running install_data
running install_egg_info
removing '/home/suke/chicken_core/install/cart_controller/lib/python3.10/site-packages/cart_controller-0.0.0-py3.10.egg-info' (and everything under it)
Copying ../../../build/cart_controller/cart_controller.egg-info to /home/suke/chicken_core/install/cart_controller/lib/python3.10/site-packages/cart_controller-0.0.0-py3.10.egg-info
running install_scripts
Installing controller_node script to /home/suke/chicken_core/install/cart_controller/lib/cart_controller
writing list of installed files to '/home/suke/chicken_core/build/cart_controller/install.log'
