-- The C compiler identification is GNU 11.4.0
-- The CXX compiler identification is GNU 11.4.0
-- Detecting C compiler ABI info
-- Detecting C compiler ABI info - done
-- Check for working C compiler: /usr/lib/ccache/gcc - skipped
-- Detecting C compile features
-- Detecting C compile features - done
-- Detecting CXX compiler ABI info
-- Detecting CXX compiler ABI info - done
-- Check for working CXX compiler: /usr/lib/ccache/g++ - skipped
-- Detecting CXX compile features
-- Detecting CXX compile features - done
-- Found ament_cmake: 1.3.9 (/opt/ros/humble/share/ament_cmake/cmake)
-- Found Python3: /usr/bin/python3 (found version "3.10.12") found components: Interpreter 
-- Override CMake install command with custom implementation using symlinks instead of copying resources
-- Found rclcpp: 16.0.9 (/opt/ros/humble/share/rclcpp/cmake)
-- Found rosidl_generator_c: 3.1.5 (/opt/ros/humble/share/rosidl_generator_c/cmake)
-- Found rosidl_adapter: 3.1.5 (/opt/ros/humble/share/rosidl_adapter/cmake)
-- Found rosidl_generator_cpp: 3.1.5 (/opt/ros/humble/share/rosidl_generator_cpp/cmake)
-- Using all available rosidl_typesupport_c: rosidl_typesupport_fastrtps_c;rosidl_typesupport_introspection_c
-- Using all available rosidl_typesupport_cpp: rosidl_typesupport_fastrtps_cpp;rosidl_typesupport_introspection_cpp
-- Found rmw_implementation_cmake: 6.1.2 (/opt/ros/humble/share/rmw_implementation_cmake/cmake)
-- Found rmw_cyclonedds_cpp: 1.3.4 (/opt/ros/humble/share/rmw_cyclonedds_cpp/cmake)
-- Using RMW implementation 'rmw_cyclonedds_cpp' as default
-- Looking for pthread.h
-- Looking for pthread.h - found
-- Performing Test CMAKE_HAVE_LIBC_PTHREAD
-- Performing Test CMAKE_HAVE_LIBC_PTHREAD - Success
-- Found Threads: TRUE  
-- Found sensor_msgs: 4.2.4 (/opt/ros/humble/share/sensor_msgs/cmake)
-- Found nav_msgs: 4.2.4 (/opt/ros/humble/share/nav_msgs/cmake)
-- Found tf2_geometry_msgs: 0.25.7 (/opt/ros/humble/share/tf2_geometry_msgs/cmake)
-- Found eigen3_cmake_module: 0.1.1 (/opt/ros/humble/share/eigen3_cmake_module/cmake)
-- Found Eigen3: TRUE (found version "3.4.0") 
-- Ensuring Eigen3 include directory is part of orocos-kdl CMake target
-- Found ament_lint_auto: 0.12.11 (/opt/ros/humble/share/ament_lint_auto/cmake)
-- Added test 'cppcheck' to perform static code analysis on C / C++ code
-- Configured cppcheck include dirs: /home/suke/chicken_core/src/planning/dwa_ros2/include
-- Configured cppcheck exclude dirs and/or files: 
-- Added test 'flake8' to check Python code syntax and style conventions
-- Added test 'lint_cmake' to check CMake code style
-- Added test 'pep257' to check Python code against some of the docstring style conventions in PEP 257
-- Added test 'uncrustify' to check C / C++ code style
-- Configured uncrustify additional arguments: 
-- Added test 'xmllint' to check XML markup files
-- Configuring done
-- Generating done
-- Build files have been written to: /home/suke/chicken_core/build/dwa_ros2
[ 66%] [32mBuilding CXX object CMakeFiles/dwa_ros2.dir/src/obstacle_detector_component.cpp.o[0m
[ 66%] [32mBuilding CXX object CMakeFiles/dwa_ros2.dir/src/dwa_ros2.cpp.o[0m
In file included from [01m[K/home/suke/chicken_core/src/planning/dwa_ros2/include/dwa_ros2.hpp:19[m[K,
                 from [01m[K/home/suke/chicken_core/src/planning/dwa_ros2/src/dwa_ros2.cpp:2[m[K:
[01m[K/opt/ros/humble/include/tf2_geometry_msgs/tf2_geometry_msgs/tf2_geometry_msgs.h:35:2:[m[K [01;35m[Kwarning: [m[K#warning This header is obsolete, please include tf2_geometry_msgs/tf2_geometry_msgs.hpp instead [[01;35m[K-Wcpp[m[K]
   35 | #[01;35m[Kwarning[m[K This header is obsolete, please include tf2_geometry_msgs/tf2_geometry_msgs.hpp instead
      |  [01;35m[K^~~~~~~[m[K
[01m[K/home/suke/chicken_core/src/planning/dwa_ros2/src/dwa_ros2.cpp:[m[K In member function ‘[01m[Kvoid dwa_ros2::DWA::obstacleCallback(nav_msgs::msg::OccupancyGrid_<std::allocator<void> >::SharedPtr)[m[K’:
[01m[K/home/suke/chicken_core/src/planning/dwa_ros2/src/dwa_ros2.cpp:45:27:[m[K [01;35m[Kwarning: [m[Kcomparison of integer expressions of different signedness: ‘[01m[Kint[m[K’ and ‘[01m[Kstd::vector<signed char, std::allocator<signed char> >::size_type[m[K’ {aka ‘[01m[Klong unsigned int[m[K’} [[01;35m[K-Wsign-compare[m[K]
   45 |         for (int i = 0; [01;35m[Ki < msg->data.size()[m[K; i++)
      |                         [01;35m[K~~^~~~~~~~~~~~~~~~~~[m[K
[100%] [32m[1mLinking CXX shared library libdwa_ros2.so[0m
[100%] Built target dwa_ros2
-- Install configuration: ""
-- Execute custom install script
-- Symlinking: /home/suke/chicken_core/install/dwa_ros2/lib/libdwa_ros2.so
-- Symlinking: /home/suke/chicken_core/install/dwa_ros2/share/dwa_ros2//launch/dwa_ros2.launch.py
-- Symlinking: /home/suke/chicken_core/install/dwa_ros2/share/dwa_ros2//config/dwa.rviz
-- Symlinking: /home/suke/chicken_core/install/dwa_ros2/share/dwa_ros2//config/parameter.yaml
-- Symlinking: /home/suke/chicken_core/install/dwa_ros2/share/ament_index/resource_index/package_run_dependencies/dwa_ros2
-- Symlinking: /home/suke/chicken_core/install/dwa_ros2/share/ament_index/resource_index/parent_prefix_path/dwa_ros2
-- Symlinking: /home/suke/chicken_core/install/dwa_ros2/share/dwa_ros2/environment/ament_prefix_path.sh
-- Symlinking: /home/suke/chicken_core/install/dwa_ros2/share/dwa_ros2/environment/ament_prefix_path.dsv
-- Symlinking: /home/suke/chicken_core/install/dwa_ros2/share/dwa_ros2/environment/path.sh
-- Symlinking: /home/suke/chicken_core/install/dwa_ros2/share/dwa_ros2/environment/path.dsv
-- Symlinking: /home/suke/chicken_core/install/dwa_ros2/share/dwa_ros2/local_setup.bash
-- Symlinking: /home/suke/chicken_core/install/dwa_ros2/share/dwa_ros2/local_setup.sh
-- Symlinking: /home/suke/chicken_core/install/dwa_ros2/share/dwa_ros2/local_setup.zsh
-- Symlinking: /home/suke/chicken_core/install/dwa_ros2/share/dwa_ros2/local_setup.dsv
-- Symlinking: /home/suke/chicken_core/install/dwa_ros2/share/dwa_ros2/package.dsv
-- Symlinking: /home/suke/chicken_core/install/dwa_ros2/share/ament_index/resource_index/packages/dwa_ros2
-- Symlinking: /home/suke/chicken_core/install/dwa_ros2/share/ament_index/resource_index/rclcpp_components/dwa_ros2
-- Symlinking: /home/suke/chicken_core/install/dwa_ros2/share/dwa_ros2/cmake/dwa_ros2Config.cmake
-- Symlinking: /home/suke/chicken_core/install/dwa_ros2/share/dwa_ros2/cmake/dwa_ros2Config-version.cmake
-- Symlinking: /home/suke/chicken_core/install/dwa_ros2/share/dwa_ros2/package.xml
