[0.482s] Invoking command in '/home/suke/chicken_core/build/dwa_ros2': CMAKE_PREFIX_PATH=${CMAKE_PREFIX_PATH}:/home/suke/ouxt_automation/robotx_ws/install/opencv_tests:/home/suke/ouxt_automation/robotx_ws/install/detic_onnx_ros2:/opt/ros/humble /usr/bin/cmake /home/suke/chicken_core/src/planning/dwa_ros2 -DAMENT_CMAKE_SYMLINK_INSTALL=1 -DCMAKE_INSTALL_PREFIX=/home/suke/chicken_core/install/dwa_ros2
[0.525s] -- The C compiler identification is GNU 11.4.0
[0.570s] -- The CXX compiler identification is GNU 11.4.0
[0.580s] -- Detecting C compiler ABI info
[0.634s] -- Detecting C compiler ABI info - done
[0.639s] -- Check for working C compiler: /usr/lib/ccache/gcc - skipped
[0.639s] -- Detecting C compile features
[0.639s] -- Detecting C compile features - done
[0.641s] -- Detecting CXX compiler ABI info
[0.699s] -- Detecting CXX compiler ABI info - done
[0.705s] -- Check for working CXX compiler: /usr/lib/ccache/g++ - skipped
[0.705s] -- Detecting CXX compile features
[0.705s] -- Detecting CXX compile features - done
[0.710s] -- Found ament_cmake: 1.3.9 (/opt/ros/humble/share/ament_cmake/cmake)
[0.830s] -- Found Python3: /usr/bin/python3 (found version "3.10.12") found components: Interpreter 
[0.870s] -- Override CMake install command with custom implementation using symlinks instead of copying resources
[0.919s] -- Found rclcpp: 16.0.9 (/opt/ros/humble/share/rclcpp/cmake)
[0.972s] -- Found rosidl_generator_c: 3.1.5 (/opt/ros/humble/share/rosidl_generator_c/cmake)
[0.979s] -- Found rosidl_adapter: 3.1.5 (/opt/ros/humble/share/rosidl_adapter/cmake)
[0.989s] -- Found rosidl_generator_cpp: 3.1.5 (/opt/ros/humble/share/rosidl_generator_cpp/cmake)
[1.002s] -- Using all available rosidl_typesupport_c: rosidl_typesupport_fastrtps_c;rosidl_typesupport_introspection_c
[1.026s] -- Using all available rosidl_typesupport_cpp: rosidl_typesupport_fastrtps_cpp;rosidl_typesupport_introspection_cpp
[1.097s] -- Found rmw_implementation_cmake: 6.1.2 (/opt/ros/humble/share/rmw_implementation_cmake/cmake)
[1.102s] -- Found rmw_cyclonedds_cpp: 1.3.4 (/opt/ros/humble/share/rmw_cyclonedds_cpp/cmake)
[1.136s] -- Using RMW implementation 'rmw_cyclonedds_cpp' as default
[1.149s] -- Looking for pthread.h
[1.195s] -- Looking for pthread.h - found
[1.195s] -- Performing Test CMAKE_HAVE_LIBC_PTHREAD
[1.250s] -- Performing Test CMAKE_HAVE_LIBC_PTHREAD - Success
[1.250s] -- Found Threads: TRUE  
[1.355s] -- Found sensor_msgs: 4.2.4 (/opt/ros/humble/share/sensor_msgs/cmake)
[1.432s] -- Found nav_msgs: 4.2.4 (/opt/ros/humble/share/nav_msgs/cmake)
[1.505s] -- Found tf2_geometry_msgs: 0.25.7 (/opt/ros/humble/share/tf2_geometry_msgs/cmake)
[1.525s] -- Found eigen3_cmake_module: 0.1.1 (/opt/ros/humble/share/eigen3_cmake_module/cmake)
[1.528s] -- Found Eigen3: TRUE (found version "3.4.0") 
[1.528s] -- Ensuring Eigen3 include directory is part of orocos-kdl CMake target
[1.771s] -- Found ament_lint_auto: 0.12.11 (/opt/ros/humble/share/ament_lint_auto/cmake)
[1.846s] -- Added test 'cppcheck' to perform static code analysis on C / C++ code
[1.846s] -- Configured cppcheck include dirs: /home/suke/chicken_core/src/planning/dwa_ros2/include
[1.846s] -- Configured cppcheck exclude dirs and/or files: 
[1.847s] -- Added test 'flake8' to check Python code syntax and style conventions
[1.848s] -- Added test 'lint_cmake' to check CMake code style
[1.848s] -- Added test 'pep257' to check Python code against some of the docstring style conventions in PEP 257
[1.850s] -- Added test 'uncrustify' to check C / C++ code style
[1.850s] -- Configured uncrustify additional arguments: 
[1.851s] -- Added test 'xmllint' to check XML markup files
[1.853s] -- Configuring done
[1.860s] -- Generating done
[1.861s] -- Build files have been written to: /home/suke/chicken_core/build/dwa_ros2
[1.867s] Invoked command in '/home/suke/chicken_core/build/dwa_ros2' returned '0': CMAKE_PREFIX_PATH=${CMAKE_PREFIX_PATH}:/home/suke/ouxt_automation/robotx_ws/install/opencv_tests:/home/suke/ouxt_automation/robotx_ws/install/detic_onnx_ros2:/opt/ros/humble /usr/bin/cmake /home/suke/chicken_core/src/planning/dwa_ros2 -DAMENT_CMAKE_SYMLINK_INSTALL=1 -DCMAKE_INSTALL_PREFIX=/home/suke/chicken_core/install/dwa_ros2
[1.868s] Invoking command in '/home/suke/chicken_core/build/dwa_ros2': CMAKE_PREFIX_PATH=${CMAKE_PREFIX_PATH}:/home/suke/ouxt_automation/robotx_ws/install/opencv_tests:/home/suke/ouxt_automation/robotx_ws/install/detic_onnx_ros2:/opt/ros/humble /usr/bin/cmake --build /home/suke/chicken_core/build/dwa_ros2 -- -j20 -l20
[1.907s] [ 66%] [32mBuilding CXX object CMakeFiles/dwa_ros2.dir/src/obstacle_detector_component.cpp.o[0m
[1.907s] [ 66%] [32mBuilding CXX object CMakeFiles/dwa_ros2.dir/src/dwa_ros2.cpp.o[0m
[1.921s] In file included from [01m[K/home/suke/chicken_core/src/planning/dwa_ros2/include/dwa_ros2.hpp:19[m[K,
[1.921s]                  from [01m[K/home/suke/chicken_core/src/planning/dwa_ros2/src/dwa_ros2.cpp:2[m[K:
[1.921s] [01m[K/opt/ros/humble/include/tf2_geometry_msgs/tf2_geometry_msgs/tf2_geometry_msgs.h:35:2:[m[K [01;35m[Kwarning: [m[K#warning This header is obsolete, please include tf2_geometry_msgs/tf2_geometry_msgs.hpp instead [[01;35m[K-Wcpp[m[K]
[1.921s]    35 | #[01;35m[Kwarning[m[K This header is obsolete, please include tf2_geometry_msgs/tf2_geometry_msgs.hpp instead
[1.921s]       |  [01;35m[K^~~~~~~[m[K
[1.921s] [01m[K/home/suke/chicken_core/src/planning/dwa_ros2/src/dwa_ros2.cpp:[m[K In member function ‘[01m[Kvoid dwa_ros2::DWA::obstacleCallback(nav_msgs::msg::OccupancyGrid_<std::allocator<void> >::SharedPtr)[m[K’:
[1.921s] [01m[K/home/suke/chicken_core/src/planning/dwa_ros2/src/dwa_ros2.cpp:45:27:[m[K [01;35m[Kwarning: [m[Kcomparison of integer expressions of different signedness: ‘[01m[Kint[m[K’ and ‘[01m[Kstd::vector<signed char, std::allocator<signed char> >::size_type[m[K’ {aka ‘[01m[Klong unsigned int[m[K’} [[01;35m[K-Wsign-compare[m[K]
[1.921s]    45 |         for (int i = 0; [01;35m[Ki < msg->data.size()[m[K; i++)
[1.921s]       |                         [01;35m[K~~^~~~~~~~~~~~~~~~~~[m[K
[1.945s] [100%] [32m[1mLinking CXX shared library libdwa_ros2.so[0m
[5.959s] [100%] Built target dwa_ros2
[5.976s] Invoked command in '/home/suke/chicken_core/build/dwa_ros2' returned '0': CMAKE_PREFIX_PATH=${CMAKE_PREFIX_PATH}:/home/suke/ouxt_automation/robotx_ws/install/opencv_tests:/home/suke/ouxt_automation/robotx_ws/install/detic_onnx_ros2:/opt/ros/humble /usr/bin/cmake --build /home/suke/chicken_core/build/dwa_ros2 -- -j20 -l20
[6.013s] Invoking command in '/home/suke/chicken_core/build/dwa_ros2': CMAKE_PREFIX_PATH=${CMAKE_PREFIX_PATH}:/home/suke/ouxt_automation/robotx_ws/install/opencv_tests:/home/suke/ouxt_automation/robotx_ws/install/detic_onnx_ros2:/opt/ros/humble /usr/bin/cmake --install /home/suke/chicken_core/build/dwa_ros2
[6.018s] -- Install configuration: ""
[6.018s] -- Execute custom install script
[6.018s] -- Symlinking: /home/suke/chicken_core/install/dwa_ros2/lib/libdwa_ros2.so
[6.025s] -- Symlinking: /home/suke/chicken_core/install/dwa_ros2/share/dwa_ros2//launch/dwa_ros2.launch.py
[6.032s] -- Symlinking: /home/suke/chicken_core/install/dwa_ros2/share/dwa_ros2//config/dwa.rviz
[6.038s] -- Symlinking: /home/suke/chicken_core/install/dwa_ros2/share/dwa_ros2//config/parameter.yaml
[6.045s] -- Symlinking: /home/suke/chicken_core/install/dwa_ros2/share/ament_index/resource_index/package_run_dependencies/dwa_ros2
[6.052s] -- Symlinking: /home/suke/chicken_core/install/dwa_ros2/share/ament_index/resource_index/parent_prefix_path/dwa_ros2
[6.058s] -- Symlinking: /home/suke/chicken_core/install/dwa_ros2/share/dwa_ros2/environment/ament_prefix_path.sh
[6.065s] -- Symlinking: /home/suke/chicken_core/install/dwa_ros2/share/dwa_ros2/environment/ament_prefix_path.dsv
[6.072s] -- Symlinking: /home/suke/chicken_core/install/dwa_ros2/share/dwa_ros2/environment/path.sh
[6.078s] -- Symlinking: /home/suke/chicken_core/install/dwa_ros2/share/dwa_ros2/environment/path.dsv
[6.084s] -- Symlinking: /home/suke/chicken_core/install/dwa_ros2/share/dwa_ros2/local_setup.bash
[6.091s] -- Symlinking: /home/suke/chicken_core/install/dwa_ros2/share/dwa_ros2/local_setup.sh
[6.097s] -- Symlinking: /home/suke/chicken_core/install/dwa_ros2/share/dwa_ros2/local_setup.zsh
[6.104s] -- Symlinking: /home/suke/chicken_core/install/dwa_ros2/share/dwa_ros2/local_setup.dsv
[6.111s] -- Symlinking: /home/suke/chicken_core/install/dwa_ros2/share/dwa_ros2/package.dsv
[6.117s] -- Symlinking: /home/suke/chicken_core/install/dwa_ros2/share/ament_index/resource_index/packages/dwa_ros2
[6.123s] -- Symlinking: /home/suke/chicken_core/install/dwa_ros2/share/ament_index/resource_index/rclcpp_components/dwa_ros2
[6.129s] -- Symlinking: /home/suke/chicken_core/install/dwa_ros2/share/dwa_ros2/cmake/dwa_ros2Config.cmake
[6.135s] -- Symlinking: /home/suke/chicken_core/install/dwa_ros2/share/dwa_ros2/cmake/dwa_ros2Config-version.cmake
[6.142s] -- Symlinking: /home/suke/chicken_core/install/dwa_ros2/share/dwa_ros2/package.xml
[6.151s] Invoked command in '/home/suke/chicken_core/build/dwa_ros2' returned '0': CMAKE_PREFIX_PATH=${CMAKE_PREFIX_PATH}:/home/suke/ouxt_automation/robotx_ws/install/opencv_tests:/home/suke/ouxt_automation/robotx_ws/install/detic_onnx_ros2:/opt/ros/humble /usr/bin/cmake --install /home/suke/chicken_core/build/dwa_ros2
