-- Found ament_cmake: 1.3.9 (/opt/ros/humble/share/ament_cmake/cmake)
-- Override CMake install command with custom implementation using symlinks instead of copying resources
-- Found ament_lint_auto: 0.12.11 (/opt/ros/humble/share/ament_lint_auto/cmake)
-- Added test 'lint_cmake' to check CMake code style
-- Added test 'xmllint' to check XML markup files
-- Configuring done
-- Generating done
-- Build files have been written to: /home/suke/chicken_core/build/yolov10_cpp_ros
-- Install configuration: ""
-- Execute custom install script
-- Up-to-date symlink: /home/suke/chicken_core/install/yolov10_cpp_ros/share/ament_index/resource_index/package_run_dependencies/yolov10_cpp_ros
-- Up-to-date symlink: /home/suke/chicken_core/install/yolov10_cpp_ros/share/ament_index/resource_index/parent_prefix_path/yolov10_cpp_ros
-- Up-to-date symlink: /home/suke/chicken_core/install/yolov10_cpp_ros/share/yolov10_cpp_ros/environment/ament_prefix_path.sh
-- Up-to-date symlink: /home/suke/chicken_core/install/yolov10_cpp_ros/share/yolov10_cpp_ros/environment/ament_prefix_path.dsv
-- Up-to-date symlink: /home/suke/chicken_core/install/yolov10_cpp_ros/share/yolov10_cpp_ros/environment/path.sh
-- Up-to-date symlink: /home/suke/chicken_core/install/yolov10_cpp_ros/share/yolov10_cpp_ros/environment/path.dsv
-- Up-to-date symlink: /home/suke/chicken_core/install/yolov10_cpp_ros/share/yolov10_cpp_ros/local_setup.bash
-- Up-to-date symlink: /home/suke/chicken_core/install/yolov10_cpp_ros/share/yolov10_cpp_ros/local_setup.sh
-- Up-to-date symlink: /home/suke/chicken_core/install/yolov10_cpp_ros/share/yolov10_cpp_ros/local_setup.zsh
-- Up-to-date symlink: /home/suke/chicken_core/install/yolov10_cpp_ros/share/yolov10_cpp_ros/local_setup.dsv
-- Symlinking: /home/suke/chicken_core/install/yolov10_cpp_ros/share/yolov10_cpp_ros/package.dsv
-- Up-to-date symlink: /home/suke/chicken_core/install/yolov10_cpp_ros/share/ament_index/resource_index/packages/yolov10_cpp_ros
-- Up-to-date symlink: /home/suke/chicken_core/install/yolov10_cpp_ros/share/yolov10_cpp_ros/cmake/yolov10_cpp_rosConfig.cmake
-- Up-to-date symlink: /home/suke/chicken_core/install/yolov10_cpp_ros/share/yolov10_cpp_ros/cmake/yolov10_cpp_rosConfig-version.cmake
-- Up-to-date symlink: /home/suke/chicken_core/install/yolov10_cpp_ros/share/yolov10_cpp_ros/package.xml
