[0.515s] Invoking command in '/home/suke/chicken_core/build/yolov10_cpp_ros': CMAKE_PREFIX_PATH=${CMAKE_PREFIX_PATH}:/home/suke/chicken_core/install/yolov10_ros:/home/suke/chicken_core/install/depth_anything_v2_ros2:/home/suke/chicken_core/install/cart_controller:/home/suke/ouxt_automation/robotx_ws/install/opencv_tests:/home/suke/ouxt_automation/robotx_ws/install/detic_onnx_ros2:/opt/ros/humble /usr/bin/cmake /home/suke/chicken_core/src/perception/yolov10_cpp_ros -DAMENT_CMAKE_SYMLINK_INSTALL=1 -DCMAKE_INSTALL_PREFIX=/home/suke/chicken_core/install/yolov10_cpp_ros
[0.523s] -- Found ament_cmake: 1.3.9 (/opt/ros/humble/share/ament_cmake/cmake)
[0.607s] -- Override CMake install command with custom implementation using symlinks instead of copying resources
[0.610s] -- Found ament_lint_auto: 0.12.11 (/opt/ros/humble/share/ament_lint_auto/cmake)
[0.656s] -- Added test 'lint_cmake' to check CMake code style
[0.656s] -- Added test 'xmllint' to check XML markup files
[0.656s] -- Configuring done
[0.658s] -- Generating done
[0.658s] -- Build files have been written to: /home/suke/chicken_core/build/yolov10_cpp_ros
[0.662s] Invoked command in '/home/suke/chicken_core/build/yolov10_cpp_ros' returned '0': CMAKE_PREFIX_PATH=${CMAKE_PREFIX_PATH}:/home/suke/chicken_core/install/yolov10_ros:/home/suke/chicken_core/install/depth_anything_v2_ros2:/home/suke/chicken_core/install/cart_controller:/home/suke/ouxt_automation/robotx_ws/install/opencv_tests:/home/suke/ouxt_automation/robotx_ws/install/detic_onnx_ros2:/opt/ros/humble /usr/bin/cmake /home/suke/chicken_core/src/perception/yolov10_cpp_ros -DAMENT_CMAKE_SYMLINK_INSTALL=1 -DCMAKE_INSTALL_PREFIX=/home/suke/chicken_core/install/yolov10_cpp_ros
[0.662s] Invoking command in '/home/suke/chicken_core/build/yolov10_cpp_ros': CMAKE_PREFIX_PATH=${CMAKE_PREFIX_PATH}:/home/suke/chicken_core/install/yolov10_ros:/home/suke/chicken_core/install/depth_anything_v2_ros2:/home/suke/chicken_core/install/cart_controller:/home/suke/ouxt_automation/robotx_ws/install/opencv_tests:/home/suke/ouxt_automation/robotx_ws/install/detic_onnx_ros2:/opt/ros/humble /usr/bin/cmake --build /home/suke/chicken_core/build/yolov10_cpp_ros -- -j20 -l20
[0.705s] Invoked command in '/home/suke/chicken_core/build/yolov10_cpp_ros' returned '0': CMAKE_PREFIX_PATH=${CMAKE_PREFIX_PATH}:/home/suke/chicken_core/install/yolov10_ros:/home/suke/chicken_core/install/depth_anything_v2_ros2:/home/suke/chicken_core/install/cart_controller:/home/suke/ouxt_automation/robotx_ws/install/opencv_tests:/home/suke/ouxt_automation/robotx_ws/install/detic_onnx_ros2:/opt/ros/humble /usr/bin/cmake --build /home/suke/chicken_core/build/yolov10_cpp_ros -- -j20 -l20
[0.728s] Invoking command in '/home/suke/chicken_core/build/yolov10_cpp_ros': CMAKE_PREFIX_PATH=${CMAKE_PREFIX_PATH}:/home/suke/chicken_core/install/yolov10_ros:/home/suke/chicken_core/install/depth_anything_v2_ros2:/home/suke/chicken_core/install/cart_controller:/home/suke/ouxt_automation/robotx_ws/install/opencv_tests:/home/suke/ouxt_automation/robotx_ws/install/detic_onnx_ros2:/opt/ros/humble /usr/bin/cmake --install /home/suke/chicken_core/build/yolov10_cpp_ros
[0.735s] -- Install configuration: ""
[0.735s] -- Execute custom install script
[0.735s] -- Up-to-date symlink: /home/suke/chicken_core/install/yolov10_cpp_ros/share/ament_index/resource_index/package_run_dependencies/yolov10_cpp_ros
[0.735s] -- Up-to-date symlink: /home/suke/chicken_core/install/yolov10_cpp_ros/share/ament_index/resource_index/parent_prefix_path/yolov10_cpp_ros
[0.735s] -- Up-to-date symlink: /home/suke/chicken_core/install/yolov10_cpp_ros/share/yolov10_cpp_ros/environment/ament_prefix_path.sh
[0.735s] -- Up-to-date symlink: /home/suke/chicken_core/install/yolov10_cpp_ros/share/yolov10_cpp_ros/environment/ament_prefix_path.dsv
[0.735s] -- Up-to-date symlink: /home/suke/chicken_core/install/yolov10_cpp_ros/share/yolov10_cpp_ros/environment/path.sh
[0.735s] -- Up-to-date symlink: /home/suke/chicken_core/install/yolov10_cpp_ros/share/yolov10_cpp_ros/environment/path.dsv
[0.735s] -- Up-to-date symlink: /home/suke/chicken_core/install/yolov10_cpp_ros/share/yolov10_cpp_ros/local_setup.bash
[0.735s] -- Up-to-date symlink: /home/suke/chicken_core/install/yolov10_cpp_ros/share/yolov10_cpp_ros/local_setup.sh
[0.735s] -- Up-to-date symlink: /home/suke/chicken_core/install/yolov10_cpp_ros/share/yolov10_cpp_ros/local_setup.zsh
[0.736s] -- Up-to-date symlink: /home/suke/chicken_core/install/yolov10_cpp_ros/share/yolov10_cpp_ros/local_setup.dsv
[0.736s] -- Symlinking: /home/suke/chicken_core/install/yolov10_cpp_ros/share/yolov10_cpp_ros/package.dsv
[0.743s] -- Up-to-date symlink: /home/suke/chicken_core/install/yolov10_cpp_ros/share/ament_index/resource_index/packages/yolov10_cpp_ros
[0.743s] -- Up-to-date symlink: /home/suke/chicken_core/install/yolov10_cpp_ros/share/yolov10_cpp_ros/cmake/yolov10_cpp_rosConfig.cmake
[0.743s] -- Up-to-date symlink: /home/suke/chicken_core/install/yolov10_cpp_ros/share/yolov10_cpp_ros/cmake/yolov10_cpp_rosConfig-version.cmake
[0.743s] -- Up-to-date symlink: /home/suke/chicken_core/install/yolov10_cpp_ros/share/yolov10_cpp_ros/package.xml
[0.745s] Invoked command in '/home/suke/chicken_core/build/yolov10_cpp_ros' returned '0': CMAKE_PREFIX_PATH=${CMAKE_PREFIX_PATH}:/home/suke/chicken_core/install/yolov10_ros:/home/suke/chicken_core/install/depth_anything_v2_ros2:/home/suke/chicken_core/install/cart_controller:/home/suke/ouxt_automation/robotx_ws/install/opencv_tests:/home/suke/ouxt_automation/robotx_ws/install/detic_onnx_ros2:/opt/ros/humble /usr/bin/cmake --install /home/suke/chicken_core/build/yolov10_cpp_ros
