[0.465s] Invoking command in '/home/suke/chicken_core/build/emcl2': CMAKE_PREFIX_PATH=${CMAKE_PREFIX_PATH}:/home/suke/ouxt_automation/robotx_ws/install/opencv_tests:/home/suke/ouxt_automation/robotx_ws/install/detic_onnx_ros2:/opt/ros/humble /usr/bin/cmake /home/suke/chicken_core/src/localization/emcl2_ros2 -DAMENT_CMAKE_SYMLINK_INSTALL=1 -DCMAKE_INSTALL_PREFIX=/home/suke/chicken_core/install/emcl2
[0.511s] -- The C compiler identification is GNU 11.4.0
[0.568s] -- The CXX compiler identification is GNU 11.4.0
[0.576s] -- Detecting C compiler ABI info
[0.631s] -- Detecting C compiler ABI info - done
[0.638s] -- Check for working C compiler: /usr/lib/ccache/gcc - skipped
[0.638s] -- Detecting C compile features
[0.638s] -- Detecting C compile features - done
[0.641s] -- Detecting CXX compiler ABI info
[0.700s] -- Detecting CXX compiler ABI info - done
[0.707s] -- Check for working CXX compiler: /usr/lib/ccache/g++ - skipped
[0.707s] -- Detecting CXX compile features
[0.707s] -- Detecting CXX compile features - done
[0.714s] -- Found ament_cmake_auto: 1.3.9 (/opt/ros/humble/share/ament_cmake_auto/cmake)
[0.870s] -- Found Python3: /usr/bin/python3 (found version "3.10.12") found components: Interpreter 
[0.934s] -- Override CMake install command with custom implementation using symlinks instead of copying resources
[1.128s] -- Found rosidl_generator_c: 3.1.5 (/opt/ros/humble/share/rosidl_generator_c/cmake)
[1.136s] -- Found rosidl_adapter: 3.1.5 (/opt/ros/humble/share/rosidl_adapter/cmake)
[1.146s] -- Found rosidl_generator_cpp: 3.1.5 (/opt/ros/humble/share/rosidl_generator_cpp/cmake)
[1.159s] -- Using all available rosidl_typesupport_c: rosidl_typesupport_fastrtps_c;rosidl_typesupport_introspection_c
[1.179s] -- Using all available rosidl_typesupport_cpp: rosidl_typesupport_fastrtps_cpp;rosidl_typesupport_introspection_cpp
[1.243s] -- Found rmw_implementation_cmake: 6.1.2 (/opt/ros/humble/share/rmw_implementation_cmake/cmake)
[1.248s] -- Found rmw_cyclonedds_cpp: 1.3.4 (/opt/ros/humble/share/rmw_cyclonedds_cpp/cmake)
[1.280s] -- Using RMW implementation 'rmw_cyclonedds_cpp' as default
[1.292s] -- Looking for pthread.h
[1.335s] -- Looking for pthread.h - found
[1.335s] -- Performing Test CMAKE_HAVE_LIBC_PTHREAD
[1.379s] -- Performing Test CMAKE_HAVE_LIBC_PTHREAD - Success
[1.380s] -- Found Threads: TRUE  
[1.859s] -- Found eigen3_cmake_module: 0.1.1 (/opt/ros/humble/share/eigen3_cmake_module/cmake)
[1.860s] -- Found Eigen3: TRUE (found version "3.4.0") 
[1.860s] -- Ensuring Eigen3 include directory is part of orocos-kdl CMake target
[1.889s] -- Found ament_lint_auto: 0.12.11 (/opt/ros/humble/share/ament_lint_auto/cmake)
[1.917s] -- Added test 'cppcheck' to perform static code analysis on C / C++ code
[1.917s] -- Configured cppcheck include dirs: /home/suke/chicken_core/src/localization/emcl2_ros2/include
[1.917s] -- Configured cppcheck exclude dirs and/or files: 
[1.918s] -- Added test 'flake8' to check Python code syntax and style conventions
[1.919s] -- Added test 'lint_cmake' to check CMake code style
[1.920s] -- Added test 'pep257' to check Python code against some of the docstring style conventions in PEP 257
[1.922s] -- Added test 'uncrustify' to check C / C++ code style
[1.922s] -- Configured uncrustify additional arguments: 
[1.923s] -- Added test 'xmllint' to check XML markup files
[1.925s] -- Configuring done
[1.931s] -- Generating done
[1.932s] -- Build files have been written to: /home/suke/chicken_core/build/emcl2
[1.938s] Invoked command in '/home/suke/chicken_core/build/emcl2' returned '0': CMAKE_PREFIX_PATH=${CMAKE_PREFIX_PATH}:/home/suke/ouxt_automation/robotx_ws/install/opencv_tests:/home/suke/ouxt_automation/robotx_ws/install/detic_onnx_ros2:/opt/ros/humble /usr/bin/cmake /home/suke/chicken_core/src/localization/emcl2_ros2 -DAMENT_CMAKE_SYMLINK_INSTALL=1 -DCMAKE_INSTALL_PREFIX=/home/suke/chicken_core/install/emcl2
[1.939s] Invoking command in '/home/suke/chicken_core/build/emcl2': CMAKE_PREFIX_PATH=${CMAKE_PREFIX_PATH}:/home/suke/ouxt_automation/robotx_ws/install/opencv_tests:/home/suke/ouxt_automation/robotx_ws/install/detic_onnx_ros2:/opt/ros/humble /usr/bin/cmake --build /home/suke/chicken_core/build/emcl2 -- -j20 -l20
[1.983s] [ 11%] [32mBuilding CXX object CMakeFiles/emcl2_node.dir/src/Mcl.cpp.o[0m
[1.983s] [ 22%] [32mBuilding CXX object CMakeFiles/emcl2_node.dir/src/OdomModel.cpp.o[0m
[1.986s] [ 55%] [32mBuilding CXX object CMakeFiles/emcl2_node.dir/src/Particle.cpp.o[0m
[1.986s] [ 55%] [32mBuilding CXX object CMakeFiles/emcl2_node.dir/src/Pose.cpp.o[0m
[1.986s] [ 55%] [32mBuilding CXX object CMakeFiles/emcl2_node.dir/src/ExpResetMcl2.cpp.o[0m
[1.986s] [ 88%] [32mBuilding CXX object CMakeFiles/emcl2_node.dir/src/Scan.cpp.o[0m
[1.986s] [ 88%] [32mBuilding CXX object CMakeFiles/emcl2_node.dir/src/emcl2_node.cpp.o[0m
[1.986s] [ 88%] [32mBuilding CXX object CMakeFiles/emcl2_node.dir/src/LikelihoodFieldMap.cpp.o[0m
[2.013s] [100%] [32m[1mLinking CXX executable emcl2_node[0m
[2.184s] [100%] Built target emcl2_node
[2.192s] Invoked command in '/home/suke/chicken_core/build/emcl2' returned '0': CMAKE_PREFIX_PATH=${CMAKE_PREFIX_PATH}:/home/suke/ouxt_automation/robotx_ws/install/opencv_tests:/home/suke/ouxt_automation/robotx_ws/install/detic_onnx_ros2:/opt/ros/humble /usr/bin/cmake --build /home/suke/chicken_core/build/emcl2 -- -j20 -l20
[2.232s] Invoking command in '/home/suke/chicken_core/build/emcl2': CMAKE_PREFIX_PATH=${CMAKE_PREFIX_PATH}:/home/suke/ouxt_automation/robotx_ws/install/opencv_tests:/home/suke/ouxt_automation/robotx_ws/install/detic_onnx_ros2:/opt/ros/humble /usr/bin/cmake --install /home/suke/chicken_core/build/emcl2
[2.237s] -- Install configuration: ""
[2.238s] -- Execute custom install script
[2.238s] -- Symlinking: /home/suke/chicken_core/install/emcl2/lib/emcl2/test.bash
[2.245s] -- Symlinking: /home/suke/chicken_core/install/emcl2/lib/emcl2/test_gui.bash
[2.251s] -- Symlinking: /home/suke/chicken_core/install/emcl2/include/emcl2/ExpResetMcl2.h
[2.258s] -- Symlinking: /home/suke/chicken_core/install/emcl2/include/emcl2/LikelihoodFieldMap.h
[2.265s] -- Symlinking: /home/suke/chicken_core/install/emcl2/include/emcl2/Mcl.h
[2.272s] -- Symlinking: /home/suke/chicken_core/install/emcl2/include/emcl2/OdomModel.h
[2.279s] -- Symlinking: /home/suke/chicken_core/install/emcl2/include/emcl2/Particle.h
[2.286s] -- Symlinking: /home/suke/chicken_core/install/emcl2/include/emcl2/Pose.h
[2.292s] -- Symlinking: /home/suke/chicken_core/install/emcl2/include/emcl2/Scan.h
[2.299s] -- Symlinking: /home/suke/chicken_core/install/emcl2/include/emcl2/emcl2_node.h
[2.305s] -- Symlinking: /home/suke/chicken_core/install/emcl2/lib/emcl2/emcl2_node
[2.312s] -- Symlinking: /home/suke/chicken_core/install/emcl2/share/emcl2/config/emcl2.param.yaml
[2.320s] -- Symlinking: /home/suke/chicken_core/install/emcl2/share/emcl2/config/emcl2_quick_start.param.yaml
[2.327s] -- Symlinking: /home/suke/chicken_core/install/emcl2/share/emcl2/launch/emcl2.launch.py
[2.336s] -- Symlinking: /home/suke/chicken_core/install/emcl2/share/emcl2/test/demo.bash
[2.343s] -- Symlinking: /home/suke/chicken_core/install/emcl2/share/emcl2/test/test.bash
[2.351s] -- Symlinking: /home/suke/chicken_core/install/emcl2/share/emcl2/test/test.launch.xml
[2.357s] -- Symlinking: /home/suke/chicken_core/install/emcl2/share/emcl2/test/test_gui.bash
[2.365s] -- Symlinking: /home/suke/chicken_core/install/emcl2/share/ament_index/resource_index/package_run_dependencies/emcl2
[2.372s] -- Symlinking: /home/suke/chicken_core/install/emcl2/share/ament_index/resource_index/parent_prefix_path/emcl2
[2.379s] -- Symlinking: /home/suke/chicken_core/install/emcl2/share/emcl2/environment/ament_prefix_path.sh
[2.386s] -- Symlinking: /home/suke/chicken_core/install/emcl2/share/emcl2/environment/ament_prefix_path.dsv
[2.393s] -- Symlinking: /home/suke/chicken_core/install/emcl2/share/emcl2/environment/path.sh
[2.399s] -- Symlinking: /home/suke/chicken_core/install/emcl2/share/emcl2/environment/path.dsv
[2.406s] -- Symlinking: /home/suke/chicken_core/install/emcl2/share/emcl2/local_setup.bash
[2.413s] -- Symlinking: /home/suke/chicken_core/install/emcl2/share/emcl2/local_setup.sh
[2.423s] -- Symlinking: /home/suke/chicken_core/install/emcl2/share/emcl2/local_setup.zsh
[2.432s] -- Symlinking: /home/suke/chicken_core/install/emcl2/share/emcl2/local_setup.dsv
[2.442s] -- Symlinking: /home/suke/chicken_core/install/emcl2/share/emcl2/package.dsv
[2.452s] -- Symlinking: /home/suke/chicken_core/install/emcl2/share/ament_index/resource_index/packages/emcl2
[2.462s] -- Symlinking: /home/suke/chicken_core/install/emcl2/share/emcl2/cmake/ament_cmake_export_dependencies-extras.cmake
[2.473s] -- Symlinking: /home/suke/chicken_core/install/emcl2/share/emcl2/cmake/ament_cmake_export_include_directories-extras.cmake
[2.483s] -- Symlinking: /home/suke/chicken_core/install/emcl2/share/emcl2/cmake/emcl2Config.cmake
[2.493s] -- Symlinking: /home/suke/chicken_core/install/emcl2/share/emcl2/cmake/emcl2Config-version.cmake
[2.501s] -- Symlinking: /home/suke/chicken_core/install/emcl2/share/emcl2/package.xml
[2.516s] Invoked command in '/home/suke/chicken_core/build/emcl2' returned '0': CMAKE_PREFIX_PATH=${CMAKE_PREFIX_PATH}:/home/suke/ouxt_automation/robotx_ws/install/opencv_tests:/home/suke/ouxt_automation/robotx_ws/install/detic_onnx_ros2:/opt/ros/humble /usr/bin/cmake --install /home/suke/chicken_core/build/emcl2
