[0.007s] Invoking command in '/home/suke/chicken_ws/build/chicken_simulator': AMENT_PREFIX_PATH=/home/suke/chicken_ws/install/chicken_utils:${AMENT_PREFIX_PATH} CMAKE_PREFIX_PATH=/home/suke/chicken_ws/install/chicken_utils:/home/suke/chicken_ws/install/emcl2:/home/suke/chicken_ws/install/chicken_simulator:/home/suke/chicken_ws/install/chiken_utils:/home/suke/ouxt_automation/robotx_ws/install/navi_sim:/home/suke/ouxt_automation/robotx_ws/install/wamv_description:/home/suke/ouxt_automation/robotx_ws/install/wamv_control:/home/suke/ouxt_automation/robotx_ws/install/vrx_bridge:/home/suke/ouxt_automation/robotx_ws/install/vision_opencv:/home/suke/ouxt_automation/robotx_ws/install/robotx_planner_bringup:/home/suke/ouxt_automation/robotx_ws/install/hermite_path_planner_bringup:/home/suke/ouxt_automation/robotx_ws/install/velocity_planner:/home/suke/ouxt_automation/robotx_ws/install/usv_controller:/home/suke/ouxt_automation/robotx_ws/install/robotx_communication:/home/suke/ouxt_automation/robotx_ws/install/tcp_sender:/home/suke/ouxt_automation/robotx_ws/install/playstation_controller_drivers:/home/suke/ouxt_automation/robotx_ws/install/sdl2_vendor2:/home/suke/ouxt_automation/robotx_ws/install/perception_bringup:/home/suke/ouxt_automation/robotx_ws/install/scan_segmentation:/home/suke/ouxt_automation/robotx_ws/install/robotx_msgs:/home/suke/ouxt_automation/robotx_ws/install/robotx_ekf:/home/suke/ouxt_automation/robotx_ws/install/robotx_costmap_calculator:/home/suke/ouxt_automation/robotx_ws/install/robotx_bt_planner:/home/suke/ouxt_automation/robotx_ws/install/robotx_behavior_tree:/home/suke/ouxt_automation/robotx_ws/install/robotx_behavior_msgs:/home/suke/ouxt_automation/robotx_ws/install/pure_pursuit_planner:/home/suke/ouxt_automation/robotx_ws/install/point_painting:/home/suke/ouxt_automation/robotx_ws/install/perception:/home/suke/ouxt_automation/robotx_ws/install/pcl_apps:/home/suke/ouxt_automation/robotx_ws/install/opencv_components:/home/suke/ouxt_automation/robotx_ws/install/perception_msgs:/home/suke/ouxt_automation/robotx_ws/install/pcl_type_adapter:/home/suke/ouxt_automation/robotx_ws/install/pcl_apps_msgs:/home/suke/ouxt_automation/robotx_ws/install/image_processing_utils:/home/suke/ouxt_automation/robotx_ws/install/image_geometry:/home/suke/ouxt_automation/robotx_ws/install/opencv_vendor:/home/suke/ouxt_automation/robotx_ws/install/odom_frame_publisher:/home/suke/ouxt_automation/robotx_ws/install/nmea_to_geopose:/home/suke/ouxt_automation/robotx_ws/install/ndt_omp:/home/suke/ouxt_automation/robotx_ws/install/mock_server:/home/suke/ouxt_automation/robotx_ws/install/lidar_camera_fusion:/home/suke/ouxt_automation/robotx_ws/install/message_synchronizer:/home/suke/ouxt_automation/robotx_ws/install/lua_vendor:/home/suke/ouxt_automation/robotx_ws/install/local_waypoint_server:/home/suke/ouxt_automation/robotx_ws/install/joy_to_twist:/home/suke/ouxt_automation/robotx_ws/install/hungarian_solver:/home/suke/ouxt_automation/robotx_ws/install/hermite_path_planner:/home/suke/ouxt_automation/robotx_ws/install/hermite_path_msgs:/home/suke/ouxt_automation/robotx_ws/install/grid_map_type_adapter:/home/suke/ouxt_automation/robotx_ws/install/geometry_msgs_data_buffer:/home/suke/ouxt_automation/robotx_ws/install/geographic_info:/home/suke/ouxt_automation/robotx_ws/install/geographic_conversion:/home/suke/ouxt_automation/robotx_ws/install/geodesy:/home/suke/ouxt_automation/robotx_ws/install/geographic_msgs:/home/suke/ouxt_automation/robotx_ws/install/detic_onnx_ros2_msg:/home/suke/ouxt_automation/robotx_ws/install/data_buffer:/home/suke/ouxt_automation/robotx_ws/install/cv_bridge:/home/suke/ouxt_automation/robotx_ws/install/costmap_to_point:/home/suke/ouxt_automation/robotx_ws/install/boost_geometry_util:/home/suke/ouxt_automation/robotx_ws/install/behavior_tree_action_builder:/home/suke/chicken_ws/install/depth_anything_v2_ros2:/home/suke/ouxt_automation/robotx_ws/install/opencv_tests:/home/suke/ouxt_automation/robotx_ws/install/detic_onnx_ros2:/opt/ros/humble LD_LIBRARY_PATH=/home/suke/chicken_ws/install/chicken_utils/lib:${LD_LIBRARY_PATH} /usr/bin/cmake /home/suke/chicken_ws/src/simulation/chiken_simulator -DCMAKE_BUILD_TYPE=Release -DAMENT_CMAKE_SYMLINK_INSTALL=1 -DCMAKE_INSTALL_PREFIX=/home/suke/chicken_ws/install/chicken_simulator
[0.066s] -- The C compiler identification is GNU 11.4.0
[0.119s] -- The CXX compiler identification is GNU 11.4.0
[0.125s] -- Detecting C compiler ABI info
[0.197s] -- Detecting C compiler ABI info - done
[0.201s] -- Check for working C compiler: /usr/lib/ccache/gcc - skipped
[0.201s] -- Detecting C compile features
[0.201s] -- Detecting C compile features - done
[0.203s] -- Detecting CXX compiler ABI info
[0.276s] -- Detecting CXX compiler ABI info - done
[0.279s] -- Check for working CXX compiler: /usr/lib/ccache/g++ - skipped
[0.279s] -- Detecting CXX compile features
[0.280s] -- Detecting CXX compile features - done
[0.283s] -- Found ament_cmake_auto: 1.3.9 (/opt/ros/humble/share/ament_cmake_auto/cmake)
[0.387s] -- Found Python3: /usr/bin/python3 (found version "3.10.12") found components: Interpreter 
[0.424s] -- Override CMake install command with custom implementation using symlinks instead of copying resources
[0.557s] -- Found rosidl_generator_c: 3.1.5 (/opt/ros/humble/share/rosidl_generator_c/cmake)
[0.564s] -- Found rosidl_adapter: 3.1.5 (/opt/ros/humble/share/rosidl_adapter/cmake)
[0.572s] -- Found rosidl_generator_cpp: 3.1.5 (/opt/ros/humble/share/rosidl_generator_cpp/cmake)
[0.584s] -- Using all available rosidl_typesupport_c: rosidl_typesupport_fastrtps_c;rosidl_typesupport_introspection_c
[0.602s] -- Using all available rosidl_typesupport_cpp: rosidl_typesupport_fastrtps_cpp;rosidl_typesupport_introspection_cpp
[0.660s] -- Found rmw_implementation_cmake: 6.1.2 (/opt/ros/humble/share/rmw_implementation_cmake/cmake)
[0.665s] -- Found rmw_cyclonedds_cpp: 1.3.4 (/opt/ros/humble/share/rmw_cyclonedds_cpp/cmake)
[0.695s] -- Using RMW implementation 'rmw_cyclonedds_cpp' as default
[0.706s] -- Looking for pthread.h
[0.757s] -- Looking for pthread.h - found
[0.757s] -- Performing Test CMAKE_HAVE_LIBC_PTHREAD
[0.824s] -- Performing Test CMAKE_HAVE_LIBC_PTHREAD - Success
[0.825s] -- Found Threads: TRUE  
[0.935s] -- Found PkgConfig: /usr/bin/pkg-config (found version "0.29.2") 
[0.936s] -- Checking for module 'bullet>=2.82'
[0.946s] --   Found bullet, version 3.05
[1.031s] -- Found fcl: /usr/include (found suitable version "0.7.0", minimum required is "0.5.0") 
[1.142s] -- Found assimp: /usr/include (found version "5.2.0") 
[1.167s] -- Found DART: /usr/include (Required is at least version "6.6") found components: dart 
[1.195s] -- Found Boost: /usr/lib/x86_64-linux-gnu/cmake/Boost-1.74.0/BoostConfig.cmake (found suitable version "1.74.0", minimum required is "1.40.0") found components: thread system filesystem program_options regex iostreams date_time 
[1.206s] -- Found Protobuf: /usr/lib/x86_64-linux-gnu/libprotobuf.so (found version "3.12.4") 
[1.213s] -- Looking for ignition-math6 -- found version 6.15.1
[1.218s] -- Searching for dependencies of ignition-math6
[1.219s] -- Looking for OGRE...
[1.219s] -- OGRE_PREFIX_WATCH changed.
[1.222s] -- Checking for module 'OGRE'
[1.232s] --   Found OGRE, version 1.9.0
[1.256s] -- Found Ogre Ghadamon (1.9.0)
[1.264s] -- Found OGRE: optimized;/usr/lib/x86_64-linux-gnu/libOgreMain.so;debug;/usr/lib/x86_64-linux-gnu/libOgreMain.so
[1.270s] -- Looking for OGRE_Paging...
[1.275s] -- Found OGRE_Paging: optimized;/usr/lib/x86_64-linux-gnu/libOgrePaging.so;debug;/usr/lib/x86_64-linux-gnu/libOgrePaging.so
[1.275s] -- Looking for OGRE_Terrain...
[1.279s] -- Found OGRE_Terrain: optimized;/usr/lib/x86_64-linux-gnu/libOgreTerrain.so;debug;/usr/lib/x86_64-linux-gnu/libOgreTerrain.so
[1.280s] -- Looking for OGRE_Property...
[1.284s] -- Found OGRE_Property: optimized;/usr/lib/x86_64-linux-gnu/libOgreProperty.so;debug;/usr/lib/x86_64-linux-gnu/libOgreProperty.so
[1.285s] -- Looking for OGRE_RTShaderSystem...
[1.289s] -- Found OGRE_RTShaderSystem: optimized;/usr/lib/x86_64-linux-gnu/libOgreRTShaderSystem.so;debug;/usr/lib/x86_64-linux-gnu/libOgreRTShaderSystem.so
[1.289s] -- Looking for OGRE_Volume...
[1.294s] -- Found OGRE_Volume: optimized;/usr/lib/x86_64-linux-gnu/libOgreVolume.so;debug;/usr/lib/x86_64-linux-gnu/libOgreVolume.so
[1.294s] -- Looking for OGRE_Overlay...
[1.299s] -- Found OGRE_Overlay: optimized;/usr/lib/x86_64-linux-gnu/libOgreOverlay.so;debug;/usr/lib/x86_64-linux-gnu/libOgreOverlay.so
[1.410s] -- Looking for ignition-math6 -- found version 6.15.1
[1.413s] -- Looking for ignition-transport8 -- found version 8.2.1
[1.413s] -- Searching for dependencies of ignition-transport8
[1.426s] -- Found Protobuf: /usr/lib/x86_64-linux-gnu/libprotobuf.so (found suitable version "3.12.4", minimum required is "3") 
[1.434s] -- Config-file not installed for ZeroMQ -- checking for pkg-config
[1.437s] -- Checking for module 'libzmq >= 4'
[1.447s] --   Found libzmq , version 4.3.4
[1.476s] -- Found ZeroMQ: TRUE (Required is at least version "4") 
[1.481s] -- Checking for module 'uuid'
[1.495s] --   Found uuid, version 2.37.2
[1.579s] -- Found UUID: TRUE  
[1.589s] -- Looking for ignition-msgs5 -- found version 5.8.1
[1.590s] -- Searching for dependencies of ignition-msgs5
[1.603s] -- Looking for ignition-math6 -- found version 6.15.1
[1.606s] -- Checking for module 'tinyxml2'
[1.616s] --   Found tinyxml2, version 9.0.0
[1.650s] -- Looking for ignition-msgs5 -- found version 5.8.1
[1.655s] -- Looking for ignition-common3 -- found version 3.14.0
[1.655s] -- Searching for dependencies of ignition-common3
[1.656s] -- Looking for dlfcn.h - found
[1.657s] -- Looking for libdl - found
[1.657s] -- Found DL: TRUE  
[1.666s] -- Found tinyobjloader: /usr/lib/x86_64-linux-gnu/cmake/tinyobjloader/tinyobjloader-config.cmake (found version "2.0.0") 
[1.666s] -- Searching for <ignition-common3> component [graphics]
[1.670s] -- Looking for ignition-common3-graphics -- found version 3.14.0
[1.670s] -- Searching for dependencies of ignition-common3-graphics
[1.670s] -- Looking for ignition-math6 -- found version 6.15.1
[1.674s] -- Looking for ignition-fuel_tools4 -- found version 4.4.0
[1.674s] -- Searching for dependencies of ignition-fuel_tools4
[1.736s] -- Found CURL: /usr/lib/x86_64-linux-gnu/libcurl.so (found version "7.81.0")  
[1.743s] -- Checking for module 'jsoncpp'
[1.752s] --   Found jsoncpp, version 1.9.5
[1.799s] -- Found JSONCPP: TRUE  
[1.808s] -- Checking for module 'libzip'
[1.831s] --   Found libzip, version 1.7.3
[1.927s] -- Found ZIP: TRUE  
[1.929s] -- Looking for ignition-common3 -- found version 3.14.0
[1.930s] -- Looking for ignition-math6 -- found version 6.15.1
[1.930s] -- Looking for ignition-msgs5 -- found version 5.8.1
[1.939s] -- Gazebo version: 11.10
[1.939s] -- Checking for module 'tbb'
[1.951s] --   Found tbb, version 2021.5.0
[2.162s] -- Found eigen3_cmake_module: 0.1.1 (/opt/ros/humble/share/eigen3_cmake_module/cmake)
[2.163s] -- Found Eigen3: TRUE (found version "3.4.0") 
[2.163s] -- Ensuring Eigen3 include directory is part of orocos-kdl CMake target
[2.640s] -- Found ament_lint_auto: 0.12.11 (/opt/ros/humble/share/ament_lint_auto/cmake)
[2.672s] -- Added test 'copyright' to check source files copyright and LICENSE
[2.673s] -- Added test 'cppcheck' to perform static code analysis on C / C++ code
[2.673s] -- Configured cppcheck include dirs: /home/suke/chicken_ws/src/simulation/chiken_simulator/include
[2.673s] -- Configured cppcheck exclude dirs and/or files: 
[2.674s] -- Added test 'cpplint' to check C / C++ code against the Google style
[2.674s] -- Configured cpplint exclude dirs and/or files: 
[2.675s] -- Added test 'flake8' to check Python code syntax and style conventions
[2.676s] -- Added test 'lint_cmake' to check CMake code style
[2.676s] -- Added test 'pep257' to check Python code against some of the docstring style conventions in PEP 257
[2.677s] -- Added test 'uncrustify' to check C / C++ code style
[2.677s] -- Configured uncrustify additional arguments: 
[2.678s] -- Added test 'xmllint' to check XML markup files
[2.680s] -- Configuring done
[2.697s] -- Generating done
[2.698s] -- Build files have been written to: /home/suke/chicken_ws/build/chicken_simulator
[2.706s] Invoked command in '/home/suke/chicken_ws/build/chicken_simulator' returned '0': AMENT_PREFIX_PATH=/home/suke/chicken_ws/install/chicken_utils:${AMENT_PREFIX_PATH} CMAKE_PREFIX_PATH=/home/suke/chicken_ws/install/chicken_utils:/home/suke/chicken_ws/install/emcl2:/home/suke/chicken_ws/install/chicken_simulator:/home/suke/chicken_ws/install/chiken_utils:/home/suke/ouxt_automation/robotx_ws/install/navi_sim:/home/suke/ouxt_automation/robotx_ws/install/wamv_description:/home/suke/ouxt_automation/robotx_ws/install/wamv_control:/home/suke/ouxt_automation/robotx_ws/install/vrx_bridge:/home/suke/ouxt_automation/robotx_ws/install/vision_opencv:/home/suke/ouxt_automation/robotx_ws/install/robotx_planner_bringup:/home/suke/ouxt_automation/robotx_ws/install/hermite_path_planner_bringup:/home/suke/ouxt_automation/robotx_ws/install/velocity_planner:/home/suke/ouxt_automation/robotx_ws/install/usv_controller:/home/suke/ouxt_automation/robotx_ws/install/robotx_communication:/home/suke/ouxt_automation/robotx_ws/install/tcp_sender:/home/suke/ouxt_automation/robotx_ws/install/playstation_controller_drivers:/home/suke/ouxt_automation/robotx_ws/install/sdl2_vendor2:/home/suke/ouxt_automation/robotx_ws/install/perception_bringup:/home/suke/ouxt_automation/robotx_ws/install/scan_segmentation:/home/suke/ouxt_automation/robotx_ws/install/robotx_msgs:/home/suke/ouxt_automation/robotx_ws/install/robotx_ekf:/home/suke/ouxt_automation/robotx_ws/install/robotx_costmap_calculator:/home/suke/ouxt_automation/robotx_ws/install/robotx_bt_planner:/home/suke/ouxt_automation/robotx_ws/install/robotx_behavior_tree:/home/suke/ouxt_automation/robotx_ws/install/robotx_behavior_msgs:/home/suke/ouxt_automation/robotx_ws/install/pure_pursuit_planner:/home/suke/ouxt_automation/robotx_ws/install/point_painting:/home/suke/ouxt_automation/robotx_ws/install/perception:/home/suke/ouxt_automation/robotx_ws/install/pcl_apps:/home/suke/ouxt_automation/robotx_ws/install/opencv_components:/home/suke/ouxt_automation/robotx_ws/install/perception_msgs:/home/suke/ouxt_automation/robotx_ws/install/pcl_type_adapter:/home/suke/ouxt_automation/robotx_ws/install/pcl_apps_msgs:/home/suke/ouxt_automation/robotx_ws/install/image_processing_utils:/home/suke/ouxt_automation/robotx_ws/install/image_geometry:/home/suke/ouxt_automation/robotx_ws/install/opencv_vendor:/home/suke/ouxt_automation/robotx_ws/install/odom_frame_publisher:/home/suke/ouxt_automation/robotx_ws/install/nmea_to_geopose:/home/suke/ouxt_automation/robotx_ws/install/ndt_omp:/home/suke/ouxt_automation/robotx_ws/install/mock_server:/home/suke/ouxt_automation/robotx_ws/install/lidar_camera_fusion:/home/suke/ouxt_automation/robotx_ws/install/message_synchronizer:/home/suke/ouxt_automation/robotx_ws/install/lua_vendor:/home/suke/ouxt_automation/robotx_ws/install/local_waypoint_server:/home/suke/ouxt_automation/robotx_ws/install/joy_to_twist:/home/suke/ouxt_automation/robotx_ws/install/hungarian_solver:/home/suke/ouxt_automation/robotx_ws/install/hermite_path_planner:/home/suke/ouxt_automation/robotx_ws/install/hermite_path_msgs:/home/suke/ouxt_automation/robotx_ws/install/grid_map_type_adapter:/home/suke/ouxt_automation/robotx_ws/install/geometry_msgs_data_buffer:/home/suke/ouxt_automation/robotx_ws/install/geographic_info:/home/suke/ouxt_automation/robotx_ws/install/geographic_conversion:/home/suke/ouxt_automation/robotx_ws/install/geodesy:/home/suke/ouxt_automation/robotx_ws/install/geographic_msgs:/home/suke/ouxt_automation/robotx_ws/install/detic_onnx_ros2_msg:/home/suke/ouxt_automation/robotx_ws/install/data_buffer:/home/suke/ouxt_automation/robotx_ws/install/cv_bridge:/home/suke/ouxt_automation/robotx_ws/install/costmap_to_point:/home/suke/ouxt_automation/robotx_ws/install/boost_geometry_util:/home/suke/ouxt_automation/robotx_ws/install/behavior_tree_action_builder:/home/suke/chicken_ws/install/depth_anything_v2_ros2:/home/suke/ouxt_automation/robotx_ws/install/opencv_tests:/home/suke/ouxt_automation/robotx_ws/install/detic_onnx_ros2:/opt/ros/humble LD_LIBRARY_PATH=/home/suke/chicken_ws/install/chicken_utils/lib:${LD_LIBRARY_PATH} /usr/bin/cmake /home/suke/chicken_ws/src/simulation/chiken_simulator -DCMAKE_BUILD_TYPE=Release -DAMENT_CMAKE_SYMLINK_INSTALL=1 -DCMAKE_INSTALL_PREFIX=/home/suke/chicken_ws/install/chicken_simulator
[2.707s] Invoking command in '/home/suke/chicken_ws/build/chicken_simulator': AMENT_PREFIX_PATH=/home/suke/chicken_ws/install/chicken_utils:${AMENT_PREFIX_PATH} CMAKE_PREFIX_PATH=/home/suke/chicken_ws/install/chicken_utils:/home/suke/chicken_ws/install/emcl2:/home/suke/chicken_ws/install/chicken_simulator:/home/suke/chicken_ws/install/chiken_utils:/home/suke/ouxt_automation/robotx_ws/install/navi_sim:/home/suke/ouxt_automation/robotx_ws/install/wamv_description:/home/suke/ouxt_automation/robotx_ws/install/wamv_control:/home/suke/ouxt_automation/robotx_ws/install/vrx_bridge:/home/suke/ouxt_automation/robotx_ws/install/vision_opencv:/home/suke/ouxt_automation/robotx_ws/install/robotx_planner_bringup:/home/suke/ouxt_automation/robotx_ws/install/hermite_path_planner_bringup:/home/suke/ouxt_automation/robotx_ws/install/velocity_planner:/home/suke/ouxt_automation/robotx_ws/install/usv_controller:/home/suke/ouxt_automation/robotx_ws/install/robotx_communication:/home/suke/ouxt_automation/robotx_ws/install/tcp_sender:/home/suke/ouxt_automation/robotx_ws/install/playstation_controller_drivers:/home/suke/ouxt_automation/robotx_ws/install/sdl2_vendor2:/home/suke/ouxt_automation/robotx_ws/install/perception_bringup:/home/suke/ouxt_automation/robotx_ws/install/scan_segmentation:/home/suke/ouxt_automation/robotx_ws/install/robotx_msgs:/home/suke/ouxt_automation/robotx_ws/install/robotx_ekf:/home/suke/ouxt_automation/robotx_ws/install/robotx_costmap_calculator:/home/suke/ouxt_automation/robotx_ws/install/robotx_bt_planner:/home/suke/ouxt_automation/robotx_ws/install/robotx_behavior_tree:/home/suke/ouxt_automation/robotx_ws/install/robotx_behavior_msgs:/home/suke/ouxt_automation/robotx_ws/install/pure_pursuit_planner:/home/suke/ouxt_automation/robotx_ws/install/point_painting:/home/suke/ouxt_automation/robotx_ws/install/perception:/home/suke/ouxt_automation/robotx_ws/install/pcl_apps:/home/suke/ouxt_automation/robotx_ws/install/opencv_components:/home/suke/ouxt_automation/robotx_ws/install/perception_msgs:/home/suke/ouxt_automation/robotx_ws/install/pcl_type_adapter:/home/suke/ouxt_automation/robotx_ws/install/pcl_apps_msgs:/home/suke/ouxt_automation/robotx_ws/install/image_processing_utils:/home/suke/ouxt_automation/robotx_ws/install/image_geometry:/home/suke/ouxt_automation/robotx_ws/install/opencv_vendor:/home/suke/ouxt_automation/robotx_ws/install/odom_frame_publisher:/home/suke/ouxt_automation/robotx_ws/install/nmea_to_geopose:/home/suke/ouxt_automation/robotx_ws/install/ndt_omp:/home/suke/ouxt_automation/robotx_ws/install/mock_server:/home/suke/ouxt_automation/robotx_ws/install/lidar_camera_fusion:/home/suke/ouxt_automation/robotx_ws/install/message_synchronizer:/home/suke/ouxt_automation/robotx_ws/install/lua_vendor:/home/suke/ouxt_automation/robotx_ws/install/local_waypoint_server:/home/suke/ouxt_automation/robotx_ws/install/joy_to_twist:/home/suke/ouxt_automation/robotx_ws/install/hungarian_solver:/home/suke/ouxt_automation/robotx_ws/install/hermite_path_planner:/home/suke/ouxt_automation/robotx_ws/install/hermite_path_msgs:/home/suke/ouxt_automation/robotx_ws/install/grid_map_type_adapter:/home/suke/ouxt_automation/robotx_ws/install/geometry_msgs_data_buffer:/home/suke/ouxt_automation/robotx_ws/install/geographic_info:/home/suke/ouxt_automation/robotx_ws/install/geographic_conversion:/home/suke/ouxt_automation/robotx_ws/install/geodesy:/home/suke/ouxt_automation/robotx_ws/install/geographic_msgs:/home/suke/ouxt_automation/robotx_ws/install/detic_onnx_ros2_msg:/home/suke/ouxt_automation/robotx_ws/install/data_buffer:/home/suke/ouxt_automation/robotx_ws/install/cv_bridge:/home/suke/ouxt_automation/robotx_ws/install/costmap_to_point:/home/suke/ouxt_automation/robotx_ws/install/boost_geometry_util:/home/suke/ouxt_automation/robotx_ws/install/behavior_tree_action_builder:/home/suke/chicken_ws/install/depth_anything_v2_ros2:/home/suke/ouxt_automation/robotx_ws/install/opencv_tests:/home/suke/ouxt_automation/robotx_ws/install/detic_onnx_ros2:/opt/ros/humble LD_LIBRARY_PATH=/home/suke/chicken_ws/install/chicken_utils/lib:${LD_LIBRARY_PATH} /usr/bin/cmake --build /home/suke/chicken_ws/build/chicken_simulator -- -j20 -l20
[2.755s] [ 50%] [32mBuilding CXX object CMakeFiles/chicken_simulator_node.dir/rclcpp_components/node_main_chicken_simulator_node.cpp.o[0m
[2.755s] [ 50%] [32mBuilding CXX object CMakeFiles/chicken_simulator.dir/src/chicken_simulator.cpp.o[0m
[3.175s] [01m[K/home/suke/chicken_ws/src/simulation/chiken_simulator/src/chicken_simulator.cpp:2:10:[m[K [01;31m[Kfatal error: [m[KChicken_utils/quaternion_utils.hpp: そのようなファイルやディレクトリはありません
[3.175s]     2 | #include [01;31m[K"Chicken_utils/quaternion_utils.hpp"[m[K
[3.175s]       |          [01;31m[K^~~~~~~~~~~~~~~~~~~~~~~~~~~~~~~~~~~~[m[K
[3.175s] compilation terminated.
[3.178s] gmake[2]: *** [CMakeFiles/chicken_simulator.dir/build.make:76: CMakeFiles/chicken_simulator.dir/src/chicken_simulator.cpp.o] エラー 1
[3.178s] gmake[1]: *** [CMakeFiles/Makefile2:139: CMakeFiles/chicken_simulator.dir/all] エラー 2
[3.178s] gmake[1]: *** 未完了のジョブを待っています....
[4.507s] [ 75%] [32m[1mLinking CXX executable chicken_simulator_node[0m
[4.573s] [ 75%] Built target chicken_simulator_node
[4.574s] gmake: *** [Makefile:146: all] エラー 2
[4.575s] Invoked command in '/home/suke/chicken_ws/build/chicken_simulator' returned '2': AMENT_PREFIX_PATH=/home/suke/chicken_ws/install/chicken_utils:${AMENT_PREFIX_PATH} CMAKE_PREFIX_PATH=/home/suke/chicken_ws/install/chicken_utils:/home/suke/chicken_ws/install/emcl2:/home/suke/chicken_ws/install/chicken_simulator:/home/suke/chicken_ws/install/chiken_utils:/home/suke/ouxt_automation/robotx_ws/install/navi_sim:/home/suke/ouxt_automation/robotx_ws/install/wamv_description:/home/suke/ouxt_automation/robotx_ws/install/wamv_control:/home/suke/ouxt_automation/robotx_ws/install/vrx_bridge:/home/suke/ouxt_automation/robotx_ws/install/vision_opencv:/home/suke/ouxt_automation/robotx_ws/install/robotx_planner_bringup:/home/suke/ouxt_automation/robotx_ws/install/hermite_path_planner_bringup:/home/suke/ouxt_automation/robotx_ws/install/velocity_planner:/home/suke/ouxt_automation/robotx_ws/install/usv_controller:/home/suke/ouxt_automation/robotx_ws/install/robotx_communication:/home/suke/ouxt_automation/robotx_ws/install/tcp_sender:/home/suke/ouxt_automation/robotx_ws/install/playstation_controller_drivers:/home/suke/ouxt_automation/robotx_ws/install/sdl2_vendor2:/home/suke/ouxt_automation/robotx_ws/install/perception_bringup:/home/suke/ouxt_automation/robotx_ws/install/scan_segmentation:/home/suke/ouxt_automation/robotx_ws/install/robotx_msgs:/home/suke/ouxt_automation/robotx_ws/install/robotx_ekf:/home/suke/ouxt_automation/robotx_ws/install/robotx_costmap_calculator:/home/suke/ouxt_automation/robotx_ws/install/robotx_bt_planner:/home/suke/ouxt_automation/robotx_ws/install/robotx_behavior_tree:/home/suke/ouxt_automation/robotx_ws/install/robotx_behavior_msgs:/home/suke/ouxt_automation/robotx_ws/install/pure_pursuit_planner:/home/suke/ouxt_automation/robotx_ws/install/point_painting:/home/suke/ouxt_automation/robotx_ws/install/perception:/home/suke/ouxt_automation/robotx_ws/install/pcl_apps:/home/suke/ouxt_automation/robotx_ws/install/opencv_components:/home/suke/ouxt_automation/robotx_ws/install/perception_msgs:/home/suke/ouxt_automation/robotx_ws/install/pcl_type_adapter:/home/suke/ouxt_automation/robotx_ws/install/pcl_apps_msgs:/home/suke/ouxt_automation/robotx_ws/install/image_processing_utils:/home/suke/ouxt_automation/robotx_ws/install/image_geometry:/home/suke/ouxt_automation/robotx_ws/install/opencv_vendor:/home/suke/ouxt_automation/robotx_ws/install/odom_frame_publisher:/home/suke/ouxt_automation/robotx_ws/install/nmea_to_geopose:/home/suke/ouxt_automation/robotx_ws/install/ndt_omp:/home/suke/ouxt_automation/robotx_ws/install/mock_server:/home/suke/ouxt_automation/robotx_ws/install/lidar_camera_fusion:/home/suke/ouxt_automation/robotx_ws/install/message_synchronizer:/home/suke/ouxt_automation/robotx_ws/install/lua_vendor:/home/suke/ouxt_automation/robotx_ws/install/local_waypoint_server:/home/suke/ouxt_automation/robotx_ws/install/joy_to_twist:/home/suke/ouxt_automation/robotx_ws/install/hungarian_solver:/home/suke/ouxt_automation/robotx_ws/install/hermite_path_planner:/home/suke/ouxt_automation/robotx_ws/install/hermite_path_msgs:/home/suke/ouxt_automation/robotx_ws/install/grid_map_type_adapter:/home/suke/ouxt_automation/robotx_ws/install/geometry_msgs_data_buffer:/home/suke/ouxt_automation/robotx_ws/install/geographic_info:/home/suke/ouxt_automation/robotx_ws/install/geographic_conversion:/home/suke/ouxt_automation/robotx_ws/install/geodesy:/home/suke/ouxt_automation/robotx_ws/install/geographic_msgs:/home/suke/ouxt_automation/robotx_ws/install/detic_onnx_ros2_msg:/home/suke/ouxt_automation/robotx_ws/install/data_buffer:/home/suke/ouxt_automation/robotx_ws/install/cv_bridge:/home/suke/ouxt_automation/robotx_ws/install/costmap_to_point:/home/suke/ouxt_automation/robotx_ws/install/boost_geometry_util:/home/suke/ouxt_automation/robotx_ws/install/behavior_tree_action_builder:/home/suke/chicken_ws/install/depth_anything_v2_ros2:/home/suke/ouxt_automation/robotx_ws/install/opencv_tests:/home/suke/ouxt_automation/robotx_ws/install/detic_onnx_ros2:/opt/ros/humble LD_LIBRARY_PATH=/home/suke/chicken_ws/install/chicken_utils/lib:${LD_LIBRARY_PATH} /usr/bin/cmake --build /home/suke/chicken_ws/build/chicken_simulator -- -j20 -l20
