[0.783s] Invoking command in '/home/suke/chicken_core/build/depth_anything_v2_ros2': PYTHONPATH=/home/suke/chicken_core/build/depth_anything_v2_ros2/prefix_override:/usr/lib/python3/dist-packages/colcon_core/task/python/colcon_distutils_commands:/home/suke/chicken_core/install/depth_anything_v2_ros2/lib/python3.10/site-packages:${PYTHONPATH} /usr/bin/python3 -W ignore:setup.py install is deprecated setup.py develop --editable --build-directory /home/suke/chicken_core/build/depth_anything_v2_ros2/build --no-deps symlink_data
[0.946s] running develop
[0.946s] /usr/lib/python3/dist-packages/setuptools/command/easy_install.py:158: EasyInstallDeprecationWarning: easy_install command is deprecated. Use build and pip and other standards-based tools.
[0.946s]   warnings.warn(
[1.067s] running egg_info
[1.067s] creating depth_anything_v2_ros2.egg-info
[1.067s] writing depth_anything_v2_ros2.egg-info/PKG-INFO
[1.067s] writing dependency_links to depth_anything_v2_ros2.egg-info/dependency_links.txt
[1.067s] writing entry points to depth_anything_v2_ros2.egg-info/entry_points.txt
[1.067s] writing requirements to depth_anything_v2_ros2.egg-info/requires.txt
[1.068s] writing top-level names to depth_anything_v2_ros2.egg-info/top_level.txt
[1.068s] writing manifest file 'depth_anything_v2_ros2.egg-info/SOURCES.txt'
[1.069s] reading manifest file 'depth_anything_v2_ros2.egg-info/SOURCES.txt'
[1.069s] writing manifest file 'depth_anything_v2_ros2.egg-info/SOURCES.txt'
[1.070s] running build_ext
[1.070s] Creating /home/suke/chicken_core/install/depth_anything_v2_ros2/lib/python3.10/site-packages/depth-anything-v2-ros2.egg-link (link to .)
[1.071s] Installing depth_anything_v2_ros2 script to /home/suke/chicken_core/install/depth_anything_v2_ros2/lib/depth_anything_v2_ros2
[1.071s] 
[1.072s] Installed /home/suke/chicken_core/build/depth_anything_v2_ros2
[1.072s] running symlink_data
[1.072s] creating /home/suke/chicken_core/install/depth_anything_v2_ros2/share/ament_index
[1.072s] creating /home/suke/chicken_core/install/depth_anything_v2_ros2/share/ament_index/resource_index
[1.072s] creating /home/suke/chicken_core/install/depth_anything_v2_ros2/share/ament_index/resource_index/packages
[1.072s] symbolically linking /home/suke/chicken_core/build/depth_anything_v2_ros2/resource/depth_anything_v2_ros2 -> /home/suke/chicken_core/install/depth_anything_v2_ros2/share/ament_index/resource_index/packages
[1.072s] creating /home/suke/chicken_core/install/depth_anything_v2_ros2/lib/depth_anything_v2_ros2/depth_anything_v2
[1.072s] creating /home/suke/chicken_core/install/depth_anything_v2_ros2/lib/depth_anything_v2_ros2/depth_anything_v2/depth_anything_v2
[1.072s] symbolically linking /home/suke/chicken_core/build/depth_anything_v2_ros2/depth_anything_v2/depth_anything_v2/dpt.py -> /home/suke/chicken_core/install/depth_anything_v2_ros2/lib/depth_anything_v2_ros2/depth_anything_v2/depth_anything_v2
[1.072s] symbolically linking /home/suke/chicken_core/build/depth_anything_v2_ros2/depth_anything_v2/depth_anything_v2/dinov2.py -> /home/suke/chicken_core/install/depth_anything_v2_ros2/lib/depth_anything_v2_ros2/depth_anything_v2/depth_anything_v2
[1.072s] creating /home/suke/chicken_core/install/depth_anything_v2_ros2/lib/depth_anything_v2_ros2/depth_anything_v2/depth_anything_v2/dinov2_layers
[1.072s] symbolically linking /home/suke/chicken_core/build/depth_anything_v2_ros2/depth_anything_v2/depth_anything_v2/dinov2_layers/attention.py -> /home/suke/chicken_core/install/depth_anything_v2_ros2/lib/depth_anything_v2_ros2/depth_anything_v2/depth_anything_v2/dinov2_layers
[1.073s] symbolically linking /home/suke/chicken_core/build/depth_anything_v2_ros2/depth_anything_v2/depth_anything_v2/dinov2_layers/mlp.py -> /home/suke/chicken_core/install/depth_anything_v2_ros2/lib/depth_anything_v2_ros2/depth_anything_v2/depth_anything_v2/dinov2_layers
[1.073s] symbolically linking /home/suke/chicken_core/build/depth_anything_v2_ros2/depth_anything_v2/depth_anything_v2/dinov2_layers/block.py -> /home/suke/chicken_core/install/depth_anything_v2_ros2/lib/depth_anything_v2_ros2/depth_anything_v2/depth_anything_v2/dinov2_layers
[1.073s] symbolically linking /home/suke/chicken_core/build/depth_anything_v2_ros2/depth_anything_v2/depth_anything_v2/dinov2_layers/__init__.py -> /home/suke/chicken_core/install/depth_anything_v2_ros2/lib/depth_anything_v2_ros2/depth_anything_v2/depth_anything_v2/dinov2_layers
[1.073s] symbolically linking /home/suke/chicken_core/build/depth_anything_v2_ros2/depth_anything_v2/depth_anything_v2/dinov2_layers/patch_embed.py -> /home/suke/chicken_core/install/depth_anything_v2_ros2/lib/depth_anything_v2_ros2/depth_anything_v2/depth_anything_v2/dinov2_layers
[1.073s] symbolically linking /home/suke/chicken_core/build/depth_anything_v2_ros2/depth_anything_v2/depth_anything_v2/dinov2_layers/swiglu_ffn.py -> /home/suke/chicken_core/install/depth_anything_v2_ros2/lib/depth_anything_v2_ros2/depth_anything_v2/depth_anything_v2/dinov2_layers
[1.073s] symbolically linking /home/suke/chicken_core/build/depth_anything_v2_ros2/depth_anything_v2/depth_anything_v2/dinov2_layers/layer_scale.py -> /home/suke/chicken_core/install/depth_anything_v2_ros2/lib/depth_anything_v2_ros2/depth_anything_v2/depth_anything_v2/dinov2_layers
[1.073s] symbolically linking /home/suke/chicken_core/build/depth_anything_v2_ros2/depth_anything_v2/depth_anything_v2/dinov2_layers/drop_path.py -> /home/suke/chicken_core/install/depth_anything_v2_ros2/lib/depth_anything_v2_ros2/depth_anything_v2/depth_anything_v2/dinov2_layers
[1.073s] creating /home/suke/chicken_core/install/depth_anything_v2_ros2/lib/depth_anything_v2_ros2/depth_anything_v2/depth_anything_v2/util
[1.073s] symbolically linking /home/suke/chicken_core/build/depth_anything_v2_ros2/depth_anything_v2/depth_anything_v2/util/blocks.py -> /home/suke/chicken_core/install/depth_anything_v2_ros2/lib/depth_anything_v2_ros2/depth_anything_v2/depth_anything_v2/util
[1.073s] symbolically linking /home/suke/chicken_core/build/depth_anything_v2_ros2/depth_anything_v2/depth_anything_v2/util/transform.py -> /home/suke/chicken_core/install/depth_anything_v2_ros2/lib/depth_anything_v2_ros2/depth_anything_v2/depth_anything_v2/util
[1.073s] symbolically linking /home/suke/chicken_core/build/depth_anything_v2_ros2/package.xml -> /home/suke/chicken_core/install/depth_anything_v2_ros2/share/depth_anything_v2_ros2
[1.073s] creating /home/suke/chicken_core/install/depth_anything_v2_ros2/share/depth_anything_v2_ros2/launch
[1.073s] symbolically linking /home/suke/chicken_core/build/depth_anything_v2_ros2/launch/default.launch.py -> /home/suke/chicken_core/install/depth_anything_v2_ros2/share/depth_anything_v2_ros2/launch
[1.073s] creating /home/suke/chicken_core/install/depth_anything_v2_ros2/share/depth_anything_v2_ros2/models
[1.073s] symbolically linking /home/suke/chicken_core/build/depth_anything_v2_ros2/models/depth_anything_v2_vits.pth -> /home/suke/chicken_core/install/depth_anything_v2_ros2/share/depth_anything_v2_ros2/models
[1.073s] creating /home/suke/chicken_core/install/depth_anything_v2_ros2/share/depth_anything_v2_ros2/config
[1.073s] symbolically linking /home/suke/chicken_core/build/depth_anything_v2_ros2/config/params.yaml -> /home/suke/chicken_core/install/depth_anything_v2_ros2/share/depth_anything_v2_ros2/config
[1.101s] Invoked command in '/home/suke/chicken_core/build/depth_anything_v2_ros2' returned '0': PYTHONPATH=/home/suke/chicken_core/build/depth_anything_v2_ros2/prefix_override:/usr/lib/python3/dist-packages/colcon_core/task/python/colcon_distutils_commands:/home/suke/chicken_core/install/depth_anything_v2_ros2/lib/python3.10/site-packages:${PYTHONPATH} /usr/bin/python3 -W ignore:setup.py install is deprecated setup.py develop --editable --build-directory /home/suke/chicken_core/build/depth_anything_v2_ros2/build --no-deps symlink_data
