[0.038s] Invoking command in '/home/suke/chicken_core/build/chicken_utils': CMAKE_PREFIX_PATH=${CMAKE_PREFIX_PATH}:/home/suke/ouxt_automation/robotx_ws/install/opencv_tests:/home/suke/ouxt_automation/robotx_ws/install/kalman_filter_localization:/home/suke/ouxt_automation/robotx_ws/install/detic_onnx_ros2:/opt/ros/humble /usr/bin/cmake /home/suke/chicken_core/src/simulation/chicken_utils -DCMAKE_INSTALL_PREFIX=/home/suke/chicken_core/install/chicken_utils
[0.527s] -- Found ament_cmake_auto: 1.3.9 (/opt/ros/humble/share/ament_cmake_auto/cmake)
[0.528s] -- Override CMake install command with custom implementation using symlinks instead of copying resources
[0.528s] -- Found rosidl_generator_c: 3.1.5 (/opt/ros/humble/share/rosidl_generator_c/cmake)
[0.528s] -- Found rosidl_adapter: 3.1.5 (/opt/ros/humble/share/rosidl_adapter/cmake)
[0.529s] -- Found rosidl_generator_cpp: 3.1.5 (/opt/ros/humble/share/rosidl_generator_cpp/cmake)
[0.529s] -- Using all available rosidl_typesupport_c: rosidl_typesupport_fastrtps_c;rosidl_typesupport_introspection_c
[0.530s] -- Using all available rosidl_typesupport_cpp: rosidl_typesupport_fastrtps_cpp;rosidl_typesupport_introspection_cpp
[0.530s] -- Found rmw_implementation_cmake: 6.1.2 (/opt/ros/humble/share/rmw_implementation_cmake/cmake)
[0.530s] -- Found rmw_cyclonedds_cpp: 1.3.4 (/opt/ros/humble/share/rmw_cyclonedds_cpp/cmake)
[0.530s] -- Using RMW implementation 'rmw_cyclonedds_cpp' as default
[0.950s] -- Found eigen3_cmake_module: 0.1.1 (/opt/ros/humble/share/eigen3_cmake_module/cmake)
[0.951s] -- Ensuring Eigen3 include directory is part of orocos-kdl CMake target
[0.977s] -- Found ament_lint_auto: 0.12.11 (/opt/ros/humble/share/ament_lint_auto/cmake)
[0.990s] -- Added test 'copyright' to check source files copyright and LICENSE
[0.990s] -- Added test 'cppcheck' to perform static code analysis on C / C++ code
[0.990s] -- Configured cppcheck include dirs: /home/suke/chicken_core/src/simulation/chicken_utils/include
[0.990s] -- Configured cppcheck exclude dirs and/or files: 
[0.991s] -- Added test 'cpplint' to check C / C++ code against the Google style
[0.991s] -- Configured cpplint exclude dirs and/or files: 
[0.992s] -- Added test 'lint_cmake' to check CMake code style
[0.992s] -- Added test 'uncrustify' to check C / C++ code style
[0.992s] -- Configured uncrustify additional arguments: 
[0.992s] -- Added test 'xmllint' to check XML markup files
[0.996s] -- Configuring done
[1.006s] -- Generating done
[1.008s] -- Build files have been written to: /home/suke/chicken_core/build/chicken_utils
[1.014s] Invoked command in '/home/suke/chicken_core/build/chicken_utils' returned '0': CMAKE_PREFIX_PATH=${CMAKE_PREFIX_PATH}:/home/suke/ouxt_automation/robotx_ws/install/opencv_tests:/home/suke/ouxt_automation/robotx_ws/install/kalman_filter_localization:/home/suke/ouxt_automation/robotx_ws/install/detic_onnx_ros2:/opt/ros/humble /usr/bin/cmake /home/suke/chicken_core/src/simulation/chicken_utils -DCMAKE_INSTALL_PREFIX=/home/suke/chicken_core/install/chicken_utils
[1.015s] Invoking command in '/home/suke/chicken_core/build/chicken_utils': CMAKE_PREFIX_PATH=${CMAKE_PREFIX_PATH}:/home/suke/ouxt_automation/robotx_ws/install/opencv_tests:/home/suke/ouxt_automation/robotx_ws/install/kalman_filter_localization:/home/suke/ouxt_automation/robotx_ws/install/detic_onnx_ros2:/opt/ros/humble /usr/bin/cmake --build /home/suke/chicken_core/build/chicken_utils -- -j20 -l20
[1.064s] [35m[1mConsolidate compiler generated dependencies of target quaternion_utils[0m
[1.082s] [ 50%] [32m[1mLinking CXX shared library libquaternion_utils.so[0m
[1.347s] [100%] Built target quaternion_utils
[1.367s] Invoked command in '/home/suke/chicken_core/build/chicken_utils' returned '0': CMAKE_PREFIX_PATH=${CMAKE_PREFIX_PATH}:/home/suke/ouxt_automation/robotx_ws/install/opencv_tests:/home/suke/ouxt_automation/robotx_ws/install/kalman_filter_localization:/home/suke/ouxt_automation/robotx_ws/install/detic_onnx_ros2:/opt/ros/humble /usr/bin/cmake --build /home/suke/chicken_core/build/chicken_utils -- -j20 -l20
[1.394s] Invoking command in '/home/suke/chicken_core/build/chicken_utils': CMAKE_PREFIX_PATH=${CMAKE_PREFIX_PATH}:/home/suke/ouxt_automation/robotx_ws/install/opencv_tests:/home/suke/ouxt_automation/robotx_ws/install/kalman_filter_localization:/home/suke/ouxt_automation/robotx_ws/install/detic_onnx_ros2:/opt/ros/humble /usr/bin/cmake --install /home/suke/chicken_core/build/chicken_utils
[1.401s] -- Install configuration: ""
[1.402s] -- Execute custom install script
[1.402s] -- Up-to-date symlink: /home/suke/chicken_core/install/chicken_utils/include/chicken_utils/quaternion_utils.hpp
[1.402s] -- Up-to-date symlink: /home/suke/chicken_core/install/chicken_utils/share/chicken_utils/environment/library_path.sh
[1.403s] -- Up-to-date symlink: /home/suke/chicken_core/install/chicken_utils/share/chicken_utils/environment/library_path.dsv
[1.403s] -- Up-to-date symlink: /home/suke/chicken_core/install/chicken_utils/lib/libquaternion_utils.so
[1.403s] -- Up-to-date symlink: /home/suke/chicken_core/install/chicken_utils/share/ament_index/resource_index/package_run_dependencies/chicken_utils
[1.403s] -- Up-to-date symlink: /home/suke/chicken_core/install/chicken_utils/share/ament_index/resource_index/parent_prefix_path/chicken_utils
[1.403s] -- Up-to-date symlink: /home/suke/chicken_core/install/chicken_utils/share/chicken_utils/environment/ament_prefix_path.sh
[1.403s] -- Up-to-date symlink: /home/suke/chicken_core/install/chicken_utils/share/chicken_utils/environment/ament_prefix_path.dsv
[1.403s] -- Up-to-date symlink: /home/suke/chicken_core/install/chicken_utils/share/chicken_utils/environment/path.sh
[1.403s] -- Up-to-date symlink: /home/suke/chicken_core/install/chicken_utils/share/chicken_utils/environment/path.dsv
[1.403s] -- Up-to-date symlink: /home/suke/chicken_core/install/chicken_utils/share/chicken_utils/local_setup.bash
[1.403s] -- Up-to-date symlink: /home/suke/chicken_core/install/chicken_utils/share/chicken_utils/local_setup.sh
[1.403s] -- Up-to-date symlink: /home/suke/chicken_core/install/chicken_utils/share/chicken_utils/local_setup.zsh
[1.403s] -- Up-to-date symlink: /home/suke/chicken_core/install/chicken_utils/share/chicken_utils/local_setup.dsv
[1.403s] -- Symlinking: /home/suke/chicken_core/install/chicken_utils/share/chicken_utils/package.dsv
[1.410s] -- Up-to-date symlink: /home/suke/chicken_core/install/chicken_utils/share/ament_index/resource_index/packages/chicken_utils
[1.410s] -- Up-to-date symlink: /home/suke/chicken_core/install/chicken_utils/share/chicken_utils/cmake/ament_cmake_export_dependencies-extras.cmake
[1.411s] -- Up-to-date symlink: /home/suke/chicken_core/install/chicken_utils/share/chicken_utils/cmake/ament_cmake_export_include_directories-extras.cmake
[1.411s] -- Up-to-date symlink: /home/suke/chicken_core/install/chicken_utils/share/chicken_utils/cmake/ament_cmake_export_libraries-extras.cmake
[1.411s] -- Up-to-date symlink: /home/suke/chicken_core/install/chicken_utils/share/chicken_utils/cmake/chicken_utilsConfig.cmake
[1.411s] -- Up-to-date symlink: /home/suke/chicken_core/install/chicken_utils/share/chicken_utils/cmake/chicken_utilsConfig-version.cmake
[1.411s] -- Up-to-date symlink: /home/suke/chicken_core/install/chicken_utils/share/chicken_utils/package.xml
[1.413s] Invoked command in '/home/suke/chicken_core/build/chicken_utils' returned '0': CMAKE_PREFIX_PATH=${CMAKE_PREFIX_PATH}:/home/suke/ouxt_automation/robotx_ws/install/opencv_tests:/home/suke/ouxt_automation/robotx_ws/install/kalman_filter_localization:/home/suke/ouxt_automation/robotx_ws/install/detic_onnx_ros2:/opt/ros/humble /usr/bin/cmake --install /home/suke/chicken_core/build/chicken_utils
