running develop
/usr/lib/python3/dist-packages/setuptools/command/easy_install.py:158: EasyInstallDeprecationWarning: easy_install command is deprecated. Use build and pip and other standards-based tools.
  warnings.warn(
Removing /home/suke/chicken_core/install/depth_anything_v2_ros2/lib/python3.10/site-packages/depth-anything-v2-ros2.egg-link (link to .)
running egg_info
writing ../../../build/depth_anything_v2_ros2/depth_anything_v2_ros2.egg-info/PKG-INFO
writing dependency_links to ../../../build/depth_anything_v2_ros2/depth_anything_v2_ros2.egg-info/dependency_links.txt
writing entry points to ../../../build/depth_anything_v2_ros2/depth_anything_v2_ros2.egg-info/entry_points.txt
writing requirements to ../../../build/depth_anything_v2_ros2/depth_anything_v2_ros2.egg-info/requires.txt
writing top-level names to ../../../build/depth_anything_v2_ros2/depth_anything_v2_ros2.egg-info/top_level.txt
reading manifest file '../../../build/depth_anything_v2_ros2/depth_anything_v2_ros2.egg-info/SOURCES.txt'
adding license file 'LICENSE'
writing manifest file '../../../build/depth_anything_v2_ros2/depth_anything_v2_ros2.egg-info/SOURCES.txt'
running build
running build_py
running install
running install_lib
creating /home/suke/chicken_core/install/depth_anything_v2_ros2/lib/python3.10/site-packages/depth_anything_v2_ros2
copying /home/suke/chicken_core/build/depth_anything_v2_ros2/build/lib/depth_anything_v2_ros2/depth_anything_v2_ros2.py -> /home/suke/chicken_core/install/depth_anything_v2_ros2/lib/python3.10/site-packages/depth_anything_v2_ros2
copying /home/suke/chicken_core/build/depth_anything_v2_ros2/build/lib/depth_anything_v2_ros2/__init__.py -> /home/suke/chicken_core/install/depth_anything_v2_ros2/lib/python3.10/site-packages/depth_anything_v2_ros2
byte-compiling /home/suke/chicken_core/install/depth_anything_v2_ros2/lib/python3.10/site-packages/depth_anything_v2_ros2/depth_anything_v2_ros2.py to depth_anything_v2_ros2.cpython-310.pyc
byte-compiling /home/suke/chicken_core/install/depth_anything_v2_ros2/lib/python3.10/site-packages/depth_anything_v2_ros2/__init__.py to __init__.cpython-310.pyc
running install_data
copying resource/depth_anything_v2_ros2 -> /home/suke/chicken_core/install/depth_anything_v2_ros2/share/ament_index/resource_index/packages
copying depth_anything_v2/depth_anything_v2/dpt.py -> /home/suke/chicken_core/install/depth_anything_v2_ros2/lib/depth_anything_v2_ros2/depth_anything_v2/depth_anything_v2
copying depth_anything_v2/depth_anything_v2/dinov2.py -> /home/suke/chicken_core/install/depth_anything_v2_ros2/lib/depth_anything_v2_ros2/depth_anything_v2/depth_anything_v2
copying depth_anything_v2/depth_anything_v2/dinov2_layers/attention.py -> /home/suke/chicken_core/install/depth_anything_v2_ros2/lib/depth_anything_v2_ros2/depth_anything_v2/depth_anything_v2/dinov2_layers
copying depth_anything_v2/depth_anything_v2/dinov2_layers/mlp.py -> /home/suke/chicken_core/install/depth_anything_v2_ros2/lib/depth_anything_v2_ros2/depth_anything_v2/depth_anything_v2/dinov2_layers
copying depth_anything_v2/depth_anything_v2/dinov2_layers/block.py -> /home/suke/chicken_core/install/depth_anything_v2_ros2/lib/depth_anything_v2_ros2/depth_anything_v2/depth_anything_v2/dinov2_layers
copying depth_anything_v2/depth_anything_v2/dinov2_layers/__init__.py -> /home/suke/chicken_core/install/depth_anything_v2_ros2/lib/depth_anything_v2_ros2/depth_anything_v2/depth_anything_v2/dinov2_layers
copying depth_anything_v2/depth_anything_v2/dinov2_layers/patch_embed.py -> /home/suke/chicken_core/install/depth_anything_v2_ros2/lib/depth_anything_v2_ros2/depth_anything_v2/depth_anything_v2/dinov2_layers
copying depth_anything_v2/depth_anything_v2/dinov2_layers/swiglu_ffn.py -> /home/suke/chicken_core/install/depth_anything_v2_ros2/lib/depth_anything_v2_ros2/depth_anything_v2/depth_anything_v2/dinov2_layers
copying depth_anything_v2/depth_anything_v2/dinov2_layers/layer_scale.py -> /home/suke/chicken_core/install/depth_anything_v2_ros2/lib/depth_anything_v2_ros2/depth_anything_v2/depth_anything_v2/dinov2_layers
copying depth_anything_v2/depth_anything_v2/dinov2_layers/drop_path.py -> /home/suke/chicken_core/install/depth_anything_v2_ros2/lib/depth_anything_v2_ros2/depth_anything_v2/depth_anything_v2/dinov2_layers
copying depth_anything_v2/depth_anything_v2/util/blocks.py -> /home/suke/chicken_core/install/depth_anything_v2_ros2/lib/depth_anything_v2_ros2/depth_anything_v2/depth_anything_v2/util
copying depth_anything_v2/depth_anything_v2/util/transform.py -> /home/suke/chicken_core/install/depth_anything_v2_ros2/lib/depth_anything_v2_ros2/depth_anything_v2/depth_anything_v2/util
copying package.xml -> /home/suke/chicken_core/install/depth_anything_v2_ros2/share/depth_anything_v2_ros2
copying launch/default.launch.py -> /home/suke/chicken_core/install/depth_anything_v2_ros2/share/depth_anything_v2_ros2/launch
copying models/depth_anything_v2_vits.pth -> /home/suke/chicken_core/install/depth_anything_v2_ros2/share/depth_anything_v2_ros2/models
copying config/params.yaml -> /home/suke/chicken_core/install/depth_anything_v2_ros2/share/depth_anything_v2_ros2/config
running install_egg_info
Copying ../../../build/depth_anything_v2_ros2/depth_anything_v2_ros2.egg-info to /home/suke/chicken_core/install/depth_anything_v2_ros2/lib/python3.10/site-packages/depth_anything_v2_ros2-1.0.0-py3.10.egg-info
running install_scripts
Installing depth_anything_v2_ros2 script to /home/suke/chicken_core/install/depth_anything_v2_ros2/lib/depth_anything_v2_ros2
writing list of installed files to '/home/suke/chicken_core/build/depth_anything_v2_ros2/install.log'
