[0.015s] Invoking command in '/home/suke/chicken_ws/build/chicken_utils': CMAKE_PREFIX_PATH=${CMAKE_PREFIX_PATH}:/home/suke/chicken_ws/install/depth_anything_v2_ros2:/home/suke/ouxt_automation/robotx_ws/install/opencv_tests:/home/suke/ouxt_automation/robotx_ws/install/detic_onnx_ros2:/opt/ros/humble /usr/bin/cmake --build /home/suke/chicken_ws/build/chicken_utils -- -j20 -l20
[0.169s] [35m[1mConsolidate compiler generated dependencies of target quaternion_utils[0m
[0.169s] [100%] Built target quaternion_utils
[0.171s] Invoked command in '/home/suke/chicken_ws/build/chicken_utils' returned '0': CMAKE_PREFIX_PATH=${CMAKE_PREFIX_PATH}:/home/suke/chicken_ws/install/depth_anything_v2_ros2:/home/suke/ouxt_automation/robotx_ws/install/opencv_tests:/home/suke/ouxt_automation/robotx_ws/install/detic_onnx_ros2:/opt/ros/humble /usr/bin/cmake --build /home/suke/chicken_ws/build/chicken_utils -- -j20 -l20
[0.199s] Invoking command in '/home/suke/chicken_ws/build/chicken_utils': CMAKE_PREFIX_PATH=${CMAKE_PREFIX_PATH}:/home/suke/chicken_ws/install/depth_anything_v2_ros2:/home/suke/ouxt_automation/robotx_ws/install/opencv_tests:/home/suke/ouxt_automation/robotx_ws/install/detic_onnx_ros2:/opt/ros/humble /usr/bin/cmake --install /home/suke/chicken_ws/build/chicken_utils
[0.204s] -- Install configuration: "Release"
[0.205s] -- Execute custom install script
[0.205s] -- Up-to-date symlink: /home/suke/chicken_ws/install/chicken_utils/include/chicken_utils/quaternion_utils.hpp
[0.205s] -- Up-to-date symlink: /home/suke/chicken_ws/install/chicken_utils/share/chicken_utils/environment/library_path.sh
[0.205s] -- Up-to-date symlink: /home/suke/chicken_ws/install/chicken_utils/share/chicken_utils/environment/library_path.dsv
[0.205s] -- Up-to-date symlink: /home/suke/chicken_ws/install/chicken_utils/lib/libquaternion_utils.so
[0.205s] -- Up-to-date symlink: /home/suke/chicken_ws/install/chicken_utils/share/ament_index/resource_index/package_run_dependencies/chicken_utils
[0.205s] -- Up-to-date symlink: /home/suke/chicken_ws/install/chicken_utils/share/ament_index/resource_index/parent_prefix_path/chicken_utils
[0.205s] -- Up-to-date symlink: /home/suke/chicken_ws/install/chicken_utils/share/chicken_utils/environment/ament_prefix_path.sh
[0.205s] -- Up-to-date symlink: /home/suke/chicken_ws/install/chicken_utils/share/chicken_utils/environment/ament_prefix_path.dsv
[0.205s] -- Up-to-date symlink: /home/suke/chicken_ws/install/chicken_utils/share/chicken_utils/environment/path.sh
[0.206s] -- Up-to-date symlink: /home/suke/chicken_ws/install/chicken_utils/share/chicken_utils/environment/path.dsv
[0.206s] -- Up-to-date symlink: /home/suke/chicken_ws/install/chicken_utils/share/chicken_utils/local_setup.bash
[0.206s] -- Up-to-date symlink: /home/suke/chicken_ws/install/chicken_utils/share/chicken_utils/local_setup.sh
[0.206s] -- Up-to-date symlink: /home/suke/chicken_ws/install/chicken_utils/share/chicken_utils/local_setup.zsh
[0.206s] -- Up-to-date symlink: /home/suke/chicken_ws/install/chicken_utils/share/chicken_utils/local_setup.dsv
[0.206s] -- Symlinking: /home/suke/chicken_ws/install/chicken_utils/share/chicken_utils/package.dsv
[0.212s] -- Up-to-date symlink: /home/suke/chicken_ws/install/chicken_utils/share/ament_index/resource_index/packages/chicken_utils
[0.212s] -- Up-to-date symlink: /home/suke/chicken_ws/install/chicken_utils/share/chicken_utils/cmake/ament_cmake_export_dependencies-extras.cmake
[0.212s] -- Up-to-date symlink: /home/suke/chicken_ws/install/chicken_utils/share/chicken_utils/cmake/ament_cmake_export_include_directories-extras.cmake
[0.212s] -- Up-to-date symlink: /home/suke/chicken_ws/install/chicken_utils/share/chicken_utils/cmake/ament_cmake_export_libraries-extras.cmake
[0.212s] -- Up-to-date symlink: /home/suke/chicken_ws/install/chicken_utils/share/chicken_utils/cmake/chicken_utilsConfig.cmake
[0.212s] -- Up-to-date symlink: /home/suke/chicken_ws/install/chicken_utils/share/chicken_utils/cmake/chicken_utilsConfig-version.cmake
[0.212s] -- Up-to-date symlink: /home/suke/chicken_ws/install/chicken_utils/share/chicken_utils/package.xml
[0.213s] Invoked command in '/home/suke/chicken_ws/build/chicken_utils' returned '0': CMAKE_PREFIX_PATH=${CMAKE_PREFIX_PATH}:/home/suke/chicken_ws/install/depth_anything_v2_ros2:/home/suke/ouxt_automation/robotx_ws/install/opencv_tests:/home/suke/ouxt_automation/robotx_ws/install/detic_onnx_ros2:/opt/ros/humble /usr/bin/cmake --install /home/suke/chicken_ws/build/chicken_utils
