[0.512s] Invoking command in '/home/suke/chicken_core/build/dwa_ros2': CMAKE_PREFIX_PATH=${CMAKE_PREFIX_PATH}:/home/suke/chicken_core/install/yolov10_ros:/home/suke/chicken_core/install/depth_anything_v2_ros2:/home/suke/chicken_core/install/cart_controller:/home/suke/ouxt_automation/robotx_ws/install/opencv_tests:/home/suke/ouxt_automation/robotx_ws/install/detic_onnx_ros2:/opt/ros/humble /usr/bin/cmake --build /home/suke/chicken_core/build/dwa_ros2 -- -j20 -l20
[0.550s] [35m[1mConsolidate compiler generated dependencies of target dwa_ros2[0m
[0.569s] [ 33%] [32mBuilding CXX object CMakeFiles/dwa_ros2.dir/src/obstacle_detector_component.cpp.o[0m
[5.610s] [ 66%] [32m[1mLinking CXX shared library libdwa_ros2.so[0m
[6.257s] [100%] Built target dwa_ros2
[6.265s] Invoked command in '/home/suke/chicken_core/build/dwa_ros2' returned '0': CMAKE_PREFIX_PATH=${CMAKE_PREFIX_PATH}:/home/suke/chicken_core/install/yolov10_ros:/home/suke/chicken_core/install/depth_anything_v2_ros2:/home/suke/chicken_core/install/cart_controller:/home/suke/ouxt_automation/robotx_ws/install/opencv_tests:/home/suke/ouxt_automation/robotx_ws/install/detic_onnx_ros2:/opt/ros/humble /usr/bin/cmake --build /home/suke/chicken_core/build/dwa_ros2 -- -j20 -l20
[6.293s] Invoking command in '/home/suke/chicken_core/build/dwa_ros2': CMAKE_PREFIX_PATH=${CMAKE_PREFIX_PATH}:/home/suke/chicken_core/install/yolov10_ros:/home/suke/chicken_core/install/depth_anything_v2_ros2:/home/suke/chicken_core/install/cart_controller:/home/suke/ouxt_automation/robotx_ws/install/opencv_tests:/home/suke/ouxt_automation/robotx_ws/install/detic_onnx_ros2:/opt/ros/humble /usr/bin/cmake --install /home/suke/chicken_core/build/dwa_ros2
[6.299s] -- Install configuration: ""
[6.300s] -- Execute custom install script
[6.300s] -- Up-to-date symlink: /home/suke/chicken_core/install/dwa_ros2/lib/libdwa_ros2.so
[6.300s] -- Up-to-date symlink: /home/suke/chicken_core/install/dwa_ros2/share/dwa_ros2//launch/dwa_ros2.launch.py
[6.300s] -- Up-to-date symlink: /home/suke/chicken_core/install/dwa_ros2/share/dwa_ros2//config/dwa.rviz
[6.300s] -- Up-to-date symlink: /home/suke/chicken_core/install/dwa_ros2/share/dwa_ros2//config/parameter.yaml
[6.300s] -- Up-to-date symlink: /home/suke/chicken_core/install/dwa_ros2/share/ament_index/resource_index/package_run_dependencies/dwa_ros2
[6.300s] -- Up-to-date symlink: /home/suke/chicken_core/install/dwa_ros2/share/ament_index/resource_index/parent_prefix_path/dwa_ros2
[6.300s] -- Up-to-date symlink: /home/suke/chicken_core/install/dwa_ros2/share/dwa_ros2/environment/ament_prefix_path.sh
[6.300s] -- Up-to-date symlink: /home/suke/chicken_core/install/dwa_ros2/share/dwa_ros2/environment/ament_prefix_path.dsv
[6.300s] -- Up-to-date symlink: /home/suke/chicken_core/install/dwa_ros2/share/dwa_ros2/environment/path.sh
[6.300s] -- Up-to-date symlink: /home/suke/chicken_core/install/dwa_ros2/share/dwa_ros2/environment/path.dsv
[6.300s] -- Up-to-date symlink: /home/suke/chicken_core/install/dwa_ros2/share/dwa_ros2/local_setup.bash
[6.300s] -- Up-to-date symlink: /home/suke/chicken_core/install/dwa_ros2/share/dwa_ros2/local_setup.sh
[6.301s] -- Up-to-date symlink: /home/suke/chicken_core/install/dwa_ros2/share/dwa_ros2/local_setup.zsh
[6.301s] -- Up-to-date symlink: /home/suke/chicken_core/install/dwa_ros2/share/dwa_ros2/local_setup.dsv
[6.301s] -- Symlinking: /home/suke/chicken_core/install/dwa_ros2/share/dwa_ros2/package.dsv
[6.308s] -- Up-to-date symlink: /home/suke/chicken_core/install/dwa_ros2/share/ament_index/resource_index/packages/dwa_ros2
[6.308s] -- Up-to-date symlink: /home/suke/chicken_core/install/dwa_ros2/share/ament_index/resource_index/rclcpp_components/dwa_ros2
[6.308s] -- Up-to-date symlink: /home/suke/chicken_core/install/dwa_ros2/share/dwa_ros2/cmake/dwa_ros2Config.cmake
[6.308s] -- Up-to-date symlink: /home/suke/chicken_core/install/dwa_ros2/share/dwa_ros2/cmake/dwa_ros2Config-version.cmake
[6.308s] -- Up-to-date symlink: /home/suke/chicken_core/install/dwa_ros2/share/dwa_ros2/package.xml
[6.310s] Invoked command in '/home/suke/chicken_core/build/dwa_ros2' returned '0': CMAKE_PREFIX_PATH=${CMAKE_PREFIX_PATH}:/home/suke/chicken_core/install/yolov10_ros:/home/suke/chicken_core/install/depth_anything_v2_ros2:/home/suke/chicken_core/install/cart_controller:/home/suke/ouxt_automation/robotx_ws/install/opencv_tests:/home/suke/ouxt_automation/robotx_ws/install/detic_onnx_ros2:/opt/ros/humble /usr/bin/cmake --install /home/suke/chicken_core/build/dwa_ros2
