[0.516s] Invoking command in '/home/suke/chicken_core/build/yolov10_msg': CMAKE_PREFIX_PATH=${CMAKE_PREFIX_PATH}:/home/suke/chicken_core/install/yolov10_ros:/home/suke/chicken_core/install/depth_anything_v2_ros2:/home/suke/chicken_core/install/cart_controller:/home/suke/ouxt_automation/robotx_ws/install/opencv_tests:/home/suke/ouxt_automation/robotx_ws/install/detic_onnx_ros2:/opt/ros/humble /usr/bin/cmake /home/suke/chicken_core/src/perception/yolov10_msg -DAMENT_CMAKE_SYMLINK_INSTALL=1 -DCMAKE_INSTALL_PREFIX=/home/suke/chicken_core/install/yolov10_msg
[0.525s] -- Found ament_cmake: 1.3.9 (/opt/ros/humble/share/ament_cmake/cmake)
[0.608s] -- Override CMake install command with custom implementation using symlinks instead of copying resources
[0.613s] -- Found rosidl_default_generators: 1.2.0 (/opt/ros/humble/share/rosidl_default_generators/cmake)
[0.624s] -- Using all available rosidl_typesupport_c: rosidl_typesupport_fastrtps_c;rosidl_typesupport_introspection_c
[0.626s] -- Found rosidl_adapter: 3.1.5 (/opt/ros/humble/share/rosidl_adapter/cmake)
[0.658s] -- Using all available rosidl_typesupport_cpp: rosidl_typesupport_fastrtps_cpp;rosidl_typesupport_introspection_cpp
[0.682s] -- Found std_msgs: 4.2.4 (/opt/ros/humble/share/std_msgs/cmake)
[0.731s] -- Found geometry_msgs: 4.2.4 (/opt/ros/humble/share/geometry_msgs/cmake)
[0.981s] -- Found ament_cmake_ros: 0.10.0 (/opt/ros/humble/share/ament_cmake_ros/cmake)
[1.184s] -- Using all available rosidl_typesupport_c: rosidl_typesupport_fastrtps_c;rosidl_typesupport_introspection_c
[1.435s] -- Using all available rosidl_typesupport_cpp: rosidl_typesupport_fastrtps_cpp;rosidl_typesupport_introspection_cpp
[1.452s] -- Found python_cmake_module: 0.10.0 (/opt/ros/humble/share/python_cmake_module/cmake)
[1.469s] -- Using PYTHON_EXECUTABLE: /usr/bin/python3
[1.469s] -- Using PYTHON_INCLUDE_DIRS: /usr/include/python3.10
[1.469s] -- Using PYTHON_LIBRARIES: /usr/lib/x86_64-linux-gnu/libpython3.10.so
[1.525s] -- Configuring done
[1.552s] -- Generating done
[1.553s] -- Build files have been written to: /home/suke/chicken_core/build/yolov10_msg
[1.558s] Invoked command in '/home/suke/chicken_core/build/yolov10_msg' returned '0': CMAKE_PREFIX_PATH=${CMAKE_PREFIX_PATH}:/home/suke/chicken_core/install/yolov10_ros:/home/suke/chicken_core/install/depth_anything_v2_ros2:/home/suke/chicken_core/install/cart_controller:/home/suke/ouxt_automation/robotx_ws/install/opencv_tests:/home/suke/ouxt_automation/robotx_ws/install/detic_onnx_ros2:/opt/ros/humble /usr/bin/cmake /home/suke/chicken_core/src/perception/yolov10_msg -DAMENT_CMAKE_SYMLINK_INSTALL=1 -DCMAKE_INSTALL_PREFIX=/home/suke/chicken_core/install/yolov10_msg
[1.559s] Invoking command in '/home/suke/chicken_core/build/yolov10_msg': CMAKE_PREFIX_PATH=${CMAKE_PREFIX_PATH}:/home/suke/chicken_core/install/yolov10_ros:/home/suke/chicken_core/install/depth_anything_v2_ros2:/home/suke/chicken_core/install/cart_controller:/home/suke/ouxt_automation/robotx_ws/install/opencv_tests:/home/suke/ouxt_automation/robotx_ws/install/detic_onnx_ros2:/opt/ros/humble /usr/bin/cmake --build /home/suke/chicken_core/build/yolov10_msg -- -j20 -l20
[1.595s] [35m[1mConsolidate compiler generated dependencies of target yolov10_msg__rosidl_generator_c[0m
[1.603s] [  0%] Built target yolov10_msg__cpp
[1.608s] [ 12%] Built target yolov10_msg__rosidl_generator_c
[1.610s] [ 12%] Built target ament_cmake_python_symlink_yolov10_msg
[1.613s] [35m[1mConsolidate compiler generated dependencies of target yolov10_msg__rosidl_typesupport_cpp[0m
[1.614s] [35m[1mConsolidate compiler generated dependencies of target yolov10_msg__rosidl_typesupport_fastrtps_cpp[0m
[1.619s] [35m[1mConsolidate compiler generated dependencies of target yolov10_msg__rosidl_typesupport_c[0m
[1.619s] [35m[1mConsolidate compiler generated dependencies of target yolov10_msg__rosidl_typesupport_introspection_cpp[0m
[1.621s] [35m[1mConsolidate compiler generated dependencies of target yolov10_msg__rosidl_typesupport_fastrtps_c[0m
[1.622s] [35m[1mConsolidate compiler generated dependencies of target yolov10_msg__rosidl_typesupport_introspection_c[0m
[1.630s] [ 24%] Built target yolov10_msg__rosidl_typesupport_c
[1.630s] [ 35%] Built target yolov10_msg__rosidl_typesupport_fastrtps_cpp
[1.633s] [ 47%] Built target yolov10_msg__rosidl_typesupport_cpp
[1.638s] [ 59%] Built target yolov10_msg__rosidl_typesupport_fastrtps_c
[1.639s] [ 71%] Built target yolov10_msg__rosidl_typesupport_introspection_cpp
[1.639s] [ 83%] Built target yolov10_msg__rosidl_typesupport_introspection_c
[1.657s] [ 83%] Built target yolov10_msg
[1.677s] [ 84%] Built target yolov10_msg__py
[1.687s] [35m[1mConsolidate compiler generated dependencies of target yolov10_msg__rosidl_generator_py[0m
[1.703s] [ 95%] Built target yolov10_msg__rosidl_generator_py
[1.713s] [35m[1mConsolidate compiler generated dependencies of target yolov10_msg__rosidl_typesupport_fastrtps_c__pyext[0m
[1.717s] [35m[1mConsolidate compiler generated dependencies of target yolov10_msg__rosidl_typesupport_introspection_c__pyext[0m
[1.717s] [35m[1mConsolidate compiler generated dependencies of target yolov10_msg__rosidl_typesupport_c__pyext[0m
[1.723s] [ 97%] Built target yolov10_msg__rosidl_typesupport_fastrtps_c__pyext
[1.730s] [ 99%] Built target yolov10_msg__rosidl_typesupport_introspection_c__pyext
[1.731s] [100%] Built target yolov10_msg__rosidl_typesupport_c__pyext
[1.789s] running egg_info
[1.789s] writing yolov10_msg.egg-info/PKG-INFO
[1.789s] writing dependency_links to yolov10_msg.egg-info/dependency_links.txt
[1.789s] writing top-level names to yolov10_msg.egg-info/top_level.txt
[1.791s] reading manifest file 'yolov10_msg.egg-info/SOURCES.txt'
[1.791s] writing manifest file 'yolov10_msg.egg-info/SOURCES.txt'
[1.810s] [100%] Built target ament_cmake_python_build_yolov10_msg_egg
[1.819s] Invoked command in '/home/suke/chicken_core/build/yolov10_msg' returned '0': CMAKE_PREFIX_PATH=${CMAKE_PREFIX_PATH}:/home/suke/chicken_core/install/yolov10_ros:/home/suke/chicken_core/install/depth_anything_v2_ros2:/home/suke/chicken_core/install/cart_controller:/home/suke/ouxt_automation/robotx_ws/install/opencv_tests:/home/suke/ouxt_automation/robotx_ws/install/detic_onnx_ros2:/opt/ros/humble /usr/bin/cmake --build /home/suke/chicken_core/build/yolov10_msg -- -j20 -l20
[2.113s] Invoking command in '/home/suke/chicken_core/build/yolov10_msg': CMAKE_PREFIX_PATH=${CMAKE_PREFIX_PATH}:/home/suke/chicken_core/install/yolov10_ros:/home/suke/chicken_core/install/depth_anything_v2_ros2:/home/suke/chicken_core/install/cart_controller:/home/suke/ouxt_automation/robotx_ws/install/opencv_tests:/home/suke/ouxt_automation/robotx_ws/install/detic_onnx_ros2:/opt/ros/humble /usr/bin/cmake --install /home/suke/chicken_core/build/yolov10_msg
[2.119s] -- Install configuration: ""
[2.119s] -- Execute custom install script
[2.120s] -- Up-to-date symlink: /home/suke/chicken_core/install/yolov10_msg/share/ament_index/resource_index/rosidl_interfaces/yolov10_msg
[2.120s] -- Up-to-date symlink: /home/suke/chicken_core/install/yolov10_msg/include/yolov10_msg/yolov10_msg/msg/bounding_box2_d.h
[2.120s] -- Up-to-date symlink: /home/suke/chicken_core/install/yolov10_msg/include/yolov10_msg/yolov10_msg/msg/bounding_box3_d.h
[2.120s] -- Up-to-date symlink: /home/suke/chicken_core/install/yolov10_msg/include/yolov10_msg/yolov10_msg/msg/detail/bounding_box2_d__functions.h
[2.120s] -- Up-to-date symlink: /home/suke/chicken_core/install/yolov10_msg/include/yolov10_msg/yolov10_msg/msg/detail/bounding_box2_d__struct.h
[2.120s] -- Up-to-date symlink: /home/suke/chicken_core/install/yolov10_msg/include/yolov10_msg/yolov10_msg/msg/detail/bounding_box2_d__type_support.h
[2.120s] -- Up-to-date symlink: /home/suke/chicken_core/install/yolov10_msg/include/yolov10_msg/yolov10_msg/msg/detail/bounding_box3_d__functions.h
[2.120s] -- Up-to-date symlink: /home/suke/chicken_core/install/yolov10_msg/include/yolov10_msg/yolov10_msg/msg/detail/bounding_box3_d__struct.h
[2.120s] -- Up-to-date symlink: /home/suke/chicken_core/install/yolov10_msg/include/yolov10_msg/yolov10_msg/msg/detail/bounding_box3_d__type_support.h
[2.121s] -- Up-to-date symlink: /home/suke/chicken_core/install/yolov10_msg/include/yolov10_msg/yolov10_msg/msg/detail/detection__functions.h
[2.121s] -- Up-to-date symlink: /home/suke/chicken_core/install/yolov10_msg/include/yolov10_msg/yolov10_msg/msg/detail/detection__struct.h
[2.121s] -- Up-to-date symlink: /home/suke/chicken_core/install/yolov10_msg/include/yolov10_msg/yolov10_msg/msg/detail/detection__type_support.h
[2.121s] -- Up-to-date symlink: /home/suke/chicken_core/install/yolov10_msg/include/yolov10_msg/yolov10_msg/msg/detail/detection_array__functions.h
[2.121s] -- Up-to-date symlink: /home/suke/chicken_core/install/yolov10_msg/include/yolov10_msg/yolov10_msg/msg/detail/detection_array__struct.h
[2.121s] -- Up-to-date symlink: /home/suke/chicken_core/install/yolov10_msg/include/yolov10_msg/yolov10_msg/msg/detail/detection_array__type_support.h
[2.121s] -- Up-to-date symlink: /home/suke/chicken_core/install/yolov10_msg/include/yolov10_msg/yolov10_msg/msg/detail/key_point2_d__functions.h
[2.121s] -- Up-to-date symlink: /home/suke/chicken_core/install/yolov10_msg/include/yolov10_msg/yolov10_msg/msg/detail/key_point2_d__struct.h
[2.121s] -- Up-to-date symlink: /home/suke/chicken_core/install/yolov10_msg/include/yolov10_msg/yolov10_msg/msg/detail/key_point2_d__type_support.h
[2.121s] -- Up-to-date symlink: /home/suke/chicken_core/install/yolov10_msg/include/yolov10_msg/yolov10_msg/msg/detail/key_point2_d_array__functions.h
[2.121s] -- Up-to-date symlink: /home/suke/chicken_core/install/yolov10_msg/include/yolov10_msg/yolov10_msg/msg/detail/key_point2_d_array__struct.h
[2.121s] -- Up-to-date symlink: /home/suke/chicken_core/install/yolov10_msg/include/yolov10_msg/yolov10_msg/msg/detail/key_point2_d_array__type_support.h
[2.121s] -- Up-to-date symlink: /home/suke/chicken_core/install/yolov10_msg/include/yolov10_msg/yolov10_msg/msg/detail/key_point3_d__functions.h
[2.121s] -- Up-to-date symlink: /home/suke/chicken_core/install/yolov10_msg/include/yolov10_msg/yolov10_msg/msg/detail/key_point3_d__struct.h
[2.122s] -- Up-to-date symlink: /home/suke/chicken_core/install/yolov10_msg/include/yolov10_msg/yolov10_msg/msg/detail/key_point3_d__type_support.h
[2.122s] -- Up-to-date symlink: /home/suke/chicken_core/install/yolov10_msg/include/yolov10_msg/yolov10_msg/msg/detail/key_point3_d_array__functions.h
[2.122s] -- Up-to-date symlink: /home/suke/chicken_core/install/yolov10_msg/include/yolov10_msg/yolov10_msg/msg/detail/key_point3_d_array__struct.h
[2.122s] -- Up-to-date symlink: /home/suke/chicken_core/install/yolov10_msg/include/yolov10_msg/yolov10_msg/msg/detail/key_point3_d_array__type_support.h
[2.122s] -- Up-to-date symlink: /home/suke/chicken_core/install/yolov10_msg/include/yolov10_msg/yolov10_msg/msg/detail/mask__functions.h
[2.122s] -- Up-to-date symlink: /home/suke/chicken_core/install/yolov10_msg/include/yolov10_msg/yolov10_msg/msg/detail/mask__struct.h
[2.122s] -- Up-to-date symlink: /home/suke/chicken_core/install/yolov10_msg/include/yolov10_msg/yolov10_msg/msg/detail/mask__type_support.h
[2.122s] -- Up-to-date symlink: /home/suke/chicken_core/install/yolov10_msg/include/yolov10_msg/yolov10_msg/msg/detail/point2_d__functions.h
[2.122s] -- Up-to-date symlink: /home/suke/chicken_core/install/yolov10_msg/include/yolov10_msg/yolov10_msg/msg/detail/point2_d__struct.h
[2.122s] -- Up-to-date symlink: /home/suke/chicken_core/install/yolov10_msg/include/yolov10_msg/yolov10_msg/msg/detail/point2_d__type_support.h
[2.122s] -- Up-to-date symlink: /home/suke/chicken_core/install/yolov10_msg/include/yolov10_msg/yolov10_msg/msg/detail/pose2_d__functions.h
[2.122s] -- Up-to-date symlink: /home/suke/chicken_core/install/yolov10_msg/include/yolov10_msg/yolov10_msg/msg/detail/pose2_d__struct.h
[2.122s] -- Up-to-date symlink: /home/suke/chicken_core/install/yolov10_msg/include/yolov10_msg/yolov10_msg/msg/detail/pose2_d__type_support.h
[2.122s] -- Up-to-date symlink: /home/suke/chicken_core/install/yolov10_msg/include/yolov10_msg/yolov10_msg/msg/detail/vector2__functions.h
[2.122s] -- Up-to-date symlink: /home/suke/chicken_core/install/yolov10_msg/include/yolov10_msg/yolov10_msg/msg/detail/vector2__struct.h
[2.122s] -- Up-to-date symlink: /home/suke/chicken_core/install/yolov10_msg/include/yolov10_msg/yolov10_msg/msg/detail/vector2__type_support.h
[2.122s] -- Up-to-date symlink: /home/suke/chicken_core/install/yolov10_msg/include/yolov10_msg/yolov10_msg/msg/detection.h
[2.122s] -- Up-to-date symlink: /home/suke/chicken_core/install/yolov10_msg/include/yolov10_msg/yolov10_msg/msg/detection_array.h
[2.122s] -- Up-to-date symlink: /home/suke/chicken_core/install/yolov10_msg/include/yolov10_msg/yolov10_msg/msg/key_point2_d.h
[2.122s] -- Up-to-date symlink: /home/suke/chicken_core/install/yolov10_msg/include/yolov10_msg/yolov10_msg/msg/key_point2_d_array.h
[2.122s] -- Up-to-date symlink: /home/suke/chicken_core/install/yolov10_msg/include/yolov10_msg/yolov10_msg/msg/key_point3_d.h
[2.122s] -- Up-to-date symlink: /home/suke/chicken_core/install/yolov10_msg/include/yolov10_msg/yolov10_msg/msg/key_point3_d_array.h
[2.122s] -- Up-to-date symlink: /home/suke/chicken_core/install/yolov10_msg/include/yolov10_msg/yolov10_msg/msg/mask.h
[2.122s] -- Up-to-date symlink: /home/suke/chicken_core/install/yolov10_msg/include/yolov10_msg/yolov10_msg/msg/point2_d.h
[2.122s] -- Up-to-date symlink: /home/suke/chicken_core/install/yolov10_msg/include/yolov10_msg/yolov10_msg/msg/pose2_d.h
[2.122s] -- Up-to-date symlink: /home/suke/chicken_core/install/yolov10_msg/include/yolov10_msg/yolov10_msg/msg/rosidl_generator_c__visibility_control.h
[2.122s] -- Up-to-date symlink: /home/suke/chicken_core/install/yolov10_msg/include/yolov10_msg/yolov10_msg/msg/vector2.h
[2.123s] -- Up-to-date symlink: /home/suke/chicken_core/install/yolov10_msg/share/yolov10_msg/environment/library_path.sh
[2.123s] -- Up-to-date symlink: /home/suke/chicken_core/install/yolov10_msg/share/yolov10_msg/environment/library_path.dsv
[2.123s] -- Up-to-date symlink: /home/suke/chicken_core/install/yolov10_msg/include/yolov10_msg/yolov10_msg/msg/detail/bounding_box2_d__rosidl_typesupport_fastrtps_c.h
[2.123s] -- Up-to-date symlink: /home/suke/chicken_core/install/yolov10_msg/include/yolov10_msg/yolov10_msg/msg/detail/bounding_box3_d__rosidl_typesupport_fastrtps_c.h
[2.123s] -- Up-to-date symlink: /home/suke/chicken_core/install/yolov10_msg/include/yolov10_msg/yolov10_msg/msg/detail/detection__rosidl_typesupport_fastrtps_c.h
[2.123s] -- Up-to-date symlink: /home/suke/chicken_core/install/yolov10_msg/include/yolov10_msg/yolov10_msg/msg/detail/detection_array__rosidl_typesupport_fastrtps_c.h
[2.123s] -- Up-to-date symlink: /home/suke/chicken_core/install/yolov10_msg/include/yolov10_msg/yolov10_msg/msg/detail/key_point2_d__rosidl_typesupport_fastrtps_c.h
[2.123s] -- Up-to-date symlink: /home/suke/chicken_core/install/yolov10_msg/include/yolov10_msg/yolov10_msg/msg/detail/key_point2_d_array__rosidl_typesupport_fastrtps_c.h
[2.123s] -- Up-to-date symlink: /home/suke/chicken_core/install/yolov10_msg/include/yolov10_msg/yolov10_msg/msg/detail/key_point3_d__rosidl_typesupport_fastrtps_c.h
[2.123s] -- Up-to-date symlink: /home/suke/chicken_core/install/yolov10_msg/include/yolov10_msg/yolov10_msg/msg/detail/key_point3_d_array__rosidl_typesupport_fastrtps_c.h
[2.123s] -- Up-to-date symlink: /home/suke/chicken_core/install/yolov10_msg/include/yolov10_msg/yolov10_msg/msg/detail/mask__rosidl_typesupport_fastrtps_c.h
[2.123s] -- Up-to-date symlink: /home/suke/chicken_core/install/yolov10_msg/include/yolov10_msg/yolov10_msg/msg/detail/point2_d__rosidl_typesupport_fastrtps_c.h
[2.123s] -- Up-to-date symlink: /home/suke/chicken_core/install/yolov10_msg/include/yolov10_msg/yolov10_msg/msg/detail/pose2_d__rosidl_typesupport_fastrtps_c.h
[2.123s] -- Up-to-date symlink: /home/suke/chicken_core/install/yolov10_msg/include/yolov10_msg/yolov10_msg/msg/detail/vector2__rosidl_typesupport_fastrtps_c.h
[2.123s] -- Up-to-date symlink: /home/suke/chicken_core/install/yolov10_msg/include/yolov10_msg/yolov10_msg/msg/rosidl_typesupport_fastrtps_c__visibility_control.h
[2.124s] -- Up-to-date symlink: /home/suke/chicken_core/install/yolov10_msg/include/yolov10_msg/yolov10_msg/msg/detail/bounding_box2_d__rosidl_typesupport_introspection_c.h
[2.124s] -- Up-to-date symlink: /home/suke/chicken_core/install/yolov10_msg/include/yolov10_msg/yolov10_msg/msg/detail/bounding_box3_d__rosidl_typesupport_introspection_c.h
[2.124s] -- Up-to-date symlink: /home/suke/chicken_core/install/yolov10_msg/include/yolov10_msg/yolov10_msg/msg/detail/detection__rosidl_typesupport_introspection_c.h
[2.124s] -- Up-to-date symlink: /home/suke/chicken_core/install/yolov10_msg/include/yolov10_msg/yolov10_msg/msg/detail/detection_array__rosidl_typesupport_introspection_c.h
[2.124s] -- Up-to-date symlink: /home/suke/chicken_core/install/yolov10_msg/include/yolov10_msg/yolov10_msg/msg/detail/key_point2_d__rosidl_typesupport_introspection_c.h
[2.124s] -- Up-to-date symlink: /home/suke/chicken_core/install/yolov10_msg/include/yolov10_msg/yolov10_msg/msg/detail/key_point2_d_array__rosidl_typesupport_introspection_c.h
[2.124s] -- Up-to-date symlink: /home/suke/chicken_core/install/yolov10_msg/include/yolov10_msg/yolov10_msg/msg/detail/key_point3_d__rosidl_typesupport_introspection_c.h
[2.124s] -- Up-to-date symlink: /home/suke/chicken_core/install/yolov10_msg/include/yolov10_msg/yolov10_msg/msg/detail/key_point3_d_array__rosidl_typesupport_introspection_c.h
[2.124s] -- Up-to-date symlink: /home/suke/chicken_core/install/yolov10_msg/include/yolov10_msg/yolov10_msg/msg/detail/mask__rosidl_typesupport_introspection_c.h
[2.124s] -- Up-to-date symlink: /home/suke/chicken_core/install/yolov10_msg/include/yolov10_msg/yolov10_msg/msg/detail/point2_d__rosidl_typesupport_introspection_c.h
[2.124s] -- Up-to-date symlink: /home/suke/chicken_core/install/yolov10_msg/include/yolov10_msg/yolov10_msg/msg/detail/pose2_d__rosidl_typesupport_introspection_c.h
[2.124s] -- Up-to-date symlink: /home/suke/chicken_core/install/yolov10_msg/include/yolov10_msg/yolov10_msg/msg/detail/vector2__rosidl_typesupport_introspection_c.h
[2.124s] -- Up-to-date symlink: /home/suke/chicken_core/install/yolov10_msg/include/yolov10_msg/yolov10_msg/msg/rosidl_typesupport_introspection_c__visibility_control.h
[2.125s] -- Up-to-date symlink: /home/suke/chicken_core/install/yolov10_msg/include/yolov10_msg/yolov10_msg/msg/bounding_box2_d.hpp
[2.125s] -- Up-to-date symlink: /home/suke/chicken_core/install/yolov10_msg/include/yolov10_msg/yolov10_msg/msg/bounding_box3_d.hpp
[2.125s] -- Up-to-date symlink: /home/suke/chicken_core/install/yolov10_msg/include/yolov10_msg/yolov10_msg/msg/detail/bounding_box2_d__builder.hpp
[2.125s] -- Up-to-date symlink: /home/suke/chicken_core/install/yolov10_msg/include/yolov10_msg/yolov10_msg/msg/detail/bounding_box2_d__struct.hpp
[2.125s] -- Up-to-date symlink: /home/suke/chicken_core/install/yolov10_msg/include/yolov10_msg/yolov10_msg/msg/detail/bounding_box2_d__traits.hpp
[2.125s] -- Up-to-date symlink: /home/suke/chicken_core/install/yolov10_msg/include/yolov10_msg/yolov10_msg/msg/detail/bounding_box3_d__builder.hpp
[2.125s] -- Up-to-date symlink: /home/suke/chicken_core/install/yolov10_msg/include/yolov10_msg/yolov10_msg/msg/detail/bounding_box3_d__struct.hpp
[2.125s] -- Up-to-date symlink: /home/suke/chicken_core/install/yolov10_msg/include/yolov10_msg/yolov10_msg/msg/detail/bounding_box3_d__traits.hpp
[2.125s] -- Up-to-date symlink: /home/suke/chicken_core/install/yolov10_msg/include/yolov10_msg/yolov10_msg/msg/detail/detection__builder.hpp
[2.125s] -- Up-to-date symlink: /home/suke/chicken_core/install/yolov10_msg/include/yolov10_msg/yolov10_msg/msg/detail/detection__struct.hpp
[2.125s] -- Up-to-date symlink: /home/suke/chicken_core/install/yolov10_msg/include/yolov10_msg/yolov10_msg/msg/detail/detection__traits.hpp
[2.125s] -- Up-to-date symlink: /home/suke/chicken_core/install/yolov10_msg/include/yolov10_msg/yolov10_msg/msg/detail/detection_array__builder.hpp
[2.125s] -- Up-to-date symlink: /home/suke/chicken_core/install/yolov10_msg/include/yolov10_msg/yolov10_msg/msg/detail/detection_array__struct.hpp
[2.125s] -- Up-to-date symlink: /home/suke/chicken_core/install/yolov10_msg/include/yolov10_msg/yolov10_msg/msg/detail/detection_array__traits.hpp
[2.125s] -- Up-to-date symlink: /home/suke/chicken_core/install/yolov10_msg/include/yolov10_msg/yolov10_msg/msg/detail/key_point2_d__builder.hpp
[2.125s] -- Up-to-date symlink: /home/suke/chicken_core/install/yolov10_msg/include/yolov10_msg/yolov10_msg/msg/detail/key_point2_d__struct.hpp
[2.125s] -- Up-to-date symlink: /home/suke/chicken_core/install/yolov10_msg/include/yolov10_msg/yolov10_msg/msg/detail/key_point2_d__traits.hpp
[2.125s] -- Up-to-date symlink: /home/suke/chicken_core/install/yolov10_msg/include/yolov10_msg/yolov10_msg/msg/detail/key_point2_d_array__builder.hpp
[2.125s] -- Up-to-date symlink: /home/suke/chicken_core/install/yolov10_msg/include/yolov10_msg/yolov10_msg/msg/detail/key_point2_d_array__struct.hpp
[2.125s] -- Up-to-date symlink: /home/suke/chicken_core/install/yolov10_msg/include/yolov10_msg/yolov10_msg/msg/detail/key_point2_d_array__traits.hpp
[2.125s] -- Up-to-date symlink: /home/suke/chicken_core/install/yolov10_msg/include/yolov10_msg/yolov10_msg/msg/detail/key_point3_d__builder.hpp
[2.125s] -- Up-to-date symlink: /home/suke/chicken_core/install/yolov10_msg/include/yolov10_msg/yolov10_msg/msg/detail/key_point3_d__struct.hpp
[2.125s] -- Up-to-date symlink: /home/suke/chicken_core/install/yolov10_msg/include/yolov10_msg/yolov10_msg/msg/detail/key_point3_d__traits.hpp
[2.126s] -- Up-to-date symlink: /home/suke/chicken_core/install/yolov10_msg/include/yolov10_msg/yolov10_msg/msg/detail/key_point3_d_array__builder.hpp
[2.126s] -- Up-to-date symlink: /home/suke/chicken_core/install/yolov10_msg/include/yolov10_msg/yolov10_msg/msg/detail/key_point3_d_array__struct.hpp
[2.126s] -- Up-to-date symlink: /home/suke/chicken_core/install/yolov10_msg/include/yolov10_msg/yolov10_msg/msg/detail/key_point3_d_array__traits.hpp
[2.126s] -- Up-to-date symlink: /home/suke/chicken_core/install/yolov10_msg/include/yolov10_msg/yolov10_msg/msg/detail/mask__builder.hpp
[2.126s] -- Up-to-date symlink: /home/suke/chicken_core/install/yolov10_msg/include/yolov10_msg/yolov10_msg/msg/detail/mask__struct.hpp
[2.126s] -- Up-to-date symlink: /home/suke/chicken_core/install/yolov10_msg/include/yolov10_msg/yolov10_msg/msg/detail/mask__traits.hpp
[2.126s] -- Up-to-date symlink: /home/suke/chicken_core/install/yolov10_msg/include/yolov10_msg/yolov10_msg/msg/detail/point2_d__builder.hpp
[2.126s] -- Up-to-date symlink: /home/suke/chicken_core/install/yolov10_msg/include/yolov10_msg/yolov10_msg/msg/detail/point2_d__struct.hpp
[2.126s] -- Up-to-date symlink: /home/suke/chicken_core/install/yolov10_msg/include/yolov10_msg/yolov10_msg/msg/detail/point2_d__traits.hpp
[2.126s] -- Up-to-date symlink: /home/suke/chicken_core/install/yolov10_msg/include/yolov10_msg/yolov10_msg/msg/detail/pose2_d__builder.hpp
[2.126s] -- Up-to-date symlink: /home/suke/chicken_core/install/yolov10_msg/include/yolov10_msg/yolov10_msg/msg/detail/pose2_d__struct.hpp
[2.126s] -- Up-to-date symlink: /home/suke/chicken_core/install/yolov10_msg/include/yolov10_msg/yolov10_msg/msg/detail/pose2_d__traits.hpp
[2.126s] -- Up-to-date symlink: /home/suke/chicken_core/install/yolov10_msg/include/yolov10_msg/yolov10_msg/msg/detail/vector2__builder.hpp
[2.126s] -- Up-to-date symlink: /home/suke/chicken_core/install/yolov10_msg/include/yolov10_msg/yolov10_msg/msg/detail/vector2__struct.hpp
[2.126s] -- Up-to-date symlink: /home/suke/chicken_core/install/yolov10_msg/include/yolov10_msg/yolov10_msg/msg/detail/vector2__traits.hpp
[2.126s] -- Up-to-date symlink: /home/suke/chicken_core/install/yolov10_msg/include/yolov10_msg/yolov10_msg/msg/detection.hpp
[2.126s] -- Up-to-date symlink: /home/suke/chicken_core/install/yolov10_msg/include/yolov10_msg/yolov10_msg/msg/detection_array.hpp
[2.126s] -- Up-to-date symlink: /home/suke/chicken_core/install/yolov10_msg/include/yolov10_msg/yolov10_msg/msg/key_point2_d.hpp
[2.126s] -- Up-to-date symlink: /home/suke/chicken_core/install/yolov10_msg/include/yolov10_msg/yolov10_msg/msg/key_point2_d_array.hpp
[2.126s] -- Up-to-date symlink: /home/suke/chicken_core/install/yolov10_msg/include/yolov10_msg/yolov10_msg/msg/key_point3_d.hpp
[2.126s] -- Up-to-date symlink: /home/suke/chicken_core/install/yolov10_msg/include/yolov10_msg/yolov10_msg/msg/key_point3_d_array.hpp
[2.126s] -- Up-to-date symlink: /home/suke/chicken_core/install/yolov10_msg/include/yolov10_msg/yolov10_msg/msg/mask.hpp
[2.126s] -- Up-to-date symlink: /home/suke/chicken_core/install/yolov10_msg/include/yolov10_msg/yolov10_msg/msg/point2_d.hpp
[2.126s] -- Up-to-date symlink: /home/suke/chicken_core/install/yolov10_msg/include/yolov10_msg/yolov10_msg/msg/pose2_d.hpp
[2.126s] -- Up-to-date symlink: /home/suke/chicken_core/install/yolov10_msg/include/yolov10_msg/yolov10_msg/msg/vector2.hpp
[2.127s] -- Up-to-date symlink: /home/suke/chicken_core/install/yolov10_msg/include/yolov10_msg/yolov10_msg/msg/detail/bounding_box2_d__rosidl_typesupport_fastrtps_cpp.hpp
[2.127s] -- Up-to-date symlink: /home/suke/chicken_core/install/yolov10_msg/include/yolov10_msg/yolov10_msg/msg/detail/bounding_box3_d__rosidl_typesupport_fastrtps_cpp.hpp
[2.127s] -- Up-to-date symlink: /home/suke/chicken_core/install/yolov10_msg/include/yolov10_msg/yolov10_msg/msg/detail/detection__rosidl_typesupport_fastrtps_cpp.hpp
[2.127s] -- Up-to-date symlink: /home/suke/chicken_core/install/yolov10_msg/include/yolov10_msg/yolov10_msg/msg/detail/detection_array__rosidl_typesupport_fastrtps_cpp.hpp
[2.127s] -- Up-to-date symlink: /home/suke/chicken_core/install/yolov10_msg/include/yolov10_msg/yolov10_msg/msg/detail/key_point2_d__rosidl_typesupport_fastrtps_cpp.hpp
[2.127s] -- Up-to-date symlink: /home/suke/chicken_core/install/yolov10_msg/include/yolov10_msg/yolov10_msg/msg/detail/key_point2_d_array__rosidl_typesupport_fastrtps_cpp.hpp
[2.127s] -- Up-to-date symlink: /home/suke/chicken_core/install/yolov10_msg/include/yolov10_msg/yolov10_msg/msg/detail/key_point3_d__rosidl_typesupport_fastrtps_cpp.hpp
[2.127s] -- Up-to-date symlink: /home/suke/chicken_core/install/yolov10_msg/include/yolov10_msg/yolov10_msg/msg/detail/key_point3_d_array__rosidl_typesupport_fastrtps_cpp.hpp
[2.127s] -- Up-to-date symlink: /home/suke/chicken_core/install/yolov10_msg/include/yolov10_msg/yolov10_msg/msg/detail/mask__rosidl_typesupport_fastrtps_cpp.hpp
[2.128s] -- Up-to-date symlink: /home/suke/chicken_core/install/yolov10_msg/include/yolov10_msg/yolov10_msg/msg/detail/point2_d__rosidl_typesupport_fastrtps_cpp.hpp
[2.128s] -- Up-to-date symlink: /home/suke/chicken_core/install/yolov10_msg/include/yolov10_msg/yolov10_msg/msg/detail/pose2_d__rosidl_typesupport_fastrtps_cpp.hpp
[2.128s] -- Up-to-date symlink: /home/suke/chicken_core/install/yolov10_msg/include/yolov10_msg/yolov10_msg/msg/detail/vector2__rosidl_typesupport_fastrtps_cpp.hpp
[2.128s] -- Up-to-date symlink: /home/suke/chicken_core/install/yolov10_msg/include/yolov10_msg/yolov10_msg/msg/rosidl_typesupport_fastrtps_cpp__visibility_control.h
[2.128s] -- Up-to-date symlink: /home/suke/chicken_core/install/yolov10_msg/include/yolov10_msg/yolov10_msg/msg/detail/bounding_box2_d__rosidl_typesupport_introspection_cpp.hpp
[2.128s] -- Up-to-date symlink: /home/suke/chicken_core/install/yolov10_msg/include/yolov10_msg/yolov10_msg/msg/detail/bounding_box3_d__rosidl_typesupport_introspection_cpp.hpp
[2.128s] -- Up-to-date symlink: /home/suke/chicken_core/install/yolov10_msg/include/yolov10_msg/yolov10_msg/msg/detail/detection__rosidl_typesupport_introspection_cpp.hpp
[2.128s] -- Up-to-date symlink: /home/suke/chicken_core/install/yolov10_msg/include/yolov10_msg/yolov10_msg/msg/detail/detection_array__rosidl_typesupport_introspection_cpp.hpp
[2.128s] -- Up-to-date symlink: /home/suke/chicken_core/install/yolov10_msg/include/yolov10_msg/yolov10_msg/msg/detail/key_point2_d__rosidl_typesupport_introspection_cpp.hpp
[2.128s] -- Up-to-date symlink: /home/suke/chicken_core/install/yolov10_msg/include/yolov10_msg/yolov10_msg/msg/detail/key_point2_d_array__rosidl_typesupport_introspection_cpp.hpp
[2.128s] -- Up-to-date symlink: /home/suke/chicken_core/install/yolov10_msg/include/yolov10_msg/yolov10_msg/msg/detail/key_point3_d__rosidl_typesupport_introspection_cpp.hpp
[2.128s] -- Up-to-date symlink: /home/suke/chicken_core/install/yolov10_msg/include/yolov10_msg/yolov10_msg/msg/detail/key_point3_d_array__rosidl_typesupport_introspection_cpp.hpp
[2.128s] -- Up-to-date symlink: /home/suke/chicken_core/install/yolov10_msg/include/yolov10_msg/yolov10_msg/msg/detail/mask__rosidl_typesupport_introspection_cpp.hpp
[2.128s] -- Up-to-date symlink: /home/suke/chicken_core/install/yolov10_msg/include/yolov10_msg/yolov10_msg/msg/detail/point2_d__rosidl_typesupport_introspection_cpp.hpp
[2.129s] -- Up-to-date symlink: /home/suke/chicken_core/install/yolov10_msg/include/yolov10_msg/yolov10_msg/msg/detail/pose2_d__rosidl_typesupport_introspection_cpp.hpp
[2.129s] -- Up-to-date symlink: /home/suke/chicken_core/install/yolov10_msg/include/yolov10_msg/yolov10_msg/msg/detail/vector2__rosidl_typesupport_introspection_cpp.hpp
[2.129s] -- Up-to-date symlink: /home/suke/chicken_core/install/yolov10_msg/share/yolov10_msg/environment/pythonpath.sh
[2.129s] -- Up-to-date symlink: /home/suke/chicken_core/install/yolov10_msg/share/yolov10_msg/environment/pythonpath.dsv
[2.129s] -- Up-to-date symlink: /home/suke/chicken_core/install/yolov10_msg/local/lib/python3.10/dist-packages/yolov10_msg-0.0.0-py3.10.egg-info/PKG-INFO
[2.129s] -- Up-to-date symlink: /home/suke/chicken_core/install/yolov10_msg/local/lib/python3.10/dist-packages/yolov10_msg-0.0.0-py3.10.egg-info/SOURCES.txt
[2.129s] -- Up-to-date symlink: /home/suke/chicken_core/install/yolov10_msg/local/lib/python3.10/dist-packages/yolov10_msg-0.0.0-py3.10.egg-info/dependency_links.txt
[2.129s] -- Up-to-date symlink: /home/suke/chicken_core/install/yolov10_msg/local/lib/python3.10/dist-packages/yolov10_msg-0.0.0-py3.10.egg-info/top_level.txt
[2.129s] -- Up-to-date symlink: /home/suke/chicken_core/install/yolov10_msg/local/lib/python3.10/dist-packages/yolov10_msg/__init__.py
[2.129s] -- Up-to-date symlink: /home/suke/chicken_core/install/yolov10_msg/local/lib/python3.10/dist-packages/yolov10_msg/_yolov10_msg_s.ep.rosidl_typesupport_c.c
[2.129s] -- Up-to-date symlink: /home/suke/chicken_core/install/yolov10_msg/local/lib/python3.10/dist-packages/yolov10_msg/_yolov10_msg_s.ep.rosidl_typesupport_fastrtps_c.c
[2.129s] -- Up-to-date symlink: /home/suke/chicken_core/install/yolov10_msg/local/lib/python3.10/dist-packages/yolov10_msg/_yolov10_msg_s.ep.rosidl_typesupport_introspection_c.c
[2.129s] -- Up-to-date symlink: /home/suke/chicken_core/install/yolov10_msg/local/lib/python3.10/dist-packages/yolov10_msg/libyolov10_msg__rosidl_generator_py.so
[2.129s] -- Up-to-date symlink: /home/suke/chicken_core/install/yolov10_msg/local/lib/python3.10/dist-packages/yolov10_msg/msg/__init__.py
[2.130s] -- Up-to-date symlink: /home/suke/chicken_core/install/yolov10_msg/local/lib/python3.10/dist-packages/yolov10_msg/msg/_bounding_box2_d.py
[2.130s] -- Up-to-date symlink: /home/suke/chicken_core/install/yolov10_msg/local/lib/python3.10/dist-packages/yolov10_msg/msg/_bounding_box2_d_s.c
[2.130s] -- Up-to-date symlink: /home/suke/chicken_core/install/yolov10_msg/local/lib/python3.10/dist-packages/yolov10_msg/msg/_bounding_box3_d.py
[2.130s] -- Up-to-date symlink: /home/suke/chicken_core/install/yolov10_msg/local/lib/python3.10/dist-packages/yolov10_msg/msg/_bounding_box3_d_s.c
[2.130s] -- Up-to-date symlink: /home/suke/chicken_core/install/yolov10_msg/local/lib/python3.10/dist-packages/yolov10_msg/msg/_detection.py
[2.130s] -- Up-to-date symlink: /home/suke/chicken_core/install/yolov10_msg/local/lib/python3.10/dist-packages/yolov10_msg/msg/_detection_array.py
[2.130s] -- Up-to-date symlink: /home/suke/chicken_core/install/yolov10_msg/local/lib/python3.10/dist-packages/yolov10_msg/msg/_detection_array_s.c
[2.130s] -- Up-to-date symlink: /home/suke/chicken_core/install/yolov10_msg/local/lib/python3.10/dist-packages/yolov10_msg/msg/_detection_s.c
[2.130s] -- Up-to-date symlink: /home/suke/chicken_core/install/yolov10_msg/local/lib/python3.10/dist-packages/yolov10_msg/msg/_key_point2_d.py
[2.130s] -- Up-to-date symlink: /home/suke/chicken_core/install/yolov10_msg/local/lib/python3.10/dist-packages/yolov10_msg/msg/_key_point2_d_array.py
[2.130s] -- Up-to-date symlink: /home/suke/chicken_core/install/yolov10_msg/local/lib/python3.10/dist-packages/yolov10_msg/msg/_key_point2_d_array_s.c
[2.130s] -- Up-to-date symlink: /home/suke/chicken_core/install/yolov10_msg/local/lib/python3.10/dist-packages/yolov10_msg/msg/_key_point2_d_s.c
[2.130s] -- Up-to-date symlink: /home/suke/chicken_core/install/yolov10_msg/local/lib/python3.10/dist-packages/yolov10_msg/msg/_key_point3_d.py
[2.130s] -- Up-to-date symlink: /home/suke/chicken_core/install/yolov10_msg/local/lib/python3.10/dist-packages/yolov10_msg/msg/_key_point3_d_array.py
[2.130s] -- Up-to-date symlink: /home/suke/chicken_core/install/yolov10_msg/local/lib/python3.10/dist-packages/yolov10_msg/msg/_key_point3_d_array_s.c
[2.130s] -- Up-to-date symlink: /home/suke/chicken_core/install/yolov10_msg/local/lib/python3.10/dist-packages/yolov10_msg/msg/_key_point3_d_s.c
[2.130s] -- Up-to-date symlink: /home/suke/chicken_core/install/yolov10_msg/local/lib/python3.10/dist-packages/yolov10_msg/msg/_mask.py
[2.130s] -- Up-to-date symlink: /home/suke/chicken_core/install/yolov10_msg/local/lib/python3.10/dist-packages/yolov10_msg/msg/_mask_s.c
[2.130s] -- Up-to-date symlink: /home/suke/chicken_core/install/yolov10_msg/local/lib/python3.10/dist-packages/yolov10_msg/msg/_point2_d.py
[2.130s] -- Up-to-date symlink: /home/suke/chicken_core/install/yolov10_msg/local/lib/python3.10/dist-packages/yolov10_msg/msg/_point2_d_s.c
[2.130s] -- Up-to-date symlink: /home/suke/chicken_core/install/yolov10_msg/local/lib/python3.10/dist-packages/yolov10_msg/msg/_pose2_d.py
[2.130s] -- Up-to-date symlink: /home/suke/chicken_core/install/yolov10_msg/local/lib/python3.10/dist-packages/yolov10_msg/msg/_pose2_d_s.c
[2.130s] -- Up-to-date symlink: /home/suke/chicken_core/install/yolov10_msg/local/lib/python3.10/dist-packages/yolov10_msg/msg/_vector2.py
[2.130s] -- Up-to-date symlink: /home/suke/chicken_core/install/yolov10_msg/local/lib/python3.10/dist-packages/yolov10_msg/msg/_vector2_s.c
[2.130s] -- Up-to-date symlink: /home/suke/chicken_core/install/yolov10_msg/local/lib/python3.10/dist-packages/yolov10_msg/yolov10_msg_s__rosidl_typesupport_c.cpython-310-x86_64-linux-gnu.so
[2.130s] -- Up-to-date symlink: /home/suke/chicken_core/install/yolov10_msg/local/lib/python3.10/dist-packages/yolov10_msg/yolov10_msg_s__rosidl_typesupport_fastrtps_c.cpython-310-x86_64-linux-gnu.so
[2.130s] -- Up-to-date symlink: /home/suke/chicken_core/install/yolov10_msg/local/lib/python3.10/dist-packages/yolov10_msg/yolov10_msg_s__rosidl_typesupport_introspection_c.cpython-310-x86_64-linux-gnu.so
[2.130s] -- Up-to-date symlink: /home/suke/chicken_core/install/yolov10_msg/local/lib/python3.10/dist-packages/yolov10_msg/yolov10_msg_s__rosidl_typesupport_fastrtps_c.cpython-310-x86_64-linux-gnu.so
[2.130s] -- Up-to-date symlink: /home/suke/chicken_core/install/yolov10_msg/local/lib/python3.10/dist-packages/yolov10_msg/yolov10_msg_s__rosidl_typesupport_introspection_c.cpython-310-x86_64-linux-gnu.so
[2.131s] -- Up-to-date symlink: /home/suke/chicken_core/install/yolov10_msg/local/lib/python3.10/dist-packages/yolov10_msg/yolov10_msg_s__rosidl_typesupport_c.cpython-310-x86_64-linux-gnu.so
[2.131s] -- Up-to-date symlink: /home/suke/chicken_core/install/yolov10_msg/share/yolov10_msg/msg/Point2D.idl
[2.131s] -- Up-to-date symlink: /home/suke/chicken_core/install/yolov10_msg/share/yolov10_msg/msg/Vector2.idl
[2.131s] -- Up-to-date symlink: /home/suke/chicken_core/install/yolov10_msg/share/yolov10_msg/msg/Pose2D.idl
[2.131s] -- Up-to-date symlink: /home/suke/chicken_core/install/yolov10_msg/share/yolov10_msg/msg/BoundingBox2D.idl
[2.131s] -- Up-to-date symlink: /home/suke/chicken_core/install/yolov10_msg/share/yolov10_msg/msg/BoundingBox3D.idl
[2.131s] -- Up-to-date symlink: /home/suke/chicken_core/install/yolov10_msg/share/yolov10_msg/msg/Mask.idl
[2.131s] -- Up-to-date symlink: /home/suke/chicken_core/install/yolov10_msg/share/yolov10_msg/msg/KeyPoint2D.idl
[2.131s] -- Up-to-date symlink: /home/suke/chicken_core/install/yolov10_msg/share/yolov10_msg/msg/KeyPoint2DArray.idl
[2.131s] -- Up-to-date symlink: /home/suke/chicken_core/install/yolov10_msg/share/yolov10_msg/msg/KeyPoint3D.idl
[2.131s] -- Up-to-date symlink: /home/suke/chicken_core/install/yolov10_msg/share/yolov10_msg/msg/KeyPoint3DArray.idl
[2.131s] -- Up-to-date symlink: /home/suke/chicken_core/install/yolov10_msg/share/yolov10_msg/msg/Detection.idl
[2.131s] -- Up-to-date symlink: /home/suke/chicken_core/install/yolov10_msg/share/yolov10_msg/msg/DetectionArray.idl
[2.131s] -- Up-to-date symlink: /home/suke/chicken_core/install/yolov10_msg/share/yolov10_msg/msg/Point2D.msg
[2.131s] -- Up-to-date symlink: /home/suke/chicken_core/install/yolov10_msg/share/yolov10_msg/msg/Vector2.msg
[2.131s] -- Up-to-date symlink: /home/suke/chicken_core/install/yolov10_msg/share/yolov10_msg/msg/Pose2D.msg
[2.132s] -- Up-to-date symlink: /home/suke/chicken_core/install/yolov10_msg/share/yolov10_msg/msg/BoundingBox2D.msg
[2.132s] -- Up-to-date symlink: /home/suke/chicken_core/install/yolov10_msg/share/yolov10_msg/msg/BoundingBox3D.msg
[2.132s] -- Up-to-date symlink: /home/suke/chicken_core/install/yolov10_msg/share/yolov10_msg/msg/Mask.msg
[2.132s] -- Up-to-date symlink: /home/suke/chicken_core/install/yolov10_msg/share/yolov10_msg/msg/KeyPoint2D.msg
[2.132s] -- Up-to-date symlink: /home/suke/chicken_core/install/yolov10_msg/share/yolov10_msg/msg/KeyPoint2DArray.msg
[2.132s] -- Up-to-date symlink: /home/suke/chicken_core/install/yolov10_msg/share/yolov10_msg/msg/KeyPoint3D.msg
[2.132s] -- Up-to-date symlink: /home/suke/chicken_core/install/yolov10_msg/share/yolov10_msg/msg/KeyPoint3DArray.msg
[2.132s] -- Up-to-date symlink: /home/suke/chicken_core/install/yolov10_msg/share/yolov10_msg/msg/Detection.msg
[2.132s] -- Up-to-date symlink: /home/suke/chicken_core/install/yolov10_msg/share/yolov10_msg/msg/DetectionArray.msg
[2.132s] -- Up-to-date symlink: /home/suke/chicken_core/install/yolov10_msg/share/ament_index/resource_index/package_run_dependencies/yolov10_msg
[2.132s] -- Up-to-date symlink: /home/suke/chicken_core/install/yolov10_msg/share/ament_index/resource_index/parent_prefix_path/yolov10_msg
[2.132s] -- Up-to-date symlink: /home/suke/chicken_core/install/yolov10_msg/share/yolov10_msg/environment/ament_prefix_path.sh
[2.132s] -- Up-to-date symlink: /home/suke/chicken_core/install/yolov10_msg/share/yolov10_msg/environment/ament_prefix_path.dsv
[2.132s] -- Up-to-date symlink: /home/suke/chicken_core/install/yolov10_msg/share/yolov10_msg/environment/path.sh
[2.132s] -- Up-to-date symlink: /home/suke/chicken_core/install/yolov10_msg/share/yolov10_msg/environment/path.dsv
[2.132s] -- Up-to-date symlink: /home/suke/chicken_core/install/yolov10_msg/share/yolov10_msg/local_setup.bash
[2.132s] -- Up-to-date symlink: /home/suke/chicken_core/install/yolov10_msg/share/yolov10_msg/local_setup.sh
[2.133s] -- Up-to-date symlink: /home/suke/chicken_core/install/yolov10_msg/share/yolov10_msg/local_setup.zsh
[2.133s] -- Up-to-date symlink: /home/suke/chicken_core/install/yolov10_msg/share/yolov10_msg/local_setup.dsv
[2.133s] -- Symlinking: /home/suke/chicken_core/install/yolov10_msg/share/yolov10_msg/package.dsv
[2.140s] -- Up-to-date symlink: /home/suke/chicken_core/install/yolov10_msg/share/ament_index/resource_index/packages/yolov10_msg
[2.140s] -- Up-to-date symlink: /home/suke/chicken_core/install/yolov10_msg/share/yolov10_msg/cmake/rosidl_cmake-extras.cmake
[2.140s] -- Up-to-date symlink: /home/suke/chicken_core/install/yolov10_msg/share/yolov10_msg/cmake/ament_cmake_export_dependencies-extras.cmake
[2.140s] -- Up-to-date symlink: /home/suke/chicken_core/install/yolov10_msg/share/yolov10_msg/cmake/ament_cmake_export_include_directories-extras.cmake
[2.140s] -- Up-to-date symlink: /home/suke/chicken_core/install/yolov10_msg/share/yolov10_msg/cmake/ament_cmake_export_libraries-extras.cmake
[2.140s] -- Up-to-date symlink: /home/suke/chicken_core/install/yolov10_msg/share/yolov10_msg/cmake/ament_cmake_export_targets-extras.cmake
[2.141s] -- Up-to-date symlink: /home/suke/chicken_core/install/yolov10_msg/share/yolov10_msg/cmake/rosidl_cmake_export_typesupport_targets-extras.cmake
[2.141s] -- Up-to-date symlink: /home/suke/chicken_core/install/yolov10_msg/share/yolov10_msg/cmake/rosidl_cmake_export_typesupport_libraries-extras.cmake
[2.141s] -- Up-to-date symlink: /home/suke/chicken_core/install/yolov10_msg/share/yolov10_msg/cmake/yolov10_msgConfig.cmake
[2.141s] -- Up-to-date symlink: /home/suke/chicken_core/install/yolov10_msg/share/yolov10_msg/cmake/yolov10_msgConfig-version.cmake
[2.141s] -- Up-to-date symlink: /home/suke/chicken_core/install/yolov10_msg/share/yolov10_msg/package.xml
[2.141s] -- Up-to-date: /home/suke/chicken_core/install/yolov10_msg/lib/libyolov10_msg__rosidl_generator_c.so
[2.141s] -- Up-to-date: /home/suke/chicken_core/install/yolov10_msg/lib/libyolov10_msg__rosidl_typesupport_fastrtps_c.so
[2.141s] -- Up-to-date: /home/suke/chicken_core/install/yolov10_msg/lib/libyolov10_msg__rosidl_typesupport_introspection_c.so
[2.141s] -- Up-to-date: /home/suke/chicken_core/install/yolov10_msg/lib/libyolov10_msg__rosidl_typesupport_c.so
[2.141s] -- Up-to-date: /home/suke/chicken_core/install/yolov10_msg/lib/libyolov10_msg__rosidl_typesupport_fastrtps_cpp.so
[2.141s] -- Up-to-date: /home/suke/chicken_core/install/yolov10_msg/lib/libyolov10_msg__rosidl_typesupport_introspection_cpp.so
[2.142s] -- Up-to-date: /home/suke/chicken_core/install/yolov10_msg/lib/libyolov10_msg__rosidl_typesupport_cpp.so
[2.168s] Listing '/home/suke/chicken_core/install/yolov10_msg/local/lib/python3.10/dist-packages/yolov10_msg'...
[2.168s] Compiling '/home/suke/chicken_core/install/yolov10_msg/local/lib/python3.10/dist-packages/yolov10_msg/__init__.py'...
[2.168s] Listing '/home/suke/chicken_core/install/yolov10_msg/local/lib/python3.10/dist-packages/yolov10_msg/msg'...
[2.171s] -- Up-to-date: /home/suke/chicken_core/install/yolov10_msg/lib/libyolov10_msg__rosidl_generator_py.so
[2.171s] -- Up-to-date: /home/suke/chicken_core/install/yolov10_msg/share/yolov10_msg/cmake/export_yolov10_msg__rosidl_generator_cExport.cmake
[2.171s] -- Up-to-date: /home/suke/chicken_core/install/yolov10_msg/share/yolov10_msg/cmake/export_yolov10_msg__rosidl_generator_cExport-noconfig.cmake
[2.171s] -- Up-to-date: /home/suke/chicken_core/install/yolov10_msg/share/yolov10_msg/cmake/export_yolov10_msg__rosidl_typesupport_fastrtps_cExport.cmake
[2.171s] -- Up-to-date: /home/suke/chicken_core/install/yolov10_msg/share/yolov10_msg/cmake/export_yolov10_msg__rosidl_typesupport_fastrtps_cExport-noconfig.cmake
[2.171s] -- Up-to-date: /home/suke/chicken_core/install/yolov10_msg/share/yolov10_msg/cmake/yolov10_msg__rosidl_typesupport_introspection_cExport.cmake
[2.172s] -- Up-to-date: /home/suke/chicken_core/install/yolov10_msg/share/yolov10_msg/cmake/yolov10_msg__rosidl_typesupport_introspection_cExport-noconfig.cmake
[2.172s] -- Up-to-date: /home/suke/chicken_core/install/yolov10_msg/share/yolov10_msg/cmake/yolov10_msg__rosidl_typesupport_cExport.cmake
[2.172s] -- Up-to-date: /home/suke/chicken_core/install/yolov10_msg/share/yolov10_msg/cmake/yolov10_msg__rosidl_typesupport_cExport-noconfig.cmake
[2.172s] -- Up-to-date: /home/suke/chicken_core/install/yolov10_msg/share/yolov10_msg/cmake/export_yolov10_msg__rosidl_generator_cppExport.cmake
[2.172s] -- Up-to-date: /home/suke/chicken_core/install/yolov10_msg/share/yolov10_msg/cmake/export_yolov10_msg__rosidl_typesupport_fastrtps_cppExport.cmake
[2.172s] -- Up-to-date: /home/suke/chicken_core/install/yolov10_msg/share/yolov10_msg/cmake/export_yolov10_msg__rosidl_typesupport_fastrtps_cppExport-noconfig.cmake
[2.172s] -- Up-to-date: /home/suke/chicken_core/install/yolov10_msg/share/yolov10_msg/cmake/yolov10_msg__rosidl_typesupport_introspection_cppExport.cmake
[2.172s] -- Up-to-date: /home/suke/chicken_core/install/yolov10_msg/share/yolov10_msg/cmake/yolov10_msg__rosidl_typesupport_introspection_cppExport-noconfig.cmake
[2.172s] -- Up-to-date: /home/suke/chicken_core/install/yolov10_msg/share/yolov10_msg/cmake/yolov10_msg__rosidl_typesupport_cppExport.cmake
[2.172s] -- Up-to-date: /home/suke/chicken_core/install/yolov10_msg/share/yolov10_msg/cmake/yolov10_msg__rosidl_typesupport_cppExport-noconfig.cmake
[2.172s] -- Up-to-date: /home/suke/chicken_core/install/yolov10_msg/share/yolov10_msg/cmake/export_yolov10_msg__rosidl_generator_pyExport.cmake
[2.172s] -- Up-to-date: /home/suke/chicken_core/install/yolov10_msg/share/yolov10_msg/cmake/export_yolov10_msg__rosidl_generator_pyExport-noconfig.cmake
[2.173s] Invoked command in '/home/suke/chicken_core/build/yolov10_msg' returned '0': CMAKE_PREFIX_PATH=${CMAKE_PREFIX_PATH}:/home/suke/chicken_core/install/yolov10_ros:/home/suke/chicken_core/install/depth_anything_v2_ros2:/home/suke/chicken_core/install/cart_controller:/home/suke/ouxt_automation/robotx_ws/install/opencv_tests:/home/suke/ouxt_automation/robotx_ws/install/detic_onnx_ros2:/opt/ros/humble /usr/bin/cmake --install /home/suke/chicken_core/build/yolov10_msg
