[0.009s] Invoking command in '/home/suke/chicken_core/build/chicken_simulator': AMENT_PREFIX_PATH=/home/suke/chicken_core/install/chicken_utils:${AMENT_PREFIX_PATH} CMAKE_PREFIX_PATH=/home/suke/chicken_core/install/chicken_utils:/home/suke/ouxt_automation/robotx_ws/install/navi_sim:/home/suke/ouxt_automation/robotx_ws/install/wamv_description:/home/suke/ouxt_automation/robotx_ws/install/wamv_control:/home/suke/ouxt_automation/robotx_ws/install/vrx_bridge:/home/suke/ouxt_automation/robotx_ws/install/vision_opencv:/home/suke/ouxt_automation/robotx_ws/install/robotx_planner_bringup:/home/suke/ouxt_automation/robotx_ws/install/hermite_path_planner_bringup:/home/suke/ouxt_automation/robotx_ws/install/velocity_planner:/home/suke/ouxt_automation/robotx_ws/install/usv_controller:/home/suke/ouxt_automation/robotx_ws/install/robotx_communication:/home/suke/ouxt_automation/robotx_ws/install/tcp_sender:/home/suke/ouxt_automation/robotx_ws/install/playstation_controller_drivers:/home/suke/ouxt_automation/robotx_ws/install/sdl2_vendor2:/home/suke/ouxt_automation/robotx_ws/install/perception_bringup:/home/suke/ouxt_automation/robotx_ws/install/scan_segmentation:/home/suke/ouxt_automation/robotx_ws/install/robotx_msgs:/home/suke/ouxt_automation/robotx_ws/install/robotx_ekf:/home/suke/ouxt_automation/robotx_ws/install/robotx_costmap_calculator:/home/suke/ouxt_automation/robotx_ws/install/robotx_bt_planner:/home/suke/ouxt_automation/robotx_ws/install/robotx_behavior_tree:/home/suke/ouxt_automation/robotx_ws/install/robotx_behavior_msgs:/home/suke/ouxt_automation/robotx_ws/install/pure_pursuit_planner:/home/suke/ouxt_automation/robotx_ws/install/point_painting:/home/suke/ouxt_automation/robotx_ws/install/perception:/home/suke/ouxt_automation/robotx_ws/install/pcl_apps:/home/suke/ouxt_automation/robotx_ws/install/opencv_components:/home/suke/ouxt_automation/robotx_ws/install/perception_msgs:/home/suke/ouxt_automation/robotx_ws/install/pcl_type_adapter:/home/suke/ouxt_automation/robotx_ws/install/pcl_apps_msgs:/home/suke/ouxt_automation/robotx_ws/install/image_processing_utils:/home/suke/ouxt_automation/robotx_ws/install/image_geometry:/home/suke/ouxt_automation/robotx_ws/install/opencv_vendor:/home/suke/ouxt_automation/robotx_ws/install/odom_frame_publisher:/home/suke/ouxt_automation/robotx_ws/install/nmea_to_geopose:/home/suke/ouxt_automation/robotx_ws/install/ndt_omp:/home/suke/ouxt_automation/robotx_ws/install/mock_server:/home/suke/ouxt_automation/robotx_ws/install/lidar_camera_fusion:/home/suke/ouxt_automation/robotx_ws/install/message_synchronizer:/home/suke/ouxt_automation/robotx_ws/install/lua_vendor:/home/suke/ouxt_automation/robotx_ws/install/local_waypoint_server:/home/suke/ouxt_automation/robotx_ws/install/joy_to_twist:/home/suke/ouxt_automation/robotx_ws/install/hungarian_solver:/home/suke/ouxt_automation/robotx_ws/install/hermite_path_planner:/home/suke/ouxt_automation/robotx_ws/install/hermite_path_msgs:/home/suke/ouxt_automation/robotx_ws/install/grid_map_type_adapter:/home/suke/ouxt_automation/robotx_ws/install/geometry_msgs_data_buffer:/home/suke/ouxt_automation/robotx_ws/install/geographic_info:/home/suke/ouxt_automation/robotx_ws/install/geographic_conversion:/home/suke/ouxt_automation/robotx_ws/install/geodesy:/home/suke/ouxt_automation/robotx_ws/install/geographic_msgs:/home/suke/ouxt_automation/robotx_ws/install/detic_onnx_ros2_msg:/home/suke/ouxt_automation/robotx_ws/install/data_buffer:/home/suke/ouxt_automation/robotx_ws/install/cv_bridge:/home/suke/ouxt_automation/robotx_ws/install/costmap_to_point:/home/suke/ouxt_automation/robotx_ws/install/boost_geometry_util:/home/suke/ouxt_automation/robotx_ws/install/behavior_tree_action_builder:/home/suke/local/:/home/suke/ouxt_automation/robotx_ws/install/opencv_tests:/home/suke/ouxt_automation/robotx_ws/install/detic_onnx_ros2:/opt/ros/humble LD_LIBRARY_PATH=/home/suke/chicken_core/install/chicken_utils/lib:${LD_LIBRARY_PATH} /usr/bin/cmake /home/suke/chicken_core/src/simulation/chicken_simulator -DAMENT_CMAKE_SYMLINK_INSTALL=1 -DCMAKE_INSTALL_PREFIX=/home/suke/chicken_core/install/chicken_simulator
[0.055s] -- The C compiler identification is GNU 11.4.0
[0.101s] -- The CXX compiler identification is GNU 11.4.0
[0.109s] -- Detecting C compiler ABI info
[3.901s] -- Detecting C compiler ABI info - done
[3.906s] -- Check for working C compiler: /usr/lib/ccache/gcc - skipped
[3.907s] -- Detecting C compile features
[3.907s] -- Detecting C compile features - done
[3.909s] -- Detecting CXX compiler ABI info
[7.291s] -- Detecting CXX compiler ABI info - done
[7.295s] -- Check for working CXX compiler: /usr/lib/ccache/g++ - skipped
[7.296s] -- Detecting CXX compile features
[7.296s] -- Detecting CXX compile features - done
[7.300s] -- Found ament_cmake_auto: 1.3.9 (/opt/ros/humble/share/ament_cmake_auto/cmake)
[7.413s] -- Found Python3: /usr/bin/python3 (found version "3.10.12") found components: Interpreter 
[7.452s] -- Override CMake install command with custom implementation using symlinks instead of copying resources
[7.642s] -- Found rosidl_generator_c: 3.1.5 (/opt/ros/humble/share/rosidl_generator_c/cmake)
[7.654s] -- Found rosidl_adapter: 3.1.5 (/opt/ros/humble/share/rosidl_adapter/cmake)
[7.663s] -- Found rosidl_generator_cpp: 3.1.5 (/opt/ros/humble/share/rosidl_generator_cpp/cmake)
[7.677s] -- Using all available rosidl_typesupport_c: rosidl_typesupport_fastrtps_c;rosidl_typesupport_introspection_c
[7.696s] -- Using all available rosidl_typesupport_cpp: rosidl_typesupport_fastrtps_cpp;rosidl_typesupport_introspection_cpp
[7.760s] -- Found rmw_implementation_cmake: 6.1.2 (/opt/ros/humble/share/rmw_implementation_cmake/cmake)
[7.766s] -- Found rmw_cyclonedds_cpp: 1.3.4 (/opt/ros/humble/share/rmw_cyclonedds_cpp/cmake)
[7.801s] -- Using RMW implementation 'rmw_cyclonedds_cpp' as default
[7.816s] -- Looking for pthread.h
[8.081s] -- Looking for pthread.h - found
[8.081s] -- Performing Test CMAKE_HAVE_LIBC_PTHREAD
[8.291s] -- Performing Test CMAKE_HAVE_LIBC_PTHREAD - Success
[8.291s] -- Found Threads: TRUE  
[8.536s] -- Found PkgConfig: /usr/bin/pkg-config (found version "0.29.2") 
[8.537s] -- Checking for module 'bullet>=2.82'
[8.650s] --   Found bullet, version 3.05
[8.827s] -- Found fcl: /usr/include (found suitable version "0.7.0", minimum required is "0.5.0") 
[8.877s] -- Found assimp: /usr/include (found version "5.2.0") 
[9.169s] -- Found DART: /usr/include (Required is at least version "6.6") found components: dart 
[9.449s] -- Found Boost: /usr/lib/x86_64-linux-gnu/cmake/Boost-1.74.0/BoostConfig.cmake (found suitable version "1.74.0", minimum required is "1.40.0") found components: thread system filesystem program_options regex iostreams date_time 
[9.655s] -- Found Protobuf: /usr/lib/x86_64-linux-gnu/libprotobuf.so (found version "3.12.4") 
[9.749s] -- Looking for ignition-math6 -- found version 6.15.1
[9.951s] -- Searching for dependencies of ignition-math6
[9.999s] -- Looking for OGRE...
[10.001s] -- OGRE_PREFIX_WATCH changed.
[10.018s] -- Checking for module 'OGRE'
[10.060s] --   Found OGRE, version 1.9.0
[10.115s] -- Found Ogre Ghadamon (1.9.0)
[10.156s] -- Found OGRE: optimized;/usr/lib/x86_64-linux-gnu/libOgreMain.so;debug;/usr/lib/x86_64-linux-gnu/libOgreMain.so
[10.162s] -- Looking for OGRE_Paging...
[10.167s] -- Found OGRE_Paging: optimized;/usr/lib/x86_64-linux-gnu/libOgrePaging.so;debug;/usr/lib/x86_64-linux-gnu/libOgrePaging.so
[10.168s] -- Looking for OGRE_Terrain...
[10.173s] -- Found OGRE_Terrain: optimized;/usr/lib/x86_64-linux-gnu/libOgreTerrain.so;debug;/usr/lib/x86_64-linux-gnu/libOgreTerrain.so
[10.173s] -- Looking for OGRE_Property...
[10.178s] -- Found OGRE_Property: optimized;/usr/lib/x86_64-linux-gnu/libOgreProperty.so;debug;/usr/lib/x86_64-linux-gnu/libOgreProperty.so
[10.178s] -- Looking for OGRE_RTShaderSystem...
[10.184s] -- Found OGRE_RTShaderSystem: optimized;/usr/lib/x86_64-linux-gnu/libOgreRTShaderSystem.so;debug;/usr/lib/x86_64-linux-gnu/libOgreRTShaderSystem.so
[10.184s] -- Looking for OGRE_Volume...
[10.189s] -- Found OGRE_Volume: optimized;/usr/lib/x86_64-linux-gnu/libOgreVolume.so;debug;/usr/lib/x86_64-linux-gnu/libOgreVolume.so
[10.189s] -- Looking for OGRE_Overlay...
[10.195s] -- Found OGRE_Overlay: optimized;/usr/lib/x86_64-linux-gnu/libOgreOverlay.so;debug;/usr/lib/x86_64-linux-gnu/libOgreOverlay.so
[10.318s] -- Looking for ignition-math6 -- found version 6.15.1
[10.334s] -- Looking for ignition-transport8 -- found version 8.2.1
[10.334s] -- Searching for dependencies of ignition-transport8
[10.357s] -- Found Protobuf: /usr/lib/x86_64-linux-gnu/libprotobuf.so (found suitable version "3.12.4", minimum required is "3") 
[10.372s] -- Config-file not installed for ZeroMQ -- checking for pkg-config
[10.375s] -- Checking for module 'libzmq >= 4'
[10.539s] --   Found libzmq , version 4.3.4
[10.566s] -- Found ZeroMQ: TRUE (Required is at least version "4") 
[10.585s] -- Checking for module 'uuid'
[10.600s] --   Found uuid, version 2.37.2
[10.624s] -- Found UUID: TRUE  
[10.636s] -- Looking for ignition-msgs5 -- found version 5.8.1
[10.637s] -- Searching for dependencies of ignition-msgs5
[10.650s] -- Looking for ignition-math6 -- found version 6.15.1
[10.662s] -- Checking for module 'tinyxml2'
[10.675s] --   Found tinyxml2, version 9.0.0
[10.714s] -- Looking for ignition-msgs5 -- found version 5.8.1
[10.736s] -- Looking for ignition-common3 -- found version 3.14.0
[10.737s] -- Searching for dependencies of ignition-common3
[10.741s] -- Looking for dlfcn.h - found
[10.742s] -- Looking for libdl - found
[10.743s] -- Found DL: TRUE  
[10.782s] -- Found tinyobjloader: /usr/lib/x86_64-linux-gnu/cmake/tinyobjloader/tinyobjloader-config.cmake (found version "2.0.0") 
[10.792s] -- Searching for <ignition-common3> component [graphics]
[10.805s] -- Looking for ignition-common3-graphics -- found version 3.14.0
[10.805s] -- Searching for dependencies of ignition-common3-graphics
[10.805s] -- Looking for ignition-math6 -- found version 6.15.1
[10.851s] -- Looking for ignition-fuel_tools4 -- found version 4.4.0
[10.851s] -- Searching for dependencies of ignition-fuel_tools4
[10.935s] -- Found CURL: /usr/lib/x86_64-linux-gnu/libcurl.so (found version "7.81.0")  
[11.026s] -- Checking for module 'jsoncpp'
[11.045s] --   Found jsoncpp, version 1.9.5
[11.070s] -- Found JSONCPP: TRUE  
[11.085s] -- Checking for module 'libzip'
[11.105s] --   Found libzip, version 1.7.3
[11.135s] -- Found ZIP: TRUE  
[11.135s] -- Looking for ignition-common3 -- found version 3.14.0
[11.135s] -- Looking for ignition-math6 -- found version 6.15.1
[11.136s] -- Looking for ignition-msgs5 -- found version 5.8.1
[11.219s] -- Gazebo version: 11.10
[11.219s] -- Checking for module 'tbb'
[11.238s] --   Found tbb, version 2021.5.0
[11.489s] -- Found eigen3_cmake_module: 0.1.1 (/opt/ros/humble/share/eigen3_cmake_module/cmake)
[11.489s] -- Found Eigen3: TRUE (found version "3.4.0") 
[11.489s] -- Ensuring Eigen3 include directory is part of orocos-kdl CMake target
[12.378s] -- Found ament_lint_auto: 0.12.11 (/opt/ros/humble/share/ament_lint_auto/cmake)
[12.418s] -- Added test 'copyright' to check source files copyright and LICENSE
[12.419s] -- Added test 'cppcheck' to perform static code analysis on C / C++ code
[12.420s] -- Configured cppcheck include dirs: /home/suke/chicken_core/src/simulation/chicken_simulator/include;/home/suke/chicken_core/src/simulation/chicken_simulator/urdf
[12.420s] -- Configured cppcheck exclude dirs and/or files: 
[12.421s] -- Added test 'cpplint' to check C / C++ code against the Google style
[12.421s] -- Configured cpplint exclude dirs and/or files: 
[12.421s] -- Added test 'flake8' to check Python code syntax and style conventions
[12.422s] -- Added test 'lint_cmake' to check CMake code style
[12.423s] -- Added test 'pep257' to check Python code against some of the docstring style conventions in PEP 257
[12.424s] -- Added test 'uncrustify' to check C / C++ code style
[12.424s] -- Configured uncrustify additional arguments: 
[12.424s] -- Added test 'xmllint' to check XML markup files
[12.426s] -- Configuring done
[13.298s] -- Generating done
[13.300s] -- Build files have been written to: /home/suke/chicken_core/build/chicken_simulator
[13.308s] Invoked command in '/home/suke/chicken_core/build/chicken_simulator' returned '0': AMENT_PREFIX_PATH=/home/suke/chicken_core/install/chicken_utils:${AMENT_PREFIX_PATH} CMAKE_PREFIX_PATH=/home/suke/chicken_core/install/chicken_utils:/home/suke/ouxt_automation/robotx_ws/install/navi_sim:/home/suke/ouxt_automation/robotx_ws/install/wamv_description:/home/suke/ouxt_automation/robotx_ws/install/wamv_control:/home/suke/ouxt_automation/robotx_ws/install/vrx_bridge:/home/suke/ouxt_automation/robotx_ws/install/vision_opencv:/home/suke/ouxt_automation/robotx_ws/install/robotx_planner_bringup:/home/suke/ouxt_automation/robotx_ws/install/hermite_path_planner_bringup:/home/suke/ouxt_automation/robotx_ws/install/velocity_planner:/home/suke/ouxt_automation/robotx_ws/install/usv_controller:/home/suke/ouxt_automation/robotx_ws/install/robotx_communication:/home/suke/ouxt_automation/robotx_ws/install/tcp_sender:/home/suke/ouxt_automation/robotx_ws/install/playstation_controller_drivers:/home/suke/ouxt_automation/robotx_ws/install/sdl2_vendor2:/home/suke/ouxt_automation/robotx_ws/install/perception_bringup:/home/suke/ouxt_automation/robotx_ws/install/scan_segmentation:/home/suke/ouxt_automation/robotx_ws/install/robotx_msgs:/home/suke/ouxt_automation/robotx_ws/install/robotx_ekf:/home/suke/ouxt_automation/robotx_ws/install/robotx_costmap_calculator:/home/suke/ouxt_automation/robotx_ws/install/robotx_bt_planner:/home/suke/ouxt_automation/robotx_ws/install/robotx_behavior_tree:/home/suke/ouxt_automation/robotx_ws/install/robotx_behavior_msgs:/home/suke/ouxt_automation/robotx_ws/install/pure_pursuit_planner:/home/suke/ouxt_automation/robotx_ws/install/point_painting:/home/suke/ouxt_automation/robotx_ws/install/perception:/home/suke/ouxt_automation/robotx_ws/install/pcl_apps:/home/suke/ouxt_automation/robotx_ws/install/opencv_components:/home/suke/ouxt_automation/robotx_ws/install/perception_msgs:/home/suke/ouxt_automation/robotx_ws/install/pcl_type_adapter:/home/suke/ouxt_automation/robotx_ws/install/pcl_apps_msgs:/home/suke/ouxt_automation/robotx_ws/install/image_processing_utils:/home/suke/ouxt_automation/robotx_ws/install/image_geometry:/home/suke/ouxt_automation/robotx_ws/install/opencv_vendor:/home/suke/ouxt_automation/robotx_ws/install/odom_frame_publisher:/home/suke/ouxt_automation/robotx_ws/install/nmea_to_geopose:/home/suke/ouxt_automation/robotx_ws/install/ndt_omp:/home/suke/ouxt_automation/robotx_ws/install/mock_server:/home/suke/ouxt_automation/robotx_ws/install/lidar_camera_fusion:/home/suke/ouxt_automation/robotx_ws/install/message_synchronizer:/home/suke/ouxt_automation/robotx_ws/install/lua_vendor:/home/suke/ouxt_automation/robotx_ws/install/local_waypoint_server:/home/suke/ouxt_automation/robotx_ws/install/joy_to_twist:/home/suke/ouxt_automation/robotx_ws/install/hungarian_solver:/home/suke/ouxt_automation/robotx_ws/install/hermite_path_planner:/home/suke/ouxt_automation/robotx_ws/install/hermite_path_msgs:/home/suke/ouxt_automation/robotx_ws/install/grid_map_type_adapter:/home/suke/ouxt_automation/robotx_ws/install/geometry_msgs_data_buffer:/home/suke/ouxt_automation/robotx_ws/install/geographic_info:/home/suke/ouxt_automation/robotx_ws/install/geographic_conversion:/home/suke/ouxt_automation/robotx_ws/install/geodesy:/home/suke/ouxt_automation/robotx_ws/install/geographic_msgs:/home/suke/ouxt_automation/robotx_ws/install/detic_onnx_ros2_msg:/home/suke/ouxt_automation/robotx_ws/install/data_buffer:/home/suke/ouxt_automation/robotx_ws/install/cv_bridge:/home/suke/ouxt_automation/robotx_ws/install/costmap_to_point:/home/suke/ouxt_automation/robotx_ws/install/boost_geometry_util:/home/suke/ouxt_automation/robotx_ws/install/behavior_tree_action_builder:/home/suke/local/:/home/suke/ouxt_automation/robotx_ws/install/opencv_tests:/home/suke/ouxt_automation/robotx_ws/install/detic_onnx_ros2:/opt/ros/humble LD_LIBRARY_PATH=/home/suke/chicken_core/install/chicken_utils/lib:${LD_LIBRARY_PATH} /usr/bin/cmake /home/suke/chicken_core/src/simulation/chicken_simulator -DAMENT_CMAKE_SYMLINK_INSTALL=1 -DCMAKE_INSTALL_PREFIX=/home/suke/chicken_core/install/chicken_simulator
[13.309s] Invoking command in '/home/suke/chicken_core/build/chicken_simulator': AMENT_PREFIX_PATH=/home/suke/chicken_core/install/chicken_utils:${AMENT_PREFIX_PATH} CMAKE_PREFIX_PATH=/home/suke/chicken_core/install/chicken_utils:/home/suke/ouxt_automation/robotx_ws/install/navi_sim:/home/suke/ouxt_automation/robotx_ws/install/wamv_description:/home/suke/ouxt_automation/robotx_ws/install/wamv_control:/home/suke/ouxt_automation/robotx_ws/install/vrx_bridge:/home/suke/ouxt_automation/robotx_ws/install/vision_opencv:/home/suke/ouxt_automation/robotx_ws/install/robotx_planner_bringup:/home/suke/ouxt_automation/robotx_ws/install/hermite_path_planner_bringup:/home/suke/ouxt_automation/robotx_ws/install/velocity_planner:/home/suke/ouxt_automation/robotx_ws/install/usv_controller:/home/suke/ouxt_automation/robotx_ws/install/robotx_communication:/home/suke/ouxt_automation/robotx_ws/install/tcp_sender:/home/suke/ouxt_automation/robotx_ws/install/playstation_controller_drivers:/home/suke/ouxt_automation/robotx_ws/install/sdl2_vendor2:/home/suke/ouxt_automation/robotx_ws/install/perception_bringup:/home/suke/ouxt_automation/robotx_ws/install/scan_segmentation:/home/suke/ouxt_automation/robotx_ws/install/robotx_msgs:/home/suke/ouxt_automation/robotx_ws/install/robotx_ekf:/home/suke/ouxt_automation/robotx_ws/install/robotx_costmap_calculator:/home/suke/ouxt_automation/robotx_ws/install/robotx_bt_planner:/home/suke/ouxt_automation/robotx_ws/install/robotx_behavior_tree:/home/suke/ouxt_automation/robotx_ws/install/robotx_behavior_msgs:/home/suke/ouxt_automation/robotx_ws/install/pure_pursuit_planner:/home/suke/ouxt_automation/robotx_ws/install/point_painting:/home/suke/ouxt_automation/robotx_ws/install/perception:/home/suke/ouxt_automation/robotx_ws/install/pcl_apps:/home/suke/ouxt_automation/robotx_ws/install/opencv_components:/home/suke/ouxt_automation/robotx_ws/install/perception_msgs:/home/suke/ouxt_automation/robotx_ws/install/pcl_type_adapter:/home/suke/ouxt_automation/robotx_ws/install/pcl_apps_msgs:/home/suke/ouxt_automation/robotx_ws/install/image_processing_utils:/home/suke/ouxt_automation/robotx_ws/install/image_geometry:/home/suke/ouxt_automation/robotx_ws/install/opencv_vendor:/home/suke/ouxt_automation/robotx_ws/install/odom_frame_publisher:/home/suke/ouxt_automation/robotx_ws/install/nmea_to_geopose:/home/suke/ouxt_automation/robotx_ws/install/ndt_omp:/home/suke/ouxt_automation/robotx_ws/install/mock_server:/home/suke/ouxt_automation/robotx_ws/install/lidar_camera_fusion:/home/suke/ouxt_automation/robotx_ws/install/message_synchronizer:/home/suke/ouxt_automation/robotx_ws/install/lua_vendor:/home/suke/ouxt_automation/robotx_ws/install/local_waypoint_server:/home/suke/ouxt_automation/robotx_ws/install/joy_to_twist:/home/suke/ouxt_automation/robotx_ws/install/hungarian_solver:/home/suke/ouxt_automation/robotx_ws/install/hermite_path_planner:/home/suke/ouxt_automation/robotx_ws/install/hermite_path_msgs:/home/suke/ouxt_automation/robotx_ws/install/grid_map_type_adapter:/home/suke/ouxt_automation/robotx_ws/install/geometry_msgs_data_buffer:/home/suke/ouxt_automation/robotx_ws/install/geographic_info:/home/suke/ouxt_automation/robotx_ws/install/geographic_conversion:/home/suke/ouxt_automation/robotx_ws/install/geodesy:/home/suke/ouxt_automation/robotx_ws/install/geographic_msgs:/home/suke/ouxt_automation/robotx_ws/install/detic_onnx_ros2_msg:/home/suke/ouxt_automation/robotx_ws/install/data_buffer:/home/suke/ouxt_automation/robotx_ws/install/cv_bridge:/home/suke/ouxt_automation/robotx_ws/install/costmap_to_point:/home/suke/ouxt_automation/robotx_ws/install/boost_geometry_util:/home/suke/ouxt_automation/robotx_ws/install/behavior_tree_action_builder:/home/suke/local/:/home/suke/ouxt_automation/robotx_ws/install/opencv_tests:/home/suke/ouxt_automation/robotx_ws/install/detic_onnx_ros2:/opt/ros/humble LD_LIBRARY_PATH=/home/suke/chicken_core/install/chicken_utils/lib:${LD_LIBRARY_PATH} /usr/bin/cmake --build /home/suke/chicken_core/build/chicken_simulator -- -j20 -l20
[13.349s] [ 25%] [32mBuilding CXX object CMakeFiles/chicken_simulator_node.dir/rclcpp_components/node_main_chicken_simulator_node.cpp.o[0m
[13.349s] [ 50%] [32mBuilding CXX object CMakeFiles/chicken_simulator.dir/src/chicken_simulator.cpp.o[0m
[13.386s] [ 75%] [32m[1mLinking CXX executable chicken_simulator_node[0m
[13.403s] [100%] [32m[1mLinking CXX shared library libchicken_simulator.so[0m
[13.472s] [100%] Built target chicken_simulator_node
[15.801s] [100%] Built target chicken_simulator
[15.811s] Invoked command in '/home/suke/chicken_core/build/chicken_simulator' returned '0': AMENT_PREFIX_PATH=/home/suke/chicken_core/install/chicken_utils:${AMENT_PREFIX_PATH} CMAKE_PREFIX_PATH=/home/suke/chicken_core/install/chicken_utils:/home/suke/ouxt_automation/robotx_ws/install/navi_sim:/home/suke/ouxt_automation/robotx_ws/install/wamv_description:/home/suke/ouxt_automation/robotx_ws/install/wamv_control:/home/suke/ouxt_automation/robotx_ws/install/vrx_bridge:/home/suke/ouxt_automation/robotx_ws/install/vision_opencv:/home/suke/ouxt_automation/robotx_ws/install/robotx_planner_bringup:/home/suke/ouxt_automation/robotx_ws/install/hermite_path_planner_bringup:/home/suke/ouxt_automation/robotx_ws/install/velocity_planner:/home/suke/ouxt_automation/robotx_ws/install/usv_controller:/home/suke/ouxt_automation/robotx_ws/install/robotx_communication:/home/suke/ouxt_automation/robotx_ws/install/tcp_sender:/home/suke/ouxt_automation/robotx_ws/install/playstation_controller_drivers:/home/suke/ouxt_automation/robotx_ws/install/sdl2_vendor2:/home/suke/ouxt_automation/robotx_ws/install/perception_bringup:/home/suke/ouxt_automation/robotx_ws/install/scan_segmentation:/home/suke/ouxt_automation/robotx_ws/install/robotx_msgs:/home/suke/ouxt_automation/robotx_ws/install/robotx_ekf:/home/suke/ouxt_automation/robotx_ws/install/robotx_costmap_calculator:/home/suke/ouxt_automation/robotx_ws/install/robotx_bt_planner:/home/suke/ouxt_automation/robotx_ws/install/robotx_behavior_tree:/home/suke/ouxt_automation/robotx_ws/install/robotx_behavior_msgs:/home/suke/ouxt_automation/robotx_ws/install/pure_pursuit_planner:/home/suke/ouxt_automation/robotx_ws/install/point_painting:/home/suke/ouxt_automation/robotx_ws/install/perception:/home/suke/ouxt_automation/robotx_ws/install/pcl_apps:/home/suke/ouxt_automation/robotx_ws/install/opencv_components:/home/suke/ouxt_automation/robotx_ws/install/perception_msgs:/home/suke/ouxt_automation/robotx_ws/install/pcl_type_adapter:/home/suke/ouxt_automation/robotx_ws/install/pcl_apps_msgs:/home/suke/ouxt_automation/robotx_ws/install/image_processing_utils:/home/suke/ouxt_automation/robotx_ws/install/image_geometry:/home/suke/ouxt_automation/robotx_ws/install/opencv_vendor:/home/suke/ouxt_automation/robotx_ws/install/odom_frame_publisher:/home/suke/ouxt_automation/robotx_ws/install/nmea_to_geopose:/home/suke/ouxt_automation/robotx_ws/install/ndt_omp:/home/suke/ouxt_automation/robotx_ws/install/mock_server:/home/suke/ouxt_automation/robotx_ws/install/lidar_camera_fusion:/home/suke/ouxt_automation/robotx_ws/install/message_synchronizer:/home/suke/ouxt_automation/robotx_ws/install/lua_vendor:/home/suke/ouxt_automation/robotx_ws/install/local_waypoint_server:/home/suke/ouxt_automation/robotx_ws/install/joy_to_twist:/home/suke/ouxt_automation/robotx_ws/install/hungarian_solver:/home/suke/ouxt_automation/robotx_ws/install/hermite_path_planner:/home/suke/ouxt_automation/robotx_ws/install/hermite_path_msgs:/home/suke/ouxt_automation/robotx_ws/install/grid_map_type_adapter:/home/suke/ouxt_automation/robotx_ws/install/geometry_msgs_data_buffer:/home/suke/ouxt_automation/robotx_ws/install/geographic_info:/home/suke/ouxt_automation/robotx_ws/install/geographic_conversion:/home/suke/ouxt_automation/robotx_ws/install/geodesy:/home/suke/ouxt_automation/robotx_ws/install/geographic_msgs:/home/suke/ouxt_automation/robotx_ws/install/detic_onnx_ros2_msg:/home/suke/ouxt_automation/robotx_ws/install/data_buffer:/home/suke/ouxt_automation/robotx_ws/install/cv_bridge:/home/suke/ouxt_automation/robotx_ws/install/costmap_to_point:/home/suke/ouxt_automation/robotx_ws/install/boost_geometry_util:/home/suke/ouxt_automation/robotx_ws/install/behavior_tree_action_builder:/home/suke/local/:/home/suke/ouxt_automation/robotx_ws/install/opencv_tests:/home/suke/ouxt_automation/robotx_ws/install/detic_onnx_ros2:/opt/ros/humble LD_LIBRARY_PATH=/home/suke/chicken_core/install/chicken_utils/lib:${LD_LIBRARY_PATH} /usr/bin/cmake --build /home/suke/chicken_core/build/chicken_simulator -- -j20 -l20
[15.845s] Invoking command in '/home/suke/chicken_core/build/chicken_simulator': AMENT_PREFIX_PATH=/home/suke/chicken_core/install/chicken_utils:${AMENT_PREFIX_PATH} CMAKE_PREFIX_PATH=/home/suke/chicken_core/install/chicken_utils:/home/suke/ouxt_automation/robotx_ws/install/navi_sim:/home/suke/ouxt_automation/robotx_ws/install/wamv_description:/home/suke/ouxt_automation/robotx_ws/install/wamv_control:/home/suke/ouxt_automation/robotx_ws/install/vrx_bridge:/home/suke/ouxt_automation/robotx_ws/install/vision_opencv:/home/suke/ouxt_automation/robotx_ws/install/robotx_planner_bringup:/home/suke/ouxt_automation/robotx_ws/install/hermite_path_planner_bringup:/home/suke/ouxt_automation/robotx_ws/install/velocity_planner:/home/suke/ouxt_automation/robotx_ws/install/usv_controller:/home/suke/ouxt_automation/robotx_ws/install/robotx_communication:/home/suke/ouxt_automation/robotx_ws/install/tcp_sender:/home/suke/ouxt_automation/robotx_ws/install/playstation_controller_drivers:/home/suke/ouxt_automation/robotx_ws/install/sdl2_vendor2:/home/suke/ouxt_automation/robotx_ws/install/perception_bringup:/home/suke/ouxt_automation/robotx_ws/install/scan_segmentation:/home/suke/ouxt_automation/robotx_ws/install/robotx_msgs:/home/suke/ouxt_automation/robotx_ws/install/robotx_ekf:/home/suke/ouxt_automation/robotx_ws/install/robotx_costmap_calculator:/home/suke/ouxt_automation/robotx_ws/install/robotx_bt_planner:/home/suke/ouxt_automation/robotx_ws/install/robotx_behavior_tree:/home/suke/ouxt_automation/robotx_ws/install/robotx_behavior_msgs:/home/suke/ouxt_automation/robotx_ws/install/pure_pursuit_planner:/home/suke/ouxt_automation/robotx_ws/install/point_painting:/home/suke/ouxt_automation/robotx_ws/install/perception:/home/suke/ouxt_automation/robotx_ws/install/pcl_apps:/home/suke/ouxt_automation/robotx_ws/install/opencv_components:/home/suke/ouxt_automation/robotx_ws/install/perception_msgs:/home/suke/ouxt_automation/robotx_ws/install/pcl_type_adapter:/home/suke/ouxt_automation/robotx_ws/install/pcl_apps_msgs:/home/suke/ouxt_automation/robotx_ws/install/image_processing_utils:/home/suke/ouxt_automation/robotx_ws/install/image_geometry:/home/suke/ouxt_automation/robotx_ws/install/opencv_vendor:/home/suke/ouxt_automation/robotx_ws/install/odom_frame_publisher:/home/suke/ouxt_automation/robotx_ws/install/nmea_to_geopose:/home/suke/ouxt_automation/robotx_ws/install/ndt_omp:/home/suke/ouxt_automation/robotx_ws/install/mock_server:/home/suke/ouxt_automation/robotx_ws/install/lidar_camera_fusion:/home/suke/ouxt_automation/robotx_ws/install/message_synchronizer:/home/suke/ouxt_automation/robotx_ws/install/lua_vendor:/home/suke/ouxt_automation/robotx_ws/install/local_waypoint_server:/home/suke/ouxt_automation/robotx_ws/install/joy_to_twist:/home/suke/ouxt_automation/robotx_ws/install/hungarian_solver:/home/suke/ouxt_automation/robotx_ws/install/hermite_path_planner:/home/suke/ouxt_automation/robotx_ws/install/hermite_path_msgs:/home/suke/ouxt_automation/robotx_ws/install/grid_map_type_adapter:/home/suke/ouxt_automation/robotx_ws/install/geometry_msgs_data_buffer:/home/suke/ouxt_automation/robotx_ws/install/geographic_info:/home/suke/ouxt_automation/robotx_ws/install/geographic_conversion:/home/suke/ouxt_automation/robotx_ws/install/geodesy:/home/suke/ouxt_automation/robotx_ws/install/geographic_msgs:/home/suke/ouxt_automation/robotx_ws/install/detic_onnx_ros2_msg:/home/suke/ouxt_automation/robotx_ws/install/data_buffer:/home/suke/ouxt_automation/robotx_ws/install/cv_bridge:/home/suke/ouxt_automation/robotx_ws/install/costmap_to_point:/home/suke/ouxt_automation/robotx_ws/install/boost_geometry_util:/home/suke/ouxt_automation/robotx_ws/install/behavior_tree_action_builder:/home/suke/local/:/home/suke/ouxt_automation/robotx_ws/install/opencv_tests:/home/suke/ouxt_automation/robotx_ws/install/detic_onnx_ros2:/opt/ros/humble LD_LIBRARY_PATH=/home/suke/chicken_core/install/chicken_utils/lib:${LD_LIBRARY_PATH} /usr/bin/cmake --install /home/suke/chicken_core/build/chicken_simulator
[15.858s] -- Install configuration: ""
[15.858s] -- Execute custom install script
[15.858s] -- Symlinking: /home/suke/chicken_core/install/chicken_simulator/lib/chicken_simulator/chicken_simulator_node
[15.868s] -- Symlinking: /home/suke/chicken_core/install/chicken_simulator/include/chicken_simulator/chicken_simulator.hpp
[15.875s] -- Symlinking: /home/suke/chicken_core/install/chicken_simulator/share/chicken_simulator/environment/library_path.sh
[15.881s] -- Symlinking: /home/suke/chicken_core/install/chicken_simulator/share/chicken_simulator/environment/library_path.dsv
[15.887s] -- Symlinking: /home/suke/chicken_core/install/chicken_simulator/lib/libchicken_simulator.so
[15.893s] -- Symlinking: /home/suke/chicken_core/install/chicken_simulator/share/chicken_simulator/config/ros2_controller_params.yaml
[15.898s] -- Symlinking: /home/suke/chicken_core/install/chicken_simulator/share/chicken_simulator/rviz/rviz.rviz
[15.904s] -- Symlinking: /home/suke/chicken_core/install/chicken_simulator/share/chicken_simulator/launch/chicken_simulator_bringup.launch.py
[15.910s] -- Symlinking: /home/suke/chicken_core/install/chicken_simulator/share/chicken_simulator/urdf/kokko.urdf
[15.915s] -- Symlinking: /home/suke/chicken_core/install/chicken_simulator/share/chicken_simulator/world/willow_garage.world
[15.921s] -- Symlinking: /home/suke/chicken_core/install/chicken_simulator/share/ament_index/resource_index/package_run_dependencies/chicken_simulator
[15.926s] -- Symlinking: /home/suke/chicken_core/install/chicken_simulator/share/ament_index/resource_index/parent_prefix_path/chicken_simulator
[15.933s] -- Symlinking: /home/suke/chicken_core/install/chicken_simulator/share/chicken_simulator/environment/ament_prefix_path.sh
[15.940s] -- Symlinking: /home/suke/chicken_core/install/chicken_simulator/share/chicken_simulator/environment/ament_prefix_path.dsv
[15.946s] -- Symlinking: /home/suke/chicken_core/install/chicken_simulator/share/chicken_simulator/environment/path.sh
[15.952s] -- Symlinking: /home/suke/chicken_core/install/chicken_simulator/share/chicken_simulator/environment/path.dsv
[15.958s] -- Symlinking: /home/suke/chicken_core/install/chicken_simulator/share/chicken_simulator/local_setup.bash
[15.963s] -- Symlinking: /home/suke/chicken_core/install/chicken_simulator/share/chicken_simulator/local_setup.sh
[15.969s] -- Symlinking: /home/suke/chicken_core/install/chicken_simulator/share/chicken_simulator/local_setup.zsh
[15.975s] -- Symlinking: /home/suke/chicken_core/install/chicken_simulator/share/chicken_simulator/local_setup.dsv
[15.980s] -- Symlinking: /home/suke/chicken_core/install/chicken_simulator/share/chicken_simulator/package.dsv
[15.986s] -- Symlinking: /home/suke/chicken_core/install/chicken_simulator/share/ament_index/resource_index/packages/chicken_simulator
[15.991s] -- Symlinking: /home/suke/chicken_core/install/chicken_simulator/share/ament_index/resource_index/rclcpp_components/chicken_simulator
[15.997s] -- Symlinking: /home/suke/chicken_core/install/chicken_simulator/share/chicken_simulator/cmake/ament_cmake_export_dependencies-extras.cmake
[16.003s] -- Symlinking: /home/suke/chicken_core/install/chicken_simulator/share/chicken_simulator/cmake/ament_cmake_export_include_directories-extras.cmake
[16.010s] -- Symlinking: /home/suke/chicken_core/install/chicken_simulator/share/chicken_simulator/cmake/ament_cmake_export_libraries-extras.cmake
[16.015s] -- Symlinking: /home/suke/chicken_core/install/chicken_simulator/share/chicken_simulator/cmake/chicken_simulatorConfig.cmake
[16.021s] -- Symlinking: /home/suke/chicken_core/install/chicken_simulator/share/chicken_simulator/cmake/chicken_simulatorConfig-version.cmake
[16.026s] -- Symlinking: /home/suke/chicken_core/install/chicken_simulator/share/chicken_simulator/package.xml
[16.033s] Invoked command in '/home/suke/chicken_core/build/chicken_simulator' returned '0': AMENT_PREFIX_PATH=/home/suke/chicken_core/install/chicken_utils:${AMENT_PREFIX_PATH} CMAKE_PREFIX_PATH=/home/suke/chicken_core/install/chicken_utils:/home/suke/ouxt_automation/robotx_ws/install/navi_sim:/home/suke/ouxt_automation/robotx_ws/install/wamv_description:/home/suke/ouxt_automation/robotx_ws/install/wamv_control:/home/suke/ouxt_automation/robotx_ws/install/vrx_bridge:/home/suke/ouxt_automation/robotx_ws/install/vision_opencv:/home/suke/ouxt_automation/robotx_ws/install/robotx_planner_bringup:/home/suke/ouxt_automation/robotx_ws/install/hermite_path_planner_bringup:/home/suke/ouxt_automation/robotx_ws/install/velocity_planner:/home/suke/ouxt_automation/robotx_ws/install/usv_controller:/home/suke/ouxt_automation/robotx_ws/install/robotx_communication:/home/suke/ouxt_automation/robotx_ws/install/tcp_sender:/home/suke/ouxt_automation/robotx_ws/install/playstation_controller_drivers:/home/suke/ouxt_automation/robotx_ws/install/sdl2_vendor2:/home/suke/ouxt_automation/robotx_ws/install/perception_bringup:/home/suke/ouxt_automation/robotx_ws/install/scan_segmentation:/home/suke/ouxt_automation/robotx_ws/install/robotx_msgs:/home/suke/ouxt_automation/robotx_ws/install/robotx_ekf:/home/suke/ouxt_automation/robotx_ws/install/robotx_costmap_calculator:/home/suke/ouxt_automation/robotx_ws/install/robotx_bt_planner:/home/suke/ouxt_automation/robotx_ws/install/robotx_behavior_tree:/home/suke/ouxt_automation/robotx_ws/install/robotx_behavior_msgs:/home/suke/ouxt_automation/robotx_ws/install/pure_pursuit_planner:/home/suke/ouxt_automation/robotx_ws/install/point_painting:/home/suke/ouxt_automation/robotx_ws/install/perception:/home/suke/ouxt_automation/robotx_ws/install/pcl_apps:/home/suke/ouxt_automation/robotx_ws/install/opencv_components:/home/suke/ouxt_automation/robotx_ws/install/perception_msgs:/home/suke/ouxt_automation/robotx_ws/install/pcl_type_adapter:/home/suke/ouxt_automation/robotx_ws/install/pcl_apps_msgs:/home/suke/ouxt_automation/robotx_ws/install/image_processing_utils:/home/suke/ouxt_automation/robotx_ws/install/image_geometry:/home/suke/ouxt_automation/robotx_ws/install/opencv_vendor:/home/suke/ouxt_automation/robotx_ws/install/odom_frame_publisher:/home/suke/ouxt_automation/robotx_ws/install/nmea_to_geopose:/home/suke/ouxt_automation/robotx_ws/install/ndt_omp:/home/suke/ouxt_automation/robotx_ws/install/mock_server:/home/suke/ouxt_automation/robotx_ws/install/lidar_camera_fusion:/home/suke/ouxt_automation/robotx_ws/install/message_synchronizer:/home/suke/ouxt_automation/robotx_ws/install/lua_vendor:/home/suke/ouxt_automation/robotx_ws/install/local_waypoint_server:/home/suke/ouxt_automation/robotx_ws/install/joy_to_twist:/home/suke/ouxt_automation/robotx_ws/install/hungarian_solver:/home/suke/ouxt_automation/robotx_ws/install/hermite_path_planner:/home/suke/ouxt_automation/robotx_ws/install/hermite_path_msgs:/home/suke/ouxt_automation/robotx_ws/install/grid_map_type_adapter:/home/suke/ouxt_automation/robotx_ws/install/geometry_msgs_data_buffer:/home/suke/ouxt_automation/robotx_ws/install/geographic_info:/home/suke/ouxt_automation/robotx_ws/install/geographic_conversion:/home/suke/ouxt_automation/robotx_ws/install/geodesy:/home/suke/ouxt_automation/robotx_ws/install/geographic_msgs:/home/suke/ouxt_automation/robotx_ws/install/detic_onnx_ros2_msg:/home/suke/ouxt_automation/robotx_ws/install/data_buffer:/home/suke/ouxt_automation/robotx_ws/install/cv_bridge:/home/suke/ouxt_automation/robotx_ws/install/costmap_to_point:/home/suke/ouxt_automation/robotx_ws/install/boost_geometry_util:/home/suke/ouxt_automation/robotx_ws/install/behavior_tree_action_builder:/home/suke/local/:/home/suke/ouxt_automation/robotx_ws/install/opencv_tests:/home/suke/ouxt_automation/robotx_ws/install/detic_onnx_ros2:/opt/ros/humble LD_LIBRARY_PATH=/home/suke/chicken_core/install/chicken_utils/lib:${LD_LIBRARY_PATH} /usr/bin/cmake --install /home/suke/chicken_core/build/chicken_simulator
