[0.011s] Invoking command in '/home/suke/chicken_core/build/yolov10_bringup': AMENT_PREFIX_PATH=/home/suke/chicken_core/install/yolov10_ros:${AMENT_PREFIX_PATH} CMAKE_PREFIX_PATH=${CMAKE_PREFIX_PATH}:/home/suke/ouxt_automation/robotx_ws/install/opencv_tests:/home/suke/ouxt_automation/robotx_ws/install/kalman_filter_localization:/home/suke/ouxt_automation/robotx_ws/install/detic_onnx_ros2:/opt/ros/humble PYTHONPATH=/home/suke/chicken_core/install/yolov10_ros/lib/python3.10/site-packages:${PYTHONPATH} /usr/bin/cmake /home/suke/chicken_core/src/perception/yolov10_bringup -DCMAKE_INSTALL_PREFIX=/home/suke/chicken_core/install/yolov10_bringup
[0.021s] -- Found ament_cmake: 1.3.9 (/opt/ros/humble/share/ament_cmake/cmake)
[0.103s] -- Override CMake install command with custom implementation using symlinks instead of copying resources
[0.153s] -- Configuring done
[0.153s] -- Generating done
[0.154s] -- Build files have been written to: /home/suke/chicken_core/build/yolov10_bringup
[0.156s] Invoked command in '/home/suke/chicken_core/build/yolov10_bringup' returned '0': AMENT_PREFIX_PATH=/home/suke/chicken_core/install/yolov10_ros:${AMENT_PREFIX_PATH} CMAKE_PREFIX_PATH=${CMAKE_PREFIX_PATH}:/home/suke/ouxt_automation/robotx_ws/install/opencv_tests:/home/suke/ouxt_automation/robotx_ws/install/kalman_filter_localization:/home/suke/ouxt_automation/robotx_ws/install/detic_onnx_ros2:/opt/ros/humble PYTHONPATH=/home/suke/chicken_core/install/yolov10_ros/lib/python3.10/site-packages:${PYTHONPATH} /usr/bin/cmake /home/suke/chicken_core/src/perception/yolov10_bringup -DCMAKE_INSTALL_PREFIX=/home/suke/chicken_core/install/yolov10_bringup
[0.157s] Invoking command in '/home/suke/chicken_core/build/yolov10_bringup': AMENT_PREFIX_PATH=/home/suke/chicken_core/install/yolov10_ros:${AMENT_PREFIX_PATH} CMAKE_PREFIX_PATH=${CMAKE_PREFIX_PATH}:/home/suke/ouxt_automation/robotx_ws/install/opencv_tests:/home/suke/ouxt_automation/robotx_ws/install/kalman_filter_localization:/home/suke/ouxt_automation/robotx_ws/install/detic_onnx_ros2:/opt/ros/humble PYTHONPATH=/home/suke/chicken_core/install/yolov10_ros/lib/python3.10/site-packages:${PYTHONPATH} /usr/bin/cmake --build /home/suke/chicken_core/build/yolov10_bringup -- -j20 -l20
[0.189s] Invoked command in '/home/suke/chicken_core/build/yolov10_bringup' returned '0': AMENT_PREFIX_PATH=/home/suke/chicken_core/install/yolov10_ros:${AMENT_PREFIX_PATH} CMAKE_PREFIX_PATH=${CMAKE_PREFIX_PATH}:/home/suke/ouxt_automation/robotx_ws/install/opencv_tests:/home/suke/ouxt_automation/robotx_ws/install/kalman_filter_localization:/home/suke/ouxt_automation/robotx_ws/install/detic_onnx_ros2:/opt/ros/humble PYTHONPATH=/home/suke/chicken_core/install/yolov10_ros/lib/python3.10/site-packages:${PYTHONPATH} /usr/bin/cmake --build /home/suke/chicken_core/build/yolov10_bringup -- -j20 -l20
[0.219s] Invoking command in '/home/suke/chicken_core/build/yolov10_bringup': AMENT_PREFIX_PATH=/home/suke/chicken_core/install/yolov10_ros:${AMENT_PREFIX_PATH} CMAKE_PREFIX_PATH=${CMAKE_PREFIX_PATH}:/home/suke/ouxt_automation/robotx_ws/install/opencv_tests:/home/suke/ouxt_automation/robotx_ws/install/kalman_filter_localization:/home/suke/ouxt_automation/robotx_ws/install/detic_onnx_ros2:/opt/ros/humble PYTHONPATH=/home/suke/chicken_core/install/yolov10_ros/lib/python3.10/site-packages:${PYTHONPATH} /usr/bin/cmake --install /home/suke/chicken_core/build/yolov10_bringup
[0.229s] -- Install configuration: ""
[0.229s] -- Execute custom install script
[0.229s] -- Up-to-date symlink: /home/suke/chicken_core/install/yolov10_bringup/share/yolov10_bringup//launch/yolov10_bringup.py
[0.229s] -- Up-to-date symlink: /home/suke/chicken_core/install/yolov10_bringup/share/ament_index/resource_index/package_run_dependencies/yolov10_bringup
[0.230s] -- Up-to-date symlink: /home/suke/chicken_core/install/yolov10_bringup/share/ament_index/resource_index/parent_prefix_path/yolov10_bringup
[0.230s] -- Up-to-date symlink: /home/suke/chicken_core/install/yolov10_bringup/share/yolov10_bringup/environment/ament_prefix_path.sh
[0.230s] -- Up-to-date symlink: /home/suke/chicken_core/install/yolov10_bringup/share/yolov10_bringup/environment/ament_prefix_path.dsv
[0.230s] -- Up-to-date symlink: /home/suke/chicken_core/install/yolov10_bringup/share/yolov10_bringup/environment/path.sh
[0.230s] -- Up-to-date symlink: /home/suke/chicken_core/install/yolov10_bringup/share/yolov10_bringup/environment/path.dsv
[0.230s] -- Up-to-date symlink: /home/suke/chicken_core/install/yolov10_bringup/share/yolov10_bringup/local_setup.bash
[0.230s] -- Up-to-date symlink: /home/suke/chicken_core/install/yolov10_bringup/share/yolov10_bringup/local_setup.sh
[0.230s] -- Up-to-date symlink: /home/suke/chicken_core/install/yolov10_bringup/share/yolov10_bringup/local_setup.zsh
[0.231s] -- Up-to-date symlink: /home/suke/chicken_core/install/yolov10_bringup/share/yolov10_bringup/local_setup.dsv
[0.231s] -- Symlinking: /home/suke/chicken_core/install/yolov10_bringup/share/yolov10_bringup/package.dsv
[0.243s] -- Up-to-date symlink: /home/suke/chicken_core/install/yolov10_bringup/share/ament_index/resource_index/packages/yolov10_bringup
[0.243s] -- Up-to-date symlink: /home/suke/chicken_core/install/yolov10_bringup/share/yolov10_bringup/cmake/yolov10_bringupConfig.cmake
[0.243s] -- Up-to-date symlink: /home/suke/chicken_core/install/yolov10_bringup/share/yolov10_bringup/cmake/yolov10_bringupConfig-version.cmake
[0.243s] -- Up-to-date symlink: /home/suke/chicken_core/install/yolov10_bringup/share/yolov10_bringup/package.xml
[0.245s] Invoked command in '/home/suke/chicken_core/build/yolov10_bringup' returned '0': AMENT_PREFIX_PATH=/home/suke/chicken_core/install/yolov10_ros:${AMENT_PREFIX_PATH} CMAKE_PREFIX_PATH=${CMAKE_PREFIX_PATH}:/home/suke/ouxt_automation/robotx_ws/install/opencv_tests:/home/suke/ouxt_automation/robotx_ws/install/kalman_filter_localization:/home/suke/ouxt_automation/robotx_ws/install/detic_onnx_ros2:/opt/ros/humble PYTHONPATH=/home/suke/chicken_core/install/yolov10_ros/lib/python3.10/site-packages:${PYTHONPATH} /usr/bin/cmake --install /home/suke/chicken_core/build/yolov10_bringup
