[0.850s] Invoking command in '/home/suke/chicken_core/build/yolov10_ros': PYTHONPATH=/home/suke/chicken_core/build/yolov10_ros/prefix_override:/usr/lib/python3/dist-packages/colcon_core/task/python/colcon_distutils_commands:/home/suke/chicken_core/install/yolov10_ros/lib/python3.10/site-packages:${PYTHONPATH} /usr/bin/python3 -W ignore:setup.py install is deprecated setup.py develop --uninstall --editable --build-directory /home/suke/chicken_core/build/yolov10_ros/build
[1.020s] running develop
[1.021s] /usr/lib/python3/dist-packages/setuptools/command/easy_install.py:158: EasyInstallDeprecationWarning: easy_install command is deprecated. Use build and pip and other standards-based tools.
[1.021s]   warnings.warn(
[1.133s] Removing /home/suke/chicken_core/install/yolov10_ros/lib/python3.10/site-packages/yolov10-ros.egg-link (link to .)
[1.150s] Invoked command in '/home/suke/chicken_core/build/yolov10_ros' returned '0': PYTHONPATH=/home/suke/chicken_core/build/yolov10_ros/prefix_override:/usr/lib/python3/dist-packages/colcon_core/task/python/colcon_distutils_commands:/home/suke/chicken_core/install/yolov10_ros/lib/python3.10/site-packages:${PYTHONPATH} /usr/bin/python3 -W ignore:setup.py install is deprecated setup.py develop --uninstall --editable --build-directory /home/suke/chicken_core/build/yolov10_ros/build
[1.151s] Invoking command in '/home/suke/chicken_core/src/perception/yolov10_ros': PYTHONPATH=/home/suke/chicken_core/build/yolov10_ros/prefix_override:/usr/lib/python3/dist-packages/colcon_core/task/python/colcon_distutils_commands:/home/suke/chicken_core/install/yolov10_ros/lib/python3.10/site-packages:${PYTHONPATH} /usr/bin/python3 -W ignore:setup.py install is deprecated setup.py egg_info --egg-base ../../../build/yolov10_ros build --build-base /home/suke/chicken_core/build/yolov10_ros/build install --record /home/suke/chicken_core/build/yolov10_ros/install.log --single-version-externally-managed install_data --force
[1.343s] running egg_info
[1.344s] writing ../../../build/yolov10_ros/yolov10_ros.egg-info/PKG-INFO
[1.344s] writing dependency_links to ../../../build/yolov10_ros/yolov10_ros.egg-info/dependency_links.txt
[1.344s] writing entry points to ../../../build/yolov10_ros/yolov10_ros.egg-info/entry_points.txt
[1.344s] writing requirements to ../../../build/yolov10_ros/yolov10_ros.egg-info/requires.txt
[1.344s] writing top-level names to ../../../build/yolov10_ros/yolov10_ros.egg-info/top_level.txt
[1.346s] reading manifest file '../../../build/yolov10_ros/yolov10_ros.egg-info/SOURCES.txt'
[1.347s] writing manifest file '../../../build/yolov10_ros/yolov10_ros.egg-info/SOURCES.txt'
[1.347s] running build
[1.347s] running build_py
[1.347s] running install
[1.348s] running install_lib
[1.349s] creating /home/suke/chicken_core/install/yolov10_ros/lib/python3.10/site-packages/yolov10_ros
[1.349s] copying /home/suke/chicken_core/build/yolov10_ros/build/lib/yolov10_ros/export_model.py -> /home/suke/chicken_core/install/yolov10_ros/lib/python3.10/site-packages/yolov10_ros
[1.349s] copying /home/suke/chicken_core/build/yolov10_ros/build/lib/yolov10_ros/__init__.py -> /home/suke/chicken_core/install/yolov10_ros/lib/python3.10/site-packages/yolov10_ros
[1.349s] copying /home/suke/chicken_core/build/yolov10_ros/build/lib/yolov10_ros/yolov10_onnx_node.py -> /home/suke/chicken_core/install/yolov10_ros/lib/python3.10/site-packages/yolov10_ros
[1.349s] copying /home/suke/chicken_core/build/yolov10_ros/build/lib/yolov10_ros/yolov10_node.py -> /home/suke/chicken_core/install/yolov10_ros/lib/python3.10/site-packages/yolov10_ros
[1.351s] byte-compiling /home/suke/chicken_core/install/yolov10_ros/lib/python3.10/site-packages/yolov10_ros/export_model.py to export_model.cpython-310.pyc
[1.351s] byte-compiling /home/suke/chicken_core/install/yolov10_ros/lib/python3.10/site-packages/yolov10_ros/__init__.py to __init__.cpython-310.pyc
[1.351s] byte-compiling /home/suke/chicken_core/install/yolov10_ros/lib/python3.10/site-packages/yolov10_ros/yolov10_onnx_node.py to yolov10_onnx_node.cpython-310.pyc
[1.351s] byte-compiling /home/suke/chicken_core/install/yolov10_ros/lib/python3.10/site-packages/yolov10_ros/yolov10_node.py to yolov10_node.cpython-310.pyc
[1.351s] running install_data
[1.352s] copying resource/yolov10_ros -> /home/suke/chicken_core/install/yolov10_ros/share/ament_index/resource_index/packages
[1.352s] copying package.xml -> /home/suke/chicken_core/install/yolov10_ros/share/yolov10_ros
[1.352s] running install_egg_info
[1.354s] Copying ../../../build/yolov10_ros/yolov10_ros.egg-info to /home/suke/chicken_core/install/yolov10_ros/lib/python3.10/site-packages/yolov10_ros-0.0.0-py3.10.egg-info
[1.354s] running install_scripts
[1.374s] Installing yolov10_node script to /home/suke/chicken_core/install/yolov10_ros/lib/yolov10_ros
[1.374s] writing list of installed files to '/home/suke/chicken_core/build/yolov10_ros/install.log'
[1.396s] Invoked command in '/home/suke/chicken_core/src/perception/yolov10_ros' returned '0': PYTHONPATH=/home/suke/chicken_core/build/yolov10_ros/prefix_override:/usr/lib/python3/dist-packages/colcon_core/task/python/colcon_distutils_commands:/home/suke/chicken_core/install/yolov10_ros/lib/python3.10/site-packages:${PYTHONPATH} /usr/bin/python3 -W ignore:setup.py install is deprecated setup.py egg_info --egg-base ../../../build/yolov10_ros build --build-base /home/suke/chicken_core/build/yolov10_ros/build install --record /home/suke/chicken_core/build/yolov10_ros/install.log --single-version-externally-managed install_data --force
