-- The C compiler identification is GNU 11.4.0
-- The CXX compiler identification is GNU 11.4.0
-- Detecting C compiler ABI info
-- Detecting C compiler ABI info - done
-- Check for working C compiler: /usr/lib/ccache/gcc - skipped
-- Detecting C compile features
-- Detecting C compile features - done
-- Detecting CXX compiler ABI info
-- Detecting CXX compiler ABI info - done
-- Check for working CXX compiler: /usr/lib/ccache/g++ - skipped
-- Detecting CXX compile features
-- Detecting CXX compile features - done
-- Found ament_cmake: 1.3.9 (/opt/ros/humble/share/ament_cmake/cmake)
-- Found Python3: /usr/bin/python3 (found version "3.10.12") found components: Interpreter 
-- Override CMake install command with custom implementation using symlinks instead of copying resources
-- Configuring done
-- Generating done
-- Build files have been written to: /home/suke/chicken_core/build/yolov10_bringup
-- Install configuration: ""
-- Execute custom install script
-- Symlinking: /home/suke/chicken_core/install/yolov10_bringup/share/yolov10_bringup//launch/yolov10_bringup.py
-- Symlinking: /home/suke/chicken_core/install/yolov10_bringup/share/ament_index/resource_index/package_run_dependencies/yolov10_bringup
-- Symlinking: /home/suke/chicken_core/install/yolov10_bringup/share/ament_index/resource_index/parent_prefix_path/yolov10_bringup
-- Symlinking: /home/suke/chicken_core/install/yolov10_bringup/share/yolov10_bringup/environment/ament_prefix_path.sh
-- Symlinking: /home/suke/chicken_core/install/yolov10_bringup/share/yolov10_bringup/environment/ament_prefix_path.dsv
-- Symlinking: /home/suke/chicken_core/install/yolov10_bringup/share/yolov10_bringup/environment/path.sh
-- Symlinking: /home/suke/chicken_core/install/yolov10_bringup/share/yolov10_bringup/environment/path.dsv
-- Symlinking: /home/suke/chicken_core/install/yolov10_bringup/share/yolov10_bringup/local_setup.bash
-- Symlinking: /home/suke/chicken_core/install/yolov10_bringup/share/yolov10_bringup/local_setup.sh
-- Symlinking: /home/suke/chicken_core/install/yolov10_bringup/share/yolov10_bringup/local_setup.zsh
-- Symlinking: /home/suke/chicken_core/install/yolov10_bringup/share/yolov10_bringup/local_setup.dsv
-- Symlinking: /home/suke/chicken_core/install/yolov10_bringup/share/yolov10_bringup/package.dsv
-- Symlinking: /home/suke/chicken_core/install/yolov10_bringup/share/ament_index/resource_index/packages/yolov10_bringup
-- Symlinking: /home/suke/chicken_core/install/yolov10_bringup/share/yolov10_bringup/cmake/yolov10_bringupConfig.cmake
-- Symlinking: /home/suke/chicken_core/install/yolov10_bringup/share/yolov10_bringup/cmake/yolov10_bringupConfig-version.cmake
-- Symlinking: /home/suke/chicken_core/install/yolov10_bringup/share/yolov10_bringup/package.xml
