[0.019s] Invoking command in '/home/suke/chicken_core/build/yolov10_bringup': AMENT_PREFIX_PATH=/home/suke/chicken_core/install/yolov10_ros:${AMENT_PREFIX_PATH} CMAKE_PREFIX_PATH=${CMAKE_PREFIX_PATH}:/home/suke/ouxt_automation/robotx_ws/install/opencv_tests:/home/suke/ouxt_automation/robotx_ws/install/detic_onnx_ros2:/opt/ros/humble PYTHONPATH=/home/suke/chicken_core/build/yolov10_ros:/home/suke/chicken_core/install/yolov10_ros/lib/python3.10/site-packages:${PYTHONPATH} /usr/bin/cmake /home/suke/chicken_core/src/perception/yolov10_bringup -DAMENT_CMAKE_SYMLINK_INSTALL=1 -DCMAKE_INSTALL_PREFIX=/home/suke/chicken_core/install/yolov10_bringup
[0.066s] -- The C compiler identification is GNU 11.4.0
[0.107s] -- The CXX compiler identification is GNU 11.4.0
[0.115s] -- Detecting C compiler ABI info
[0.170s] -- Detecting C compiler ABI info - done
[0.177s] -- Check for working C compiler: /usr/lib/ccache/gcc - skipped
[0.178s] -- Detecting C compile features
[0.178s] -- Detecting C compile features - done
[0.181s] -- Detecting CXX compiler ABI info
[0.240s] -- Detecting CXX compiler ABI info - done
[0.246s] -- Check for working CXX compiler: /usr/lib/ccache/g++ - skipped
[0.246s] -- Detecting CXX compile features
[0.247s] -- Detecting CXX compile features - done
[0.253s] -- Found ament_cmake: 1.3.9 (/opt/ros/humble/share/ament_cmake/cmake)
[0.366s] -- Found Python3: /usr/bin/python3 (found version "3.10.12") found components: Interpreter 
[0.406s] -- Override CMake install command with custom implementation using symlinks instead of copying resources
[0.493s] -- Configuring done
[0.494s] -- Generating done
[0.495s] -- Build files have been written to: /home/suke/chicken_core/build/yolov10_bringup
[0.498s] Invoked command in '/home/suke/chicken_core/build/yolov10_bringup' returned '0': AMENT_PREFIX_PATH=/home/suke/chicken_core/install/yolov10_ros:${AMENT_PREFIX_PATH} CMAKE_PREFIX_PATH=${CMAKE_PREFIX_PATH}:/home/suke/ouxt_automation/robotx_ws/install/opencv_tests:/home/suke/ouxt_automation/robotx_ws/install/detic_onnx_ros2:/opt/ros/humble PYTHONPATH=/home/suke/chicken_core/build/yolov10_ros:/home/suke/chicken_core/install/yolov10_ros/lib/python3.10/site-packages:${PYTHONPATH} /usr/bin/cmake /home/suke/chicken_core/src/perception/yolov10_bringup -DAMENT_CMAKE_SYMLINK_INSTALL=1 -DCMAKE_INSTALL_PREFIX=/home/suke/chicken_core/install/yolov10_bringup
[0.498s] Invoking command in '/home/suke/chicken_core/build/yolov10_bringup': AMENT_PREFIX_PATH=/home/suke/chicken_core/install/yolov10_ros:${AMENT_PREFIX_PATH} CMAKE_PREFIX_PATH=${CMAKE_PREFIX_PATH}:/home/suke/ouxt_automation/robotx_ws/install/opencv_tests:/home/suke/ouxt_automation/robotx_ws/install/detic_onnx_ros2:/opt/ros/humble PYTHONPATH=/home/suke/chicken_core/build/yolov10_ros:/home/suke/chicken_core/install/yolov10_ros/lib/python3.10/site-packages:${PYTHONPATH} /usr/bin/cmake --build /home/suke/chicken_core/build/yolov10_bringup -- -j20 -l20
[0.525s] Invoked command in '/home/suke/chicken_core/build/yolov10_bringup' returned '0': AMENT_PREFIX_PATH=/home/suke/chicken_core/install/yolov10_ros:${AMENT_PREFIX_PATH} CMAKE_PREFIX_PATH=${CMAKE_PREFIX_PATH}:/home/suke/ouxt_automation/robotx_ws/install/opencv_tests:/home/suke/ouxt_automation/robotx_ws/install/detic_onnx_ros2:/opt/ros/humble PYTHONPATH=/home/suke/chicken_core/build/yolov10_ros:/home/suke/chicken_core/install/yolov10_ros/lib/python3.10/site-packages:${PYTHONPATH} /usr/bin/cmake --build /home/suke/chicken_core/build/yolov10_bringup -- -j20 -l20
[0.545s] Invoking command in '/home/suke/chicken_core/build/yolov10_bringup': AMENT_PREFIX_PATH=/home/suke/chicken_core/install/yolov10_ros:${AMENT_PREFIX_PATH} CMAKE_PREFIX_PATH=${CMAKE_PREFIX_PATH}:/home/suke/ouxt_automation/robotx_ws/install/opencv_tests:/home/suke/ouxt_automation/robotx_ws/install/detic_onnx_ros2:/opt/ros/humble PYTHONPATH=/home/suke/chicken_core/build/yolov10_ros:/home/suke/chicken_core/install/yolov10_ros/lib/python3.10/site-packages:${PYTHONPATH} /usr/bin/cmake --install /home/suke/chicken_core/build/yolov10_bringup
[0.551s] -- Install configuration: ""
[0.552s] -- Execute custom install script
[0.552s] -- Symlinking: /home/suke/chicken_core/install/yolov10_bringup/share/yolov10_bringup//launch/yolov10_bringup.py
[0.559s] -- Symlinking: /home/suke/chicken_core/install/yolov10_bringup/share/ament_index/resource_index/package_run_dependencies/yolov10_bringup
[0.567s] -- Symlinking: /home/suke/chicken_core/install/yolov10_bringup/share/ament_index/resource_index/parent_prefix_path/yolov10_bringup
[0.573s] -- Symlinking: /home/suke/chicken_core/install/yolov10_bringup/share/yolov10_bringup/environment/ament_prefix_path.sh
[0.580s] -- Symlinking: /home/suke/chicken_core/install/yolov10_bringup/share/yolov10_bringup/environment/ament_prefix_path.dsv
[0.587s] -- Symlinking: /home/suke/chicken_core/install/yolov10_bringup/share/yolov10_bringup/environment/path.sh
[0.593s] -- Symlinking: /home/suke/chicken_core/install/yolov10_bringup/share/yolov10_bringup/environment/path.dsv
[0.601s] -- Symlinking: /home/suke/chicken_core/install/yolov10_bringup/share/yolov10_bringup/local_setup.bash
[0.607s] -- Symlinking: /home/suke/chicken_core/install/yolov10_bringup/share/yolov10_bringup/local_setup.sh
[0.614s] -- Symlinking: /home/suke/chicken_core/install/yolov10_bringup/share/yolov10_bringup/local_setup.zsh
[0.621s] -- Symlinking: /home/suke/chicken_core/install/yolov10_bringup/share/yolov10_bringup/local_setup.dsv
[0.627s] -- Symlinking: /home/suke/chicken_core/install/yolov10_bringup/share/yolov10_bringup/package.dsv
[0.634s] -- Symlinking: /home/suke/chicken_core/install/yolov10_bringup/share/ament_index/resource_index/packages/yolov10_bringup
[0.640s] -- Symlinking: /home/suke/chicken_core/install/yolov10_bringup/share/yolov10_bringup/cmake/yolov10_bringupConfig.cmake
[0.647s] -- Symlinking: /home/suke/chicken_core/install/yolov10_bringup/share/yolov10_bringup/cmake/yolov10_bringupConfig-version.cmake
[0.654s] -- Symlinking: /home/suke/chicken_core/install/yolov10_bringup/share/yolov10_bringup/package.xml
[0.662s] Invoked command in '/home/suke/chicken_core/build/yolov10_bringup' returned '0': AMENT_PREFIX_PATH=/home/suke/chicken_core/install/yolov10_ros:${AMENT_PREFIX_PATH} CMAKE_PREFIX_PATH=${CMAKE_PREFIX_PATH}:/home/suke/ouxt_automation/robotx_ws/install/opencv_tests:/home/suke/ouxt_automation/robotx_ws/install/detic_onnx_ros2:/opt/ros/humble PYTHONPATH=/home/suke/chicken_core/build/yolov10_ros:/home/suke/chicken_core/install/yolov10_ros/lib/python3.10/site-packages:${PYTHONPATH} /usr/bin/cmake --install /home/suke/chicken_core/build/yolov10_bringup
