[0.840s] Invoking command in '/home/suke/chicken_core/src/control/cart_controller': PYTHONPATH=/home/suke/chicken_core/build/cart_controller/prefix_override:/usr/lib/python3/dist-packages/colcon_core/task/python/colcon_distutils_commands:/home/suke/chicken_core/install/cart_controller/lib/python3.10/site-packages:${PYTHONPATH} /usr/bin/python3 -W ignore:setup.py install is deprecated setup.py egg_info --egg-base ../../../build/cart_controller build --build-base /home/suke/chicken_core/build/cart_controller/build install --record /home/suke/chicken_core/build/cart_controller/install.log --single-version-externally-managed install_data
[1.001s] running egg_info
[1.001s] writing ../../../build/cart_controller/cart_controller.egg-info/PKG-INFO
[1.001s] writing dependency_links to ../../../build/cart_controller/cart_controller.egg-info/dependency_links.txt
[1.001s] writing entry points to ../../../build/cart_controller/cart_controller.egg-info/entry_points.txt
[1.001s] writing requirements to ../../../build/cart_controller/cart_controller.egg-info/requires.txt
[1.001s] writing top-level names to ../../../build/cart_controller/cart_controller.egg-info/top_level.txt
[1.003s] reading manifest file '../../../build/cart_controller/cart_controller.egg-info/SOURCES.txt'
[1.003s] adding license file 'LICENSE'
[1.003s] writing manifest file '../../../build/cart_controller/cart_controller.egg-info/SOURCES.txt'
[1.003s] running build
[1.003s] running build_py
[1.003s] running install
[1.003s] running install_lib
[1.004s] running install_data
[1.004s] running install_egg_info
[1.005s] removing '/home/suke/chicken_core/install/cart_controller/lib/python3.10/site-packages/cart_controller-0.0.0-py3.10.egg-info' (and everything under it)
[1.005s] Copying ../../../build/cart_controller/cart_controller.egg-info to /home/suke/chicken_core/install/cart_controller/lib/python3.10/site-packages/cart_controller-0.0.0-py3.10.egg-info
[1.006s] running install_scripts
[1.019s] Installing controller_node script to /home/suke/chicken_core/install/cart_controller/lib/cart_controller
[1.019s] writing list of installed files to '/home/suke/chicken_core/build/cart_controller/install.log'
[1.035s] Invoked command in '/home/suke/chicken_core/src/control/cart_controller' returned '0': PYTHONPATH=/home/suke/chicken_core/build/cart_controller/prefix_override:/usr/lib/python3/dist-packages/colcon_core/task/python/colcon_distutils_commands:/home/suke/chicken_core/install/cart_controller/lib/python3.10/site-packages:${PYTHONPATH} /usr/bin/python3 -W ignore:setup.py install is deprecated setup.py egg_info --egg-base ../../../build/cart_controller build --build-base /home/suke/chicken_core/build/cart_controller/build install --record /home/suke/chicken_core/build/cart_controller/install.log --single-version-externally-managed install_data
