[0.463s] Invoking command in '/home/suke/chicken_core/build/yolov10_msg': CMAKE_PREFIX_PATH=${CMAKE_PREFIX_PATH}:/home/suke/ouxt_automation/robotx_ws/install/opencv_tests:/home/suke/ouxt_automation/robotx_ws/install/detic_onnx_ros2:/opt/ros/humble /usr/bin/cmake /home/suke/chicken_core/src/perception/yolov10_msg -DAMENT_CMAKE_SYMLINK_INSTALL=1 -DCMAKE_INSTALL_PREFIX=/home/suke/chicken_core/install/yolov10_msg
[0.510s] -- The C compiler identification is GNU 11.4.0
[0.557s] -- The CXX compiler identification is GNU 11.4.0
[0.565s] -- Detecting C compiler ABI info
[0.610s] -- Detecting C compiler ABI info - done
[0.617s] -- Check for working C compiler: /usr/lib/ccache/gcc - skipped
[0.617s] -- Detecting C compile features
[0.617s] -- Detecting C compile features - done
[0.620s] -- Detecting CXX compiler ABI info
[0.672s] -- Detecting CXX compiler ABI info - done
[0.678s] -- Check for working CXX compiler: /usr/lib/ccache/g++ - skipped
[0.679s] -- Detecting CXX compile features
[0.679s] -- Detecting CXX compile features - done
[0.686s] -- Found ament_cmake: 1.3.9 (/opt/ros/humble/share/ament_cmake/cmake)
[0.827s] -- Found Python3: /usr/bin/python3 (found version "3.10.12") found components: Interpreter 
[0.874s] -- Override CMake install command with custom implementation using symlinks instead of copying resources
[0.922s] -- Found rosidl_default_generators: 1.2.0 (/opt/ros/humble/share/rosidl_default_generators/cmake)
[0.930s] -- Using all available rosidl_typesupport_c: rosidl_typesupport_fastrtps_c;rosidl_typesupport_introspection_c
[0.940s] -- Found rosidl_adapter: 3.1.5 (/opt/ros/humble/share/rosidl_adapter/cmake)
[0.988s] -- Using all available rosidl_typesupport_cpp: rosidl_typesupport_fastrtps_cpp;rosidl_typesupport_introspection_cpp
[1.024s] -- Found std_msgs: 4.2.4 (/opt/ros/humble/share/std_msgs/cmake)
[1.078s] -- Found geometry_msgs: 4.2.4 (/opt/ros/humble/share/geometry_msgs/cmake)
[1.337s] -- Found ament_cmake_ros: 0.10.0 (/opt/ros/humble/share/ament_cmake_ros/cmake)
[1.508s] -- Using all available rosidl_typesupport_c: rosidl_typesupport_fastrtps_c;rosidl_typesupport_introspection_c
[1.724s] -- Using all available rosidl_typesupport_cpp: rosidl_typesupport_fastrtps_cpp;rosidl_typesupport_introspection_cpp
[1.741s] -- Found PythonInterp: /usr/bin/python3 (found suitable version "3.10.12", minimum required is "3.6") 
[1.744s] -- Found python_cmake_module: 0.10.0 (/opt/ros/humble/share/python_cmake_module/cmake)
[1.762s] -- Found PythonLibs: /usr/lib/x86_64-linux-gnu/libpython3.10.so (found suitable version "3.10.12", minimum required is "3.5") 
[1.762s] -- Using PYTHON_EXECUTABLE: /usr/bin/python3
[1.762s] -- Using PYTHON_INCLUDE_DIRS: /usr/include/python3.10
[1.762s] -- Using PYTHON_LIBRARIES: /usr/lib/x86_64-linux-gnu/libpython3.10.so
[1.777s] -- Found PythonExtra: .so  
[1.839s] -- Configuring done
[1.865s] -- Generating done
[1.867s] -- Build files have been written to: /home/suke/chicken_core/build/yolov10_msg
[1.874s] Invoked command in '/home/suke/chicken_core/build/yolov10_msg' returned '0': CMAKE_PREFIX_PATH=${CMAKE_PREFIX_PATH}:/home/suke/ouxt_automation/robotx_ws/install/opencv_tests:/home/suke/ouxt_automation/robotx_ws/install/detic_onnx_ros2:/opt/ros/humble /usr/bin/cmake /home/suke/chicken_core/src/perception/yolov10_msg -DAMENT_CMAKE_SYMLINK_INSTALL=1 -DCMAKE_INSTALL_PREFIX=/home/suke/chicken_core/install/yolov10_msg
[1.875s] Invoking command in '/home/suke/chicken_core/build/yolov10_msg': CMAKE_PREFIX_PATH=${CMAKE_PREFIX_PATH}:/home/suke/ouxt_automation/robotx_ws/install/opencv_tests:/home/suke/ouxt_automation/robotx_ws/install/detic_onnx_ros2:/opt/ros/humble /usr/bin/cmake --build /home/suke/chicken_core/build/yolov10_msg -- -j20 -l20
[1.907s] [  1%] [34m[1mGenerating C code for ROS interfaces[0m
[1.916s] [  1%] [34m[1mGenerating C++ code for ROS interfaces[0m
[1.922s] [  1%] Built target ament_cmake_python_symlink_yolov10_msg
[2.092s] running egg_info
[2.092s] creating yolov10_msg.egg-info
[2.093s] writing yolov10_msg.egg-info/PKG-INFO
[2.093s] writing dependency_links to yolov10_msg.egg-info/dependency_links.txt
[2.093s] writing top-level names to yolov10_msg.egg-info/top_level.txt
[2.093s] writing manifest file 'yolov10_msg.egg-info/SOURCES.txt'
[2.094s] reading manifest file 'yolov10_msg.egg-info/SOURCES.txt'
[2.094s] writing manifest file 'yolov10_msg.egg-info/SOURCES.txt'
[2.115s] [  1%] Built target ament_cmake_python_build_yolov10_msg_egg
[2.446s] [  1%] Built target yolov10_msg__cpp
[2.458s] [  2%] [34m[1mGenerating C++ type support dispatch for ROS interfaces[0m
[2.459s] [  3%] [34m[1mGenerating C++ introspection for ROS interfaces[0m
[2.460s] [  3%] [34m[1mGenerating C++ type support for eProsima Fast-RTPS[0m
[2.501s] [  4%] [32mBuilding C object CMakeFiles/yolov10_msg__rosidl_generator_c.dir/rosidl_generator_c/yolov10_msg/msg/detail/vector2__functions.c.o[0m
[2.502s] [  6%] [32mBuilding C object CMakeFiles/yolov10_msg__rosidl_generator_c.dir/rosidl_generator_c/yolov10_msg/msg/detail/point2_d__functions.c.o[0m
[2.502s] [  6%] [32mBuilding C object CMakeFiles/yolov10_msg__rosidl_generator_c.dir/rosidl_generator_c/yolov10_msg/msg/detail/pose2_d__functions.c.o[0m
[2.503s] [  6%] [32mBuilding C object CMakeFiles/yolov10_msg__rosidl_generator_c.dir/rosidl_generator_c/yolov10_msg/msg/detail/bounding_box2_d__functions.c.o[0m
[2.503s] [  7%] [32mBuilding C object CMakeFiles/yolov10_msg__rosidl_generator_c.dir/rosidl_generator_c/yolov10_msg/msg/detail/key_point3_d_array__functions.c.o[0m
[2.503s] [  7%] [32mBuilding C object CMakeFiles/yolov10_msg__rosidl_generator_c.dir/rosidl_generator_c/yolov10_msg/msg/detail/key_point2_d_array__functions.c.o[0m
[2.503s] [  8%] [32mBuilding C object CMakeFiles/yolov10_msg__rosidl_generator_c.dir/rosidl_generator_c/yolov10_msg/msg/detail/bounding_box3_d__functions.c.o[0m
[2.503s] [ 10%] [32mBuilding C object CMakeFiles/yolov10_msg__rosidl_generator_c.dir/rosidl_generator_c/yolov10_msg/msg/detail/mask__functions.c.o[0m
[2.503s] [ 10%] [32mBuilding C object CMakeFiles/yolov10_msg__rosidl_generator_c.dir/rosidl_generator_c/yolov10_msg/msg/detail/detection__functions.c.o[0m
[2.503s] [ 11%] [32mBuilding C object CMakeFiles/yolov10_msg__rosidl_generator_c.dir/rosidl_generator_c/yolov10_msg/msg/detail/key_point3_d__functions.c.o[0m
[2.504s] [ 12%] [32mBuilding C object CMakeFiles/yolov10_msg__rosidl_generator_c.dir/rosidl_generator_c/yolov10_msg/msg/detail/key_point2_d__functions.c.o[0m
[2.506s] [ 13%] [32mBuilding C object CMakeFiles/yolov10_msg__rosidl_generator_c.dir/rosidl_generator_c/yolov10_msg/msg/detail/detection_array__functions.c.o[0m
[2.550s] [ 14%] [32m[1mLinking C shared library libyolov10_msg__rosidl_generator_c.so[0m
[2.581s] [ 14%] Built target yolov10_msg__rosidl_generator_c
[2.590s] [ 15%] [34m[1mGenerating C type support for eProsima Fast-RTPS[0m
[2.591s] [ 16%] [34m[1mGenerating C introspection for ROS interfaces[0m
[2.592s] [ 17%] [34m[1mGenerating C type support dispatch for ROS interfaces[0m
[2.869s] [ 19%] [32mBuilding CXX object CMakeFiles/yolov10_msg__rosidl_typesupport_cpp.dir/rosidl_typesupport_cpp/yolov10_msg/msg/key_point3_d__type_support.cpp.o[0m
[2.869s] [ 22%] [32mBuilding CXX object CMakeFiles/yolov10_msg__rosidl_typesupport_cpp.dir/rosidl_typesupport_cpp/yolov10_msg/msg/vector2__type_support.cpp.o[0m
[2.869s] [ 22%] [32mBuilding CXX object CMakeFiles/yolov10_msg__rosidl_typesupport_cpp.dir/rosidl_typesupport_cpp/yolov10_msg/msg/mask__type_support.cpp.o[0m
[2.869s] [ 23%] [32mBuilding CXX object CMakeFiles/yolov10_msg__rosidl_typesupport_cpp.dir/rosidl_typesupport_cpp/yolov10_msg/msg/bounding_box3_d__type_support.cpp.o[0m
[2.869s] [ 23%] [32mBuilding CXX object CMakeFiles/yolov10_msg__rosidl_typesupport_cpp.dir/rosidl_typesupport_cpp/yolov10_msg/msg/point2_d__type_support.cpp.o[0m
[2.870s] [ 23%] [32mBuilding CXX object CMakeFiles/yolov10_msg__rosidl_typesupport_cpp.dir/rosidl_typesupport_cpp/yolov10_msg/msg/key_point2_d_array__type_support.cpp.o[0m
[2.870s] [ 23%] [32mBuilding CXX object CMakeFiles/yolov10_msg__rosidl_typesupport_cpp.dir/rosidl_typesupport_cpp/yolov10_msg/msg/key_point2_d__type_support.cpp.o[0m
[2.870s] [ 24%] [32mBuilding CXX object CMakeFiles/yolov10_msg__rosidl_typesupport_cpp.dir/rosidl_typesupport_cpp/yolov10_msg/msg/bounding_box2_d__type_support.cpp.o[0m
[2.870s] [ 25%] [32mBuilding CXX object CMakeFiles/yolov10_msg__rosidl_typesupport_cpp.dir/rosidl_typesupport_cpp/yolov10_msg/msg/key_point3_d_array__type_support.cpp.o[0m
[2.871s] [ 26%] [32mBuilding CXX object CMakeFiles/yolov10_msg__rosidl_typesupport_cpp.dir/rosidl_typesupport_cpp/yolov10_msg/msg/pose2_d__type_support.cpp.o[0m
[2.871s] [ 26%] [32mBuilding CXX object CMakeFiles/yolov10_msg__rosidl_typesupport_cpp.dir/rosidl_typesupport_cpp/yolov10_msg/msg/detection__type_support.cpp.o[0m
[2.880s] [ 27%] [32mBuilding CXX object CMakeFiles/yolov10_msg__rosidl_typesupport_cpp.dir/rosidl_typesupport_cpp/yolov10_msg/msg/detection_array__type_support.cpp.o[0m
[2.926s] [ 28%] [32m[1mLinking CXX shared library libyolov10_msg__rosidl_typesupport_cpp.so[0m
[2.944s] [ 28%] [32mBuilding CXX object CMakeFiles/yolov10_msg__rosidl_typesupport_introspection_cpp.dir/rosidl_typesupport_introspection_cpp/yolov10_msg/msg/detail/point2_d__type_support.cpp.o[0m
[2.946s] [ 31%] [32mBuilding CXX object CMakeFiles/yolov10_msg__rosidl_typesupport_introspection_cpp.dir/rosidl_typesupport_introspection_cpp/yolov10_msg/msg/detail/vector2__type_support.cpp.o[0m
[2.947s] [ 31%] [32mBuilding CXX object CMakeFiles/yolov10_msg__rosidl_typesupport_introspection_cpp.dir/rosidl_typesupport_introspection_cpp/yolov10_msg/msg/detail/bounding_box2_d__type_support.cpp.o[0m
[2.947s] [ 31%] [32mBuilding CXX object CMakeFiles/yolov10_msg__rosidl_typesupport_introspection_cpp.dir/rosidl_typesupport_introspection_cpp/yolov10_msg/msg/detail/pose2_d__type_support.cpp.o[0m
[2.947s] [ 32%] [32mBuilding CXX object CMakeFiles/yolov10_msg__rosidl_typesupport_introspection_cpp.dir/rosidl_typesupport_introspection_cpp/yolov10_msg/msg/detail/bounding_box3_d__type_support.cpp.o[0m
[2.947s] [ 33%] [32mBuilding CXX object CMakeFiles/yolov10_msg__rosidl_typesupport_introspection_cpp.dir/rosidl_typesupport_introspection_cpp/yolov10_msg/msg/detail/mask__type_support.cpp.o[0m
[2.947s] [ 33%] [32mBuilding CXX object CMakeFiles/yolov10_msg__rosidl_typesupport_introspection_cpp.dir/rosidl_typesupport_introspection_cpp/yolov10_msg/msg/detail/key_point2_d__type_support.cpp.o[0m
[2.948s] [ 34%] [32mBuilding CXX object CMakeFiles/yolov10_msg__rosidl_typesupport_introspection_cpp.dir/rosidl_typesupport_introspection_cpp/yolov10_msg/msg/detail/key_point3_d_array__type_support.cpp.o[0m
[2.948s] [ 35%] [32mBuilding CXX object CMakeFiles/yolov10_msg__rosidl_typesupport_introspection_cpp.dir/rosidl_typesupport_introspection_cpp/yolov10_msg/msg/detail/detection__type_support.cpp.o[0m
[2.948s] [ 36%] [32mBuilding CXX object CMakeFiles/yolov10_msg__rosidl_typesupport_introspection_cpp.dir/rosidl_typesupport_introspection_cpp/yolov10_msg/msg/detail/key_point2_d_array__type_support.cpp.o[0m
[2.948s] [ 37%] [32mBuilding CXX object CMakeFiles/yolov10_msg__rosidl_typesupport_introspection_cpp.dir/rosidl_typesupport_introspection_cpp/yolov10_msg/msg/detail/key_point3_d__type_support.cpp.o[0m
[2.948s] [ 38%] [32mBuilding CXX object CMakeFiles/yolov10_msg__rosidl_typesupport_introspection_cpp.dir/rosidl_typesupport_introspection_cpp/yolov10_msg/msg/detail/detection_array__type_support.cpp.o[0m
[2.963s] [ 39%] [32m[1mLinking CXX shared library libyolov10_msg__rosidl_typesupport_introspection_cpp.so[0m
[2.965s] [ 39%] Built target yolov10_msg__rosidl_typesupport_cpp
[3.027s] [ 39%] Built target yolov10_msg__rosidl_typesupport_introspection_cpp
[3.057s] [ 40%] [32mBuilding CXX object CMakeFiles/yolov10_msg__rosidl_typesupport_fastrtps_cpp.dir/rosidl_typesupport_fastrtps_cpp/yolov10_msg/msg/detail/dds_fastrtps/vector2__type_support.cpp.o[0m
[3.059s] [ 42%] [32mBuilding CXX object CMakeFiles/yolov10_msg__rosidl_typesupport_fastrtps_cpp.dir/rosidl_typesupport_fastrtps_cpp/yolov10_msg/msg/detail/dds_fastrtps/pose2_d__type_support.cpp.o[0m
[3.059s] [ 42%] [32mBuilding CXX object CMakeFiles/yolov10_msg__rosidl_typesupport_fastrtps_cpp.dir/rosidl_typesupport_fastrtps_cpp/yolov10_msg/msg/detail/dds_fastrtps/bounding_box3_d__type_support.cpp.o[0m
[3.059s] [ 43%] [32mBuilding CXX object CMakeFiles/yolov10_msg__rosidl_typesupport_fastrtps_cpp.dir/rosidl_typesupport_fastrtps_cpp/yolov10_msg/msg/detail/dds_fastrtps/bounding_box2_d__type_support.cpp.o[0m
[3.059s] [ 44%] [32mBuilding CXX object CMakeFiles/yolov10_msg__rosidl_typesupport_fastrtps_cpp.dir/rosidl_typesupport_fastrtps_cpp/yolov10_msg/msg/detail/dds_fastrtps/point2_d__type_support.cpp.o[0m
[3.059s] [ 44%] [32mBuilding CXX object CMakeFiles/yolov10_msg__rosidl_typesupport_fastrtps_cpp.dir/rosidl_typesupport_fastrtps_cpp/yolov10_msg/msg/detail/dds_fastrtps/mask__type_support.cpp.o[0m
[3.059s] [ 46%] [32mBuilding CXX object CMakeFiles/yolov10_msg__rosidl_typesupport_fastrtps_cpp.dir/rosidl_typesupport_fastrtps_cpp/yolov10_msg/msg/detail/dds_fastrtps/key_point3_d__type_support.cpp.o[0m
[3.059s] [ 46%] [32mBuilding CXX object CMakeFiles/yolov10_msg__rosidl_typesupport_fastrtps_cpp.dir/rosidl_typesupport_fastrtps_cpp/yolov10_msg/msg/detail/dds_fastrtps/detection_array__type_support.cpp.o[0m
[3.059s] [ 46%] [32mBuilding CXX object CMakeFiles/yolov10_msg__rosidl_typesupport_fastrtps_cpp.dir/rosidl_typesupport_fastrtps_cpp/yolov10_msg/msg/detail/dds_fastrtps/key_point3_d_array__type_support.cpp.o[0m
[3.059s] [ 47%] [32mBuilding CXX object CMakeFiles/yolov10_msg__rosidl_typesupport_fastrtps_cpp.dir/rosidl_typesupport_fastrtps_cpp/yolov10_msg/msg/detail/dds_fastrtps/detection__type_support.cpp.o[0m
[3.059s] [ 48%] [32mBuilding CXX object CMakeFiles/yolov10_msg__rosidl_typesupport_fastrtps_cpp.dir/rosidl_typesupport_fastrtps_cpp/yolov10_msg/msg/detail/dds_fastrtps/key_point2_d__type_support.cpp.o[0m
[3.060s] [ 49%] [32mBuilding CXX object CMakeFiles/yolov10_msg__rosidl_typesupport_fastrtps_cpp.dir/rosidl_typesupport_fastrtps_cpp/yolov10_msg/msg/detail/dds_fastrtps/key_point2_d_array__type_support.cpp.o[0m
[3.082s] [ 50%] [32m[1mLinking CXX shared library libyolov10_msg__rosidl_typesupport_fastrtps_cpp.so[0m
[3.105s] [ 51%] [32mBuilding C object CMakeFiles/yolov10_msg__rosidl_typesupport_introspection_c.dir/rosidl_typesupport_introspection_c/yolov10_msg/msg/detail/vector2__type_support.c.o[0m
[3.105s] [ 54%] [32mBuilding C object CMakeFiles/yolov10_msg__rosidl_typesupport_introspection_c.dir/rosidl_typesupport_introspection_c/yolov10_msg/msg/detail/bounding_box2_d__type_support.c.o[0m
[3.105s] [ 54%] [32mBuilding C object CMakeFiles/yolov10_msg__rosidl_typesupport_introspection_c.dir/rosidl_typesupport_introspection_c/yolov10_msg/msg/detail/bounding_box3_d__type_support.c.o[0m
[3.105s] [ 54%] [32mBuilding C object CMakeFiles/yolov10_msg__rosidl_typesupport_introspection_c.dir/rosidl_typesupport_introspection_c/yolov10_msg/msg/detail/pose2_d__type_support.c.o[0m
[3.106s] [ 54%] [32mBuilding C object CMakeFiles/yolov10_msg__rosidl_typesupport_introspection_c.dir/rosidl_typesupport_introspection_c/yolov10_msg/msg/detail/point2_d__type_support.c.o[0m
[3.106s] [ 55%] [32mBuilding C object CMakeFiles/yolov10_msg__rosidl_typesupport_introspection_c.dir/rosidl_typesupport_introspection_c/yolov10_msg/msg/detail/key_point3_d__type_support.c.o[0m
[3.107s] [ 57%] [32mBuilding C object CMakeFiles/yolov10_msg__rosidl_typesupport_introspection_c.dir/rosidl_typesupport_introspection_c/yolov10_msg/msg/detail/key_point2_d__type_support.c.o[0m
[3.107s] [ 56%] [32mBuilding C object CMakeFiles/yolov10_msg__rosidl_typesupport_introspection_c.dir/rosidl_typesupport_introspection_c/yolov10_msg/msg/detail/mask__type_support.c.o[0m
[3.107s] [ 59%] [32mBuilding C object CMakeFiles/yolov10_msg__rosidl_typesupport_introspection_c.dir/rosidl_typesupport_introspection_c/yolov10_msg/msg/detail/detection_array__type_support.c.o[0m
[3.107s] [ 59%] [32mBuilding C object CMakeFiles/yolov10_msg__rosidl_typesupport_introspection_c.dir/rosidl_typesupport_introspection_c/yolov10_msg/msg/detail/key_point3_d_array__type_support.c.o[0m
[3.108s] [ 59%] [32mBuilding C object CMakeFiles/yolov10_msg__rosidl_typesupport_introspection_c.dir/rosidl_typesupport_introspection_c/yolov10_msg/msg/detail/detection__type_support.c.o[0m
[3.108s] [ 60%] [32mBuilding C object CMakeFiles/yolov10_msg__rosidl_typesupport_introspection_c.dir/rosidl_typesupport_introspection_c/yolov10_msg/msg/detail/key_point2_d_array__type_support.c.o[0m
[3.140s] [ 61%] [32m[1mLinking C shared library libyolov10_msg__rosidl_typesupport_introspection_c.so[0m
[3.163s] [ 62%] [32mBuilding CXX object CMakeFiles/yolov10_msg__rosidl_typesupport_fastrtps_c.dir/rosidl_typesupport_fastrtps_c/yolov10_msg/msg/detail/point2_d__type_support_c.cpp.o[0m
[3.163s] [ 64%] [32mBuilding CXX object CMakeFiles/yolov10_msg__rosidl_typesupport_fastrtps_c.dir/rosidl_typesupport_fastrtps_c/yolov10_msg/msg/detail/key_point2_d__type_support_c.cpp.o[0m
[3.163s] [ 64%] [32mBuilding CXX object CMakeFiles/yolov10_msg__rosidl_typesupport_fastrtps_c.dir/rosidl_typesupport_fastrtps_c/yolov10_msg/msg/detail/mask__type_support_c.cpp.o[0m
[3.164s] [ 64%] [32mBuilding CXX object CMakeFiles/yolov10_msg__rosidl_typesupport_fastrtps_c.dir/rosidl_typesupport_fastrtps_c/yolov10_msg/msg/detail/pose2_d__type_support_c.cpp.o[0m
[3.164s] [ 65%] [32mBuilding CXX object CMakeFiles/yolov10_msg__rosidl_typesupport_fastrtps_c.dir/rosidl_typesupport_fastrtps_c/yolov10_msg/msg/detail/detection_array__type_support_c.cpp.o[0m
[3.164s] [ 66%] [32mBuilding CXX object CMakeFiles/yolov10_msg__rosidl_typesupport_fastrtps_c.dir/rosidl_typesupport_fastrtps_c/yolov10_msg/msg/detail/bounding_box3_d__type_support_c.cpp.o[0m
[3.164s] [ 67%] Built target yolov10_msg__rosidl_typesupport_fastrtps_cpp
[3.164s] [ 67%] [32mBuilding CXX object CMakeFiles/yolov10_msg__rosidl_typesupport_fastrtps_c.dir/rosidl_typesupport_fastrtps_c/yolov10_msg/msg/detail/key_point3_d_array__type_support_c.cpp.o[0m
[3.165s] [ 69%] [32mBuilding CXX object CMakeFiles/yolov10_msg__rosidl_typesupport_fastrtps_c.dir/rosidl_typesupport_fastrtps_c/yolov10_msg/msg/detail/bounding_box2_d__type_support_c.cpp.o[0m
[3.165s] [ 69%] [32mBuilding CXX object CMakeFiles/yolov10_msg__rosidl_typesupport_fastrtps_c.dir/rosidl_typesupport_fastrtps_c/yolov10_msg/msg/detail/detection__type_support_c.cpp.o[0m
[3.166s] [ 69%] [32mBuilding CXX object CMakeFiles/yolov10_msg__rosidl_typesupport_fastrtps_c.dir/rosidl_typesupport_fastrtps_c/yolov10_msg/msg/detail/key_point3_d__type_support_c.cpp.o[0m
[3.166s] [ 70%] [32mBuilding CXX object CMakeFiles/yolov10_msg__rosidl_typesupport_fastrtps_c.dir/rosidl_typesupport_fastrtps_c/yolov10_msg/msg/detail/key_point2_d_array__type_support_c.cpp.o[0m
[3.169s] [ 72%] [32mBuilding CXX object CMakeFiles/yolov10_msg__rosidl_typesupport_c.dir/rosidl_typesupport_c/yolov10_msg/msg/pose2_d__type_support.cpp.o[0m
[3.170s] [ 72%] [32mBuilding CXX object CMakeFiles/yolov10_msg__rosidl_typesupport_fastrtps_c.dir/rosidl_typesupport_fastrtps_c/yolov10_msg/msg/detail/vector2__type_support_c.cpp.o[0m
[3.170s] [ 73%] [32mBuilding CXX object CMakeFiles/yolov10_msg__rosidl_typesupport_c.dir/rosidl_typesupport_c/yolov10_msg/msg/bounding_box2_d__type_support.cpp.o[0m
[3.170s] [ 73%] [32mBuilding CXX object CMakeFiles/yolov10_msg__rosidl_typesupport_c.dir/rosidl_typesupport_c/yolov10_msg/msg/vector2__type_support.cpp.o[0m
[3.172s] [ 74%] [32mBuilding CXX object CMakeFiles/yolov10_msg__rosidl_typesupport_c.dir/rosidl_typesupport_c/yolov10_msg/msg/bounding_box3_d__type_support.cpp.o[0m
[3.176s] [ 76%] [32mBuilding CXX object CMakeFiles/yolov10_msg__rosidl_typesupport_c.dir/rosidl_typesupport_c/yolov10_msg/msg/key_point2_d__type_support.cpp.o[0m
[3.176s] [ 76%] [32mBuilding CXX object CMakeFiles/yolov10_msg__rosidl_typesupport_c.dir/rosidl_typesupport_c/yolov10_msg/msg/mask__type_support.cpp.o[0m
[3.178s] [ 77%] [32mBuilding CXX object CMakeFiles/yolov10_msg__rosidl_typesupport_c.dir/rosidl_typesupport_c/yolov10_msg/msg/point2_d__type_support.cpp.o[0m
[3.178s] [ 77%] [32mBuilding CXX object CMakeFiles/yolov10_msg__rosidl_typesupport_c.dir/rosidl_typesupport_c/yolov10_msg/msg/key_point2_d_array__type_support.cpp.o[0m
[3.181s] [ 78%] [32mBuilding CXX object CMakeFiles/yolov10_msg__rosidl_typesupport_c.dir/rosidl_typesupport_c/yolov10_msg/msg/key_point3_d__type_support.cpp.o[0m
[3.181s] [ 78%] Built target yolov10_msg__rosidl_typesupport_introspection_c
[3.183s] [ 79%] [32mBuilding CXX object CMakeFiles/yolov10_msg__rosidl_typesupport_c.dir/rosidl_typesupport_c/yolov10_msg/msg/detection_array__type_support.cpp.o[0m
[3.184s] [ 80%] [32mBuilding CXX object CMakeFiles/yolov10_msg__rosidl_typesupport_c.dir/rosidl_typesupport_c/yolov10_msg/msg/detection__type_support.cpp.o[0m
[3.185s] [ 81%] [32mBuilding CXX object CMakeFiles/yolov10_msg__rosidl_typesupport_c.dir/rosidl_typesupport_c/yolov10_msg/msg/key_point3_d_array__type_support.cpp.o[0m
[3.195s] [ 82%] [32m[1mLinking CXX shared library libyolov10_msg__rosidl_typesupport_c.so[0m
[3.229s] [ 82%] Built target yolov10_msg__rosidl_typesupport_c
[3.236s] [ 83%] [32m[1mLinking CXX shared library libyolov10_msg__rosidl_typesupport_fastrtps_c.so[0m
[3.285s] [ 83%] Built target yolov10_msg__rosidl_typesupport_fastrtps_c
[3.301s] [ 83%] Built target yolov10_msg
[3.317s] [ 84%] [34m[1mGenerating Python code for ROS interfaces[0m
[4.142s] [ 84%] Built target yolov10_msg__py
[4.158s] [ 86%] [32mBuilding C object CMakeFiles/yolov10_msg__rosidl_generator_py.dir/rosidl_generator_py/yolov10_msg/msg/_vector2_s.c.o[0m
[4.159s] [ 86%] [32mBuilding C object CMakeFiles/yolov10_msg__rosidl_generator_py.dir/rosidl_generator_py/yolov10_msg/msg/_pose2_d_s.c.o[0m
[4.159s] [ 86%] [32mBuilding C object CMakeFiles/yolov10_msg__rosidl_generator_py.dir/rosidl_generator_py/yolov10_msg/msg/_bounding_box2_d_s.c.o[0m
[4.159s] [ 87%] [32mBuilding C object CMakeFiles/yolov10_msg__rosidl_generator_py.dir/rosidl_generator_py/yolov10_msg/msg/_point2_d_s.c.o[0m
[4.162s] [ 88%] [32mBuilding C object CMakeFiles/yolov10_msg__rosidl_generator_py.dir/rosidl_generator_py/yolov10_msg/msg/_key_point2_d_array_s.c.o[0m
[4.162s] [ 89%] [32mBuilding C object CMakeFiles/yolov10_msg__rosidl_generator_py.dir/rosidl_generator_py/yolov10_msg/msg/_detection_s.c.o[0m
[4.162s] [ 90%] [32mBuilding C object CMakeFiles/yolov10_msg__rosidl_generator_py.dir/rosidl_generator_py/yolov10_msg/msg/_mask_s.c.o[0m
[4.162s] [ 91%] [32mBuilding C object CMakeFiles/yolov10_msg__rosidl_generator_py.dir/rosidl_generator_py/yolov10_msg/msg/_bounding_box3_d_s.c.o[0m
[4.163s] [ 92%] [32mBuilding C object CMakeFiles/yolov10_msg__rosidl_generator_py.dir/rosidl_generator_py/yolov10_msg/msg/_key_point2_d_s.c.o[0m
[4.163s] [ 92%] [32mBuilding C object CMakeFiles/yolov10_msg__rosidl_generator_py.dir/rosidl_generator_py/yolov10_msg/msg/_key_point3_d_array_s.c.o[0m
[4.164s] [ 93%] [32mBuilding C object CMakeFiles/yolov10_msg__rosidl_generator_py.dir/rosidl_generator_py/yolov10_msg/msg/_key_point3_d_s.c.o[0m
[4.164s] [ 94%] [32mBuilding C object CMakeFiles/yolov10_msg__rosidl_generator_py.dir/rosidl_generator_py/yolov10_msg/msg/_detection_array_s.c.o[0m
[4.176s] [ 95%] [32m[1mLinking C shared library rosidl_generator_py/yolov10_msg/libyolov10_msg__rosidl_generator_py.so[0m
[4.209s] [ 95%] Built target yolov10_msg__rosidl_generator_py
[4.225s] [ 96%] [32mBuilding C object CMakeFiles/yolov10_msg__rosidl_typesupport_c__pyext.dir/rosidl_generator_py/yolov10_msg/_yolov10_msg_s.ep.rosidl_typesupport_c.c.o[0m
[4.225s] [ 96%] [32mBuilding C object CMakeFiles/yolov10_msg__rosidl_typesupport_introspection_c__pyext.dir/rosidl_generator_py/yolov10_msg/_yolov10_msg_s.ep.rosidl_typesupport_introspection_c.c.o[0m
[4.227s] [ 97%] [32mBuilding C object CMakeFiles/yolov10_msg__rosidl_typesupport_fastrtps_c__pyext.dir/rosidl_generator_py/yolov10_msg/_yolov10_msg_s.ep.rosidl_typesupport_fastrtps_c.c.o[0m
[4.236s] [ 99%] [32m[1mLinking C shared library rosidl_generator_py/yolov10_msg/yolov10_msg_s__rosidl_typesupport_introspection_c.cpython-310-x86_64-linux-gnu.so[0m
[4.236s] [ 99%] [32m[1mLinking C shared library rosidl_generator_py/yolov10_msg/yolov10_msg_s__rosidl_typesupport_c.cpython-310-x86_64-linux-gnu.so[0m
[4.237s] [100%] [32m[1mLinking C shared library rosidl_generator_py/yolov10_msg/yolov10_msg_s__rosidl_typesupport_fastrtps_c.cpython-310-x86_64-linux-gnu.so[0m
[4.265s] [100%] Built target yolov10_msg__rosidl_typesupport_c__pyext
[4.265s] [100%] Built target yolov10_msg__rosidl_typesupport_introspection_c__pyext
[4.265s] [100%] Built target yolov10_msg__rosidl_typesupport_fastrtps_c__pyext
[4.273s] Invoked command in '/home/suke/chicken_core/build/yolov10_msg' returned '0': CMAKE_PREFIX_PATH=${CMAKE_PREFIX_PATH}:/home/suke/ouxt_automation/robotx_ws/install/opencv_tests:/home/suke/ouxt_automation/robotx_ws/install/detic_onnx_ros2:/opt/ros/humble /usr/bin/cmake --build /home/suke/chicken_core/build/yolov10_msg -- -j20 -l20
[4.528s] Invoking command in '/home/suke/chicken_core/build/yolov10_msg': CMAKE_PREFIX_PATH=${CMAKE_PREFIX_PATH}:/home/suke/ouxt_automation/robotx_ws/install/opencv_tests:/home/suke/ouxt_automation/robotx_ws/install/detic_onnx_ros2:/opt/ros/humble /usr/bin/cmake --install /home/suke/chicken_core/build/yolov10_msg
[4.534s] -- Install configuration: ""
[4.535s] -- Execute custom install script
[4.535s] -- Symlinking: /home/suke/chicken_core/install/yolov10_msg/share/ament_index/resource_index/rosidl_interfaces/yolov10_msg
[4.542s] -- Symlinking: /home/suke/chicken_core/install/yolov10_msg/include/yolov10_msg/yolov10_msg/msg/bounding_box2_d.h
[4.548s] -- Symlinking: /home/suke/chicken_core/install/yolov10_msg/include/yolov10_msg/yolov10_msg/msg/bounding_box3_d.h
[4.554s] -- Symlinking: /home/suke/chicken_core/install/yolov10_msg/include/yolov10_msg/yolov10_msg/msg/detail/bounding_box2_d__functions.h
[4.562s] -- Symlinking: /home/suke/chicken_core/install/yolov10_msg/include/yolov10_msg/yolov10_msg/msg/detail/bounding_box2_d__struct.h
[4.569s] -- Symlinking: /home/suke/chicken_core/install/yolov10_msg/include/yolov10_msg/yolov10_msg/msg/detail/bounding_box2_d__type_support.h
[4.575s] -- Symlinking: /home/suke/chicken_core/install/yolov10_msg/include/yolov10_msg/yolov10_msg/msg/detail/bounding_box3_d__functions.h
[4.581s] -- Symlinking: /home/suke/chicken_core/install/yolov10_msg/include/yolov10_msg/yolov10_msg/msg/detail/bounding_box3_d__struct.h
[4.588s] -- Symlinking: /home/suke/chicken_core/install/yolov10_msg/include/yolov10_msg/yolov10_msg/msg/detail/bounding_box3_d__type_support.h
[4.594s] -- Symlinking: /home/suke/chicken_core/install/yolov10_msg/include/yolov10_msg/yolov10_msg/msg/detail/detection__functions.h
[4.601s] -- Symlinking: /home/suke/chicken_core/install/yolov10_msg/include/yolov10_msg/yolov10_msg/msg/detail/detection__struct.h
[4.608s] -- Symlinking: /home/suke/chicken_core/install/yolov10_msg/include/yolov10_msg/yolov10_msg/msg/detail/detection__type_support.h
[4.616s] -- Symlinking: /home/suke/chicken_core/install/yolov10_msg/include/yolov10_msg/yolov10_msg/msg/detail/detection_array__functions.h
[4.623s] -- Symlinking: /home/suke/chicken_core/install/yolov10_msg/include/yolov10_msg/yolov10_msg/msg/detail/detection_array__struct.h
[4.630s] -- Symlinking: /home/suke/chicken_core/install/yolov10_msg/include/yolov10_msg/yolov10_msg/msg/detail/detection_array__type_support.h
[4.637s] -- Symlinking: /home/suke/chicken_core/install/yolov10_msg/include/yolov10_msg/yolov10_msg/msg/detail/key_point2_d__functions.h
[4.644s] -- Symlinking: /home/suke/chicken_core/install/yolov10_msg/include/yolov10_msg/yolov10_msg/msg/detail/key_point2_d__struct.h
[4.650s] -- Symlinking: /home/suke/chicken_core/install/yolov10_msg/include/yolov10_msg/yolov10_msg/msg/detail/key_point2_d__type_support.h
[4.657s] -- Symlinking: /home/suke/chicken_core/install/yolov10_msg/include/yolov10_msg/yolov10_msg/msg/detail/key_point2_d_array__functions.h
[4.663s] -- Symlinking: /home/suke/chicken_core/install/yolov10_msg/include/yolov10_msg/yolov10_msg/msg/detail/key_point2_d_array__struct.h
[4.670s] -- Symlinking: /home/suke/chicken_core/install/yolov10_msg/include/yolov10_msg/yolov10_msg/msg/detail/key_point2_d_array__type_support.h
[4.676s] -- Symlinking: /home/suke/chicken_core/install/yolov10_msg/include/yolov10_msg/yolov10_msg/msg/detail/key_point3_d__functions.h
[4.683s] -- Symlinking: /home/suke/chicken_core/install/yolov10_msg/include/yolov10_msg/yolov10_msg/msg/detail/key_point3_d__struct.h
[4.689s] -- Symlinking: /home/suke/chicken_core/install/yolov10_msg/include/yolov10_msg/yolov10_msg/msg/detail/key_point3_d__type_support.h
[4.696s] -- Symlinking: /home/suke/chicken_core/install/yolov10_msg/include/yolov10_msg/yolov10_msg/msg/detail/key_point3_d_array__functions.h
[4.703s] -- Symlinking: /home/suke/chicken_core/install/yolov10_msg/include/yolov10_msg/yolov10_msg/msg/detail/key_point3_d_array__struct.h
[4.709s] -- Symlinking: /home/suke/chicken_core/install/yolov10_msg/include/yolov10_msg/yolov10_msg/msg/detail/key_point3_d_array__type_support.h
[4.716s] -- Symlinking: /home/suke/chicken_core/install/yolov10_msg/include/yolov10_msg/yolov10_msg/msg/detail/mask__functions.h
[4.723s] -- Symlinking: /home/suke/chicken_core/install/yolov10_msg/include/yolov10_msg/yolov10_msg/msg/detail/mask__struct.h
[4.730s] -- Symlinking: /home/suke/chicken_core/install/yolov10_msg/include/yolov10_msg/yolov10_msg/msg/detail/mask__type_support.h
[4.737s] -- Symlinking: /home/suke/chicken_core/install/yolov10_msg/include/yolov10_msg/yolov10_msg/msg/detail/point2_d__functions.h
[4.743s] -- Symlinking: /home/suke/chicken_core/install/yolov10_msg/include/yolov10_msg/yolov10_msg/msg/detail/point2_d__struct.h
[4.750s] -- Symlinking: /home/suke/chicken_core/install/yolov10_msg/include/yolov10_msg/yolov10_msg/msg/detail/point2_d__type_support.h
[4.756s] -- Symlinking: /home/suke/chicken_core/install/yolov10_msg/include/yolov10_msg/yolov10_msg/msg/detail/pose2_d__functions.h
[4.763s] -- Symlinking: /home/suke/chicken_core/install/yolov10_msg/include/yolov10_msg/yolov10_msg/msg/detail/pose2_d__struct.h
[4.769s] -- Symlinking: /home/suke/chicken_core/install/yolov10_msg/include/yolov10_msg/yolov10_msg/msg/detail/pose2_d__type_support.h
[4.776s] -- Symlinking: /home/suke/chicken_core/install/yolov10_msg/include/yolov10_msg/yolov10_msg/msg/detail/vector2__functions.h
[4.782s] -- Symlinking: /home/suke/chicken_core/install/yolov10_msg/include/yolov10_msg/yolov10_msg/msg/detail/vector2__struct.h
[4.789s] -- Symlinking: /home/suke/chicken_core/install/yolov10_msg/include/yolov10_msg/yolov10_msg/msg/detail/vector2__type_support.h
[4.796s] -- Symlinking: /home/suke/chicken_core/install/yolov10_msg/include/yolov10_msg/yolov10_msg/msg/detection.h
[4.803s] -- Symlinking: /home/suke/chicken_core/install/yolov10_msg/include/yolov10_msg/yolov10_msg/msg/detection_array.h
[4.809s] -- Symlinking: /home/suke/chicken_core/install/yolov10_msg/include/yolov10_msg/yolov10_msg/msg/key_point2_d.h
[4.816s] -- Symlinking: /home/suke/chicken_core/install/yolov10_msg/include/yolov10_msg/yolov10_msg/msg/key_point2_d_array.h
[4.824s] -- Symlinking: /home/suke/chicken_core/install/yolov10_msg/include/yolov10_msg/yolov10_msg/msg/key_point3_d.h
[4.830s] -- Symlinking: /home/suke/chicken_core/install/yolov10_msg/include/yolov10_msg/yolov10_msg/msg/key_point3_d_array.h
[4.837s] -- Symlinking: /home/suke/chicken_core/install/yolov10_msg/include/yolov10_msg/yolov10_msg/msg/mask.h
[4.844s] -- Symlinking: /home/suke/chicken_core/install/yolov10_msg/include/yolov10_msg/yolov10_msg/msg/point2_d.h
[4.850s] -- Symlinking: /home/suke/chicken_core/install/yolov10_msg/include/yolov10_msg/yolov10_msg/msg/pose2_d.h
[4.857s] -- Symlinking: /home/suke/chicken_core/install/yolov10_msg/include/yolov10_msg/yolov10_msg/msg/rosidl_generator_c__visibility_control.h
[4.864s] -- Symlinking: /home/suke/chicken_core/install/yolov10_msg/include/yolov10_msg/yolov10_msg/msg/vector2.h
[4.870s] -- Symlinking: /home/suke/chicken_core/install/yolov10_msg/share/yolov10_msg/environment/library_path.sh
[4.876s] -- Symlinking: /home/suke/chicken_core/install/yolov10_msg/share/yolov10_msg/environment/library_path.dsv
[4.884s] -- Symlinking: /home/suke/chicken_core/install/yolov10_msg/include/yolov10_msg/yolov10_msg/msg/detail/bounding_box2_d__rosidl_typesupport_fastrtps_c.h
[4.890s] -- Symlinking: /home/suke/chicken_core/install/yolov10_msg/include/yolov10_msg/yolov10_msg/msg/detail/bounding_box3_d__rosidl_typesupport_fastrtps_c.h
[4.896s] -- Symlinking: /home/suke/chicken_core/install/yolov10_msg/include/yolov10_msg/yolov10_msg/msg/detail/detection__rosidl_typesupport_fastrtps_c.h
[4.904s] -- Symlinking: /home/suke/chicken_core/install/yolov10_msg/include/yolov10_msg/yolov10_msg/msg/detail/detection_array__rosidl_typesupport_fastrtps_c.h
[4.910s] -- Symlinking: /home/suke/chicken_core/install/yolov10_msg/include/yolov10_msg/yolov10_msg/msg/detail/key_point2_d__rosidl_typesupport_fastrtps_c.h
[4.917s] -- Symlinking: /home/suke/chicken_core/install/yolov10_msg/include/yolov10_msg/yolov10_msg/msg/detail/key_point2_d_array__rosidl_typesupport_fastrtps_c.h
[4.923s] -- Symlinking: /home/suke/chicken_core/install/yolov10_msg/include/yolov10_msg/yolov10_msg/msg/detail/key_point3_d__rosidl_typesupport_fastrtps_c.h
[4.931s] -- Symlinking: /home/suke/chicken_core/install/yolov10_msg/include/yolov10_msg/yolov10_msg/msg/detail/key_point3_d_array__rosidl_typesupport_fastrtps_c.h
[4.937s] -- Symlinking: /home/suke/chicken_core/install/yolov10_msg/include/yolov10_msg/yolov10_msg/msg/detail/mask__rosidl_typesupport_fastrtps_c.h
[4.944s] -- Symlinking: /home/suke/chicken_core/install/yolov10_msg/include/yolov10_msg/yolov10_msg/msg/detail/point2_d__rosidl_typesupport_fastrtps_c.h
[4.951s] -- Symlinking: /home/suke/chicken_core/install/yolov10_msg/include/yolov10_msg/yolov10_msg/msg/detail/pose2_d__rosidl_typesupport_fastrtps_c.h
[4.958s] -- Symlinking: /home/suke/chicken_core/install/yolov10_msg/include/yolov10_msg/yolov10_msg/msg/detail/vector2__rosidl_typesupport_fastrtps_c.h
[4.965s] -- Symlinking: /home/suke/chicken_core/install/yolov10_msg/include/yolov10_msg/yolov10_msg/msg/rosidl_typesupport_fastrtps_c__visibility_control.h
[4.971s] -- Symlinking: /home/suke/chicken_core/install/yolov10_msg/include/yolov10_msg/yolov10_msg/msg/detail/bounding_box2_d__rosidl_typesupport_introspection_c.h
[4.979s] -- Symlinking: /home/suke/chicken_core/install/yolov10_msg/include/yolov10_msg/yolov10_msg/msg/detail/bounding_box3_d__rosidl_typesupport_introspection_c.h
[4.985s] -- Symlinking: /home/suke/chicken_core/install/yolov10_msg/include/yolov10_msg/yolov10_msg/msg/detail/detection__rosidl_typesupport_introspection_c.h
[4.992s] -- Symlinking: /home/suke/chicken_core/install/yolov10_msg/include/yolov10_msg/yolov10_msg/msg/detail/detection_array__rosidl_typesupport_introspection_c.h
[4.998s] -- Symlinking: /home/suke/chicken_core/install/yolov10_msg/include/yolov10_msg/yolov10_msg/msg/detail/key_point2_d__rosidl_typesupport_introspection_c.h
[5.004s] -- Symlinking: /home/suke/chicken_core/install/yolov10_msg/include/yolov10_msg/yolov10_msg/msg/detail/key_point2_d_array__rosidl_typesupport_introspection_c.h
[5.012s] -- Symlinking: /home/suke/chicken_core/install/yolov10_msg/include/yolov10_msg/yolov10_msg/msg/detail/key_point3_d__rosidl_typesupport_introspection_c.h
[5.018s] -- Symlinking: /home/suke/chicken_core/install/yolov10_msg/include/yolov10_msg/yolov10_msg/msg/detail/key_point3_d_array__rosidl_typesupport_introspection_c.h
[5.024s] -- Symlinking: /home/suke/chicken_core/install/yolov10_msg/include/yolov10_msg/yolov10_msg/msg/detail/mask__rosidl_typesupport_introspection_c.h
[5.030s] -- Symlinking: /home/suke/chicken_core/install/yolov10_msg/include/yolov10_msg/yolov10_msg/msg/detail/point2_d__rosidl_typesupport_introspection_c.h
[5.036s] -- Symlinking: /home/suke/chicken_core/install/yolov10_msg/include/yolov10_msg/yolov10_msg/msg/detail/pose2_d__rosidl_typesupport_introspection_c.h
[5.042s] -- Symlinking: /home/suke/chicken_core/install/yolov10_msg/include/yolov10_msg/yolov10_msg/msg/detail/vector2__rosidl_typesupport_introspection_c.h
[5.048s] -- Symlinking: /home/suke/chicken_core/install/yolov10_msg/include/yolov10_msg/yolov10_msg/msg/rosidl_typesupport_introspection_c__visibility_control.h
[5.054s] -- Symlinking: /home/suke/chicken_core/install/yolov10_msg/include/yolov10_msg/yolov10_msg/msg/bounding_box2_d.hpp
[5.062s] -- Symlinking: /home/suke/chicken_core/install/yolov10_msg/include/yolov10_msg/yolov10_msg/msg/bounding_box3_d.hpp
[5.069s] -- Symlinking: /home/suke/chicken_core/install/yolov10_msg/include/yolov10_msg/yolov10_msg/msg/detail/bounding_box2_d__builder.hpp
[5.076s] -- Symlinking: /home/suke/chicken_core/install/yolov10_msg/include/yolov10_msg/yolov10_msg/msg/detail/bounding_box2_d__struct.hpp
[5.082s] -- Symlinking: /home/suke/chicken_core/install/yolov10_msg/include/yolov10_msg/yolov10_msg/msg/detail/bounding_box2_d__traits.hpp
[5.088s] -- Symlinking: /home/suke/chicken_core/install/yolov10_msg/include/yolov10_msg/yolov10_msg/msg/detail/bounding_box3_d__builder.hpp
[5.095s] -- Symlinking: /home/suke/chicken_core/install/yolov10_msg/include/yolov10_msg/yolov10_msg/msg/detail/bounding_box3_d__struct.hpp
[5.101s] -- Symlinking: /home/suke/chicken_core/install/yolov10_msg/include/yolov10_msg/yolov10_msg/msg/detail/bounding_box3_d__traits.hpp
[5.107s] -- Symlinking: /home/suke/chicken_core/install/yolov10_msg/include/yolov10_msg/yolov10_msg/msg/detail/detection__builder.hpp
[5.113s] -- Symlinking: /home/suke/chicken_core/install/yolov10_msg/include/yolov10_msg/yolov10_msg/msg/detail/detection__struct.hpp
[5.119s] -- Symlinking: /home/suke/chicken_core/install/yolov10_msg/include/yolov10_msg/yolov10_msg/msg/detail/detection__traits.hpp
[5.126s] -- Symlinking: /home/suke/chicken_core/install/yolov10_msg/include/yolov10_msg/yolov10_msg/msg/detail/detection_array__builder.hpp
[5.132s] -- Symlinking: /home/suke/chicken_core/install/yolov10_msg/include/yolov10_msg/yolov10_msg/msg/detail/detection_array__struct.hpp
[5.138s] -- Symlinking: /home/suke/chicken_core/install/yolov10_msg/include/yolov10_msg/yolov10_msg/msg/detail/detection_array__traits.hpp
[5.144s] -- Symlinking: /home/suke/chicken_core/install/yolov10_msg/include/yolov10_msg/yolov10_msg/msg/detail/key_point2_d__builder.hpp
[5.151s] -- Symlinking: /home/suke/chicken_core/install/yolov10_msg/include/yolov10_msg/yolov10_msg/msg/detail/key_point2_d__struct.hpp
[5.157s] -- Symlinking: /home/suke/chicken_core/install/yolov10_msg/include/yolov10_msg/yolov10_msg/msg/detail/key_point2_d__traits.hpp
[5.163s] -- Symlinking: /home/suke/chicken_core/install/yolov10_msg/include/yolov10_msg/yolov10_msg/msg/detail/key_point2_d_array__builder.hpp
[5.169s] -- Symlinking: /home/suke/chicken_core/install/yolov10_msg/include/yolov10_msg/yolov10_msg/msg/detail/key_point2_d_array__struct.hpp
[5.175s] -- Symlinking: /home/suke/chicken_core/install/yolov10_msg/include/yolov10_msg/yolov10_msg/msg/detail/key_point2_d_array__traits.hpp
[5.181s] -- Symlinking: /home/suke/chicken_core/install/yolov10_msg/include/yolov10_msg/yolov10_msg/msg/detail/key_point3_d__builder.hpp
[5.187s] -- Symlinking: /home/suke/chicken_core/install/yolov10_msg/include/yolov10_msg/yolov10_msg/msg/detail/key_point3_d__struct.hpp
[5.194s] -- Symlinking: /home/suke/chicken_core/install/yolov10_msg/include/yolov10_msg/yolov10_msg/msg/detail/key_point3_d__traits.hpp
[5.201s] -- Symlinking: /home/suke/chicken_core/install/yolov10_msg/include/yolov10_msg/yolov10_msg/msg/detail/key_point3_d_array__builder.hpp
[5.208s] -- Symlinking: /home/suke/chicken_core/install/yolov10_msg/include/yolov10_msg/yolov10_msg/msg/detail/key_point3_d_array__struct.hpp
[5.214s] -- Symlinking: /home/suke/chicken_core/install/yolov10_msg/include/yolov10_msg/yolov10_msg/msg/detail/key_point3_d_array__traits.hpp
[5.220s] -- Symlinking: /home/suke/chicken_core/install/yolov10_msg/include/yolov10_msg/yolov10_msg/msg/detail/mask__builder.hpp
[5.226s] -- Symlinking: /home/suke/chicken_core/install/yolov10_msg/include/yolov10_msg/yolov10_msg/msg/detail/mask__struct.hpp
[5.233s] -- Symlinking: /home/suke/chicken_core/install/yolov10_msg/include/yolov10_msg/yolov10_msg/msg/detail/mask__traits.hpp
[5.239s] -- Symlinking: /home/suke/chicken_core/install/yolov10_msg/include/yolov10_msg/yolov10_msg/msg/detail/point2_d__builder.hpp
[5.246s] -- Symlinking: /home/suke/chicken_core/install/yolov10_msg/include/yolov10_msg/yolov10_msg/msg/detail/point2_d__struct.hpp
[5.252s] -- Symlinking: /home/suke/chicken_core/install/yolov10_msg/include/yolov10_msg/yolov10_msg/msg/detail/point2_d__traits.hpp
[5.259s] -- Symlinking: /home/suke/chicken_core/install/yolov10_msg/include/yolov10_msg/yolov10_msg/msg/detail/pose2_d__builder.hpp
[5.265s] -- Symlinking: /home/suke/chicken_core/install/yolov10_msg/include/yolov10_msg/yolov10_msg/msg/detail/pose2_d__struct.hpp
[5.272s] -- Symlinking: /home/suke/chicken_core/install/yolov10_msg/include/yolov10_msg/yolov10_msg/msg/detail/pose2_d__traits.hpp
[5.278s] -- Symlinking: /home/suke/chicken_core/install/yolov10_msg/include/yolov10_msg/yolov10_msg/msg/detail/vector2__builder.hpp
[5.284s] -- Symlinking: /home/suke/chicken_core/install/yolov10_msg/include/yolov10_msg/yolov10_msg/msg/detail/vector2__struct.hpp
[5.290s] -- Symlinking: /home/suke/chicken_core/install/yolov10_msg/include/yolov10_msg/yolov10_msg/msg/detail/vector2__traits.hpp
[5.297s] -- Symlinking: /home/suke/chicken_core/install/yolov10_msg/include/yolov10_msg/yolov10_msg/msg/detection.hpp
[5.303s] -- Symlinking: /home/suke/chicken_core/install/yolov10_msg/include/yolov10_msg/yolov10_msg/msg/detection_array.hpp
[5.310s] -- Symlinking: /home/suke/chicken_core/install/yolov10_msg/include/yolov10_msg/yolov10_msg/msg/key_point2_d.hpp
[5.316s] -- Symlinking: /home/suke/chicken_core/install/yolov10_msg/include/yolov10_msg/yolov10_msg/msg/key_point2_d_array.hpp
[5.322s] -- Symlinking: /home/suke/chicken_core/install/yolov10_msg/include/yolov10_msg/yolov10_msg/msg/key_point3_d.hpp
[5.328s] -- Symlinking: /home/suke/chicken_core/install/yolov10_msg/include/yolov10_msg/yolov10_msg/msg/key_point3_d_array.hpp
[5.334s] -- Symlinking: /home/suke/chicken_core/install/yolov10_msg/include/yolov10_msg/yolov10_msg/msg/mask.hpp
[5.341s] -- Symlinking: /home/suke/chicken_core/install/yolov10_msg/include/yolov10_msg/yolov10_msg/msg/point2_d.hpp
[5.347s] -- Symlinking: /home/suke/chicken_core/install/yolov10_msg/include/yolov10_msg/yolov10_msg/msg/pose2_d.hpp
[5.353s] -- Symlinking: /home/suke/chicken_core/install/yolov10_msg/include/yolov10_msg/yolov10_msg/msg/vector2.hpp
[5.359s] -- Symlinking: /home/suke/chicken_core/install/yolov10_msg/include/yolov10_msg/yolov10_msg/msg/detail/bounding_box2_d__rosidl_typesupport_fastrtps_cpp.hpp
[5.365s] -- Symlinking: /home/suke/chicken_core/install/yolov10_msg/include/yolov10_msg/yolov10_msg/msg/detail/bounding_box3_d__rosidl_typesupport_fastrtps_cpp.hpp
[5.371s] -- Symlinking: /home/suke/chicken_core/install/yolov10_msg/include/yolov10_msg/yolov10_msg/msg/detail/detection__rosidl_typesupport_fastrtps_cpp.hpp
[5.377s] -- Symlinking: /home/suke/chicken_core/install/yolov10_msg/include/yolov10_msg/yolov10_msg/msg/detail/detection_array__rosidl_typesupport_fastrtps_cpp.hpp
[5.383s] -- Symlinking: /home/suke/chicken_core/install/yolov10_msg/include/yolov10_msg/yolov10_msg/msg/detail/key_point2_d__rosidl_typesupport_fastrtps_cpp.hpp
[5.389s] -- Symlinking: /home/suke/chicken_core/install/yolov10_msg/include/yolov10_msg/yolov10_msg/msg/detail/key_point2_d_array__rosidl_typesupport_fastrtps_cpp.hpp
[5.395s] -- Symlinking: /home/suke/chicken_core/install/yolov10_msg/include/yolov10_msg/yolov10_msg/msg/detail/key_point3_d__rosidl_typesupport_fastrtps_cpp.hpp
[5.401s] -- Symlinking: /home/suke/chicken_core/install/yolov10_msg/include/yolov10_msg/yolov10_msg/msg/detail/key_point3_d_array__rosidl_typesupport_fastrtps_cpp.hpp
[5.407s] -- Symlinking: /home/suke/chicken_core/install/yolov10_msg/include/yolov10_msg/yolov10_msg/msg/detail/mask__rosidl_typesupport_fastrtps_cpp.hpp
[5.416s] -- Symlinking: /home/suke/chicken_core/install/yolov10_msg/include/yolov10_msg/yolov10_msg/msg/detail/point2_d__rosidl_typesupport_fastrtps_cpp.hpp
[5.422s] -- Symlinking: /home/suke/chicken_core/install/yolov10_msg/include/yolov10_msg/yolov10_msg/msg/detail/pose2_d__rosidl_typesupport_fastrtps_cpp.hpp
[5.428s] -- Symlinking: /home/suke/chicken_core/install/yolov10_msg/include/yolov10_msg/yolov10_msg/msg/detail/vector2__rosidl_typesupport_fastrtps_cpp.hpp
[5.434s] -- Symlinking: /home/suke/chicken_core/install/yolov10_msg/include/yolov10_msg/yolov10_msg/msg/rosidl_typesupport_fastrtps_cpp__visibility_control.h
[5.440s] -- Symlinking: /home/suke/chicken_core/install/yolov10_msg/include/yolov10_msg/yolov10_msg/msg/detail/bounding_box2_d__rosidl_typesupport_introspection_cpp.hpp
[5.446s] -- Symlinking: /home/suke/chicken_core/install/yolov10_msg/include/yolov10_msg/yolov10_msg/msg/detail/bounding_box3_d__rosidl_typesupport_introspection_cpp.hpp
[5.452s] -- Symlinking: /home/suke/chicken_core/install/yolov10_msg/include/yolov10_msg/yolov10_msg/msg/detail/detection__rosidl_typesupport_introspection_cpp.hpp
[5.457s] -- Symlinking: /home/suke/chicken_core/install/yolov10_msg/include/yolov10_msg/yolov10_msg/msg/detail/detection_array__rosidl_typesupport_introspection_cpp.hpp
[5.463s] -- Symlinking: /home/suke/chicken_core/install/yolov10_msg/include/yolov10_msg/yolov10_msg/msg/detail/key_point2_d__rosidl_typesupport_introspection_cpp.hpp
[5.469s] -- Symlinking: /home/suke/chicken_core/install/yolov10_msg/include/yolov10_msg/yolov10_msg/msg/detail/key_point2_d_array__rosidl_typesupport_introspection_cpp.hpp
[5.474s] -- Symlinking: /home/suke/chicken_core/install/yolov10_msg/include/yolov10_msg/yolov10_msg/msg/detail/key_point3_d__rosidl_typesupport_introspection_cpp.hpp
[5.480s] -- Symlinking: /home/suke/chicken_core/install/yolov10_msg/include/yolov10_msg/yolov10_msg/msg/detail/key_point3_d_array__rosidl_typesupport_introspection_cpp.hpp
[5.487s] -- Symlinking: /home/suke/chicken_core/install/yolov10_msg/include/yolov10_msg/yolov10_msg/msg/detail/mask__rosidl_typesupport_introspection_cpp.hpp
[5.493s] -- Symlinking: /home/suke/chicken_core/install/yolov10_msg/include/yolov10_msg/yolov10_msg/msg/detail/point2_d__rosidl_typesupport_introspection_cpp.hpp
[5.498s] -- Symlinking: /home/suke/chicken_core/install/yolov10_msg/include/yolov10_msg/yolov10_msg/msg/detail/pose2_d__rosidl_typesupport_introspection_cpp.hpp
[5.504s] -- Symlinking: /home/suke/chicken_core/install/yolov10_msg/include/yolov10_msg/yolov10_msg/msg/detail/vector2__rosidl_typesupport_introspection_cpp.hpp
[5.510s] -- Symlinking: /home/suke/chicken_core/install/yolov10_msg/share/yolov10_msg/environment/pythonpath.sh
[5.516s] -- Symlinking: /home/suke/chicken_core/install/yolov10_msg/share/yolov10_msg/environment/pythonpath.dsv
[5.523s] -- Symlinking: /home/suke/chicken_core/install/yolov10_msg/local/lib/python3.10/dist-packages/yolov10_msg-0.0.0-py3.10.egg-info/PKG-INFO
[5.528s] -- Symlinking: /home/suke/chicken_core/install/yolov10_msg/local/lib/python3.10/dist-packages/yolov10_msg-0.0.0-py3.10.egg-info/SOURCES.txt
[5.534s] -- Symlinking: /home/suke/chicken_core/install/yolov10_msg/local/lib/python3.10/dist-packages/yolov10_msg-0.0.0-py3.10.egg-info/dependency_links.txt
[5.540s] -- Symlinking: /home/suke/chicken_core/install/yolov10_msg/local/lib/python3.10/dist-packages/yolov10_msg-0.0.0-py3.10.egg-info/top_level.txt
[5.546s] -- Symlinking: /home/suke/chicken_core/install/yolov10_msg/local/lib/python3.10/dist-packages/yolov10_msg/__init__.py
[5.552s] -- Symlinking: /home/suke/chicken_core/install/yolov10_msg/local/lib/python3.10/dist-packages/yolov10_msg/_yolov10_msg_s.ep.rosidl_typesupport_c.c
[5.557s] -- Symlinking: /home/suke/chicken_core/install/yolov10_msg/local/lib/python3.10/dist-packages/yolov10_msg/_yolov10_msg_s.ep.rosidl_typesupport_fastrtps_c.c
[5.564s] -- Symlinking: /home/suke/chicken_core/install/yolov10_msg/local/lib/python3.10/dist-packages/yolov10_msg/_yolov10_msg_s.ep.rosidl_typesupport_introspection_c.c
[5.569s] -- Symlinking: /home/suke/chicken_core/install/yolov10_msg/local/lib/python3.10/dist-packages/yolov10_msg/libyolov10_msg__rosidl_generator_py.so
[5.575s] -- Symlinking: /home/suke/chicken_core/install/yolov10_msg/local/lib/python3.10/dist-packages/yolov10_msg/msg/__init__.py
[5.581s] -- Symlinking: /home/suke/chicken_core/install/yolov10_msg/local/lib/python3.10/dist-packages/yolov10_msg/msg/_bounding_box2_d.py
[5.586s] -- Symlinking: /home/suke/chicken_core/install/yolov10_msg/local/lib/python3.10/dist-packages/yolov10_msg/msg/_bounding_box2_d_s.c
[5.592s] -- Symlinking: /home/suke/chicken_core/install/yolov10_msg/local/lib/python3.10/dist-packages/yolov10_msg/msg/_bounding_box3_d.py
[5.598s] -- Symlinking: /home/suke/chicken_core/install/yolov10_msg/local/lib/python3.10/dist-packages/yolov10_msg/msg/_bounding_box3_d_s.c
[5.604s] -- Symlinking: /home/suke/chicken_core/install/yolov10_msg/local/lib/python3.10/dist-packages/yolov10_msg/msg/_detection.py
[5.610s] -- Symlinking: /home/suke/chicken_core/install/yolov10_msg/local/lib/python3.10/dist-packages/yolov10_msg/msg/_detection_array.py
[5.615s] -- Symlinking: /home/suke/chicken_core/install/yolov10_msg/local/lib/python3.10/dist-packages/yolov10_msg/msg/_detection_array_s.c
[5.621s] -- Symlinking: /home/suke/chicken_core/install/yolov10_msg/local/lib/python3.10/dist-packages/yolov10_msg/msg/_detection_s.c
[5.627s] -- Symlinking: /home/suke/chicken_core/install/yolov10_msg/local/lib/python3.10/dist-packages/yolov10_msg/msg/_key_point2_d.py
[5.632s] -- Symlinking: /home/suke/chicken_core/install/yolov10_msg/local/lib/python3.10/dist-packages/yolov10_msg/msg/_key_point2_d_array.py
[5.639s] -- Symlinking: /home/suke/chicken_core/install/yolov10_msg/local/lib/python3.10/dist-packages/yolov10_msg/msg/_key_point2_d_array_s.c
[5.644s] -- Symlinking: /home/suke/chicken_core/install/yolov10_msg/local/lib/python3.10/dist-packages/yolov10_msg/msg/_key_point2_d_s.c
[5.650s] -- Symlinking: /home/suke/chicken_core/install/yolov10_msg/local/lib/python3.10/dist-packages/yolov10_msg/msg/_key_point3_d.py
[5.657s] -- Symlinking: /home/suke/chicken_core/install/yolov10_msg/local/lib/python3.10/dist-packages/yolov10_msg/msg/_key_point3_d_array.py
[5.663s] -- Symlinking: /home/suke/chicken_core/install/yolov10_msg/local/lib/python3.10/dist-packages/yolov10_msg/msg/_key_point3_d_array_s.c
[5.669s] -- Symlinking: /home/suke/chicken_core/install/yolov10_msg/local/lib/python3.10/dist-packages/yolov10_msg/msg/_key_point3_d_s.c
[5.675s] -- Symlinking: /home/suke/chicken_core/install/yolov10_msg/local/lib/python3.10/dist-packages/yolov10_msg/msg/_mask.py
[5.681s] -- Symlinking: /home/suke/chicken_core/install/yolov10_msg/local/lib/python3.10/dist-packages/yolov10_msg/msg/_mask_s.c
[5.688s] -- Symlinking: /home/suke/chicken_core/install/yolov10_msg/local/lib/python3.10/dist-packages/yolov10_msg/msg/_point2_d.py
[5.694s] -- Symlinking: /home/suke/chicken_core/install/yolov10_msg/local/lib/python3.10/dist-packages/yolov10_msg/msg/_point2_d_s.c
[5.700s] -- Symlinking: /home/suke/chicken_core/install/yolov10_msg/local/lib/python3.10/dist-packages/yolov10_msg/msg/_pose2_d.py
[5.706s] -- Symlinking: /home/suke/chicken_core/install/yolov10_msg/local/lib/python3.10/dist-packages/yolov10_msg/msg/_pose2_d_s.c
[5.712s] -- Symlinking: /home/suke/chicken_core/install/yolov10_msg/local/lib/python3.10/dist-packages/yolov10_msg/msg/_vector2.py
[5.718s] -- Symlinking: /home/suke/chicken_core/install/yolov10_msg/local/lib/python3.10/dist-packages/yolov10_msg/msg/_vector2_s.c
[5.724s] -- Symlinking: /home/suke/chicken_core/install/yolov10_msg/local/lib/python3.10/dist-packages/yolov10_msg/yolov10_msg_s__rosidl_typesupport_c.cpython-310-x86_64-linux-gnu.so
[5.730s] -- Symlinking: /home/suke/chicken_core/install/yolov10_msg/local/lib/python3.10/dist-packages/yolov10_msg/yolov10_msg_s__rosidl_typesupport_fastrtps_c.cpython-310-x86_64-linux-gnu.so
[5.736s] -- Symlinking: /home/suke/chicken_core/install/yolov10_msg/local/lib/python3.10/dist-packages/yolov10_msg/yolov10_msg_s__rosidl_typesupport_introspection_c.cpython-310-x86_64-linux-gnu.so
[5.742s] -- Up-to-date symlink: /home/suke/chicken_core/install/yolov10_msg/local/lib/python3.10/dist-packages/yolov10_msg/yolov10_msg_s__rosidl_typesupport_fastrtps_c.cpython-310-x86_64-linux-gnu.so
[5.743s] -- Up-to-date symlink: /home/suke/chicken_core/install/yolov10_msg/local/lib/python3.10/dist-packages/yolov10_msg/yolov10_msg_s__rosidl_typesupport_introspection_c.cpython-310-x86_64-linux-gnu.so
[5.743s] -- Up-to-date symlink: /home/suke/chicken_core/install/yolov10_msg/local/lib/python3.10/dist-packages/yolov10_msg/yolov10_msg_s__rosidl_typesupport_c.cpython-310-x86_64-linux-gnu.so
[5.743s] -- Symlinking: /home/suke/chicken_core/install/yolov10_msg/share/yolov10_msg/msg/Point2D.idl
[5.750s] -- Symlinking: /home/suke/chicken_core/install/yolov10_msg/share/yolov10_msg/msg/Vector2.idl
[5.762s] -- Symlinking: /home/suke/chicken_core/install/yolov10_msg/share/yolov10_msg/msg/Pose2D.idl
[5.768s] -- Symlinking: /home/suke/chicken_core/install/yolov10_msg/share/yolov10_msg/msg/BoundingBox2D.idl
[5.775s] -- Symlinking: /home/suke/chicken_core/install/yolov10_msg/share/yolov10_msg/msg/BoundingBox3D.idl
[5.783s] -- Symlinking: /home/suke/chicken_core/install/yolov10_msg/share/yolov10_msg/msg/Mask.idl
[5.789s] -- Symlinking: /home/suke/chicken_core/install/yolov10_msg/share/yolov10_msg/msg/KeyPoint2D.idl
[5.794s] -- Symlinking: /home/suke/chicken_core/install/yolov10_msg/share/yolov10_msg/msg/KeyPoint2DArray.idl
[5.803s] -- Symlinking: /home/suke/chicken_core/install/yolov10_msg/share/yolov10_msg/msg/KeyPoint3D.idl
[5.808s] -- Symlinking: /home/suke/chicken_core/install/yolov10_msg/share/yolov10_msg/msg/KeyPoint3DArray.idl
[5.814s] -- Symlinking: /home/suke/chicken_core/install/yolov10_msg/share/yolov10_msg/msg/Detection.idl
[5.819s] -- Symlinking: /home/suke/chicken_core/install/yolov10_msg/share/yolov10_msg/msg/DetectionArray.idl
[5.824s] -- Symlinking: /home/suke/chicken_core/install/yolov10_msg/share/yolov10_msg/msg/Point2D.msg
[5.830s] -- Symlinking: /home/suke/chicken_core/install/yolov10_msg/share/yolov10_msg/msg/Vector2.msg
[5.836s] -- Symlinking: /home/suke/chicken_core/install/yolov10_msg/share/yolov10_msg/msg/Pose2D.msg
[5.841s] -- Symlinking: /home/suke/chicken_core/install/yolov10_msg/share/yolov10_msg/msg/BoundingBox2D.msg
[5.847s] -- Symlinking: /home/suke/chicken_core/install/yolov10_msg/share/yolov10_msg/msg/BoundingBox3D.msg
[5.853s] -- Symlinking: /home/suke/chicken_core/install/yolov10_msg/share/yolov10_msg/msg/Mask.msg
[5.859s] -- Symlinking: /home/suke/chicken_core/install/yolov10_msg/share/yolov10_msg/msg/KeyPoint2D.msg
[5.865s] -- Symlinking: /home/suke/chicken_core/install/yolov10_msg/share/yolov10_msg/msg/KeyPoint2DArray.msg
[5.870s] -- Symlinking: /home/suke/chicken_core/install/yolov10_msg/share/yolov10_msg/msg/KeyPoint3D.msg
[5.876s] -- Symlinking: /home/suke/chicken_core/install/yolov10_msg/share/yolov10_msg/msg/KeyPoint3DArray.msg
[5.882s] -- Symlinking: /home/suke/chicken_core/install/yolov10_msg/share/yolov10_msg/msg/Detection.msg
[5.890s] -- Symlinking: /home/suke/chicken_core/install/yolov10_msg/share/yolov10_msg/msg/DetectionArray.msg
[5.898s] -- Symlinking: /home/suke/chicken_core/install/yolov10_msg/share/ament_index/resource_index/package_run_dependencies/yolov10_msg
[5.905s] -- Symlinking: /home/suke/chicken_core/install/yolov10_msg/share/ament_index/resource_index/parent_prefix_path/yolov10_msg
[5.912s] -- Symlinking: /home/suke/chicken_core/install/yolov10_msg/share/yolov10_msg/environment/ament_prefix_path.sh
[5.919s] -- Symlinking: /home/suke/chicken_core/install/yolov10_msg/share/yolov10_msg/environment/ament_prefix_path.dsv
[5.926s] -- Symlinking: /home/suke/chicken_core/install/yolov10_msg/share/yolov10_msg/environment/path.sh
[5.933s] -- Symlinking: /home/suke/chicken_core/install/yolov10_msg/share/yolov10_msg/environment/path.dsv
[5.939s] -- Symlinking: /home/suke/chicken_core/install/yolov10_msg/share/yolov10_msg/local_setup.bash
[5.949s] -- Symlinking: /home/suke/chicken_core/install/yolov10_msg/share/yolov10_msg/local_setup.sh
[5.956s] -- Symlinking: /home/suke/chicken_core/install/yolov10_msg/share/yolov10_msg/local_setup.zsh
[5.962s] -- Symlinking: /home/suke/chicken_core/install/yolov10_msg/share/yolov10_msg/local_setup.dsv
[5.971s] -- Symlinking: /home/suke/chicken_core/install/yolov10_msg/share/yolov10_msg/package.dsv
[5.984s] -- Symlinking: /home/suke/chicken_core/install/yolov10_msg/share/ament_index/resource_index/packages/yolov10_msg
[5.996s] -- Symlinking: /home/suke/chicken_core/install/yolov10_msg/share/yolov10_msg/cmake/rosidl_cmake-extras.cmake
[6.002s] -- Symlinking: /home/suke/chicken_core/install/yolov10_msg/share/yolov10_msg/cmake/ament_cmake_export_dependencies-extras.cmake
[6.008s] -- Symlinking: /home/suke/chicken_core/install/yolov10_msg/share/yolov10_msg/cmake/ament_cmake_export_include_directories-extras.cmake
[6.015s] -- Symlinking: /home/suke/chicken_core/install/yolov10_msg/share/yolov10_msg/cmake/ament_cmake_export_libraries-extras.cmake
[6.021s] -- Symlinking: /home/suke/chicken_core/install/yolov10_msg/share/yolov10_msg/cmake/ament_cmake_export_targets-extras.cmake
[6.028s] -- Symlinking: /home/suke/chicken_core/install/yolov10_msg/share/yolov10_msg/cmake/rosidl_cmake_export_typesupport_targets-extras.cmake
[6.034s] -- Symlinking: /home/suke/chicken_core/install/yolov10_msg/share/yolov10_msg/cmake/rosidl_cmake_export_typesupport_libraries-extras.cmake
[6.040s] -- Symlinking: /home/suke/chicken_core/install/yolov10_msg/share/yolov10_msg/cmake/yolov10_msgConfig.cmake
[6.046s] -- Symlinking: /home/suke/chicken_core/install/yolov10_msg/share/yolov10_msg/cmake/yolov10_msgConfig-version.cmake
[6.054s] -- Symlinking: /home/suke/chicken_core/install/yolov10_msg/share/yolov10_msg/package.xml
[6.063s] -- Installing: /home/suke/chicken_core/install/yolov10_msg/lib/libyolov10_msg__rosidl_generator_c.so
[6.063s] -- Set runtime path of "/home/suke/chicken_core/install/yolov10_msg/lib/libyolov10_msg__rosidl_generator_c.so" to ""
[6.063s] -- Installing: /home/suke/chicken_core/install/yolov10_msg/lib/libyolov10_msg__rosidl_typesupport_fastrtps_c.so
[6.063s] -- Set runtime path of "/home/suke/chicken_core/install/yolov10_msg/lib/libyolov10_msg__rosidl_typesupport_fastrtps_c.so" to ""
[6.063s] -- Installing: /home/suke/chicken_core/install/yolov10_msg/lib/libyolov10_msg__rosidl_typesupport_introspection_c.so
[6.063s] -- Set runtime path of "/home/suke/chicken_core/install/yolov10_msg/lib/libyolov10_msg__rosidl_typesupport_introspection_c.so" to ""
[6.064s] -- Installing: /home/suke/chicken_core/install/yolov10_msg/lib/libyolov10_msg__rosidl_typesupport_c.so
[6.064s] -- Set runtime path of "/home/suke/chicken_core/install/yolov10_msg/lib/libyolov10_msg__rosidl_typesupport_c.so" to ""
[6.064s] -- Installing: /home/suke/chicken_core/install/yolov10_msg/lib/libyolov10_msg__rosidl_typesupport_fastrtps_cpp.so
[6.064s] -- Set runtime path of "/home/suke/chicken_core/install/yolov10_msg/lib/libyolov10_msg__rosidl_typesupport_fastrtps_cpp.so" to ""
[6.064s] -- Installing: /home/suke/chicken_core/install/yolov10_msg/lib/libyolov10_msg__rosidl_typesupport_introspection_cpp.so
[6.064s] -- Set runtime path of "/home/suke/chicken_core/install/yolov10_msg/lib/libyolov10_msg__rosidl_typesupport_introspection_cpp.so" to ""
[6.064s] -- Installing: /home/suke/chicken_core/install/yolov10_msg/lib/libyolov10_msg__rosidl_typesupport_cpp.so
[6.065s] -- Set runtime path of "/home/suke/chicken_core/install/yolov10_msg/lib/libyolov10_msg__rosidl_typesupport_cpp.so" to ""
[6.092s] Listing '/home/suke/chicken_core/install/yolov10_msg/local/lib/python3.10/dist-packages/yolov10_msg'...
[6.092s] Compiling '/home/suke/chicken_core/install/yolov10_msg/local/lib/python3.10/dist-packages/yolov10_msg/__init__.py'...
[6.092s] Listing '/home/suke/chicken_core/install/yolov10_msg/local/lib/python3.10/dist-packages/yolov10_msg/msg'...
[6.092s] Compiling '/home/suke/chicken_core/install/yolov10_msg/local/lib/python3.10/dist-packages/yolov10_msg/msg/__init__.py'...
[6.092s] Compiling '/home/suke/chicken_core/install/yolov10_msg/local/lib/python3.10/dist-packages/yolov10_msg/msg/_bounding_box2_d.py'...
[6.092s] Compiling '/home/suke/chicken_core/install/yolov10_msg/local/lib/python3.10/dist-packages/yolov10_msg/msg/_bounding_box3_d.py'...
[6.092s] Compiling '/home/suke/chicken_core/install/yolov10_msg/local/lib/python3.10/dist-packages/yolov10_msg/msg/_detection.py'...
[6.092s] Compiling '/home/suke/chicken_core/install/yolov10_msg/local/lib/python3.10/dist-packages/yolov10_msg/msg/_detection_array.py'...
[6.092s] Compiling '/home/suke/chicken_core/install/yolov10_msg/local/lib/python3.10/dist-packages/yolov10_msg/msg/_key_point2_d.py'...
[6.092s] Compiling '/home/suke/chicken_core/install/yolov10_msg/local/lib/python3.10/dist-packages/yolov10_msg/msg/_key_point2_d_array.py'...
[6.092s] Compiling '/home/suke/chicken_core/install/yolov10_msg/local/lib/python3.10/dist-packages/yolov10_msg/msg/_key_point3_d.py'...
[6.092s] Compiling '/home/suke/chicken_core/install/yolov10_msg/local/lib/python3.10/dist-packages/yolov10_msg/msg/_key_point3_d_array.py'...
[6.092s] Compiling '/home/suke/chicken_core/install/yolov10_msg/local/lib/python3.10/dist-packages/yolov10_msg/msg/_mask.py'...
[6.092s] Compiling '/home/suke/chicken_core/install/yolov10_msg/local/lib/python3.10/dist-packages/yolov10_msg/msg/_point2_d.py'...
[6.092s] Compiling '/home/suke/chicken_core/install/yolov10_msg/local/lib/python3.10/dist-packages/yolov10_msg/msg/_pose2_d.py'...
[6.092s] Compiling '/home/suke/chicken_core/install/yolov10_msg/local/lib/python3.10/dist-packages/yolov10_msg/msg/_vector2.py'...
[6.094s] -- Installing: /home/suke/chicken_core/install/yolov10_msg/lib/libyolov10_msg__rosidl_generator_py.so
[6.094s] -- Set runtime path of "/home/suke/chicken_core/install/yolov10_msg/lib/libyolov10_msg__rosidl_generator_py.so" to ""
[6.094s] -- Installing: /home/suke/chicken_core/install/yolov10_msg/share/yolov10_msg/cmake/export_yolov10_msg__rosidl_generator_cExport.cmake
[6.094s] -- Installing: /home/suke/chicken_core/install/yolov10_msg/share/yolov10_msg/cmake/export_yolov10_msg__rosidl_generator_cExport-noconfig.cmake
[6.094s] -- Installing: /home/suke/chicken_core/install/yolov10_msg/share/yolov10_msg/cmake/export_yolov10_msg__rosidl_typesupport_fastrtps_cExport.cmake
[6.094s] -- Installing: /home/suke/chicken_core/install/yolov10_msg/share/yolov10_msg/cmake/export_yolov10_msg__rosidl_typesupport_fastrtps_cExport-noconfig.cmake
[6.095s] -- Installing: /home/suke/chicken_core/install/yolov10_msg/share/yolov10_msg/cmake/yolov10_msg__rosidl_typesupport_introspection_cExport.cmake
[6.095s] -- Installing: /home/suke/chicken_core/install/yolov10_msg/share/yolov10_msg/cmake/yolov10_msg__rosidl_typesupport_introspection_cExport-noconfig.cmake
[6.095s] -- Installing: /home/suke/chicken_core/install/yolov10_msg/share/yolov10_msg/cmake/yolov10_msg__rosidl_typesupport_cExport.cmake
[6.095s] -- Installing: /home/suke/chicken_core/install/yolov10_msg/share/yolov10_msg/cmake/yolov10_msg__rosidl_typesupport_cExport-noconfig.cmake
[6.095s] -- Installing: /home/suke/chicken_core/install/yolov10_msg/share/yolov10_msg/cmake/export_yolov10_msg__rosidl_generator_cppExport.cmake
[6.095s] -- Installing: /home/suke/chicken_core/install/yolov10_msg/share/yolov10_msg/cmake/export_yolov10_msg__rosidl_typesupport_fastrtps_cppExport.cmake
[6.095s] -- Installing: /home/suke/chicken_core/install/yolov10_msg/share/yolov10_msg/cmake/export_yolov10_msg__rosidl_typesupport_fastrtps_cppExport-noconfig.cmake
[6.095s] -- Installing: /home/suke/chicken_core/install/yolov10_msg/share/yolov10_msg/cmake/yolov10_msg__rosidl_typesupport_introspection_cppExport.cmake
[6.095s] -- Installing: /home/suke/chicken_core/install/yolov10_msg/share/yolov10_msg/cmake/yolov10_msg__rosidl_typesupport_introspection_cppExport-noconfig.cmake
[6.095s] -- Installing: /home/suke/chicken_core/install/yolov10_msg/share/yolov10_msg/cmake/yolov10_msg__rosidl_typesupport_cppExport.cmake
[6.095s] -- Installing: /home/suke/chicken_core/install/yolov10_msg/share/yolov10_msg/cmake/yolov10_msg__rosidl_typesupport_cppExport-noconfig.cmake
[6.095s] -- Installing: /home/suke/chicken_core/install/yolov10_msg/share/yolov10_msg/cmake/export_yolov10_msg__rosidl_generator_pyExport.cmake
[6.095s] -- Installing: /home/suke/chicken_core/install/yolov10_msg/share/yolov10_msg/cmake/export_yolov10_msg__rosidl_generator_pyExport-noconfig.cmake
[6.096s] Invoked command in '/home/suke/chicken_core/build/yolov10_msg' returned '0': CMAKE_PREFIX_PATH=${CMAKE_PREFIX_PATH}:/home/suke/ouxt_automation/robotx_ws/install/opencv_tests:/home/suke/ouxt_automation/robotx_ws/install/detic_onnx_ros2:/opt/ros/humble /usr/bin/cmake --install /home/suke/chicken_core/build/yolov10_msg
