running develop
/usr/lib/python3/dist-packages/setuptools/command/easy_install.py:158: EasyInstallDeprecationWarning: easy_install command is deprecated. Use build and pip and other standards-based tools.
  warnings.warn(
Removing /home/suke/chicken_core/install/yolov10_ros/lib/python3.10/site-packages/yolov10-ros.egg-link (link to .)
running egg_info
writing ../../../build/yolov10_ros/yolov10_ros.egg-info/PKG-INFO
writing dependency_links to ../../../build/yolov10_ros/yolov10_ros.egg-info/dependency_links.txt
writing entry points to ../../../build/yolov10_ros/yolov10_ros.egg-info/entry_points.txt
writing requirements to ../../../build/yolov10_ros/yolov10_ros.egg-info/requires.txt
writing top-level names to ../../../build/yolov10_ros/yolov10_ros.egg-info/top_level.txt
reading manifest file '../../../build/yolov10_ros/yolov10_ros.egg-info/SOURCES.txt'
writing manifest file '../../../build/yolov10_ros/yolov10_ros.egg-info/SOURCES.txt'
running build
running build_py
creating /home/suke/chicken_core/build/yolov10_ros/build
creating /home/suke/chicken_core/build/yolov10_ros/build/lib
creating /home/suke/chicken_core/build/yolov10_ros/build/lib/yolov10_ros
copying yolov10_ros/export_model.py -> /home/suke/chicken_core/build/yolov10_ros/build/lib/yolov10_ros
copying yolov10_ros/__init__.py -> /home/suke/chicken_core/build/yolov10_ros/build/lib/yolov10_ros
copying yolov10_ros/yolov10_onnx_node.py -> /home/suke/chicken_core/build/yolov10_ros/build/lib/yolov10_ros
copying yolov10_ros/yolov10_node.py -> /home/suke/chicken_core/build/yolov10_ros/build/lib/yolov10_ros
running install
running install_lib
creating /home/suke/chicken_core/install/yolov10_ros/lib/python3.10/site-packages/yolov10_ros
copying /home/suke/chicken_core/build/yolov10_ros/build/lib/yolov10_ros/export_model.py -> /home/suke/chicken_core/install/yolov10_ros/lib/python3.10/site-packages/yolov10_ros
copying /home/suke/chicken_core/build/yolov10_ros/build/lib/yolov10_ros/__init__.py -> /home/suke/chicken_core/install/yolov10_ros/lib/python3.10/site-packages/yolov10_ros
copying /home/suke/chicken_core/build/yolov10_ros/build/lib/yolov10_ros/yolov10_onnx_node.py -> /home/suke/chicken_core/install/yolov10_ros/lib/python3.10/site-packages/yolov10_ros
copying /home/suke/chicken_core/build/yolov10_ros/build/lib/yolov10_ros/yolov10_node.py -> /home/suke/chicken_core/install/yolov10_ros/lib/python3.10/site-packages/yolov10_ros
byte-compiling /home/suke/chicken_core/install/yolov10_ros/lib/python3.10/site-packages/yolov10_ros/export_model.py to export_model.cpython-310.pyc
byte-compiling /home/suke/chicken_core/install/yolov10_ros/lib/python3.10/site-packages/yolov10_ros/__init__.py to __init__.cpython-310.pyc
byte-compiling /home/suke/chicken_core/install/yolov10_ros/lib/python3.10/site-packages/yolov10_ros/yolov10_onnx_node.py to yolov10_onnx_node.cpython-310.pyc
byte-compiling /home/suke/chicken_core/install/yolov10_ros/lib/python3.10/site-packages/yolov10_ros/yolov10_node.py to yolov10_node.cpython-310.pyc
running install_data
copying resource/yolov10_ros -> /home/suke/chicken_core/install/yolov10_ros/share/ament_index/resource_index/packages
copying package.xml -> /home/suke/chicken_core/install/yolov10_ros/share/yolov10_ros
running install_egg_info
Copying ../../../build/yolov10_ros/yolov10_ros.egg-info to /home/suke/chicken_core/install/yolov10_ros/lib/python3.10/site-packages/yolov10_ros-0.0.0-py3.10.egg-info
running install_scripts
Installing yolov10_node script to /home/suke/chicken_core/install/yolov10_ros/lib/yolov10_ros
writing list of installed files to '/home/suke/chicken_core/build/yolov10_ros/install.log'
