[0.011s] Invoking command in '/home/suke/chicken_core/build/yolov10_bringup': AMENT_PREFIX_PATH=/home/suke/chicken_core/install/yolov10_ros:${AMENT_PREFIX_PATH} CMAKE_PREFIX_PATH=${CMAKE_PREFIX_PATH}:/home/suke/ouxt_automation/robotx_ws/install/opencv_tests:/home/suke/ouxt_automation/robotx_ws/install/kalman_filter_localization:/home/suke/ouxt_automation/robotx_ws/install/detic_onnx_ros2:/opt/ros/humble PYTHONPATH=/home/suke/chicken_core/install/yolov10_ros/lib/python3.10/site-packages:${PYTHONPATH} /usr/bin/cmake --build /home/suke/chicken_core/build/yolov10_bringup -- -j20 -l20
[0.044s] Invoked command in '/home/suke/chicken_core/build/yolov10_bringup' returned '0': AMENT_PREFIX_PATH=/home/suke/chicken_core/install/yolov10_ros:${AMENT_PREFIX_PATH} CMAKE_PREFIX_PATH=${CMAKE_PREFIX_PATH}:/home/suke/ouxt_automation/robotx_ws/install/opencv_tests:/home/suke/ouxt_automation/robotx_ws/install/kalman_filter_localization:/home/suke/ouxt_automation/robotx_ws/install/detic_onnx_ros2:/opt/ros/humble PYTHONPATH=/home/suke/chicken_core/install/yolov10_ros/lib/python3.10/site-packages:${PYTHONPATH} /usr/bin/cmake --build /home/suke/chicken_core/build/yolov10_bringup -- -j20 -l20
[0.065s] Invoking command in '/home/suke/chicken_core/build/yolov10_bringup': AMENT_PREFIX_PATH=/home/suke/chicken_core/install/yolov10_ros:${AMENT_PREFIX_PATH} CMAKE_PREFIX_PATH=${CMAKE_PREFIX_PATH}:/home/suke/ouxt_automation/robotx_ws/install/opencv_tests:/home/suke/ouxt_automation/robotx_ws/install/kalman_filter_localization:/home/suke/ouxt_automation/robotx_ws/install/detic_onnx_ros2:/opt/ros/humble PYTHONPATH=/home/suke/chicken_core/install/yolov10_ros/lib/python3.10/site-packages:${PYTHONPATH} /usr/bin/cmake --install /home/suke/chicken_core/build/yolov10_bringup
[0.070s] -- Install configuration: ""
[0.070s] -- Execute custom install script
[0.071s] -- Up-to-date symlink: /home/suke/chicken_core/install/yolov10_bringup/share/yolov10_bringup//launch/yolov10_bringup.py
[0.071s] -- Up-to-date symlink: /home/suke/chicken_core/install/yolov10_bringup/share/ament_index/resource_index/package_run_dependencies/yolov10_bringup
[0.071s] -- Up-to-date symlink: /home/suke/chicken_core/install/yolov10_bringup/share/ament_index/resource_index/parent_prefix_path/yolov10_bringup
[0.071s] -- Up-to-date symlink: /home/suke/chicken_core/install/yolov10_bringup/share/yolov10_bringup/environment/ament_prefix_path.sh
[0.071s] -- Up-to-date symlink: /home/suke/chicken_core/install/yolov10_bringup/share/yolov10_bringup/environment/ament_prefix_path.dsv
[0.071s] -- Up-to-date symlink: /home/suke/chicken_core/install/yolov10_bringup/share/yolov10_bringup/environment/path.sh
[0.071s] -- Up-to-date symlink: /home/suke/chicken_core/install/yolov10_bringup/share/yolov10_bringup/environment/path.dsv
[0.071s] -- Up-to-date symlink: /home/suke/chicken_core/install/yolov10_bringup/share/yolov10_bringup/local_setup.bash
[0.071s] -- Up-to-date symlink: /home/suke/chicken_core/install/yolov10_bringup/share/yolov10_bringup/local_setup.sh
[0.071s] -- Up-to-date symlink: /home/suke/chicken_core/install/yolov10_bringup/share/yolov10_bringup/local_setup.zsh
[0.071s] -- Up-to-date symlink: /home/suke/chicken_core/install/yolov10_bringup/share/yolov10_bringup/local_setup.dsv
[0.071s] -- Symlinking: /home/suke/chicken_core/install/yolov10_bringup/share/yolov10_bringup/package.dsv
[0.082s] -- Up-to-date symlink: /home/suke/chicken_core/install/yolov10_bringup/share/ament_index/resource_index/packages/yolov10_bringup
[0.082s] -- Up-to-date symlink: /home/suke/chicken_core/install/yolov10_bringup/share/yolov10_bringup/cmake/yolov10_bringupConfig.cmake
[0.082s] -- Up-to-date symlink: /home/suke/chicken_core/install/yolov10_bringup/share/yolov10_bringup/cmake/yolov10_bringupConfig-version.cmake
[0.082s] -- Up-to-date symlink: /home/suke/chicken_core/install/yolov10_bringup/share/yolov10_bringup/package.xml
[0.083s] Invoked command in '/home/suke/chicken_core/build/yolov10_bringup' returned '0': AMENT_PREFIX_PATH=/home/suke/chicken_core/install/yolov10_ros:${AMENT_PREFIX_PATH} CMAKE_PREFIX_PATH=${CMAKE_PREFIX_PATH}:/home/suke/ouxt_automation/robotx_ws/install/opencv_tests:/home/suke/ouxt_automation/robotx_ws/install/kalman_filter_localization:/home/suke/ouxt_automation/robotx_ws/install/detic_onnx_ros2:/opt/ros/humble PYTHONPATH=/home/suke/chicken_core/install/yolov10_ros/lib/python3.10/site-packages:${PYTHONPATH} /usr/bin/cmake --install /home/suke/chicken_core/build/yolov10_bringup
