[0.467s] Invoking command in '/home/suke/chicken_core/build/dwa_ros2': CMAKE_PREFIX_PATH=${CMAKE_PREFIX_PATH}:/home/suke/ouxt_automation/robotx_ws/install/opencv_tests:/home/suke/ouxt_automation/robotx_ws/install/detic_onnx_ros2:/opt/ros/humble /usr/bin/cmake /home/suke/chicken_core/src/planning/dwa_ros2 -DAMENT_CMAKE_SYMLINK_INSTALL=1 -DCMAKE_INSTALL_PREFIX=/home/suke/chicken_core/install/dwa_ros2
[0.504s] -- The C compiler identification is GNU 11.4.0
[0.548s] -- The CXX compiler identification is GNU 11.4.0
[0.556s] -- Detecting C compiler ABI info
[0.599s] -- Detecting C compiler ABI info - done
[0.606s] -- Check for working C compiler: /usr/lib/ccache/gcc - skipped
[0.606s] -- Detecting C compile features
[0.607s] -- Detecting C compile features - done
[0.609s] -- Detecting CXX compiler ABI info
[0.666s] -- Detecting CXX compiler ABI info - done
[0.673s] -- Check for working CXX compiler: /usr/lib/ccache/g++ - skipped
[0.673s] -- Detecting CXX compile features
[0.673s] -- Detecting CXX compile features - done
[0.677s] -- Found ament_cmake: 1.3.9 (/opt/ros/humble/share/ament_cmake/cmake)
[0.789s] -- Found Python3: /usr/bin/python3 (found version "3.10.12") found components: Interpreter 
[0.837s] -- Override CMake install command with custom implementation using symlinks instead of copying resources
[0.888s] -- Found rclcpp: 16.0.9 (/opt/ros/humble/share/rclcpp/cmake)
[0.939s] -- Found rosidl_generator_c: 3.1.5 (/opt/ros/humble/share/rosidl_generator_c/cmake)
[0.947s] -- Found rosidl_adapter: 3.1.5 (/opt/ros/humble/share/rosidl_adapter/cmake)
[0.956s] -- Found rosidl_generator_cpp: 3.1.5 (/opt/ros/humble/share/rosidl_generator_cpp/cmake)
[0.970s] -- Using all available rosidl_typesupport_c: rosidl_typesupport_fastrtps_c;rosidl_typesupport_introspection_c
[0.989s] -- Using all available rosidl_typesupport_cpp: rosidl_typesupport_fastrtps_cpp;rosidl_typesupport_introspection_cpp
[1.055s] -- Found rmw_implementation_cmake: 6.1.2 (/opt/ros/humble/share/rmw_implementation_cmake/cmake)
[1.060s] -- Found rmw_cyclonedds_cpp: 1.3.4 (/opt/ros/humble/share/rmw_cyclonedds_cpp/cmake)
[1.093s] -- Using RMW implementation 'rmw_cyclonedds_cpp' as default
[1.106s] -- Looking for pthread.h
[1.150s] -- Looking for pthread.h - found
[1.150s] -- Performing Test CMAKE_HAVE_LIBC_PTHREAD
[1.194s] -- Performing Test CMAKE_HAVE_LIBC_PTHREAD - Success
[1.195s] -- Found Threads: TRUE  
[1.311s] -- Found sensor_msgs: 4.2.4 (/opt/ros/humble/share/sensor_msgs/cmake)
[1.387s] -- Found nav_msgs: 4.2.4 (/opt/ros/humble/share/nav_msgs/cmake)
[1.437s] -- Found tf2_geometry_msgs: 0.25.7 (/opt/ros/humble/share/tf2_geometry_msgs/cmake)
[1.454s] -- Found eigen3_cmake_module: 0.1.1 (/opt/ros/humble/share/eigen3_cmake_module/cmake)
[1.455s] -- Found Eigen3: TRUE (found version "3.4.0") 
[1.455s] -- Ensuring Eigen3 include directory is part of orocos-kdl CMake target
[1.692s] -- Found ament_lint_auto: 0.12.11 (/opt/ros/humble/share/ament_lint_auto/cmake)
[1.763s] -- Added test 'cppcheck' to perform static code analysis on C / C++ code
[1.763s] -- Configured cppcheck include dirs: /home/suke/chicken_core/src/planning/dwa_ros2/include
[1.763s] -- Configured cppcheck exclude dirs and/or files: 
[1.764s] -- Added test 'flake8' to check Python code syntax and style conventions
[1.765s] -- Added test 'lint_cmake' to check CMake code style
[1.766s] -- Added test 'pep257' to check Python code against some of the docstring style conventions in PEP 257
[1.767s] -- Added test 'uncrustify' to check C / C++ code style
[1.767s] -- Configured uncrustify additional arguments: 
[1.768s] -- Added test 'xmllint' to check XML markup files
[1.770s] -- Configuring done
[1.776s] -- Generating done
[1.777s] -- Build files have been written to: /home/suke/chicken_core/build/dwa_ros2
[1.783s] Invoked command in '/home/suke/chicken_core/build/dwa_ros2' returned '0': CMAKE_PREFIX_PATH=${CMAKE_PREFIX_PATH}:/home/suke/ouxt_automation/robotx_ws/install/opencv_tests:/home/suke/ouxt_automation/robotx_ws/install/detic_onnx_ros2:/opt/ros/humble /usr/bin/cmake /home/suke/chicken_core/src/planning/dwa_ros2 -DAMENT_CMAKE_SYMLINK_INSTALL=1 -DCMAKE_INSTALL_PREFIX=/home/suke/chicken_core/install/dwa_ros2
[1.784s] Invoking command in '/home/suke/chicken_core/build/dwa_ros2': CMAKE_PREFIX_PATH=${CMAKE_PREFIX_PATH}:/home/suke/ouxt_automation/robotx_ws/install/opencv_tests:/home/suke/ouxt_automation/robotx_ws/install/detic_onnx_ros2:/opt/ros/humble /usr/bin/cmake --build /home/suke/chicken_core/build/dwa_ros2 -- -j20 -l20
[1.820s] [ 66%] [32mBuilding CXX object CMakeFiles/dwa_ros2.dir/src/obstacle_detector_component.cpp.o[0m
[1.821s] [ 66%] [32mBuilding CXX object CMakeFiles/dwa_ros2.dir/src/dwa_ros2.cpp.o[0m
[1.829s] In file included from [01m[K/home/suke/chicken_core/src/planning/dwa_ros2/include/dwa_ros2.hpp:19[m[K,
[1.829s]                  from [01m[K/home/suke/chicken_core/src/planning/dwa_ros2/src/dwa_ros2.cpp:2[m[K:
[1.829s] [01m[K/opt/ros/humble/include/tf2_geometry_msgs/tf2_geometry_msgs/tf2_geometry_msgs.h:35:2:[m[K [01;35m[Kwarning: [m[K#warning This header is obsolete, please include tf2_geometry_msgs/tf2_geometry_msgs.hpp instead [[01;35m[K-Wcpp[m[K]
[1.829s]    35 | #[01;35m[Kwarning[m[K This header is obsolete, please include tf2_geometry_msgs/tf2_geometry_msgs.hpp instead
[1.829s]       |  [01;35m[K^~~~~~~[m[K
[1.829s] [01m[K/home/suke/chicken_core/src/planning/dwa_ros2/src/dwa_ros2.cpp:[m[K In member function ‘[01m[Kvoid dwa_ros2::DWA::obstacleCallback(nav_msgs::msg::OccupancyGrid_<std::allocator<void> >::SharedPtr)[m[K’:
[1.829s] [01m[K/home/suke/chicken_core/src/planning/dwa_ros2/src/dwa_ros2.cpp:45:27:[m[K [01;35m[Kwarning: [m[Kcomparison of integer expressions of different signedness: ‘[01m[Kint[m[K’ and ‘[01m[Kstd::vector<signed char, std::allocator<signed char> >::size_type[m[K’ {aka ‘[01m[Klong unsigned int[m[K’} [[01;35m[K-Wsign-compare[m[K]
[1.829s]    45 |         for (int i = 0; [01;35m[Ki < msg->data.size()[m[K; i++)
[1.830s]       |                         [01;35m[K~~^~~~~~~~~~~~~~~~~~[m[K
[1.848s] [100%] [32m[1mLinking CXX shared library libdwa_ros2.so[0m
[2.602s] [100%] Built target dwa_ros2
[2.614s] Invoked command in '/home/suke/chicken_core/build/dwa_ros2' returned '0': CMAKE_PREFIX_PATH=${CMAKE_PREFIX_PATH}:/home/suke/ouxt_automation/robotx_ws/install/opencv_tests:/home/suke/ouxt_automation/robotx_ws/install/detic_onnx_ros2:/opt/ros/humble /usr/bin/cmake --build /home/suke/chicken_core/build/dwa_ros2 -- -j20 -l20
[2.654s] Invoking command in '/home/suke/chicken_core/build/dwa_ros2': CMAKE_PREFIX_PATH=${CMAKE_PREFIX_PATH}:/home/suke/ouxt_automation/robotx_ws/install/opencv_tests:/home/suke/ouxt_automation/robotx_ws/install/detic_onnx_ros2:/opt/ros/humble /usr/bin/cmake --install /home/suke/chicken_core/build/dwa_ros2
[2.662s] -- Install configuration: ""
[2.663s] -- Execute custom install script
[2.663s] -- Symlinking: /home/suke/chicken_core/install/dwa_ros2/lib/libdwa_ros2.so
[2.671s] -- Symlinking: /home/suke/chicken_core/install/dwa_ros2/share/dwa_ros2//launch/dwa_ros2.launch.py
[2.681s] -- Symlinking: /home/suke/chicken_core/install/dwa_ros2/share/dwa_ros2//config/dwa.rviz
[2.691s] -- Symlinking: /home/suke/chicken_core/install/dwa_ros2/share/dwa_ros2//config/parameter.yaml
[2.701s] -- Symlinking: /home/suke/chicken_core/install/dwa_ros2/share/ament_index/resource_index/package_run_dependencies/dwa_ros2
[2.711s] -- Symlinking: /home/suke/chicken_core/install/dwa_ros2/share/ament_index/resource_index/parent_prefix_path/dwa_ros2
[2.721s] -- Symlinking: /home/suke/chicken_core/install/dwa_ros2/share/dwa_ros2/environment/ament_prefix_path.sh
[2.728s] -- Symlinking: /home/suke/chicken_core/install/dwa_ros2/share/dwa_ros2/environment/ament_prefix_path.dsv
[2.735s] -- Symlinking: /home/suke/chicken_core/install/dwa_ros2/share/dwa_ros2/environment/path.sh
[2.742s] -- Symlinking: /home/suke/chicken_core/install/dwa_ros2/share/dwa_ros2/environment/path.dsv
[2.752s] -- Symlinking: /home/suke/chicken_core/install/dwa_ros2/share/dwa_ros2/local_setup.bash
[2.760s] -- Symlinking: /home/suke/chicken_core/install/dwa_ros2/share/dwa_ros2/local_setup.sh
[2.767s] -- Symlinking: /home/suke/chicken_core/install/dwa_ros2/share/dwa_ros2/local_setup.zsh
[2.777s] -- Symlinking: /home/suke/chicken_core/install/dwa_ros2/share/dwa_ros2/local_setup.dsv
[2.787s] -- Symlinking: /home/suke/chicken_core/install/dwa_ros2/share/dwa_ros2/package.dsv
[2.798s] -- Symlinking: /home/suke/chicken_core/install/dwa_ros2/share/ament_index/resource_index/packages/dwa_ros2
[2.808s] -- Symlinking: /home/suke/chicken_core/install/dwa_ros2/share/ament_index/resource_index/rclcpp_components/dwa_ros2
[2.818s] -- Symlinking: /home/suke/chicken_core/install/dwa_ros2/share/dwa_ros2/cmake/dwa_ros2Config.cmake
[2.829s] -- Symlinking: /home/suke/chicken_core/install/dwa_ros2/share/dwa_ros2/cmake/dwa_ros2Config-version.cmake
[2.839s] -- Symlinking: /home/suke/chicken_core/install/dwa_ros2/share/dwa_ros2/package.xml
[2.851s] Invoked command in '/home/suke/chicken_core/build/dwa_ros2' returned '0': CMAKE_PREFIX_PATH=${CMAKE_PREFIX_PATH}:/home/suke/ouxt_automation/robotx_ws/install/opencv_tests:/home/suke/ouxt_automation/robotx_ws/install/detic_onnx_ros2:/opt/ros/humble /usr/bin/cmake --install /home/suke/chicken_core/build/dwa_ros2
