[0.485s] Invoking command in '/home/suke/chicken_core/build/emcl2': CMAKE_PREFIX_PATH=${CMAKE_PREFIX_PATH}:/home/suke/chicken_core/install/yolov10_ros:/home/suke/chicken_core/install/depth_anything_v2_ros2:/home/suke/chicken_core/install/cart_controller:/home/suke/ouxt_automation/robotx_ws/install/opencv_tests:/home/suke/ouxt_automation/robotx_ws/install/detic_onnx_ros2:/opt/ros/humble /usr/bin/cmake /home/suke/chicken_core/src/localization/emcl2_ros2 -DAMENT_CMAKE_SYMLINK_INSTALL=1 -DCMAKE_INSTALL_PREFIX=/home/suke/chicken_core/install/emcl2
[0.494s] -- Found ament_cmake_auto: 1.3.9 (/opt/ros/humble/share/ament_cmake_auto/cmake)
[0.574s] -- Override CMake install command with custom implementation using symlinks instead of copying resources
[0.636s] -- Found rosidl_generator_c: 3.1.5 (/opt/ros/humble/share/rosidl_generator_c/cmake)
[0.637s] -- Found rosidl_adapter: 3.1.5 (/opt/ros/humble/share/rosidl_adapter/cmake)
[0.641s] -- Found rosidl_generator_cpp: 3.1.5 (/opt/ros/humble/share/rosidl_generator_cpp/cmake)
[0.649s] -- Using all available rosidl_typesupport_c: rosidl_typesupport_fastrtps_c;rosidl_typesupport_introspection_c
[0.659s] -- Using all available rosidl_typesupport_cpp: rosidl_typesupport_fastrtps_cpp;rosidl_typesupport_introspection_cpp
[0.694s] -- Found rmw_implementation_cmake: 6.1.2 (/opt/ros/humble/share/rmw_implementation_cmake/cmake)
[0.696s] -- Found rmw_cyclonedds_cpp: 1.3.4 (/opt/ros/humble/share/rmw_cyclonedds_cpp/cmake)
[0.714s] -- Using RMW implementation 'rmw_cyclonedds_cpp' as default
[1.129s] -- Found eigen3_cmake_module: 0.1.1 (/opt/ros/humble/share/eigen3_cmake_module/cmake)
[1.130s] -- Ensuring Eigen3 include directory is part of orocos-kdl CMake target
[1.155s] -- Found ament_lint_auto: 0.12.11 (/opt/ros/humble/share/ament_lint_auto/cmake)
[1.161s] -- Added test 'cppcheck' to perform static code analysis on C / C++ code
[1.162s] -- Configured cppcheck include dirs: /home/suke/chicken_core/src/localization/emcl2_ros2/include
[1.162s] -- Configured cppcheck exclude dirs and/or files: 
[1.162s] -- Added test 'flake8' to check Python code syntax and style conventions
[1.162s] -- Added test 'lint_cmake' to check CMake code style
[1.163s] -- Added test 'pep257' to check Python code against some of the docstring style conventions in PEP 257
[1.164s] -- Added test 'uncrustify' to check C / C++ code style
[1.164s] -- Configured uncrustify additional arguments: 
[1.164s] -- Added test 'xmllint' to check XML markup files
[1.165s] -- Configuring done
[1.172s] -- Generating done
[1.172s] -- Build files have been written to: /home/suke/chicken_core/build/emcl2
[1.178s] Invoked command in '/home/suke/chicken_core/build/emcl2' returned '0': CMAKE_PREFIX_PATH=${CMAKE_PREFIX_PATH}:/home/suke/chicken_core/install/yolov10_ros:/home/suke/chicken_core/install/depth_anything_v2_ros2:/home/suke/chicken_core/install/cart_controller:/home/suke/ouxt_automation/robotx_ws/install/opencv_tests:/home/suke/ouxt_automation/robotx_ws/install/detic_onnx_ros2:/opt/ros/humble /usr/bin/cmake /home/suke/chicken_core/src/localization/emcl2_ros2 -DAMENT_CMAKE_SYMLINK_INSTALL=1 -DCMAKE_INSTALL_PREFIX=/home/suke/chicken_core/install/emcl2
[1.178s] Invoking command in '/home/suke/chicken_core/build/emcl2': CMAKE_PREFIX_PATH=${CMAKE_PREFIX_PATH}:/home/suke/chicken_core/install/yolov10_ros:/home/suke/chicken_core/install/depth_anything_v2_ros2:/home/suke/chicken_core/install/cart_controller:/home/suke/ouxt_automation/robotx_ws/install/opencv_tests:/home/suke/ouxt_automation/robotx_ws/install/detic_onnx_ros2:/opt/ros/humble /usr/bin/cmake --build /home/suke/chicken_core/build/emcl2 -- -j20 -l20
[1.212s] [35m[1mConsolidate compiler generated dependencies of target emcl2_node[0m
[1.231s] [100%] Built target emcl2_node
[1.239s] Invoked command in '/home/suke/chicken_core/build/emcl2' returned '0': CMAKE_PREFIX_PATH=${CMAKE_PREFIX_PATH}:/home/suke/chicken_core/install/yolov10_ros:/home/suke/chicken_core/install/depth_anything_v2_ros2:/home/suke/chicken_core/install/cart_controller:/home/suke/ouxt_automation/robotx_ws/install/opencv_tests:/home/suke/ouxt_automation/robotx_ws/install/detic_onnx_ros2:/opt/ros/humble /usr/bin/cmake --build /home/suke/chicken_core/build/emcl2 -- -j20 -l20
[1.282s] Invoking command in '/home/suke/chicken_core/build/emcl2': CMAKE_PREFIX_PATH=${CMAKE_PREFIX_PATH}:/home/suke/chicken_core/install/yolov10_ros:/home/suke/chicken_core/install/depth_anything_v2_ros2:/home/suke/chicken_core/install/cart_controller:/home/suke/ouxt_automation/robotx_ws/install/opencv_tests:/home/suke/ouxt_automation/robotx_ws/install/detic_onnx_ros2:/opt/ros/humble /usr/bin/cmake --install /home/suke/chicken_core/build/emcl2
[1.288s] -- Install configuration: ""
[1.289s] -- Execute custom install script
[1.289s] -- Up-to-date symlink: /home/suke/chicken_core/install/emcl2/lib/emcl2/test.bash
[1.289s] -- Up-to-date symlink: /home/suke/chicken_core/install/emcl2/lib/emcl2/test_gui.bash
[1.289s] -- Up-to-date symlink: /home/suke/chicken_core/install/emcl2/include/emcl2/ExpResetMcl2.h
[1.289s] -- Up-to-date symlink: /home/suke/chicken_core/install/emcl2/include/emcl2/LikelihoodFieldMap.h
[1.289s] -- Up-to-date symlink: /home/suke/chicken_core/install/emcl2/include/emcl2/Mcl.h
[1.290s] -- Up-to-date symlink: /home/suke/chicken_core/install/emcl2/include/emcl2/OdomModel.h
[1.290s] -- Up-to-date symlink: /home/suke/chicken_core/install/emcl2/include/emcl2/Particle.h
[1.290s] -- Up-to-date symlink: /home/suke/chicken_core/install/emcl2/include/emcl2/Pose.h
[1.290s] -- Up-to-date symlink: /home/suke/chicken_core/install/emcl2/include/emcl2/Scan.h
[1.290s] -- Up-to-date symlink: /home/suke/chicken_core/install/emcl2/include/emcl2/emcl2_node.h
[1.290s] -- Up-to-date symlink: /home/suke/chicken_core/install/emcl2/lib/emcl2/emcl2_node
[1.290s] -- Up-to-date symlink: /home/suke/chicken_core/install/emcl2/share/emcl2/config/emcl2.param.yaml
[1.290s] -- Up-to-date symlink: /home/suke/chicken_core/install/emcl2/share/emcl2/config/emcl2_quick_start.param.yaml
[1.290s] -- Up-to-date symlink: /home/suke/chicken_core/install/emcl2/share/emcl2/launch/emcl2.launch.py
[1.290s] -- Up-to-date symlink: /home/suke/chicken_core/install/emcl2/share/emcl2/test/demo.bash
[1.290s] -- Up-to-date symlink: /home/suke/chicken_core/install/emcl2/share/emcl2/test/test.bash
[1.290s] -- Up-to-date symlink: /home/suke/chicken_core/install/emcl2/share/emcl2/test/test.launch.xml
[1.290s] -- Up-to-date symlink: /home/suke/chicken_core/install/emcl2/share/emcl2/test/test_gui.bash
[1.291s] -- Up-to-date symlink: /home/suke/chicken_core/install/emcl2/share/ament_index/resource_index/package_run_dependencies/emcl2
[1.291s] -- Up-to-date symlink: /home/suke/chicken_core/install/emcl2/share/ament_index/resource_index/parent_prefix_path/emcl2
[1.291s] -- Up-to-date symlink: /home/suke/chicken_core/install/emcl2/share/emcl2/environment/ament_prefix_path.sh
[1.291s] -- Up-to-date symlink: /home/suke/chicken_core/install/emcl2/share/emcl2/environment/ament_prefix_path.dsv
[1.291s] -- Up-to-date symlink: /home/suke/chicken_core/install/emcl2/share/emcl2/environment/path.sh
[1.291s] -- Up-to-date symlink: /home/suke/chicken_core/install/emcl2/share/emcl2/environment/path.dsv
[1.291s] -- Up-to-date symlink: /home/suke/chicken_core/install/emcl2/share/emcl2/local_setup.bash
[1.291s] -- Up-to-date symlink: /home/suke/chicken_core/install/emcl2/share/emcl2/local_setup.sh
[1.291s] -- Up-to-date symlink: /home/suke/chicken_core/install/emcl2/share/emcl2/local_setup.zsh
[1.291s] -- Up-to-date symlink: /home/suke/chicken_core/install/emcl2/share/emcl2/local_setup.dsv
[1.291s] -- Symlinking: /home/suke/chicken_core/install/emcl2/share/emcl2/package.dsv
[1.298s] -- Up-to-date symlink: /home/suke/chicken_core/install/emcl2/share/ament_index/resource_index/packages/emcl2
[1.298s] -- Up-to-date symlink: /home/suke/chicken_core/install/emcl2/share/emcl2/cmake/ament_cmake_export_dependencies-extras.cmake
[1.298s] -- Up-to-date symlink: /home/suke/chicken_core/install/emcl2/share/emcl2/cmake/ament_cmake_export_include_directories-extras.cmake
[1.298s] -- Up-to-date symlink: /home/suke/chicken_core/install/emcl2/share/emcl2/cmake/emcl2Config.cmake
[1.298s] -- Up-to-date symlink: /home/suke/chicken_core/install/emcl2/share/emcl2/cmake/emcl2Config-version.cmake
[1.299s] -- Up-to-date symlink: /home/suke/chicken_core/install/emcl2/share/emcl2/package.xml
[1.303s] Invoked command in '/home/suke/chicken_core/build/emcl2' returned '0': CMAKE_PREFIX_PATH=${CMAKE_PREFIX_PATH}:/home/suke/chicken_core/install/yolov10_ros:/home/suke/chicken_core/install/depth_anything_v2_ros2:/home/suke/chicken_core/install/cart_controller:/home/suke/ouxt_automation/robotx_ws/install/opencv_tests:/home/suke/ouxt_automation/robotx_ws/install/detic_onnx_ros2:/opt/ros/humble /usr/bin/cmake --install /home/suke/chicken_core/build/emcl2
