[0.493s] Invoking command in '/home/suke/chicken_core/build/perception_bringup': CMAKE_PREFIX_PATH=${CMAKE_PREFIX_PATH}:/home/suke/ouxt_automation/robotx_ws/install/opencv_tests:/home/suke/ouxt_automation/robotx_ws/install/kalman_filter_localization:/home/suke/ouxt_automation/robotx_ws/install/detic_onnx_ros2:/opt/ros/humble /usr/bin/cmake --build /home/suke/chicken_core/build/perception_bringup -- -j20 -l20
[0.521s] Invoked command in '/home/suke/chicken_core/build/perception_bringup' returned '0': CMAKE_PREFIX_PATH=${CMAKE_PREFIX_PATH}:/home/suke/ouxt_automation/robotx_ws/install/opencv_tests:/home/suke/ouxt_automation/robotx_ws/install/kalman_filter_localization:/home/suke/ouxt_automation/robotx_ws/install/detic_onnx_ros2:/opt/ros/humble /usr/bin/cmake --build /home/suke/chicken_core/build/perception_bringup -- -j20 -l20
[0.547s] Invoking command in '/home/suke/chicken_core/build/perception_bringup': CMAKE_PREFIX_PATH=${CMAKE_PREFIX_PATH}:/home/suke/ouxt_automation/robotx_ws/install/opencv_tests:/home/suke/ouxt_automation/robotx_ws/install/kalman_filter_localization:/home/suke/ouxt_automation/robotx_ws/install/detic_onnx_ros2:/opt/ros/humble /usr/bin/cmake --install /home/suke/chicken_core/build/perception_bringup
[0.553s] -- Install configuration: ""
[0.553s] -- Execute custom install script
[0.553s] -- Up-to-date symlink: /home/suke/chicken_core/install/perception_bringup/share/ament_index/resource_index/package_run_dependencies/perception_bringup
[0.553s] -- Up-to-date symlink: /home/suke/chicken_core/install/perception_bringup/share/ament_index/resource_index/parent_prefix_path/perception_bringup
[0.553s] -- Up-to-date symlink: /home/suke/chicken_core/install/perception_bringup/share/perception_bringup/environment/ament_prefix_path.sh
[0.553s] -- Up-to-date symlink: /home/suke/chicken_core/install/perception_bringup/share/perception_bringup/environment/ament_prefix_path.dsv
[0.554s] -- Up-to-date symlink: /home/suke/chicken_core/install/perception_bringup/share/perception_bringup/environment/path.sh
[0.554s] -- Up-to-date symlink: /home/suke/chicken_core/install/perception_bringup/share/perception_bringup/environment/path.dsv
[0.554s] -- Up-to-date symlink: /home/suke/chicken_core/install/perception_bringup/share/perception_bringup/local_setup.bash
[0.554s] -- Up-to-date symlink: /home/suke/chicken_core/install/perception_bringup/share/perception_bringup/local_setup.sh
[0.554s] -- Up-to-date symlink: /home/suke/chicken_core/install/perception_bringup/share/perception_bringup/local_setup.zsh
[0.554s] -- Up-to-date symlink: /home/suke/chicken_core/install/perception_bringup/share/perception_bringup/local_setup.dsv
[0.554s] -- Symlinking: /home/suke/chicken_core/install/perception_bringup/share/perception_bringup/package.dsv
[0.564s] -- Up-to-date symlink: /home/suke/chicken_core/install/perception_bringup/share/ament_index/resource_index/packages/perception_bringup
[0.564s] -- Up-to-date symlink: /home/suke/chicken_core/install/perception_bringup/share/perception_bringup/cmake/perception_bringupConfig.cmake
[0.564s] -- Up-to-date symlink: /home/suke/chicken_core/install/perception_bringup/share/perception_bringup/cmake/perception_bringupConfig-version.cmake
[0.564s] -- Up-to-date symlink: /home/suke/chicken_core/install/perception_bringup/share/perception_bringup/package.xml
[0.566s] Invoked command in '/home/suke/chicken_core/build/perception_bringup' returned '0': CMAKE_PREFIX_PATH=${CMAKE_PREFIX_PATH}:/home/suke/ouxt_automation/robotx_ws/install/opencv_tests:/home/suke/ouxt_automation/robotx_ws/install/kalman_filter_localization:/home/suke/ouxt_automation/robotx_ws/install/detic_onnx_ros2:/opt/ros/humble /usr/bin/cmake --install /home/suke/chicken_core/build/perception_bringup
