[0.492s] Invoking command in '/home/suke/chicken_core/build/yolov10_msg': CMAKE_PREFIX_PATH=${CMAKE_PREFIX_PATH}:/home/suke/ouxt_automation/robotx_ws/install/opencv_tests:/home/suke/ouxt_automation/robotx_ws/install/kalman_filter_localization:/home/suke/ouxt_automation/robotx_ws/install/detic_onnx_ros2:/opt/ros/humble /usr/bin/cmake --build /home/suke/chicken_core/build/yolov10_msg -- -j20 -l20
[0.545s] [  0%] Built target yolov10_msg__cpp
[0.555s] [  0%] Built target ament_cmake_python_symlink_yolov10_msg
[0.555s] [ 12%] Built target yolov10_msg__rosidl_generator_c
[0.570s] [ 23%] Built target yolov10_msg__rosidl_typesupport_fastrtps_cpp
[0.572s] [ 35%] Built target yolov10_msg__rosidl_typesupport_cpp
[0.578s] [ 47%] Built target yolov10_msg__rosidl_typesupport_introspection_cpp
[0.578s] [ 59%] Built target yolov10_msg__rosidl_typesupport_c
[0.582s] [ 71%] Built target yolov10_msg__rosidl_typesupport_introspection_c
[0.584s] [ 83%] Built target yolov10_msg__rosidl_typesupport_fastrtps_c
[0.604s] [ 83%] Built target yolov10_msg
[0.621s] [ 84%] Built target yolov10_msg__py
[0.633s] [35m[1mConsolidate compiler generated dependencies of target yolov10_msg__rosidl_generator_py[0m
[0.649s] [ 95%] Built target yolov10_msg__rosidl_generator_py
[0.660s] [35m[1mConsolidate compiler generated dependencies of target yolov10_msg__rosidl_typesupport_fastrtps_c__pyext[0m
[0.664s] [35m[1mConsolidate compiler generated dependencies of target yolov10_msg__rosidl_typesupport_c__pyext[0m
[0.664s] [35m[1mConsolidate compiler generated dependencies of target yolov10_msg__rosidl_typesupport_introspection_c__pyext[0m
[0.672s] [ 97%] Built target yolov10_msg__rosidl_typesupport_fastrtps_c__pyext
[0.676s] [ 98%] Built target yolov10_msg__rosidl_typesupport_c__pyext
[0.680s] [100%] Built target yolov10_msg__rosidl_typesupport_introspection_c__pyext
[0.730s] running egg_info
[0.730s] writing yolov10_msg.egg-info/PKG-INFO
[0.730s] writing dependency_links to yolov10_msg.egg-info/dependency_links.txt
[0.731s] writing top-level names to yolov10_msg.egg-info/top_level.txt
[0.732s] reading manifest file 'yolov10_msg.egg-info/SOURCES.txt'
[0.732s] writing manifest file 'yolov10_msg.egg-info/SOURCES.txt'
[0.751s] [100%] Built target ament_cmake_python_build_yolov10_msg_egg
[0.764s] Invoked command in '/home/suke/chicken_core/build/yolov10_msg' returned '0': CMAKE_PREFIX_PATH=${CMAKE_PREFIX_PATH}:/home/suke/ouxt_automation/robotx_ws/install/opencv_tests:/home/suke/ouxt_automation/robotx_ws/install/kalman_filter_localization:/home/suke/ouxt_automation/robotx_ws/install/detic_onnx_ros2:/opt/ros/humble /usr/bin/cmake --build /home/suke/chicken_core/build/yolov10_msg -- -j20 -l20
[1.056s] Invoking command in '/home/suke/chicken_core/build/yolov10_msg': CMAKE_PREFIX_PATH=${CMAKE_PREFIX_PATH}:/home/suke/ouxt_automation/robotx_ws/install/opencv_tests:/home/suke/ouxt_automation/robotx_ws/install/kalman_filter_localization:/home/suke/ouxt_automation/robotx_ws/install/detic_onnx_ros2:/opt/ros/humble /usr/bin/cmake --install /home/suke/chicken_core/build/yolov10_msg
[1.063s] -- Install configuration: ""
[1.063s] -- Execute custom install script
[1.063s] -- Up-to-date symlink: /home/suke/chicken_core/install/yolov10_msg/share/ament_index/resource_index/rosidl_interfaces/yolov10_msg
[1.064s] -- Up-to-date symlink: /home/suke/chicken_core/install/yolov10_msg/include/yolov10_msg/yolov10_msg/msg/bounding_box2_d.h
[1.064s] -- Up-to-date symlink: /home/suke/chicken_core/install/yolov10_msg/include/yolov10_msg/yolov10_msg/msg/bounding_box3_d.h
[1.064s] -- Up-to-date symlink: /home/suke/chicken_core/install/yolov10_msg/include/yolov10_msg/yolov10_msg/msg/detail/bounding_box2_d__functions.h
[1.064s] -- Up-to-date symlink: /home/suke/chicken_core/install/yolov10_msg/include/yolov10_msg/yolov10_msg/msg/detail/bounding_box2_d__struct.h
[1.064s] -- Up-to-date symlink: /home/suke/chicken_core/install/yolov10_msg/include/yolov10_msg/yolov10_msg/msg/detail/bounding_box2_d__type_support.h
[1.064s] -- Up-to-date symlink: /home/suke/chicken_core/install/yolov10_msg/include/yolov10_msg/yolov10_msg/msg/detail/bounding_box3_d__functions.h
[1.064s] -- Up-to-date symlink: /home/suke/chicken_core/install/yolov10_msg/include/yolov10_msg/yolov10_msg/msg/detail/bounding_box3_d__struct.h
[1.064s] -- Up-to-date symlink: /home/suke/chicken_core/install/yolov10_msg/include/yolov10_msg/yolov10_msg/msg/detail/bounding_box3_d__type_support.h
[1.064s] -- Up-to-date symlink: /home/suke/chicken_core/install/yolov10_msg/include/yolov10_msg/yolov10_msg/msg/detail/detection__functions.h
[1.065s] -- Up-to-date symlink: /home/suke/chicken_core/install/yolov10_msg/include/yolov10_msg/yolov10_msg/msg/detail/detection__struct.h
[1.065s] -- Up-to-date symlink: /home/suke/chicken_core/install/yolov10_msg/include/yolov10_msg/yolov10_msg/msg/detail/detection__type_support.h
[1.065s] -- Up-to-date symlink: /home/suke/chicken_core/install/yolov10_msg/include/yolov10_msg/yolov10_msg/msg/detail/detection_array__functions.h
[1.065s] -- Up-to-date symlink: /home/suke/chicken_core/install/yolov10_msg/include/yolov10_msg/yolov10_msg/msg/detail/detection_array__struct.h
[1.065s] -- Up-to-date symlink: /home/suke/chicken_core/install/yolov10_msg/include/yolov10_msg/yolov10_msg/msg/detail/detection_array__type_support.h
[1.065s] -- Up-to-date symlink: /home/suke/chicken_core/install/yolov10_msg/include/yolov10_msg/yolov10_msg/msg/detail/key_point2_d__functions.h
[1.065s] -- Up-to-date symlink: /home/suke/chicken_core/install/yolov10_msg/include/yolov10_msg/yolov10_msg/msg/detail/key_point2_d__struct.h
[1.065s] -- Up-to-date symlink: /home/suke/chicken_core/install/yolov10_msg/include/yolov10_msg/yolov10_msg/msg/detail/key_point2_d__type_support.h
[1.065s] -- Up-to-date symlink: /home/suke/chicken_core/install/yolov10_msg/include/yolov10_msg/yolov10_msg/msg/detail/key_point2_d_array__functions.h
[1.065s] -- Up-to-date symlink: /home/suke/chicken_core/install/yolov10_msg/include/yolov10_msg/yolov10_msg/msg/detail/key_point2_d_array__struct.h
[1.065s] -- Up-to-date symlink: /home/suke/chicken_core/install/yolov10_msg/include/yolov10_msg/yolov10_msg/msg/detail/key_point2_d_array__type_support.h
[1.066s] -- Up-to-date symlink: /home/suke/chicken_core/install/yolov10_msg/include/yolov10_msg/yolov10_msg/msg/detail/key_point3_d__functions.h
[1.066s] -- Up-to-date symlink: /home/suke/chicken_core/install/yolov10_msg/include/yolov10_msg/yolov10_msg/msg/detail/key_point3_d__struct.h
[1.066s] -- Up-to-date symlink: /home/suke/chicken_core/install/yolov10_msg/include/yolov10_msg/yolov10_msg/msg/detail/key_point3_d__type_support.h
[1.066s] -- Up-to-date symlink: /home/suke/chicken_core/install/yolov10_msg/include/yolov10_msg/yolov10_msg/msg/detail/key_point3_d_array__functions.h
[1.066s] -- Up-to-date symlink: /home/suke/chicken_core/install/yolov10_msg/include/yolov10_msg/yolov10_msg/msg/detail/key_point3_d_array__struct.h
[1.066s] -- Up-to-date symlink: /home/suke/chicken_core/install/yolov10_msg/include/yolov10_msg/yolov10_msg/msg/detail/key_point3_d_array__type_support.h
[1.066s] -- Up-to-date symlink: /home/suke/chicken_core/install/yolov10_msg/include/yolov10_msg/yolov10_msg/msg/detail/mask__functions.h
[1.066s] -- Up-to-date symlink: /home/suke/chicken_core/install/yolov10_msg/include/yolov10_msg/yolov10_msg/msg/detail/mask__struct.h
[1.066s] -- Up-to-date symlink: /home/suke/chicken_core/install/yolov10_msg/include/yolov10_msg/yolov10_msg/msg/detail/mask__type_support.h
[1.066s] -- Up-to-date symlink: /home/suke/chicken_core/install/yolov10_msg/include/yolov10_msg/yolov10_msg/msg/detail/point2_d__functions.h
[1.066s] -- Up-to-date symlink: /home/suke/chicken_core/install/yolov10_msg/include/yolov10_msg/yolov10_msg/msg/detail/point2_d__struct.h
[1.066s] -- Up-to-date symlink: /home/suke/chicken_core/install/yolov10_msg/include/yolov10_msg/yolov10_msg/msg/detail/point2_d__type_support.h
[1.066s] -- Up-to-date symlink: /home/suke/chicken_core/install/yolov10_msg/include/yolov10_msg/yolov10_msg/msg/detail/pose2_d__functions.h
[1.067s] -- Up-to-date symlink: /home/suke/chicken_core/install/yolov10_msg/include/yolov10_msg/yolov10_msg/msg/detail/pose2_d__struct.h
[1.067s] -- Up-to-date symlink: /home/suke/chicken_core/install/yolov10_msg/include/yolov10_msg/yolov10_msg/msg/detail/pose2_d__type_support.h
[1.067s] -- Up-to-date symlink: /home/suke/chicken_core/install/yolov10_msg/include/yolov10_msg/yolov10_msg/msg/detail/vector2__functions.h
[1.067s] -- Up-to-date symlink: /home/suke/chicken_core/install/yolov10_msg/include/yolov10_msg/yolov10_msg/msg/detail/vector2__struct.h
[1.067s] -- Up-to-date symlink: /home/suke/chicken_core/install/yolov10_msg/include/yolov10_msg/yolov10_msg/msg/detail/vector2__type_support.h
[1.067s] -- Up-to-date symlink: /home/suke/chicken_core/install/yolov10_msg/include/yolov10_msg/yolov10_msg/msg/detection.h
[1.067s] -- Up-to-date symlink: /home/suke/chicken_core/install/yolov10_msg/include/yolov10_msg/yolov10_msg/msg/detection_array.h
[1.067s] -- Up-to-date symlink: /home/suke/chicken_core/install/yolov10_msg/include/yolov10_msg/yolov10_msg/msg/key_point2_d.h
[1.067s] -- Up-to-date symlink: /home/suke/chicken_core/install/yolov10_msg/include/yolov10_msg/yolov10_msg/msg/key_point2_d_array.h
[1.067s] -- Up-to-date symlink: /home/suke/chicken_core/install/yolov10_msg/include/yolov10_msg/yolov10_msg/msg/key_point3_d.h
[1.067s] -- Up-to-date symlink: /home/suke/chicken_core/install/yolov10_msg/include/yolov10_msg/yolov10_msg/msg/key_point3_d_array.h
[1.067s] -- Up-to-date symlink: /home/suke/chicken_core/install/yolov10_msg/include/yolov10_msg/yolov10_msg/msg/mask.h
[1.068s] -- Up-to-date symlink: /home/suke/chicken_core/install/yolov10_msg/include/yolov10_msg/yolov10_msg/msg/point2_d.h
[1.068s] -- Up-to-date symlink: /home/suke/chicken_core/install/yolov10_msg/include/yolov10_msg/yolov10_msg/msg/pose2_d.h
[1.068s] -- Up-to-date symlink: /home/suke/chicken_core/install/yolov10_msg/include/yolov10_msg/yolov10_msg/msg/rosidl_generator_c__visibility_control.h
[1.068s] -- Up-to-date symlink: /home/suke/chicken_core/install/yolov10_msg/include/yolov10_msg/yolov10_msg/msg/vector2.h
[1.068s] -- Up-to-date symlink: /home/suke/chicken_core/install/yolov10_msg/share/yolov10_msg/environment/library_path.sh
[1.068s] -- Up-to-date symlink: /home/suke/chicken_core/install/yolov10_msg/share/yolov10_msg/environment/library_path.dsv
[1.068s] -- Up-to-date symlink: /home/suke/chicken_core/install/yolov10_msg/include/yolov10_msg/yolov10_msg/msg/detail/bounding_box2_d__rosidl_typesupport_fastrtps_c.h
[1.068s] -- Up-to-date symlink: /home/suke/chicken_core/install/yolov10_msg/include/yolov10_msg/yolov10_msg/msg/detail/bounding_box3_d__rosidl_typesupport_fastrtps_c.h
[1.068s] -- Up-to-date symlink: /home/suke/chicken_core/install/yolov10_msg/include/yolov10_msg/yolov10_msg/msg/detail/detection__rosidl_typesupport_fastrtps_c.h
[1.068s] -- Up-to-date symlink: /home/suke/chicken_core/install/yolov10_msg/include/yolov10_msg/yolov10_msg/msg/detail/detection_array__rosidl_typesupport_fastrtps_c.h
[1.068s] -- Up-to-date symlink: /home/suke/chicken_core/install/yolov10_msg/include/yolov10_msg/yolov10_msg/msg/detail/key_point2_d__rosidl_typesupport_fastrtps_c.h
[1.068s] -- Up-to-date symlink: /home/suke/chicken_core/install/yolov10_msg/include/yolov10_msg/yolov10_msg/msg/detail/key_point2_d_array__rosidl_typesupport_fastrtps_c.h
[1.068s] -- Up-to-date symlink: /home/suke/chicken_core/install/yolov10_msg/include/yolov10_msg/yolov10_msg/msg/detail/key_point3_d__rosidl_typesupport_fastrtps_c.h
[1.068s] -- Up-to-date symlink: /home/suke/chicken_core/install/yolov10_msg/include/yolov10_msg/yolov10_msg/msg/detail/key_point3_d_array__rosidl_typesupport_fastrtps_c.h
[1.069s] -- Up-to-date symlink: /home/suke/chicken_core/install/yolov10_msg/include/yolov10_msg/yolov10_msg/msg/detail/mask__rosidl_typesupport_fastrtps_c.h
[1.069s] -- Up-to-date symlink: /home/suke/chicken_core/install/yolov10_msg/include/yolov10_msg/yolov10_msg/msg/detail/point2_d__rosidl_typesupport_fastrtps_c.h
[1.069s] -- Up-to-date symlink: /home/suke/chicken_core/install/yolov10_msg/include/yolov10_msg/yolov10_msg/msg/detail/pose2_d__rosidl_typesupport_fastrtps_c.h
[1.069s] -- Up-to-date symlink: /home/suke/chicken_core/install/yolov10_msg/include/yolov10_msg/yolov10_msg/msg/detail/vector2__rosidl_typesupport_fastrtps_c.h
[1.069s] -- Up-to-date symlink: /home/suke/chicken_core/install/yolov10_msg/include/yolov10_msg/yolov10_msg/msg/rosidl_typesupport_fastrtps_c__visibility_control.h
[1.069s] -- Up-to-date symlink: /home/suke/chicken_core/install/yolov10_msg/include/yolov10_msg/yolov10_msg/msg/detail/bounding_box2_d__rosidl_typesupport_introspection_c.h
[1.069s] -- Up-to-date symlink: /home/suke/chicken_core/install/yolov10_msg/include/yolov10_msg/yolov10_msg/msg/detail/bounding_box3_d__rosidl_typesupport_introspection_c.h
[1.069s] -- Up-to-date symlink: /home/suke/chicken_core/install/yolov10_msg/include/yolov10_msg/yolov10_msg/msg/detail/detection__rosidl_typesupport_introspection_c.h
[1.069s] -- Up-to-date symlink: /home/suke/chicken_core/install/yolov10_msg/include/yolov10_msg/yolov10_msg/msg/detail/detection_array__rosidl_typesupport_introspection_c.h
[1.069s] -- Up-to-date symlink: /home/suke/chicken_core/install/yolov10_msg/include/yolov10_msg/yolov10_msg/msg/detail/key_point2_d__rosidl_typesupport_introspection_c.h
[1.069s] -- Up-to-date symlink: /home/suke/chicken_core/install/yolov10_msg/include/yolov10_msg/yolov10_msg/msg/detail/key_point2_d_array__rosidl_typesupport_introspection_c.h
[1.069s] -- Up-to-date symlink: /home/suke/chicken_core/install/yolov10_msg/include/yolov10_msg/yolov10_msg/msg/detail/key_point3_d__rosidl_typesupport_introspection_c.h
[1.069s] -- Up-to-date symlink: /home/suke/chicken_core/install/yolov10_msg/include/yolov10_msg/yolov10_msg/msg/detail/key_point3_d_array__rosidl_typesupport_introspection_c.h
[1.070s] -- Up-to-date symlink: /home/suke/chicken_core/install/yolov10_msg/include/yolov10_msg/yolov10_msg/msg/detail/mask__rosidl_typesupport_introspection_c.h
[1.070s] -- Up-to-date symlink: /home/suke/chicken_core/install/yolov10_msg/include/yolov10_msg/yolov10_msg/msg/detail/point2_d__rosidl_typesupport_introspection_c.h
[1.070s] -- Up-to-date symlink: /home/suke/chicken_core/install/yolov10_msg/include/yolov10_msg/yolov10_msg/msg/detail/pose2_d__rosidl_typesupport_introspection_c.h
[1.070s] -- Up-to-date symlink: /home/suke/chicken_core/install/yolov10_msg/include/yolov10_msg/yolov10_msg/msg/detail/vector2__rosidl_typesupport_introspection_c.h
[1.070s] -- Up-to-date symlink: /home/suke/chicken_core/install/yolov10_msg/include/yolov10_msg/yolov10_msg/msg/rosidl_typesupport_introspection_c__visibility_control.h
[1.070s] -- Up-to-date symlink: /home/suke/chicken_core/install/yolov10_msg/include/yolov10_msg/yolov10_msg/msg/bounding_box2_d.hpp
[1.070s] -- Up-to-date symlink: /home/suke/chicken_core/install/yolov10_msg/include/yolov10_msg/yolov10_msg/msg/bounding_box3_d.hpp
[1.070s] -- Up-to-date symlink: /home/suke/chicken_core/install/yolov10_msg/include/yolov10_msg/yolov10_msg/msg/detail/bounding_box2_d__builder.hpp
[1.070s] -- Up-to-date symlink: /home/suke/chicken_core/install/yolov10_msg/include/yolov10_msg/yolov10_msg/msg/detail/bounding_box2_d__struct.hpp
[1.070s] -- Up-to-date symlink: /home/suke/chicken_core/install/yolov10_msg/include/yolov10_msg/yolov10_msg/msg/detail/bounding_box2_d__traits.hpp
[1.070s] -- Up-to-date symlink: /home/suke/chicken_core/install/yolov10_msg/include/yolov10_msg/yolov10_msg/msg/detail/bounding_box3_d__builder.hpp
[1.070s] -- Up-to-date symlink: /home/suke/chicken_core/install/yolov10_msg/include/yolov10_msg/yolov10_msg/msg/detail/bounding_box3_d__struct.hpp
[1.070s] -- Up-to-date symlink: /home/suke/chicken_core/install/yolov10_msg/include/yolov10_msg/yolov10_msg/msg/detail/bounding_box3_d__traits.hpp
[1.070s] -- Up-to-date symlink: /home/suke/chicken_core/install/yolov10_msg/include/yolov10_msg/yolov10_msg/msg/detail/detection__builder.hpp
[1.071s] -- Up-to-date symlink: /home/suke/chicken_core/install/yolov10_msg/include/yolov10_msg/yolov10_msg/msg/detail/detection__struct.hpp
[1.071s] -- Up-to-date symlink: /home/suke/chicken_core/install/yolov10_msg/include/yolov10_msg/yolov10_msg/msg/detail/detection__traits.hpp
[1.071s] -- Up-to-date symlink: /home/suke/chicken_core/install/yolov10_msg/include/yolov10_msg/yolov10_msg/msg/detail/detection_array__builder.hpp
[1.071s] -- Up-to-date symlink: /home/suke/chicken_core/install/yolov10_msg/include/yolov10_msg/yolov10_msg/msg/detail/detection_array__struct.hpp
[1.071s] -- Up-to-date symlink: /home/suke/chicken_core/install/yolov10_msg/include/yolov10_msg/yolov10_msg/msg/detail/detection_array__traits.hpp
[1.071s] -- Up-to-date symlink: /home/suke/chicken_core/install/yolov10_msg/include/yolov10_msg/yolov10_msg/msg/detail/key_point2_d__builder.hpp
[1.071s] -- Up-to-date symlink: /home/suke/chicken_core/install/yolov10_msg/include/yolov10_msg/yolov10_msg/msg/detail/key_point2_d__struct.hpp
[1.071s] -- Up-to-date symlink: /home/suke/chicken_core/install/yolov10_msg/include/yolov10_msg/yolov10_msg/msg/detail/key_point2_d__traits.hpp
[1.071s] -- Up-to-date symlink: /home/suke/chicken_core/install/yolov10_msg/include/yolov10_msg/yolov10_msg/msg/detail/key_point2_d_array__builder.hpp
[1.071s] -- Up-to-date symlink: /home/suke/chicken_core/install/yolov10_msg/include/yolov10_msg/yolov10_msg/msg/detail/key_point2_d_array__struct.hpp
[1.071s] -- Up-to-date symlink: /home/suke/chicken_core/install/yolov10_msg/include/yolov10_msg/yolov10_msg/msg/detail/key_point2_d_array__traits.hpp
[1.071s] -- Up-to-date symlink: /home/suke/chicken_core/install/yolov10_msg/include/yolov10_msg/yolov10_msg/msg/detail/key_point3_d__builder.hpp
[1.071s] -- Up-to-date symlink: /home/suke/chicken_core/install/yolov10_msg/include/yolov10_msg/yolov10_msg/msg/detail/key_point3_d__struct.hpp
[1.072s] -- Up-to-date symlink: /home/suke/chicken_core/install/yolov10_msg/include/yolov10_msg/yolov10_msg/msg/detail/key_point3_d__traits.hpp
[1.072s] -- Up-to-date symlink: /home/suke/chicken_core/install/yolov10_msg/include/yolov10_msg/yolov10_msg/msg/detail/key_point3_d_array__builder.hpp
[1.072s] -- Up-to-date symlink: /home/suke/chicken_core/install/yolov10_msg/include/yolov10_msg/yolov10_msg/msg/detail/key_point3_d_array__struct.hpp
[1.072s] -- Up-to-date symlink: /home/suke/chicken_core/install/yolov10_msg/include/yolov10_msg/yolov10_msg/msg/detail/key_point3_d_array__traits.hpp
[1.072s] -- Up-to-date symlink: /home/suke/chicken_core/install/yolov10_msg/include/yolov10_msg/yolov10_msg/msg/detail/mask__builder.hpp
[1.072s] -- Up-to-date symlink: /home/suke/chicken_core/install/yolov10_msg/include/yolov10_msg/yolov10_msg/msg/detail/mask__struct.hpp
[1.072s] -- Up-to-date symlink: /home/suke/chicken_core/install/yolov10_msg/include/yolov10_msg/yolov10_msg/msg/detail/mask__traits.hpp
[1.072s] -- Up-to-date symlink: /home/suke/chicken_core/install/yolov10_msg/include/yolov10_msg/yolov10_msg/msg/detail/point2_d__builder.hpp
[1.072s] -- Up-to-date symlink: /home/suke/chicken_core/install/yolov10_msg/include/yolov10_msg/yolov10_msg/msg/detail/point2_d__struct.hpp
[1.072s] -- Up-to-date symlink: /home/suke/chicken_core/install/yolov10_msg/include/yolov10_msg/yolov10_msg/msg/detail/point2_d__traits.hpp
[1.072s] -- Up-to-date symlink: /home/suke/chicken_core/install/yolov10_msg/include/yolov10_msg/yolov10_msg/msg/detail/pose2_d__builder.hpp
[1.072s] -- Up-to-date symlink: /home/suke/chicken_core/install/yolov10_msg/include/yolov10_msg/yolov10_msg/msg/detail/pose2_d__struct.hpp
[1.072s] -- Up-to-date symlink: /home/suke/chicken_core/install/yolov10_msg/include/yolov10_msg/yolov10_msg/msg/detail/pose2_d__traits.hpp
[1.072s] -- Up-to-date symlink: /home/suke/chicken_core/install/yolov10_msg/include/yolov10_msg/yolov10_msg/msg/detail/vector2__builder.hpp
[1.073s] -- Up-to-date symlink: /home/suke/chicken_core/install/yolov10_msg/include/yolov10_msg/yolov10_msg/msg/detail/vector2__struct.hpp
[1.073s] -- Up-to-date symlink: /home/suke/chicken_core/install/yolov10_msg/include/yolov10_msg/yolov10_msg/msg/detail/vector2__traits.hpp
[1.073s] -- Up-to-date symlink: /home/suke/chicken_core/install/yolov10_msg/include/yolov10_msg/yolov10_msg/msg/detection.hpp
[1.073s] -- Up-to-date symlink: /home/suke/chicken_core/install/yolov10_msg/include/yolov10_msg/yolov10_msg/msg/detection_array.hpp
[1.073s] -- Up-to-date symlink: /home/suke/chicken_core/install/yolov10_msg/include/yolov10_msg/yolov10_msg/msg/key_point2_d.hpp
[1.073s] -- Up-to-date symlink: /home/suke/chicken_core/install/yolov10_msg/include/yolov10_msg/yolov10_msg/msg/key_point2_d_array.hpp
[1.073s] -- Up-to-date symlink: /home/suke/chicken_core/install/yolov10_msg/include/yolov10_msg/yolov10_msg/msg/key_point3_d.hpp
[1.073s] -- Up-to-date symlink: /home/suke/chicken_core/install/yolov10_msg/include/yolov10_msg/yolov10_msg/msg/key_point3_d_array.hpp
[1.073s] -- Up-to-date symlink: /home/suke/chicken_core/install/yolov10_msg/include/yolov10_msg/yolov10_msg/msg/mask.hpp
[1.073s] -- Up-to-date symlink: /home/suke/chicken_core/install/yolov10_msg/include/yolov10_msg/yolov10_msg/msg/point2_d.hpp
[1.073s] -- Up-to-date symlink: /home/suke/chicken_core/install/yolov10_msg/include/yolov10_msg/yolov10_msg/msg/pose2_d.hpp
[1.073s] -- Up-to-date symlink: /home/suke/chicken_core/install/yolov10_msg/include/yolov10_msg/yolov10_msg/msg/vector2.hpp
[1.073s] -- Up-to-date symlink: /home/suke/chicken_core/install/yolov10_msg/include/yolov10_msg/yolov10_msg/msg/detail/bounding_box2_d__rosidl_typesupport_fastrtps_cpp.hpp
[1.073s] -- Up-to-date symlink: /home/suke/chicken_core/install/yolov10_msg/include/yolov10_msg/yolov10_msg/msg/detail/bounding_box3_d__rosidl_typesupport_fastrtps_cpp.hpp
[1.074s] -- Up-to-date symlink: /home/suke/chicken_core/install/yolov10_msg/include/yolov10_msg/yolov10_msg/msg/detail/detection__rosidl_typesupport_fastrtps_cpp.hpp
[1.074s] -- Up-to-date symlink: /home/suke/chicken_core/install/yolov10_msg/include/yolov10_msg/yolov10_msg/msg/detail/detection_array__rosidl_typesupport_fastrtps_cpp.hpp
[1.074s] -- Up-to-date symlink: /home/suke/chicken_core/install/yolov10_msg/include/yolov10_msg/yolov10_msg/msg/detail/key_point2_d__rosidl_typesupport_fastrtps_cpp.hpp
[1.074s] -- Up-to-date symlink: /home/suke/chicken_core/install/yolov10_msg/include/yolov10_msg/yolov10_msg/msg/detail/key_point2_d_array__rosidl_typesupport_fastrtps_cpp.hpp
[1.074s] -- Up-to-date symlink: /home/suke/chicken_core/install/yolov10_msg/include/yolov10_msg/yolov10_msg/msg/detail/key_point3_d__rosidl_typesupport_fastrtps_cpp.hpp
[1.074s] -- Up-to-date symlink: /home/suke/chicken_core/install/yolov10_msg/include/yolov10_msg/yolov10_msg/msg/detail/key_point3_d_array__rosidl_typesupport_fastrtps_cpp.hpp
[1.074s] -- Up-to-date symlink: /home/suke/chicken_core/install/yolov10_msg/include/yolov10_msg/yolov10_msg/msg/detail/mask__rosidl_typesupport_fastrtps_cpp.hpp
[1.074s] -- Up-to-date symlink: /home/suke/chicken_core/install/yolov10_msg/include/yolov10_msg/yolov10_msg/msg/detail/point2_d__rosidl_typesupport_fastrtps_cpp.hpp
[1.074s] -- Up-to-date symlink: /home/suke/chicken_core/install/yolov10_msg/include/yolov10_msg/yolov10_msg/msg/detail/pose2_d__rosidl_typesupport_fastrtps_cpp.hpp
[1.074s] -- Up-to-date symlink: /home/suke/chicken_core/install/yolov10_msg/include/yolov10_msg/yolov10_msg/msg/detail/vector2__rosidl_typesupport_fastrtps_cpp.hpp
[1.074s] -- Up-to-date symlink: /home/suke/chicken_core/install/yolov10_msg/include/yolov10_msg/yolov10_msg/msg/rosidl_typesupport_fastrtps_cpp__visibility_control.h
[1.074s] -- Up-to-date symlink: /home/suke/chicken_core/install/yolov10_msg/include/yolov10_msg/yolov10_msg/msg/detail/bounding_box2_d__rosidl_typesupport_introspection_cpp.hpp
[1.074s] -- Up-to-date symlink: /home/suke/chicken_core/install/yolov10_msg/include/yolov10_msg/yolov10_msg/msg/detail/bounding_box3_d__rosidl_typesupport_introspection_cpp.hpp
[1.074s] -- Up-to-date symlink: /home/suke/chicken_core/install/yolov10_msg/include/yolov10_msg/yolov10_msg/msg/detail/detection__rosidl_typesupport_introspection_cpp.hpp
[1.075s] -- Up-to-date symlink: /home/suke/chicken_core/install/yolov10_msg/include/yolov10_msg/yolov10_msg/msg/detail/detection_array__rosidl_typesupport_introspection_cpp.hpp
[1.075s] -- Up-to-date symlink: /home/suke/chicken_core/install/yolov10_msg/include/yolov10_msg/yolov10_msg/msg/detail/key_point2_d__rosidl_typesupport_introspection_cpp.hpp
[1.075s] -- Up-to-date symlink: /home/suke/chicken_core/install/yolov10_msg/include/yolov10_msg/yolov10_msg/msg/detail/key_point2_d_array__rosidl_typesupport_introspection_cpp.hpp
[1.075s] -- Up-to-date symlink: /home/suke/chicken_core/install/yolov10_msg/include/yolov10_msg/yolov10_msg/msg/detail/key_point3_d__rosidl_typesupport_introspection_cpp.hpp
[1.075s] -- Up-to-date symlink: /home/suke/chicken_core/install/yolov10_msg/include/yolov10_msg/yolov10_msg/msg/detail/key_point3_d_array__rosidl_typesupport_introspection_cpp.hpp
[1.075s] -- Up-to-date symlink: /home/suke/chicken_core/install/yolov10_msg/include/yolov10_msg/yolov10_msg/msg/detail/mask__rosidl_typesupport_introspection_cpp.hpp
[1.075s] -- Up-to-date symlink: /home/suke/chicken_core/install/yolov10_msg/include/yolov10_msg/yolov10_msg/msg/detail/point2_d__rosidl_typesupport_introspection_cpp.hpp
[1.075s] -- Up-to-date symlink: /home/suke/chicken_core/install/yolov10_msg/include/yolov10_msg/yolov10_msg/msg/detail/pose2_d__rosidl_typesupport_introspection_cpp.hpp
[1.075s] -- Up-to-date symlink: /home/suke/chicken_core/install/yolov10_msg/include/yolov10_msg/yolov10_msg/msg/detail/vector2__rosidl_typesupport_introspection_cpp.hpp
[1.075s] -- Up-to-date symlink: /home/suke/chicken_core/install/yolov10_msg/share/yolov10_msg/environment/pythonpath.sh
[1.075s] -- Up-to-date symlink: /home/suke/chicken_core/install/yolov10_msg/share/yolov10_msg/environment/pythonpath.dsv
[1.075s] -- Up-to-date symlink: /home/suke/chicken_core/install/yolov10_msg/local/lib/python3.10/dist-packages/yolov10_msg-0.0.0-py3.10.egg-info/PKG-INFO
[1.075s] -- Up-to-date symlink: /home/suke/chicken_core/install/yolov10_msg/local/lib/python3.10/dist-packages/yolov10_msg-0.0.0-py3.10.egg-info/SOURCES.txt
[1.075s] -- Up-to-date symlink: /home/suke/chicken_core/install/yolov10_msg/local/lib/python3.10/dist-packages/yolov10_msg-0.0.0-py3.10.egg-info/dependency_links.txt
[1.075s] -- Up-to-date symlink: /home/suke/chicken_core/install/yolov10_msg/local/lib/python3.10/dist-packages/yolov10_msg-0.0.0-py3.10.egg-info/top_level.txt
[1.075s] -- Up-to-date symlink: /home/suke/chicken_core/install/yolov10_msg/local/lib/python3.10/dist-packages/yolov10_msg/__init__.py
[1.075s] -- Up-to-date symlink: /home/suke/chicken_core/install/yolov10_msg/local/lib/python3.10/dist-packages/yolov10_msg/_yolov10_msg_s.ep.rosidl_typesupport_c.c
[1.075s] -- Up-to-date symlink: /home/suke/chicken_core/install/yolov10_msg/local/lib/python3.10/dist-packages/yolov10_msg/_yolov10_msg_s.ep.rosidl_typesupport_fastrtps_c.c
[1.075s] -- Up-to-date symlink: /home/suke/chicken_core/install/yolov10_msg/local/lib/python3.10/dist-packages/yolov10_msg/_yolov10_msg_s.ep.rosidl_typesupport_introspection_c.c
[1.075s] -- Up-to-date symlink: /home/suke/chicken_core/install/yolov10_msg/local/lib/python3.10/dist-packages/yolov10_msg/libyolov10_msg__rosidl_generator_py.so
[1.075s] -- Up-to-date symlink: /home/suke/chicken_core/install/yolov10_msg/local/lib/python3.10/dist-packages/yolov10_msg/msg/__init__.py
[1.075s] -- Up-to-date symlink: /home/suke/chicken_core/install/yolov10_msg/local/lib/python3.10/dist-packages/yolov10_msg/msg/_bounding_box2_d.py
[1.075s] -- Up-to-date symlink: /home/suke/chicken_core/install/yolov10_msg/local/lib/python3.10/dist-packages/yolov10_msg/msg/_bounding_box2_d_s.c
[1.075s] -- Up-to-date symlink: /home/suke/chicken_core/install/yolov10_msg/local/lib/python3.10/dist-packages/yolov10_msg/msg/_bounding_box3_d.py
[1.075s] -- Up-to-date symlink: /home/suke/chicken_core/install/yolov10_msg/local/lib/python3.10/dist-packages/yolov10_msg/msg/_bounding_box3_d_s.c
[1.075s] -- Up-to-date symlink: /home/suke/chicken_core/install/yolov10_msg/local/lib/python3.10/dist-packages/yolov10_msg/msg/_detection.py
[1.075s] -- Up-to-date symlink: /home/suke/chicken_core/install/yolov10_msg/local/lib/python3.10/dist-packages/yolov10_msg/msg/_detection_array.py
[1.076s] -- Up-to-date symlink: /home/suke/chicken_core/install/yolov10_msg/local/lib/python3.10/dist-packages/yolov10_msg/msg/_detection_array_s.c
[1.076s] -- Up-to-date symlink: /home/suke/chicken_core/install/yolov10_msg/local/lib/python3.10/dist-packages/yolov10_msg/msg/_detection_s.c
[1.076s] -- Up-to-date symlink: /home/suke/chicken_core/install/yolov10_msg/local/lib/python3.10/dist-packages/yolov10_msg/msg/_key_point2_d.py
[1.076s] -- Up-to-date symlink: /home/suke/chicken_core/install/yolov10_msg/local/lib/python3.10/dist-packages/yolov10_msg/msg/_key_point2_d_array.py
[1.076s] -- Up-to-date symlink: /home/suke/chicken_core/install/yolov10_msg/local/lib/python3.10/dist-packages/yolov10_msg/msg/_key_point2_d_array_s.c
[1.076s] -- Up-to-date symlink: /home/suke/chicken_core/install/yolov10_msg/local/lib/python3.10/dist-packages/yolov10_msg/msg/_key_point2_d_s.c
[1.076s] -- Up-to-date symlink: /home/suke/chicken_core/install/yolov10_msg/local/lib/python3.10/dist-packages/yolov10_msg/msg/_key_point3_d.py
[1.076s] -- Up-to-date symlink: /home/suke/chicken_core/install/yolov10_msg/local/lib/python3.10/dist-packages/yolov10_msg/msg/_key_point3_d_array.py
[1.076s] -- Up-to-date symlink: /home/suke/chicken_core/install/yolov10_msg/local/lib/python3.10/dist-packages/yolov10_msg/msg/_key_point3_d_array_s.c
[1.076s] -- Up-to-date symlink: /home/suke/chicken_core/install/yolov10_msg/local/lib/python3.10/dist-packages/yolov10_msg/msg/_key_point3_d_s.c
[1.076s] -- Up-to-date symlink: /home/suke/chicken_core/install/yolov10_msg/local/lib/python3.10/dist-packages/yolov10_msg/msg/_mask.py
[1.076s] -- Up-to-date symlink: /home/suke/chicken_core/install/yolov10_msg/local/lib/python3.10/dist-packages/yolov10_msg/msg/_mask_s.c
[1.076s] -- Up-to-date symlink: /home/suke/chicken_core/install/yolov10_msg/local/lib/python3.10/dist-packages/yolov10_msg/msg/_point2_d.py
[1.076s] -- Up-to-date symlink: /home/suke/chicken_core/install/yolov10_msg/local/lib/python3.10/dist-packages/yolov10_msg/msg/_point2_d_s.c
[1.076s] -- Up-to-date symlink: /home/suke/chicken_core/install/yolov10_msg/local/lib/python3.10/dist-packages/yolov10_msg/msg/_pose2_d.py
[1.076s] -- Up-to-date symlink: /home/suke/chicken_core/install/yolov10_msg/local/lib/python3.10/dist-packages/yolov10_msg/msg/_pose2_d_s.c
[1.076s] -- Up-to-date symlink: /home/suke/chicken_core/install/yolov10_msg/local/lib/python3.10/dist-packages/yolov10_msg/msg/_vector2.py
[1.076s] -- Up-to-date symlink: /home/suke/chicken_core/install/yolov10_msg/local/lib/python3.10/dist-packages/yolov10_msg/msg/_vector2_s.c
[1.076s] -- Up-to-date symlink: /home/suke/chicken_core/install/yolov10_msg/local/lib/python3.10/dist-packages/yolov10_msg/yolov10_msg_s__rosidl_typesupport_c.cpython-310-x86_64-linux-gnu.so
[1.076s] -- Up-to-date symlink: /home/suke/chicken_core/install/yolov10_msg/local/lib/python3.10/dist-packages/yolov10_msg/yolov10_msg_s__rosidl_typesupport_fastrtps_c.cpython-310-x86_64-linux-gnu.so
[1.076s] -- Up-to-date symlink: /home/suke/chicken_core/install/yolov10_msg/local/lib/python3.10/dist-packages/yolov10_msg/yolov10_msg_s__rosidl_typesupport_introspection_c.cpython-310-x86_64-linux-gnu.so
[1.076s] -- Up-to-date symlink: /home/suke/chicken_core/install/yolov10_msg/local/lib/python3.10/dist-packages/yolov10_msg/yolov10_msg_s__rosidl_typesupport_fastrtps_c.cpython-310-x86_64-linux-gnu.so
[1.076s] -- Up-to-date symlink: /home/suke/chicken_core/install/yolov10_msg/local/lib/python3.10/dist-packages/yolov10_msg/yolov10_msg_s__rosidl_typesupport_introspection_c.cpython-310-x86_64-linux-gnu.so
[1.076s] -- Up-to-date symlink: /home/suke/chicken_core/install/yolov10_msg/local/lib/python3.10/dist-packages/yolov10_msg/yolov10_msg_s__rosidl_typesupport_c.cpython-310-x86_64-linux-gnu.so
[1.076s] -- Up-to-date symlink: /home/suke/chicken_core/install/yolov10_msg/share/yolov10_msg/msg/Point2D.idl
[1.076s] -- Up-to-date symlink: /home/suke/chicken_core/install/yolov10_msg/share/yolov10_msg/msg/Vector2.idl
[1.076s] -- Up-to-date symlink: /home/suke/chicken_core/install/yolov10_msg/share/yolov10_msg/msg/Pose2D.idl
[1.076s] -- Up-to-date symlink: /home/suke/chicken_core/install/yolov10_msg/share/yolov10_msg/msg/BoundingBox2D.idl
[1.076s] -- Up-to-date symlink: /home/suke/chicken_core/install/yolov10_msg/share/yolov10_msg/msg/BoundingBox3D.idl
[1.076s] -- Up-to-date symlink: /home/suke/chicken_core/install/yolov10_msg/share/yolov10_msg/msg/Mask.idl
[1.076s] -- Up-to-date symlink: /home/suke/chicken_core/install/yolov10_msg/share/yolov10_msg/msg/KeyPoint2D.idl
[1.076s] -- Up-to-date symlink: /home/suke/chicken_core/install/yolov10_msg/share/yolov10_msg/msg/KeyPoint2DArray.idl
[1.076s] -- Up-to-date symlink: /home/suke/chicken_core/install/yolov10_msg/share/yolov10_msg/msg/KeyPoint3D.idl
[1.076s] -- Up-to-date symlink: /home/suke/chicken_core/install/yolov10_msg/share/yolov10_msg/msg/KeyPoint3DArray.idl
[1.076s] -- Up-to-date symlink: /home/suke/chicken_core/install/yolov10_msg/share/yolov10_msg/msg/Detection.idl
[1.076s] -- Up-to-date symlink: /home/suke/chicken_core/install/yolov10_msg/share/yolov10_msg/msg/DetectionArray.idl
[1.076s] -- Up-to-date symlink: /home/suke/chicken_core/install/yolov10_msg/share/yolov10_msg/msg/Point2D.msg
[1.076s] -- Up-to-date symlink: /home/suke/chicken_core/install/yolov10_msg/share/yolov10_msg/msg/Vector2.msg
[1.076s] -- Up-to-date symlink: /home/suke/chicken_core/install/yolov10_msg/share/yolov10_msg/msg/Pose2D.msg
[1.077s] -- Up-to-date symlink: /home/suke/chicken_core/install/yolov10_msg/share/yolov10_msg/msg/BoundingBox2D.msg
[1.077s] -- Up-to-date symlink: /home/suke/chicken_core/install/yolov10_msg/share/yolov10_msg/msg/BoundingBox3D.msg
[1.077s] -- Up-to-date symlink: /home/suke/chicken_core/install/yolov10_msg/share/yolov10_msg/msg/Mask.msg
[1.077s] -- Up-to-date symlink: /home/suke/chicken_core/install/yolov10_msg/share/yolov10_msg/msg/KeyPoint2D.msg
[1.077s] -- Up-to-date symlink: /home/suke/chicken_core/install/yolov10_msg/share/yolov10_msg/msg/KeyPoint2DArray.msg
[1.077s] -- Up-to-date symlink: /home/suke/chicken_core/install/yolov10_msg/share/yolov10_msg/msg/KeyPoint3D.msg
[1.077s] -- Up-to-date symlink: /home/suke/chicken_core/install/yolov10_msg/share/yolov10_msg/msg/KeyPoint3DArray.msg
[1.077s] -- Up-to-date symlink: /home/suke/chicken_core/install/yolov10_msg/share/yolov10_msg/msg/Detection.msg
[1.077s] -- Up-to-date symlink: /home/suke/chicken_core/install/yolov10_msg/share/yolov10_msg/msg/DetectionArray.msg
[1.077s] -- Up-to-date symlink: /home/suke/chicken_core/install/yolov10_msg/share/ament_index/resource_index/package_run_dependencies/yolov10_msg
[1.077s] -- Up-to-date symlink: /home/suke/chicken_core/install/yolov10_msg/share/ament_index/resource_index/parent_prefix_path/yolov10_msg
[1.077s] -- Up-to-date symlink: /home/suke/chicken_core/install/yolov10_msg/share/yolov10_msg/environment/ament_prefix_path.sh
[1.077s] -- Up-to-date symlink: /home/suke/chicken_core/install/yolov10_msg/share/yolov10_msg/environment/ament_prefix_path.dsv
[1.077s] -- Up-to-date symlink: /home/suke/chicken_core/install/yolov10_msg/share/yolov10_msg/environment/path.sh
[1.077s] -- Up-to-date symlink: /home/suke/chicken_core/install/yolov10_msg/share/yolov10_msg/environment/path.dsv
[1.077s] -- Up-to-date symlink: /home/suke/chicken_core/install/yolov10_msg/share/yolov10_msg/local_setup.bash
[1.077s] -- Up-to-date symlink: /home/suke/chicken_core/install/yolov10_msg/share/yolov10_msg/local_setup.sh
[1.077s] -- Up-to-date symlink: /home/suke/chicken_core/install/yolov10_msg/share/yolov10_msg/local_setup.zsh
[1.077s] -- Up-to-date symlink: /home/suke/chicken_core/install/yolov10_msg/share/yolov10_msg/local_setup.dsv
[1.077s] -- Symlinking: /home/suke/chicken_core/install/yolov10_msg/share/yolov10_msg/package.dsv
[1.083s] -- Up-to-date symlink: /home/suke/chicken_core/install/yolov10_msg/share/ament_index/resource_index/packages/yolov10_msg
[1.083s] -- Up-to-date symlink: /home/suke/chicken_core/install/yolov10_msg/share/yolov10_msg/cmake/rosidl_cmake-extras.cmake
[1.083s] -- Up-to-date symlink: /home/suke/chicken_core/install/yolov10_msg/share/yolov10_msg/cmake/ament_cmake_export_dependencies-extras.cmake
[1.083s] -- Up-to-date symlink: /home/suke/chicken_core/install/yolov10_msg/share/yolov10_msg/cmake/ament_cmake_export_include_directories-extras.cmake
[1.083s] -- Up-to-date symlink: /home/suke/chicken_core/install/yolov10_msg/share/yolov10_msg/cmake/ament_cmake_export_libraries-extras.cmake
[1.083s] -- Up-to-date symlink: /home/suke/chicken_core/install/yolov10_msg/share/yolov10_msg/cmake/ament_cmake_export_targets-extras.cmake
[1.083s] -- Up-to-date symlink: /home/suke/chicken_core/install/yolov10_msg/share/yolov10_msg/cmake/rosidl_cmake_export_typesupport_targets-extras.cmake
[1.083s] -- Up-to-date symlink: /home/suke/chicken_core/install/yolov10_msg/share/yolov10_msg/cmake/rosidl_cmake_export_typesupport_libraries-extras.cmake
[1.083s] -- Up-to-date symlink: /home/suke/chicken_core/install/yolov10_msg/share/yolov10_msg/cmake/yolov10_msgConfig.cmake
[1.083s] -- Up-to-date symlink: /home/suke/chicken_core/install/yolov10_msg/share/yolov10_msg/cmake/yolov10_msgConfig-version.cmake
[1.083s] -- Up-to-date symlink: /home/suke/chicken_core/install/yolov10_msg/share/yolov10_msg/package.xml
[1.084s] -- Up-to-date: /home/suke/chicken_core/install/yolov10_msg/lib/libyolov10_msg__rosidl_generator_c.so
[1.084s] -- Up-to-date: /home/suke/chicken_core/install/yolov10_msg/lib/libyolov10_msg__rosidl_typesupport_fastrtps_c.so
[1.084s] -- Up-to-date: /home/suke/chicken_core/install/yolov10_msg/lib/libyolov10_msg__rosidl_typesupport_introspection_c.so
[1.084s] -- Up-to-date: /home/suke/chicken_core/install/yolov10_msg/lib/libyolov10_msg__rosidl_typesupport_c.so
[1.084s] -- Up-to-date: /home/suke/chicken_core/install/yolov10_msg/lib/libyolov10_msg__rosidl_typesupport_fastrtps_cpp.so
[1.084s] -- Up-to-date: /home/suke/chicken_core/install/yolov10_msg/lib/libyolov10_msg__rosidl_typesupport_introspection_cpp.so
[1.084s] -- Up-to-date: /home/suke/chicken_core/install/yolov10_msg/lib/libyolov10_msg__rosidl_typesupport_cpp.so
[1.107s] Listing '/home/suke/chicken_core/install/yolov10_msg/local/lib/python3.10/dist-packages/yolov10_msg'...
[1.107s] Listing '/home/suke/chicken_core/install/yolov10_msg/local/lib/python3.10/dist-packages/yolov10_msg/msg'...
[1.110s] -- Up-to-date: /home/suke/chicken_core/install/yolov10_msg/lib/libyolov10_msg__rosidl_generator_py.so
[1.110s] -- Up-to-date: /home/suke/chicken_core/install/yolov10_msg/share/yolov10_msg/cmake/export_yolov10_msg__rosidl_generator_cExport.cmake
[1.110s] -- Up-to-date: /home/suke/chicken_core/install/yolov10_msg/share/yolov10_msg/cmake/export_yolov10_msg__rosidl_generator_cExport-noconfig.cmake
[1.110s] -- Up-to-date: /home/suke/chicken_core/install/yolov10_msg/share/yolov10_msg/cmake/export_yolov10_msg__rosidl_typesupport_fastrtps_cExport.cmake
[1.110s] -- Up-to-date: /home/suke/chicken_core/install/yolov10_msg/share/yolov10_msg/cmake/export_yolov10_msg__rosidl_typesupport_fastrtps_cExport-noconfig.cmake
[1.110s] -- Up-to-date: /home/suke/chicken_core/install/yolov10_msg/share/yolov10_msg/cmake/yolov10_msg__rosidl_typesupport_introspection_cExport.cmake
[1.111s] -- Up-to-date: /home/suke/chicken_core/install/yolov10_msg/share/yolov10_msg/cmake/yolov10_msg__rosidl_typesupport_introspection_cExport-noconfig.cmake
[1.111s] -- Up-to-date: /home/suke/chicken_core/install/yolov10_msg/share/yolov10_msg/cmake/yolov10_msg__rosidl_typesupport_cExport.cmake
[1.112s] -- Up-to-date: /home/suke/chicken_core/install/yolov10_msg/share/yolov10_msg/cmake/yolov10_msg__rosidl_typesupport_cExport-noconfig.cmake
[1.112s] -- Up-to-date: /home/suke/chicken_core/install/yolov10_msg/share/yolov10_msg/cmake/export_yolov10_msg__rosidl_generator_cppExport.cmake
[1.112s] -- Up-to-date: /home/suke/chicken_core/install/yolov10_msg/share/yolov10_msg/cmake/export_yolov10_msg__rosidl_typesupport_fastrtps_cppExport.cmake
[1.112s] -- Up-to-date: /home/suke/chicken_core/install/yolov10_msg/share/yolov10_msg/cmake/export_yolov10_msg__rosidl_typesupport_fastrtps_cppExport-noconfig.cmake
[1.113s] -- Up-to-date: /home/suke/chicken_core/install/yolov10_msg/share/yolov10_msg/cmake/yolov10_msg__rosidl_typesupport_introspection_cppExport.cmake
[1.113s] -- Up-to-date: /home/suke/chicken_core/install/yolov10_msg/share/yolov10_msg/cmake/yolov10_msg__rosidl_typesupport_introspection_cppExport-noconfig.cmake
[1.113s] -- Up-to-date: /home/suke/chicken_core/install/yolov10_msg/share/yolov10_msg/cmake/yolov10_msg__rosidl_typesupport_cppExport.cmake
[1.113s] -- Up-to-date: /home/suke/chicken_core/install/yolov10_msg/share/yolov10_msg/cmake/yolov10_msg__rosidl_typesupport_cppExport-noconfig.cmake
[1.113s] -- Up-to-date: /home/suke/chicken_core/install/yolov10_msg/share/yolov10_msg/cmake/export_yolov10_msg__rosidl_generator_pyExport.cmake
[1.113s] -- Up-to-date: /home/suke/chicken_core/install/yolov10_msg/share/yolov10_msg/cmake/export_yolov10_msg__rosidl_generator_pyExport-noconfig.cmake
[1.113s] Invoked command in '/home/suke/chicken_core/build/yolov10_msg' returned '0': CMAKE_PREFIX_PATH=${CMAKE_PREFIX_PATH}:/home/suke/ouxt_automation/robotx_ws/install/opencv_tests:/home/suke/ouxt_automation/robotx_ws/install/kalman_filter_localization:/home/suke/ouxt_automation/robotx_ws/install/detic_onnx_ros2:/opt/ros/humble /usr/bin/cmake --install /home/suke/chicken_core/build/yolov10_msg
