-- Found ament_cmake: 1.3.9 (/opt/ros/humble/share/ament_cmake/cmake)
-- Override CMake install command with custom implementation using symlinks instead of copying resources
-- Found ament_lint_auto: 0.12.11 (/opt/ros/humble/share/ament_lint_auto/cmake)
-- Added test 'lint_cmake' to check CMake code style
-- Added test 'xmllint' to check XML markup files
-- Configuring done
-- Generating done
-- Build files have been written to: /home/suke/chicken_core/build/perception_bringup
-- Install configuration: ""
-- Execute custom install script
-- Up-to-date symlink: /home/suke/chicken_core/install/perception_bringup/share/ament_index/resource_index/package_run_dependencies/perception_bringup
-- Up-to-date symlink: /home/suke/chicken_core/install/perception_bringup/share/ament_index/resource_index/parent_prefix_path/perception_bringup
-- Up-to-date symlink: /home/suke/chicken_core/install/perception_bringup/share/perception_bringup/environment/ament_prefix_path.sh
-- Up-to-date symlink: /home/suke/chicken_core/install/perception_bringup/share/perception_bringup/environment/ament_prefix_path.dsv
-- Up-to-date symlink: /home/suke/chicken_core/install/perception_bringup/share/perception_bringup/environment/path.sh
-- Up-to-date symlink: /home/suke/chicken_core/install/perception_bringup/share/perception_bringup/environment/path.dsv
-- Up-to-date symlink: /home/suke/chicken_core/install/perception_bringup/share/perception_bringup/local_setup.bash
-- Up-to-date symlink: /home/suke/chicken_core/install/perception_bringup/share/perception_bringup/local_setup.sh
-- Up-to-date symlink: /home/suke/chicken_core/install/perception_bringup/share/perception_bringup/local_setup.zsh
-- Up-to-date symlink: /home/suke/chicken_core/install/perception_bringup/share/perception_bringup/local_setup.dsv
-- Symlinking: /home/suke/chicken_core/install/perception_bringup/share/perception_bringup/package.dsv
-- Up-to-date symlink: /home/suke/chicken_core/install/perception_bringup/share/ament_index/resource_index/packages/perception_bringup
-- Up-to-date symlink: /home/suke/chicken_core/install/perception_bringup/share/perception_bringup/cmake/perception_bringupConfig.cmake
-- Up-to-date symlink: /home/suke/chicken_core/install/perception_bringup/share/perception_bringup/cmake/perception_bringupConfig-version.cmake
-- Up-to-date symlink: /home/suke/chicken_core/install/perception_bringup/share/perception_bringup/package.xml
