[0.517s] Invoking command in '/home/suke/chicken_core/build/perception_bringup': CMAKE_PREFIX_PATH=${CMAKE_PREFIX_PATH}:/home/suke/chicken_core/install/yolov10_ros:/home/suke/chicken_core/install/depth_anything_v2_ros2:/home/suke/chicken_core/install/cart_controller:/home/suke/ouxt_automation/robotx_ws/install/opencv_tests:/home/suke/ouxt_automation/robotx_ws/install/detic_onnx_ros2:/opt/ros/humble /usr/bin/cmake /home/suke/chicken_core/src/perception/perception_bringup -DAMENT_CMAKE_SYMLINK_INSTALL=1 -DCMAKE_INSTALL_PREFIX=/home/suke/chicken_core/install/perception_bringup
[0.525s] -- Found ament_cmake: 1.3.9 (/opt/ros/humble/share/ament_cmake/cmake)
[0.608s] -- Override CMake install command with custom implementation using symlinks instead of copying resources
[0.612s] -- Found ament_lint_auto: 0.12.11 (/opt/ros/humble/share/ament_lint_auto/cmake)
[0.657s] -- Added test 'lint_cmake' to check CMake code style
[0.658s] -- Added test 'xmllint' to check XML markup files
[0.658s] -- Configuring done
[0.660s] -- Generating done
[0.660s] -- Build files have been written to: /home/suke/chicken_core/build/perception_bringup
[0.662s] Invoked command in '/home/suke/chicken_core/build/perception_bringup' returned '0': CMAKE_PREFIX_PATH=${CMAKE_PREFIX_PATH}:/home/suke/chicken_core/install/yolov10_ros:/home/suke/chicken_core/install/depth_anything_v2_ros2:/home/suke/chicken_core/install/cart_controller:/home/suke/ouxt_automation/robotx_ws/install/opencv_tests:/home/suke/ouxt_automation/robotx_ws/install/detic_onnx_ros2:/opt/ros/humble /usr/bin/cmake /home/suke/chicken_core/src/perception/perception_bringup -DAMENT_CMAKE_SYMLINK_INSTALL=1 -DCMAKE_INSTALL_PREFIX=/home/suke/chicken_core/install/perception_bringup
[0.664s] Invoking command in '/home/suke/chicken_core/build/perception_bringup': CMAKE_PREFIX_PATH=${CMAKE_PREFIX_PATH}:/home/suke/chicken_core/install/yolov10_ros:/home/suke/chicken_core/install/depth_anything_v2_ros2:/home/suke/chicken_core/install/cart_controller:/home/suke/ouxt_automation/robotx_ws/install/opencv_tests:/home/suke/ouxt_automation/robotx_ws/install/detic_onnx_ros2:/opt/ros/humble /usr/bin/cmake --build /home/suke/chicken_core/build/perception_bringup -- -j20 -l20
[0.694s] Invoked command in '/home/suke/chicken_core/build/perception_bringup' returned '0': CMAKE_PREFIX_PATH=${CMAKE_PREFIX_PATH}:/home/suke/chicken_core/install/yolov10_ros:/home/suke/chicken_core/install/depth_anything_v2_ros2:/home/suke/chicken_core/install/cart_controller:/home/suke/ouxt_automation/robotx_ws/install/opencv_tests:/home/suke/ouxt_automation/robotx_ws/install/detic_onnx_ros2:/opt/ros/humble /usr/bin/cmake --build /home/suke/chicken_core/build/perception_bringup -- -j20 -l20
[0.725s] Invoking command in '/home/suke/chicken_core/build/perception_bringup': CMAKE_PREFIX_PATH=${CMAKE_PREFIX_PATH}:/home/suke/chicken_core/install/yolov10_ros:/home/suke/chicken_core/install/depth_anything_v2_ros2:/home/suke/chicken_core/install/cart_controller:/home/suke/ouxt_automation/robotx_ws/install/opencv_tests:/home/suke/ouxt_automation/robotx_ws/install/detic_onnx_ros2:/opt/ros/humble /usr/bin/cmake --install /home/suke/chicken_core/build/perception_bringup
[0.735s] -- Install configuration: ""
[0.735s] -- Execute custom install script
[0.735s] -- Up-to-date symlink: /home/suke/chicken_core/install/perception_bringup/share/ament_index/resource_index/package_run_dependencies/perception_bringup
[0.735s] -- Up-to-date symlink: /home/suke/chicken_core/install/perception_bringup/share/ament_index/resource_index/parent_prefix_path/perception_bringup
[0.736s] -- Up-to-date symlink: /home/suke/chicken_core/install/perception_bringup/share/perception_bringup/environment/ament_prefix_path.sh
[0.736s] -- Up-to-date symlink: /home/suke/chicken_core/install/perception_bringup/share/perception_bringup/environment/ament_prefix_path.dsv
[0.736s] -- Up-to-date symlink: /home/suke/chicken_core/install/perception_bringup/share/perception_bringup/environment/path.sh
[0.736s] -- Up-to-date symlink: /home/suke/chicken_core/install/perception_bringup/share/perception_bringup/environment/path.dsv
[0.736s] -- Up-to-date symlink: /home/suke/chicken_core/install/perception_bringup/share/perception_bringup/local_setup.bash
[0.736s] -- Up-to-date symlink: /home/suke/chicken_core/install/perception_bringup/share/perception_bringup/local_setup.sh
[0.736s] -- Up-to-date symlink: /home/suke/chicken_core/install/perception_bringup/share/perception_bringup/local_setup.zsh
[0.736s] -- Up-to-date symlink: /home/suke/chicken_core/install/perception_bringup/share/perception_bringup/local_setup.dsv
[0.737s] -- Symlinking: /home/suke/chicken_core/install/perception_bringup/share/perception_bringup/package.dsv
[0.748s] -- Up-to-date symlink: /home/suke/chicken_core/install/perception_bringup/share/ament_index/resource_index/packages/perception_bringup
[0.748s] -- Up-to-date symlink: /home/suke/chicken_core/install/perception_bringup/share/perception_bringup/cmake/perception_bringupConfig.cmake
[0.749s] -- Up-to-date symlink: /home/suke/chicken_core/install/perception_bringup/share/perception_bringup/cmake/perception_bringupConfig-version.cmake
[0.749s] -- Up-to-date symlink: /home/suke/chicken_core/install/perception_bringup/share/perception_bringup/package.xml
[0.761s] Invoked command in '/home/suke/chicken_core/build/perception_bringup' returned '0': CMAKE_PREFIX_PATH=${CMAKE_PREFIX_PATH}:/home/suke/chicken_core/install/yolov10_ros:/home/suke/chicken_core/install/depth_anything_v2_ros2:/home/suke/chicken_core/install/cart_controller:/home/suke/ouxt_automation/robotx_ws/install/opencv_tests:/home/suke/ouxt_automation/robotx_ws/install/detic_onnx_ros2:/opt/ros/humble /usr/bin/cmake --install /home/suke/chicken_core/build/perception_bringup
