[0.012s] Invoking command in '/home/suke/chicken_core/build/yolov10_bringup': AMENT_PREFIX_PATH=/home/suke/chicken_core/install/yolov10_ros:${AMENT_PREFIX_PATH} CMAKE_PREFIX_PATH=${CMAKE_PREFIX_PATH}:/home/suke/ouxt_automation/robotx_ws/install/opencv_tests:/home/suke/ouxt_automation/robotx_ws/install/detic_onnx_ros2:/opt/ros/humble PYTHONPATH=/home/suke/chicken_core/build/yolov10_ros:/home/suke/chicken_core/install/yolov10_ros/lib/python3.10/site-packages:${PYTHONPATH} /usr/bin/cmake /home/suke/chicken_core/src/perception/yolov10_bringup -DAMENT_CMAKE_SYMLINK_INSTALL=1 -DCMAKE_INSTALL_PREFIX=/home/suke/chicken_core/install/yolov10_bringup
[0.052s] -- The C compiler identification is GNU 11.4.0
[0.096s] -- The CXX compiler identification is GNU 11.4.0
[0.106s] -- Detecting C compiler ABI info
[0.153s] -- Detecting C compiler ABI info - done
[0.160s] -- Check for working C compiler: /usr/lib/ccache/gcc - skipped
[0.160s] -- Detecting C compile features
[0.160s] -- Detecting C compile features - done
[0.163s] -- Detecting CXX compiler ABI info
[0.213s] -- Detecting CXX compiler ABI info - done
[0.217s] -- Check for working CXX compiler: /usr/lib/ccache/g++ - skipped
[0.217s] -- Detecting CXX compile features
[0.218s] -- Detecting CXX compile features - done
[0.221s] -- Found ament_cmake: 1.3.9 (/opt/ros/humble/share/ament_cmake/cmake)
[0.330s] -- Found Python3: /usr/bin/python3 (found version "3.10.12") found components: Interpreter 
[0.371s] -- Override CMake install command with custom implementation using symlinks instead of copying resources
[0.459s] -- Configuring done
[0.460s] -- Generating done
[0.460s] -- Build files have been written to: /home/suke/chicken_core/build/yolov10_bringup
[0.462s] Invoked command in '/home/suke/chicken_core/build/yolov10_bringup' returned '0': AMENT_PREFIX_PATH=/home/suke/chicken_core/install/yolov10_ros:${AMENT_PREFIX_PATH} CMAKE_PREFIX_PATH=${CMAKE_PREFIX_PATH}:/home/suke/ouxt_automation/robotx_ws/install/opencv_tests:/home/suke/ouxt_automation/robotx_ws/install/detic_onnx_ros2:/opt/ros/humble PYTHONPATH=/home/suke/chicken_core/build/yolov10_ros:/home/suke/chicken_core/install/yolov10_ros/lib/python3.10/site-packages:${PYTHONPATH} /usr/bin/cmake /home/suke/chicken_core/src/perception/yolov10_bringup -DAMENT_CMAKE_SYMLINK_INSTALL=1 -DCMAKE_INSTALL_PREFIX=/home/suke/chicken_core/install/yolov10_bringup
[0.464s] Invoking command in '/home/suke/chicken_core/build/yolov10_bringup': AMENT_PREFIX_PATH=/home/suke/chicken_core/install/yolov10_ros:${AMENT_PREFIX_PATH} CMAKE_PREFIX_PATH=${CMAKE_PREFIX_PATH}:/home/suke/ouxt_automation/robotx_ws/install/opencv_tests:/home/suke/ouxt_automation/robotx_ws/install/detic_onnx_ros2:/opt/ros/humble PYTHONPATH=/home/suke/chicken_core/build/yolov10_ros:/home/suke/chicken_core/install/yolov10_ros/lib/python3.10/site-packages:${PYTHONPATH} /usr/bin/cmake --build /home/suke/chicken_core/build/yolov10_bringup -- -j20 -l20
[0.490s] Invoked command in '/home/suke/chicken_core/build/yolov10_bringup' returned '0': AMENT_PREFIX_PATH=/home/suke/chicken_core/install/yolov10_ros:${AMENT_PREFIX_PATH} CMAKE_PREFIX_PATH=${CMAKE_PREFIX_PATH}:/home/suke/ouxt_automation/robotx_ws/install/opencv_tests:/home/suke/ouxt_automation/robotx_ws/install/detic_onnx_ros2:/opt/ros/humble PYTHONPATH=/home/suke/chicken_core/build/yolov10_ros:/home/suke/chicken_core/install/yolov10_ros/lib/python3.10/site-packages:${PYTHONPATH} /usr/bin/cmake --build /home/suke/chicken_core/build/yolov10_bringup -- -j20 -l20
[0.511s] Invoking command in '/home/suke/chicken_core/build/yolov10_bringup': AMENT_PREFIX_PATH=/home/suke/chicken_core/install/yolov10_ros:${AMENT_PREFIX_PATH} CMAKE_PREFIX_PATH=${CMAKE_PREFIX_PATH}:/home/suke/ouxt_automation/robotx_ws/install/opencv_tests:/home/suke/ouxt_automation/robotx_ws/install/detic_onnx_ros2:/opt/ros/humble PYTHONPATH=/home/suke/chicken_core/build/yolov10_ros:/home/suke/chicken_core/install/yolov10_ros/lib/python3.10/site-packages:${PYTHONPATH} /usr/bin/cmake --install /home/suke/chicken_core/build/yolov10_bringup
[0.517s] -- Install configuration: ""
[0.518s] -- Execute custom install script
[0.518s] -- Symlinking: /home/suke/chicken_core/install/yolov10_bringup/share/yolov10_bringup//launch/yolov10_bringup.py
[0.524s] -- Symlinking: /home/suke/chicken_core/install/yolov10_bringup/share/ament_index/resource_index/package_run_dependencies/yolov10_bringup
[0.531s] -- Symlinking: /home/suke/chicken_core/install/yolov10_bringup/share/ament_index/resource_index/parent_prefix_path/yolov10_bringup
[0.538s] -- Symlinking: /home/suke/chicken_core/install/yolov10_bringup/share/yolov10_bringup/environment/ament_prefix_path.sh
[0.545s] -- Symlinking: /home/suke/chicken_core/install/yolov10_bringup/share/yolov10_bringup/environment/ament_prefix_path.dsv
[0.551s] -- Symlinking: /home/suke/chicken_core/install/yolov10_bringup/share/yolov10_bringup/environment/path.sh
[0.557s] -- Symlinking: /home/suke/chicken_core/install/yolov10_bringup/share/yolov10_bringup/environment/path.dsv
[0.564s] -- Symlinking: /home/suke/chicken_core/install/yolov10_bringup/share/yolov10_bringup/local_setup.bash
[0.571s] -- Symlinking: /home/suke/chicken_core/install/yolov10_bringup/share/yolov10_bringup/local_setup.sh
[0.577s] -- Symlinking: /home/suke/chicken_core/install/yolov10_bringup/share/yolov10_bringup/local_setup.zsh
[0.584s] -- Symlinking: /home/suke/chicken_core/install/yolov10_bringup/share/yolov10_bringup/local_setup.dsv
[0.591s] -- Symlinking: /home/suke/chicken_core/install/yolov10_bringup/share/yolov10_bringup/package.dsv
[0.598s] -- Symlinking: /home/suke/chicken_core/install/yolov10_bringup/share/ament_index/resource_index/packages/yolov10_bringup
[0.606s] -- Symlinking: /home/suke/chicken_core/install/yolov10_bringup/share/yolov10_bringup/cmake/yolov10_bringupConfig.cmake
[0.613s] -- Symlinking: /home/suke/chicken_core/install/yolov10_bringup/share/yolov10_bringup/cmake/yolov10_bringupConfig-version.cmake
[0.620s] -- Symlinking: /home/suke/chicken_core/install/yolov10_bringup/share/yolov10_bringup/package.xml
[0.628s] Invoked command in '/home/suke/chicken_core/build/yolov10_bringup' returned '0': AMENT_PREFIX_PATH=/home/suke/chicken_core/install/yolov10_ros:${AMENT_PREFIX_PATH} CMAKE_PREFIX_PATH=${CMAKE_PREFIX_PATH}:/home/suke/ouxt_automation/robotx_ws/install/opencv_tests:/home/suke/ouxt_automation/robotx_ws/install/detic_onnx_ros2:/opt/ros/humble PYTHONPATH=/home/suke/chicken_core/build/yolov10_ros:/home/suke/chicken_core/install/yolov10_ros/lib/python3.10/site-packages:${PYTHONPATH} /usr/bin/cmake --install /home/suke/chicken_core/build/yolov10_bringup
