[0.009s] Invoking command in '/home/suke/chicken_ws/build/chicken_simulator': CMAKE_PREFIX_PATH=${CMAKE_PREFIX_PATH}:/home/suke/chicken_ws/install/depth_anything_v2_ros2:/home/suke/ouxt_automation/robotx_ws/install/opencv_tests:/home/suke/ouxt_automation/robotx_ws/install/detic_onnx_ros2:/opt/ros/humble /usr/bin/cmake --build /home/suke/chicken_ws/build/chicken_simulator -- -j20 -l20
[0.028s] -- Found ament_cmake_auto: 1.3.9 (/opt/ros/humble/share/ament_cmake_auto/cmake)
[0.106s] -- Override CMake install command with custom implementation using symlinks instead of copying resources
[0.166s] -- Found rosidl_generator_c: 3.1.5 (/opt/ros/humble/share/rosidl_generator_c/cmake)
[0.167s] -- Found rosidl_adapter: 3.1.5 (/opt/ros/humble/share/rosidl_adapter/cmake)
[0.170s] -- Found rosidl_generator_cpp: 3.1.5 (/opt/ros/humble/share/rosidl_generator_cpp/cmake)
[0.177s] -- Using all available rosidl_typesupport_c: rosidl_typesupport_fastrtps_c;rosidl_typesupport_introspection_c
[0.186s] -- Using all available rosidl_typesupport_cpp: rosidl_typesupport_fastrtps_cpp;rosidl_typesupport_introspection_cpp
[0.219s] -- Found rmw_implementation_cmake: 6.1.2 (/opt/ros/humble/share/rmw_implementation_cmake/cmake)
[0.221s] -- Found rmw_cyclonedds_cpp: 1.3.4 (/opt/ros/humble/share/rmw_cyclonedds_cpp/cmake)
[0.237s] -- Using RMW implementation 'rmw_cyclonedds_cpp' as default
[0.335s] -- Found DART: /usr/include (Required is at least version "6.6") found components: dart 
[0.350s] -- Found Protobuf: /usr/lib/x86_64-linux-gnu/libprotobuf.so (found version "3.12.4") 
[0.351s] -- Looking for ignition-math6 -- found version 6.15.1
[0.354s] -- Searching for dependencies of ignition-math6
[0.355s] -- Looking for OGRE...
[0.358s] -- Found Ogre Ghadamon (1.9.0)
[0.358s] -- Found OGRE: optimized;/usr/lib/x86_64-linux-gnu/libOgreMain.so;debug;/usr/lib/x86_64-linux-gnu/libOgreMain.so
[0.364s] -- Looking for OGRE_Paging...
[0.364s] -- Found OGRE_Paging: optimized;/usr/lib/x86_64-linux-gnu/libOgrePaging.so;debug;/usr/lib/x86_64-linux-gnu/libOgrePaging.so
[0.364s] -- Looking for OGRE_Terrain...
[0.364s] -- Found OGRE_Terrain: optimized;/usr/lib/x86_64-linux-gnu/libOgreTerrain.so;debug;/usr/lib/x86_64-linux-gnu/libOgreTerrain.so
[0.364s] -- Looking for OGRE_Property...
[0.364s] -- Found OGRE_Property: optimized;/usr/lib/x86_64-linux-gnu/libOgreProperty.so;debug;/usr/lib/x86_64-linux-gnu/libOgreProperty.so
[0.364s] -- Looking for OGRE_RTShaderSystem...
[0.364s] -- Found OGRE_RTShaderSystem: optimized;/usr/lib/x86_64-linux-gnu/libOgreRTShaderSystem.so;debug;/usr/lib/x86_64-linux-gnu/libOgreRTShaderSystem.so
[0.365s] -- Looking for OGRE_Volume...
[0.365s] -- Found OGRE_Volume: optimized;/usr/lib/x86_64-linux-gnu/libOgreVolume.so;debug;/usr/lib/x86_64-linux-gnu/libOgreVolume.so
[0.365s] -- Looking for OGRE_Overlay...
[0.365s] -- Found OGRE_Overlay: optimized;/usr/lib/x86_64-linux-gnu/libOgreOverlay.so;debug;/usr/lib/x86_64-linux-gnu/libOgreOverlay.so
[0.476s] -- Looking for ignition-math6 -- found version 6.15.1
[0.476s] -- Looking for ignition-transport8 -- found version 8.2.1
[0.477s] -- Searching for dependencies of ignition-transport8
[0.490s] -- Found Protobuf: /usr/lib/x86_64-linux-gnu/libprotobuf.so (found suitable version "3.12.4", minimum required is "3") 
[0.498s] -- Config-file not installed for ZeroMQ -- checking for pkg-config
[0.501s] -- Checking for module 'libzmq >= 4'
[0.511s] --   Found libzmq , version 4.3.4
[0.545s] -- Checking for module 'uuid'
[0.561s] --   Found uuid, version 2.37.2
[0.632s] -- Looking for ignition-msgs5 -- found version 5.8.1
[0.633s] -- Searching for dependencies of ignition-msgs5
[0.652s] -- Looking for ignition-math6 -- found version 6.15.1
[0.655s] -- Checking for module 'tinyxml2'
[0.665s] --   Found tinyxml2, version 9.0.0
[0.705s] -- Looking for ignition-msgs5 -- found version 5.8.1
[0.706s] -- Looking for ignition-common3 -- found version 3.14.0
[0.707s] -- Searching for dependencies of ignition-common3
[0.707s] -- Looking for dlfcn.h - found
[0.707s] -- Looking for libdl - found
[0.719s] -- Searching for <ignition-common3> component [graphics]
[0.719s] -- Looking for ignition-common3-graphics -- found version 3.14.0
[0.719s] -- Searching for dependencies of ignition-common3-graphics
[0.720s] -- Looking for ignition-math6 -- found version 6.15.1
[0.720s] -- Looking for ignition-fuel_tools4 -- found version 4.4.0
[0.720s] -- Searching for dependencies of ignition-fuel_tools4
[0.745s] -- Checking for module 'jsoncpp'
[0.755s] --   Found jsoncpp, version 1.9.5
[0.793s] -- Checking for module 'libzip'
[0.812s] --   Found libzip, version 1.7.3
[0.906s] -- Looking for ignition-common3 -- found version 3.14.0
[0.907s] -- Looking for ignition-math6 -- found version 6.15.1
[0.908s] -- Looking for ignition-msgs5 -- found version 5.8.1
[0.911s] -- Gazebo version: 11.10
[1.039s] -- Found eigen3_cmake_module: 0.1.1 (/opt/ros/humble/share/eigen3_cmake_module/cmake)
[1.040s] -- Ensuring Eigen3 include directory is part of orocos-kdl CMake target
[1.457s] -- Found ament_lint_auto: 0.12.11 (/opt/ros/humble/share/ament_lint_auto/cmake)
[1.462s] -- Added test 'copyright' to check source files copyright and LICENSE
[1.463s] -- Added test 'cppcheck' to perform static code analysis on C / C++ code
[1.463s] -- Configured cppcheck include dirs: /home/suke/chicken_ws/src/simulation/chiken_simulator/include;/home/suke/chicken_ws/src/simulation/chiken_simulator/urdf
[1.463s] -- Configured cppcheck exclude dirs and/or files: 
[1.464s] -- Added test 'cpplint' to check C / C++ code against the Google style
[1.464s] -- Configured cpplint exclude dirs and/or files: 
[1.464s] -- Added test 'flake8' to check Python code syntax and style conventions
[1.464s] -- Added test 'lint_cmake' to check CMake code style
[1.464s] -- Added test 'pep257' to check Python code against some of the docstring style conventions in PEP 257
[1.465s] -- Added test 'uncrustify' to check C / C++ code style
[1.465s] -- Configured uncrustify additional arguments: 
[1.465s] -- Added test 'xmllint' to check XML markup files
[1.466s] -- Configuring done
[1.483s] -- Generating done
[1.497s] -- Build files have been written to: /home/suke/chicken_ws/build/chicken_simulator
[1.519s] [35m[1mConsolidate compiler generated dependencies of target chicken_simulator_node[0m
[1.519s] [35m[1mConsolidate compiler generated dependencies of target chicken_simulator[0m
[1.531s] [ 25%] [32mBuilding CXX object CMakeFiles/chicken_simulator_node.dir/rclcpp_components/node_main_chicken_simulator_node.cpp.o[0m
[1.533s] [ 50%] [32mBuilding CXX object CMakeFiles/chicken_simulator.dir/src/chicken_simulator.cpp.o[0m
[1.671s] [ 75%] [32m[1mLinking CXX executable chicken_simulator_node[0m
[1.734s] [ 75%] Built target chicken_simulator_node
[1.779s] [100%] [32m[1mLinking CXX shared library libchicken_simulator.so[0m
[1.970s] [100%] Built target chicken_simulator
[1.978s] Invoked command in '/home/suke/chicken_ws/build/chicken_simulator' returned '0': CMAKE_PREFIX_PATH=${CMAKE_PREFIX_PATH}:/home/suke/chicken_ws/install/depth_anything_v2_ros2:/home/suke/ouxt_automation/robotx_ws/install/opencv_tests:/home/suke/ouxt_automation/robotx_ws/install/detic_onnx_ros2:/opt/ros/humble /usr/bin/cmake --build /home/suke/chicken_ws/build/chicken_simulator -- -j20 -l20
[2.031s] Invoking command in '/home/suke/chicken_ws/build/chicken_simulator': CMAKE_PREFIX_PATH=${CMAKE_PREFIX_PATH}:/home/suke/chicken_ws/install/depth_anything_v2_ros2:/home/suke/ouxt_automation/robotx_ws/install/opencv_tests:/home/suke/ouxt_automation/robotx_ws/install/detic_onnx_ros2:/opt/ros/humble /usr/bin/cmake --install /home/suke/chicken_ws/build/chicken_simulator
[2.044s] -- Install configuration: "Release"
[2.044s] -- Execute custom install script
[2.045s] -- Up-to-date symlink: /home/suke/chicken_ws/install/chicken_simulator/lib/chicken_simulator/chicken_simulator_node
[2.045s] -- Up-to-date symlink: /home/suke/chicken_ws/install/chicken_simulator/include/chicken_simulator/chicken_simulator.hpp
[2.045s] -- Up-to-date symlink: /home/suke/chicken_ws/install/chicken_simulator/share/chicken_simulator/environment/library_path.sh
[2.045s] -- Up-to-date symlink: /home/suke/chicken_ws/install/chicken_simulator/share/chicken_simulator/environment/library_path.dsv
[2.045s] -- Up-to-date symlink: /home/suke/chicken_ws/install/chicken_simulator/lib/libchicken_simulator.so
[2.045s] -- Up-to-date symlink: /home/suke/chicken_ws/install/chicken_simulator/share/chicken_simulator/config/simulator_params.yaml
[2.045s] -- Up-to-date symlink: /home/suke/chicken_ws/install/chicken_simulator/share/chicken_simulator/rviz/rviz.rviz
[2.045s] -- Up-to-date symlink: /home/suke/chicken_ws/install/chicken_simulator/share/chicken_simulator/launch/chicken_simulator_bringup.launch.py
[2.046s] -- Up-to-date symlink: /home/suke/chicken_ws/install/chicken_simulator/share/chicken_simulator/urdf/kokko.urdf
[2.046s] -- Up-to-date symlink: /home/suke/chicken_ws/install/chicken_simulator/share/chicken_simulator/world/willow_garage.world
[2.046s] -- Up-to-date symlink: /home/suke/chicken_ws/install/chicken_simulator/share/ament_index/resource_index/package_run_dependencies/chicken_simulator
[2.046s] -- Up-to-date symlink: /home/suke/chicken_ws/install/chicken_simulator/share/ament_index/resource_index/parent_prefix_path/chicken_simulator
[2.046s] -- Up-to-date symlink: /home/suke/chicken_ws/install/chicken_simulator/share/chicken_simulator/environment/ament_prefix_path.sh
[2.046s] -- Up-to-date symlink: /home/suke/chicken_ws/install/chicken_simulator/share/chicken_simulator/environment/ament_prefix_path.dsv
[2.046s] -- Up-to-date symlink: /home/suke/chicken_ws/install/chicken_simulator/share/chicken_simulator/environment/path.sh
[2.046s] -- Up-to-date symlink: /home/suke/chicken_ws/install/chicken_simulator/share/chicken_simulator/environment/path.dsv
[2.046s] -- Up-to-date symlink: /home/suke/chicken_ws/install/chicken_simulator/share/chicken_simulator/local_setup.bash
[2.046s] -- Up-to-date symlink: /home/suke/chicken_ws/install/chicken_simulator/share/chicken_simulator/local_setup.sh
[2.046s] -- Up-to-date symlink: /home/suke/chicken_ws/install/chicken_simulator/share/chicken_simulator/local_setup.zsh
[2.046s] -- Up-to-date symlink: /home/suke/chicken_ws/install/chicken_simulator/share/chicken_simulator/local_setup.dsv
[2.046s] -- Symlinking: /home/suke/chicken_ws/install/chicken_simulator/share/chicken_simulator/package.dsv
[2.054s] -- Up-to-date symlink: /home/suke/chicken_ws/install/chicken_simulator/share/ament_index/resource_index/packages/chicken_simulator
[2.054s] -- Up-to-date symlink: /home/suke/chicken_ws/install/chicken_simulator/share/ament_index/resource_index/rclcpp_components/chicken_simulator
[2.054s] -- Up-to-date symlink: /home/suke/chicken_ws/install/chicken_simulator/share/chicken_simulator/cmake/ament_cmake_export_dependencies-extras.cmake
[2.054s] -- Up-to-date symlink: /home/suke/chicken_ws/install/chicken_simulator/share/chicken_simulator/cmake/ament_cmake_export_include_directories-extras.cmake
[2.054s] -- Up-to-date symlink: /home/suke/chicken_ws/install/chicken_simulator/share/chicken_simulator/cmake/ament_cmake_export_libraries-extras.cmake
[2.054s] -- Up-to-date symlink: /home/suke/chicken_ws/install/chicken_simulator/share/chicken_simulator/cmake/chicken_simulatorConfig.cmake
[2.054s] -- Up-to-date symlink: /home/suke/chicken_ws/install/chicken_simulator/share/chicken_simulator/cmake/chicken_simulatorConfig-version.cmake
[2.055s] -- Up-to-date symlink: /home/suke/chicken_ws/install/chicken_simulator/share/chicken_simulator/package.xml
[2.056s] Invoked command in '/home/suke/chicken_ws/build/chicken_simulator' returned '0': CMAKE_PREFIX_PATH=${CMAKE_PREFIX_PATH}:/home/suke/chicken_ws/install/depth_anything_v2_ros2:/home/suke/ouxt_automation/robotx_ws/install/opencv_tests:/home/suke/ouxt_automation/robotx_ws/install/detic_onnx_ros2:/opt/ros/humble /usr/bin/cmake --install /home/suke/chicken_ws/build/chicken_simulator
