[0.886s] Invoking command in '/home/suke/chicken_core/src/perception/yolov10_ros': PYTHONPATH=/home/suke/chicken_core/build/yolov10_ros/prefix_override:/usr/lib/python3/dist-packages/colcon_core/task/python/colcon_distutils_commands:/home/suke/chicken_core/install/yolov10_ros/lib/python3.10/site-packages:${PYTHONPATH} /usr/bin/python3 -W ignore:setup.py install is deprecated setup.py egg_info --egg-base ../../../build/yolov10_ros build --build-base /home/suke/chicken_core/build/yolov10_ros/build install --record /home/suke/chicken_core/build/yolov10_ros/install.log --single-version-externally-managed install_data
[1.042s] running egg_info
[1.042s] writing ../../../build/yolov10_ros/yolov10_ros.egg-info/PKG-INFO
[1.042s] writing dependency_links to ../../../build/yolov10_ros/yolov10_ros.egg-info/dependency_links.txt
[1.042s] writing entry points to ../../../build/yolov10_ros/yolov10_ros.egg-info/entry_points.txt
[1.042s] writing requirements to ../../../build/yolov10_ros/yolov10_ros.egg-info/requires.txt
[1.043s] writing top-level names to ../../../build/yolov10_ros/yolov10_ros.egg-info/top_level.txt
[1.043s] reading manifest file '../../../build/yolov10_ros/yolov10_ros.egg-info/SOURCES.txt'
[1.044s] writing manifest file '../../../build/yolov10_ros/yolov10_ros.egg-info/SOURCES.txt'
[1.044s] running build
[1.044s] running build_py
[1.044s] running install
[1.044s] running install_lib
[1.045s] running install_data
[1.045s] running install_egg_info
[1.046s] removing '/home/suke/chicken_core/install/yolov10_ros/lib/python3.10/site-packages/yolov10_ros-0.0.0-py3.10.egg-info' (and everything under it)
[1.046s] Copying ../../../build/yolov10_ros/yolov10_ros.egg-info to /home/suke/chicken_core/install/yolov10_ros/lib/python3.10/site-packages/yolov10_ros-0.0.0-py3.10.egg-info
[1.046s] running install_scripts
[1.059s] Installing yolov10_node script to /home/suke/chicken_core/install/yolov10_ros/lib/yolov10_ros
[1.059s] writing list of installed files to '/home/suke/chicken_core/build/yolov10_ros/install.log'
[1.074s] Invoked command in '/home/suke/chicken_core/src/perception/yolov10_ros' returned '0': PYTHONPATH=/home/suke/chicken_core/build/yolov10_ros/prefix_override:/usr/lib/python3/dist-packages/colcon_core/task/python/colcon_distutils_commands:/home/suke/chicken_core/install/yolov10_ros/lib/python3.10/site-packages:${PYTHONPATH} /usr/bin/python3 -W ignore:setup.py install is deprecated setup.py egg_info --egg-base ../../../build/yolov10_ros build --build-base /home/suke/chicken_core/build/yolov10_ros/build install --record /home/suke/chicken_core/build/yolov10_ros/install.log --single-version-externally-managed install_data
