[0.033s] Invoking command in '/home/suke/chicken_core/build/chicken_utils': CMAKE_PREFIX_PATH=${CMAKE_PREFIX_PATH}:/home/suke/ouxt_automation/robotx_ws/install/opencv_tests:/home/suke/ouxt_automation/robotx_ws/install/detic_onnx_ros2:/opt/ros/humble /usr/bin/cmake /home/suke/chicken_core/src/simulation/chicken_utils -DAMENT_CMAKE_SYMLINK_INSTALL=1 -DCMAKE_INSTALL_PREFIX=/home/suke/chicken_core/install/chicken_utils
[0.486s] -- The C compiler identification is GNU 11.4.0
[0.487s] -- The CXX compiler identification is GNU 11.4.0
[0.487s] -- Detecting C compiler ABI info
[0.487s] -- Detecting C compiler ABI info - done
[0.487s] -- Check for working C compiler: /usr/lib/ccache/gcc - skipped
[0.488s] -- Detecting C compile features
[0.488s] -- Detecting C compile features - done
[0.488s] -- Detecting CXX compiler ABI info
[0.488s] -- Detecting CXX compiler ABI info - done
[0.488s] -- Check for working CXX compiler: /usr/lib/ccache/g++ - skipped
[0.488s] -- Detecting CXX compile features
[0.489s] -- Detecting CXX compile features - done
[0.489s] -- Found ament_cmake_auto: 1.3.9 (/opt/ros/humble/share/ament_cmake_auto/cmake)
[0.489s] -- Found Python3: /usr/bin/python3 (found version "3.10.12") found components: Interpreter 
[0.489s] -- Override CMake install command with custom implementation using symlinks instead of copying resources
[0.489s] -- Found rosidl_generator_c: 3.1.5 (/opt/ros/humble/share/rosidl_generator_c/cmake)
[0.489s] -- Found rosidl_adapter: 3.1.5 (/opt/ros/humble/share/rosidl_adapter/cmake)
[0.493s] -- Found rosidl_generator_cpp: 3.1.5 (/opt/ros/humble/share/rosidl_generator_cpp/cmake)
[0.507s] -- Using all available rosidl_typesupport_c: rosidl_typesupport_fastrtps_c;rosidl_typesupport_introspection_c
[0.530s] -- Using all available rosidl_typesupport_cpp: rosidl_typesupport_fastrtps_cpp;rosidl_typesupport_introspection_cpp
[0.615s] -- Found rmw_implementation_cmake: 6.1.2 (/opt/ros/humble/share/rmw_implementation_cmake/cmake)
[0.623s] -- Found rmw_cyclonedds_cpp: 1.3.4 (/opt/ros/humble/share/rmw_cyclonedds_cpp/cmake)
[0.684s] -- Using RMW implementation 'rmw_cyclonedds_cpp' as default
[0.707s] -- Looking for pthread.h
[0.774s] -- Looking for pthread.h - found
[0.775s] -- Performing Test CMAKE_HAVE_LIBC_PTHREAD
[0.819s] -- Performing Test CMAKE_HAVE_LIBC_PTHREAD - Success
[0.820s] -- Found Threads: TRUE  
[1.417s] -- Found eigen3_cmake_module: 0.1.1 (/opt/ros/humble/share/eigen3_cmake_module/cmake)
[1.418s] -- Found Eigen3: TRUE (found version "3.4.0") 
[1.418s] -- Ensuring Eigen3 include directory is part of orocos-kdl CMake target
[1.438s] -- Found ament_lint_auto: 0.12.11 (/opt/ros/humble/share/ament_lint_auto/cmake)
[1.471s] -- Added test 'copyright' to check source files copyright and LICENSE
[1.472s] -- Added test 'cppcheck' to perform static code analysis on C / C++ code
[1.472s] -- Configured cppcheck include dirs: /home/suke/chicken_core/src/simulation/chicken_utils/include
[1.472s] -- Configured cppcheck exclude dirs and/or files: 
[1.473s] -- Added test 'cpplint' to check C / C++ code against the Google style
[1.473s] -- Configured cpplint exclude dirs and/or files: 
[1.473s] -- Added test 'lint_cmake' to check CMake code style
[1.474s] -- Added test 'uncrustify' to check C / C++ code style
[1.474s] -- Configured uncrustify additional arguments: 
[1.475s] -- Added test 'xmllint' to check XML markup files
[1.477s] -- Configuring done
[1.483s] -- Generating done
[1.484s] -- Build files have been written to: /home/suke/chicken_core/build/chicken_utils
[1.490s] Invoked command in '/home/suke/chicken_core/build/chicken_utils' returned '0': CMAKE_PREFIX_PATH=${CMAKE_PREFIX_PATH}:/home/suke/ouxt_automation/robotx_ws/install/opencv_tests:/home/suke/ouxt_automation/robotx_ws/install/detic_onnx_ros2:/opt/ros/humble /usr/bin/cmake /home/suke/chicken_core/src/simulation/chicken_utils -DAMENT_CMAKE_SYMLINK_INSTALL=1 -DCMAKE_INSTALL_PREFIX=/home/suke/chicken_core/install/chicken_utils
[1.491s] Invoking command in '/home/suke/chicken_core/build/chicken_utils': CMAKE_PREFIX_PATH=${CMAKE_PREFIX_PATH}:/home/suke/ouxt_automation/robotx_ws/install/opencv_tests:/home/suke/ouxt_automation/robotx_ws/install/detic_onnx_ros2:/opt/ros/humble /usr/bin/cmake --build /home/suke/chicken_core/build/chicken_utils -- -j20 -l20
[1.530s] [ 50%] [32mBuilding CXX object CMakeFiles/quaternion_utils.dir/src/quaternion_utils.cpp.o[0m
[1.546s] [100%] [32m[1mLinking CXX shared library libquaternion_utils.so[0m
[1.686s] [100%] Built target quaternion_utils
[1.693s] Invoked command in '/home/suke/chicken_core/build/chicken_utils' returned '0': CMAKE_PREFIX_PATH=${CMAKE_PREFIX_PATH}:/home/suke/ouxt_automation/robotx_ws/install/opencv_tests:/home/suke/ouxt_automation/robotx_ws/install/detic_onnx_ros2:/opt/ros/humble /usr/bin/cmake --build /home/suke/chicken_core/build/chicken_utils -- -j20 -l20
[1.715s] Invoking command in '/home/suke/chicken_core/build/chicken_utils': CMAKE_PREFIX_PATH=${CMAKE_PREFIX_PATH}:/home/suke/ouxt_automation/robotx_ws/install/opencv_tests:/home/suke/ouxt_automation/robotx_ws/install/detic_onnx_ros2:/opt/ros/humble /usr/bin/cmake --install /home/suke/chicken_core/build/chicken_utils
[1.721s] -- Install configuration: ""
[1.721s] -- Execute custom install script
[1.721s] -- Symlinking: /home/suke/chicken_core/install/chicken_utils/include/chicken_utils/quaternion_utils.hpp
[1.729s] -- Symlinking: /home/suke/chicken_core/install/chicken_utils/share/chicken_utils/environment/library_path.sh
[1.736s] -- Symlinking: /home/suke/chicken_core/install/chicken_utils/share/chicken_utils/environment/library_path.dsv
[1.742s] -- Symlinking: /home/suke/chicken_core/install/chicken_utils/lib/libquaternion_utils.so
[1.749s] -- Symlinking: /home/suke/chicken_core/install/chicken_utils/share/ament_index/resource_index/package_run_dependencies/chicken_utils
[1.756s] -- Symlinking: /home/suke/chicken_core/install/chicken_utils/share/ament_index/resource_index/parent_prefix_path/chicken_utils
[1.762s] -- Symlinking: /home/suke/chicken_core/install/chicken_utils/share/chicken_utils/environment/ament_prefix_path.sh
[1.768s] -- Symlinking: /home/suke/chicken_core/install/chicken_utils/share/chicken_utils/environment/ament_prefix_path.dsv
[1.775s] -- Symlinking: /home/suke/chicken_core/install/chicken_utils/share/chicken_utils/environment/path.sh
[1.781s] -- Symlinking: /home/suke/chicken_core/install/chicken_utils/share/chicken_utils/environment/path.dsv
[1.787s] -- Symlinking: /home/suke/chicken_core/install/chicken_utils/share/chicken_utils/local_setup.bash
[1.794s] -- Symlinking: /home/suke/chicken_core/install/chicken_utils/share/chicken_utils/local_setup.sh
[1.800s] -- Symlinking: /home/suke/chicken_core/install/chicken_utils/share/chicken_utils/local_setup.zsh
[1.806s] -- Symlinking: /home/suke/chicken_core/install/chicken_utils/share/chicken_utils/local_setup.dsv
[1.812s] -- Symlinking: /home/suke/chicken_core/install/chicken_utils/share/chicken_utils/package.dsv
[1.818s] -- Symlinking: /home/suke/chicken_core/install/chicken_utils/share/ament_index/resource_index/packages/chicken_utils
[1.825s] -- Symlinking: /home/suke/chicken_core/install/chicken_utils/share/chicken_utils/cmake/ament_cmake_export_dependencies-extras.cmake
[1.831s] -- Symlinking: /home/suke/chicken_core/install/chicken_utils/share/chicken_utils/cmake/ament_cmake_export_include_directories-extras.cmake
[1.837s] -- Symlinking: /home/suke/chicken_core/install/chicken_utils/share/chicken_utils/cmake/ament_cmake_export_libraries-extras.cmake
[1.844s] -- Symlinking: /home/suke/chicken_core/install/chicken_utils/share/chicken_utils/cmake/chicken_utilsConfig.cmake
[1.851s] -- Symlinking: /home/suke/chicken_core/install/chicken_utils/share/chicken_utils/cmake/chicken_utilsConfig-version.cmake
[1.857s] -- Symlinking: /home/suke/chicken_core/install/chicken_utils/share/chicken_utils/package.xml
[1.865s] Invoked command in '/home/suke/chicken_core/build/chicken_utils' returned '0': CMAKE_PREFIX_PATH=${CMAKE_PREFIX_PATH}:/home/suke/ouxt_automation/robotx_ws/install/opencv_tests:/home/suke/ouxt_automation/robotx_ws/install/detic_onnx_ros2:/opt/ros/humble /usr/bin/cmake --install /home/suke/chicken_core/build/chicken_utils
