[0.463s] Invoking command in '/home/suke/chicken_core/build/perception_bringup': CMAKE_PREFIX_PATH=${CMAKE_PREFIX_PATH}:/home/suke/ouxt_automation/robotx_ws/install/opencv_tests:/home/suke/ouxt_automation/robotx_ws/install/detic_onnx_ros2:/opt/ros/humble /usr/bin/cmake /home/suke/chicken_core/src/perception/perception_bringup -DAMENT_CMAKE_SYMLINK_INSTALL=1 -DCMAKE_INSTALL_PREFIX=/home/suke/chicken_core/install/perception_bringup
[0.504s] -- The C compiler identification is GNU 11.4.0
[0.546s] -- The CXX compiler identification is GNU 11.4.0
[0.553s] -- Detecting C compiler ABI info
[0.598s] -- Detecting C compiler ABI info - done
[0.605s] -- Check for working C compiler: /usr/lib/ccache/gcc - skipped
[0.605s] -- Detecting C compile features
[0.605s] -- Detecting C compile features - done
[0.608s] -- Detecting CXX compiler ABI info
[0.669s] -- Detecting CXX compiler ABI info - done
[0.676s] -- Check for working CXX compiler: /usr/lib/ccache/g++ - skipped
[0.677s] -- Detecting CXX compile features
[0.677s] -- Detecting CXX compile features - done
[0.681s] -- Found ament_cmake: 1.3.9 (/opt/ros/humble/share/ament_cmake/cmake)
[0.794s] -- Found Python3: /usr/bin/python3 (found version "3.10.12") found components: Interpreter 
[0.839s] -- Override CMake install command with custom implementation using symlinks instead of copying resources
[0.928s] -- Found ament_lint_auto: 0.12.11 (/opt/ros/humble/share/ament_lint_auto/cmake)
[1.028s] -- Added test 'lint_cmake' to check CMake code style
[1.029s] -- Added test 'xmllint' to check XML markup files
[1.030s] -- Configuring done
[1.032s] -- Generating done
[1.032s] -- Build files have been written to: /home/suke/chicken_core/build/perception_bringup
[1.035s] Invoked command in '/home/suke/chicken_core/build/perception_bringup' returned '0': CMAKE_PREFIX_PATH=${CMAKE_PREFIX_PATH}:/home/suke/ouxt_automation/robotx_ws/install/opencv_tests:/home/suke/ouxt_automation/robotx_ws/install/detic_onnx_ros2:/opt/ros/humble /usr/bin/cmake /home/suke/chicken_core/src/perception/perception_bringup -DAMENT_CMAKE_SYMLINK_INSTALL=1 -DCMAKE_INSTALL_PREFIX=/home/suke/chicken_core/install/perception_bringup
[1.036s] Invoking command in '/home/suke/chicken_core/build/perception_bringup': CMAKE_PREFIX_PATH=${CMAKE_PREFIX_PATH}:/home/suke/ouxt_automation/robotx_ws/install/opencv_tests:/home/suke/ouxt_automation/robotx_ws/install/detic_onnx_ros2:/opt/ros/humble /usr/bin/cmake --build /home/suke/chicken_core/build/perception_bringup -- -j20 -l20
[1.069s] Invoked command in '/home/suke/chicken_core/build/perception_bringup' returned '0': CMAKE_PREFIX_PATH=${CMAKE_PREFIX_PATH}:/home/suke/ouxt_automation/robotx_ws/install/opencv_tests:/home/suke/ouxt_automation/robotx_ws/install/detic_onnx_ros2:/opt/ros/humble /usr/bin/cmake --build /home/suke/chicken_core/build/perception_bringup -- -j20 -l20
[1.089s] Invoking command in '/home/suke/chicken_core/build/perception_bringup': CMAKE_PREFIX_PATH=${CMAKE_PREFIX_PATH}:/home/suke/ouxt_automation/robotx_ws/install/opencv_tests:/home/suke/ouxt_automation/robotx_ws/install/detic_onnx_ros2:/opt/ros/humble /usr/bin/cmake --install /home/suke/chicken_core/build/perception_bringup
[1.096s] -- Install configuration: ""
[1.096s] -- Execute custom install script
[1.096s] -- Symlinking: /home/suke/chicken_core/install/perception_bringup/share/ament_index/resource_index/package_run_dependencies/perception_bringup
[1.103s] -- Symlinking: /home/suke/chicken_core/install/perception_bringup/share/ament_index/resource_index/parent_prefix_path/perception_bringup
[1.110s] -- Symlinking: /home/suke/chicken_core/install/perception_bringup/share/perception_bringup/environment/ament_prefix_path.sh
[1.116s] -- Symlinking: /home/suke/chicken_core/install/perception_bringup/share/perception_bringup/environment/ament_prefix_path.dsv
[1.123s] -- Symlinking: /home/suke/chicken_core/install/perception_bringup/share/perception_bringup/environment/path.sh
[1.130s] -- Symlinking: /home/suke/chicken_core/install/perception_bringup/share/perception_bringup/environment/path.dsv
[1.136s] -- Symlinking: /home/suke/chicken_core/install/perception_bringup/share/perception_bringup/local_setup.bash
[1.143s] -- Symlinking: /home/suke/chicken_core/install/perception_bringup/share/perception_bringup/local_setup.sh
[1.150s] -- Symlinking: /home/suke/chicken_core/install/perception_bringup/share/perception_bringup/local_setup.zsh
[1.157s] -- Symlinking: /home/suke/chicken_core/install/perception_bringup/share/perception_bringup/local_setup.dsv
[1.164s] -- Symlinking: /home/suke/chicken_core/install/perception_bringup/share/perception_bringup/package.dsv
[1.174s] -- Symlinking: /home/suke/chicken_core/install/perception_bringup/share/ament_index/resource_index/packages/perception_bringup
[1.180s] -- Symlinking: /home/suke/chicken_core/install/perception_bringup/share/perception_bringup/cmake/perception_bringupConfig.cmake
[1.188s] -- Symlinking: /home/suke/chicken_core/install/perception_bringup/share/perception_bringup/cmake/perception_bringupConfig-version.cmake
[1.194s] -- Symlinking: /home/suke/chicken_core/install/perception_bringup/share/perception_bringup/package.xml
[1.205s] Invoked command in '/home/suke/chicken_core/build/perception_bringup' returned '0': CMAKE_PREFIX_PATH=${CMAKE_PREFIX_PATH}:/home/suke/ouxt_automation/robotx_ws/install/opencv_tests:/home/suke/ouxt_automation/robotx_ws/install/detic_onnx_ros2:/opt/ros/humble /usr/bin/cmake --install /home/suke/chicken_core/build/perception_bringup
