[0.485s] Invoking command in '/home/suke/chicken_core/build/dwa_ros2': CMAKE_PREFIX_PATH=${CMAKE_PREFIX_PATH}:/home/suke/ouxt_automation/robotx_ws/install/opencv_tests:/home/suke/ouxt_automation/robotx_ws/install/kalman_filter_localization:/home/suke/ouxt_automation/robotx_ws/install/detic_onnx_ros2:/opt/ros/humble /usr/bin/cmake --build /home/suke/chicken_core/build/dwa_ros2 -- -j20 -l20
[0.517s] [35m[1mConsolidate compiler generated dependencies of target dwa_ros2[0m
[0.533s] [ 33%] [32mBuilding CXX object CMakeFiles/dwa_ros2.dir/src/dwa_ros2.cpp.o[0m
[8.590s] In file included from [01m[K/home/suke/chicken_core/src/planning/dwa_ros2/include/dwa_ros2.hpp:20[m[K,
[8.590s]                  from [01m[K/home/suke/chicken_core/src/planning/dwa_ros2/src/dwa_ros2.cpp:2[m[K:
[8.590s] [01m[K/opt/ros/humble/include/tf2_geometry_msgs/tf2_geometry_msgs/tf2_geometry_msgs.h:35:2:[m[K [01;35m[Kwarning: [m[K#warning This header is obsolete, please include tf2_geometry_msgs/tf2_geometry_msgs.hpp instead [[01;35m[K-Wcpp[m[K]
[8.590s]    35 | #[01;35m[Kwarning[m[K This header is obsolete, please include tf2_geometry_msgs/tf2_geometry_msgs.hpp instead
[8.590s]       |  [01;35m[K^~~~~~~[m[K
[8.590s] [01m[K/home/suke/chicken_core/src/planning/dwa_ros2/src/dwa_ros2.cpp:[m[K In member function ‘[01m[Kvoid dwa_ros2::DWA::obstacleCallback(nav_msgs::msg::OccupancyGrid_<std::allocator<void> >::SharedPtr)[m[K’:
[8.590s] [01m[K/home/suke/chicken_core/src/planning/dwa_ros2/src/dwa_ros2.cpp:47:27:[m[K [01;35m[Kwarning: [m[Kcomparison of integer expressions of different signedness: ‘[01m[Kint[m[K’ and ‘[01m[Kstd::vector<signed char, std::allocator<signed char> >::size_type[m[K’ {aka ‘[01m[Klong unsigned int[m[K’} [[01;35m[K-Wsign-compare[m[K]
[8.590s]    47 |         for (int i = 0; [01;35m[Ki < msg->data.size()[m[K; i++)
[8.590s]       |                         [01;35m[K~~^~~~~~~~~~~~~~~~~~[m[K
[8.598s] [ 66%] [32m[1mLinking CXX shared library libdwa_ros2.so[0m
[9.235s] [100%] Built target dwa_ros2
[9.243s] Invoked command in '/home/suke/chicken_core/build/dwa_ros2' returned '0': CMAKE_PREFIX_PATH=${CMAKE_PREFIX_PATH}:/home/suke/ouxt_automation/robotx_ws/install/opencv_tests:/home/suke/ouxt_automation/robotx_ws/install/kalman_filter_localization:/home/suke/ouxt_automation/robotx_ws/install/detic_onnx_ros2:/opt/ros/humble /usr/bin/cmake --build /home/suke/chicken_core/build/dwa_ros2 -- -j20 -l20
[9.280s] Invoking command in '/home/suke/chicken_core/build/dwa_ros2': CMAKE_PREFIX_PATH=${CMAKE_PREFIX_PATH}:/home/suke/ouxt_automation/robotx_ws/install/opencv_tests:/home/suke/ouxt_automation/robotx_ws/install/kalman_filter_localization:/home/suke/ouxt_automation/robotx_ws/install/detic_onnx_ros2:/opt/ros/humble /usr/bin/cmake --install /home/suke/chicken_core/build/dwa_ros2
[9.289s] -- Install configuration: ""
[9.289s] -- Execute custom install script
[9.290s] -- Up-to-date symlink: /home/suke/chicken_core/install/dwa_ros2/lib/libdwa_ros2.so
[9.290s] -- Up-to-date symlink: /home/suke/chicken_core/install/dwa_ros2/share/dwa_ros2//launch/dwa_ros2.launch.py
[9.290s] -- Up-to-date symlink: /home/suke/chicken_core/install/dwa_ros2/share/dwa_ros2//config/dwa.rviz
[9.290s] -- Up-to-date symlink: /home/suke/chicken_core/install/dwa_ros2/share/dwa_ros2//config/parameter.yaml
[9.290s] -- Up-to-date symlink: /home/suke/chicken_core/install/dwa_ros2/share/ament_index/resource_index/package_run_dependencies/dwa_ros2
[9.290s] -- Up-to-date symlink: /home/suke/chicken_core/install/dwa_ros2/share/ament_index/resource_index/parent_prefix_path/dwa_ros2
[9.290s] -- Up-to-date symlink: /home/suke/chicken_core/install/dwa_ros2/share/dwa_ros2/environment/ament_prefix_path.sh
[9.291s] -- Up-to-date symlink: /home/suke/chicken_core/install/dwa_ros2/share/dwa_ros2/environment/ament_prefix_path.dsv
[9.291s] -- Up-to-date symlink: /home/suke/chicken_core/install/dwa_ros2/share/dwa_ros2/environment/path.sh
[9.291s] -- Up-to-date symlink: /home/suke/chicken_core/install/dwa_ros2/share/dwa_ros2/environment/path.dsv
[9.291s] -- Up-to-date symlink: /home/suke/chicken_core/install/dwa_ros2/share/dwa_ros2/local_setup.bash
[9.291s] -- Up-to-date symlink: /home/suke/chicken_core/install/dwa_ros2/share/dwa_ros2/local_setup.sh
[9.291s] -- Up-to-date symlink: /home/suke/chicken_core/install/dwa_ros2/share/dwa_ros2/local_setup.zsh
[9.291s] -- Up-to-date symlink: /home/suke/chicken_core/install/dwa_ros2/share/dwa_ros2/local_setup.dsv
[9.291s] -- Symlinking: /home/suke/chicken_core/install/dwa_ros2/share/dwa_ros2/package.dsv
[9.298s] -- Up-to-date symlink: /home/suke/chicken_core/install/dwa_ros2/share/ament_index/resource_index/packages/dwa_ros2
[9.298s] -- Up-to-date symlink: /home/suke/chicken_core/install/dwa_ros2/share/ament_index/resource_index/rclcpp_components/dwa_ros2
[9.298s] -- Up-to-date symlink: /home/suke/chicken_core/install/dwa_ros2/share/dwa_ros2/cmake/dwa_ros2Config.cmake
[9.298s] -- Up-to-date symlink: /home/suke/chicken_core/install/dwa_ros2/share/dwa_ros2/cmake/dwa_ros2Config-version.cmake
[9.298s] -- Up-to-date symlink: /home/suke/chicken_core/install/dwa_ros2/share/dwa_ros2/package.xml
[9.300s] Invoked command in '/home/suke/chicken_core/build/dwa_ros2' returned '0': CMAKE_PREFIX_PATH=${CMAKE_PREFIX_PATH}:/home/suke/ouxt_automation/robotx_ws/install/opencv_tests:/home/suke/ouxt_automation/robotx_ws/install/kalman_filter_localization:/home/suke/ouxt_automation/robotx_ws/install/detic_onnx_ros2:/opt/ros/humble /usr/bin/cmake --install /home/suke/chicken_core/build/dwa_ros2
