-- Found ament_cmake: 1.3.9 (/opt/ros/humble/share/ament_cmake/cmake)
-- Override CMake install command with custom implementation using symlinks instead of copying resources
-- Found rclcpp: 16.0.9 (/opt/ros/humble/share/rclcpp/cmake)
-- Found rosidl_generator_c: 3.1.5 (/opt/ros/humble/share/rosidl_generator_c/cmake)
-- Found rosidl_adapter: 3.1.5 (/opt/ros/humble/share/rosidl_adapter/cmake)
-- Found rosidl_generator_cpp: 3.1.5 (/opt/ros/humble/share/rosidl_generator_cpp/cmake)
-- Using all available rosidl_typesupport_c: rosidl_typesupport_fastrtps_c;rosidl_typesupport_introspection_c
-- Using all available rosidl_typesupport_cpp: rosidl_typesupport_fastrtps_cpp;rosidl_typesupport_introspection_cpp
-- Found rmw_implementation_cmake: 6.1.2 (/opt/ros/humble/share/rmw_implementation_cmake/cmake)
-- Found rmw_cyclonedds_cpp: 1.3.4 (/opt/ros/humble/share/rmw_cyclonedds_cpp/cmake)
-- Using RMW implementation 'rmw_cyclonedds_cpp' as default
-- Found sensor_msgs: 4.2.4 (/opt/ros/humble/share/sensor_msgs/cmake)
-- Found nav_msgs: 4.2.4 (/opt/ros/humble/share/nav_msgs/cmake)
-- Found tf2_geometry_msgs: 0.25.7 (/opt/ros/humble/share/tf2_geometry_msgs/cmake)
-- Found eigen3_cmake_module: 0.1.1 (/opt/ros/humble/share/eigen3_cmake_module/cmake)
-- Ensuring Eigen3 include directory is part of orocos-kdl CMake target
-- Found ament_lint_auto: 0.12.11 (/opt/ros/humble/share/ament_lint_auto/cmake)
-- Added test 'cppcheck' to perform static code analysis on C / C++ code
-- Configured cppcheck include dirs: /home/suke/chicken_core/src/planning/dwa_ros2/include
-- Configured cppcheck exclude dirs and/or files: 
-- Added test 'flake8' to check Python code syntax and style conventions
-- Added test 'lint_cmake' to check CMake code style
-- Added test 'pep257' to check Python code against some of the docstring style conventions in PEP 257
-- Added test 'uncrustify' to check C / C++ code style
-- Configured uncrustify additional arguments: 
-- Added test 'xmllint' to check XML markup files
-- Configuring done
-- Generating done
-- Build files have been written to: /home/suke/chicken_core/build/dwa_ros2
[35m[1mConsolidate compiler generated dependencies of target dwa_ros2[0m
[100%] Built target dwa_ros2
-- Install configuration: ""
-- Execute custom install script
-- Up-to-date symlink: /home/suke/chicken_core/install/dwa_ros2/lib/libdwa_ros2.so
-- Up-to-date symlink: /home/suke/chicken_core/install/dwa_ros2/share/dwa_ros2//launch/dwa_ros2.launch.py
-- Up-to-date symlink: /home/suke/chicken_core/install/dwa_ros2/share/dwa_ros2//config/dwa.rviz
-- Up-to-date symlink: /home/suke/chicken_core/install/dwa_ros2/share/dwa_ros2//config/parameter.yaml
-- Up-to-date symlink: /home/suke/chicken_core/install/dwa_ros2/share/ament_index/resource_index/package_run_dependencies/dwa_ros2
-- Up-to-date symlink: /home/suke/chicken_core/install/dwa_ros2/share/ament_index/resource_index/parent_prefix_path/dwa_ros2
-- Up-to-date symlink: /home/suke/chicken_core/install/dwa_ros2/share/dwa_ros2/environment/ament_prefix_path.sh
-- Up-to-date symlink: /home/suke/chicken_core/install/dwa_ros2/share/dwa_ros2/environment/ament_prefix_path.dsv
-- Up-to-date symlink: /home/suke/chicken_core/install/dwa_ros2/share/dwa_ros2/environment/path.sh
-- Up-to-date symlink: /home/suke/chicken_core/install/dwa_ros2/share/dwa_ros2/environment/path.dsv
-- Up-to-date symlink: /home/suke/chicken_core/install/dwa_ros2/share/dwa_ros2/local_setup.bash
-- Up-to-date symlink: /home/suke/chicken_core/install/dwa_ros2/share/dwa_ros2/local_setup.sh
-- Up-to-date symlink: /home/suke/chicken_core/install/dwa_ros2/share/dwa_ros2/local_setup.zsh
-- Up-to-date symlink: /home/suke/chicken_core/install/dwa_ros2/share/dwa_ros2/local_setup.dsv
-- Symlinking: /home/suke/chicken_core/install/dwa_ros2/share/dwa_ros2/package.dsv
-- Up-to-date symlink: /home/suke/chicken_core/install/dwa_ros2/share/ament_index/resource_index/packages/dwa_ros2
-- Up-to-date symlink: /home/suke/chicken_core/install/dwa_ros2/share/ament_index/resource_index/rclcpp_components/dwa_ros2
-- Up-to-date symlink: /home/suke/chicken_core/install/dwa_ros2/share/dwa_ros2/cmake/dwa_ros2Config.cmake
-- Up-to-date symlink: /home/suke/chicken_core/install/dwa_ros2/share/dwa_ros2/cmake/dwa_ros2Config-version.cmake
-- Up-to-date symlink: /home/suke/chicken_core/install/dwa_ros2/share/dwa_ros2/package.xml
