[0.486s] Invoking command in '/home/suke/chicken_core/build/dwa_ros2': CMAKE_PREFIX_PATH=${CMAKE_PREFIX_PATH}:/home/suke/chicken_core/install/yolov10_ros:/home/suke/chicken_core/install/depth_anything_v2_ros2:/home/suke/chicken_core/install/cart_controller:/home/suke/ouxt_automation/robotx_ws/install/opencv_tests:/home/suke/ouxt_automation/robotx_ws/install/detic_onnx_ros2:/opt/ros/humble /usr/bin/cmake /home/suke/chicken_core/src/planning/dwa_ros2 -DAMENT_CMAKE_SYMLINK_INSTALL=1 -DCMAKE_INSTALL_PREFIX=/home/suke/chicken_core/install/dwa_ros2
[0.496s] -- Found ament_cmake: 1.3.9 (/opt/ros/humble/share/ament_cmake/cmake)
[0.578s] -- Override CMake install command with custom implementation using symlinks instead of copying resources
[0.582s] -- Found rclcpp: 16.0.9 (/opt/ros/humble/share/rclcpp/cmake)
[0.600s] -- Found rosidl_generator_c: 3.1.5 (/opt/ros/humble/share/rosidl_generator_c/cmake)
[0.601s] -- Found rosidl_adapter: 3.1.5 (/opt/ros/humble/share/rosidl_adapter/cmake)
[0.604s] -- Found rosidl_generator_cpp: 3.1.5 (/opt/ros/humble/share/rosidl_generator_cpp/cmake)
[0.612s] -- Using all available rosidl_typesupport_c: rosidl_typesupport_fastrtps_c;rosidl_typesupport_introspection_c
[0.622s] -- Using all available rosidl_typesupport_cpp: rosidl_typesupport_fastrtps_cpp;rosidl_typesupport_introspection_cpp
[0.655s] -- Found rmw_implementation_cmake: 6.1.2 (/opt/ros/humble/share/rmw_implementation_cmake/cmake)
[0.658s] -- Found rmw_cyclonedds_cpp: 1.3.4 (/opt/ros/humble/share/rmw_cyclonedds_cpp/cmake)
[0.675s] -- Using RMW implementation 'rmw_cyclonedds_cpp' as default
[0.766s] -- Found sensor_msgs: 4.2.4 (/opt/ros/humble/share/sensor_msgs/cmake)
[0.836s] -- Found nav_msgs: 4.2.4 (/opt/ros/humble/share/nav_msgs/cmake)
[0.901s] -- Found tf2_geometry_msgs: 0.25.7 (/opt/ros/humble/share/tf2_geometry_msgs/cmake)
[0.904s] -- Found eigen3_cmake_module: 0.1.1 (/opt/ros/humble/share/eigen3_cmake_module/cmake)
[0.906s] -- Ensuring Eigen3 include directory is part of orocos-kdl CMake target
[1.115s] -- Found ament_lint_auto: 0.12.11 (/opt/ros/humble/share/ament_lint_auto/cmake)
[1.175s] -- Added test 'cppcheck' to perform static code analysis on C / C++ code
[1.175s] -- Configured cppcheck include dirs: /home/suke/chicken_core/src/planning/dwa_ros2/include
[1.175s] -- Configured cppcheck exclude dirs and/or files: 
[1.175s] -- Added test 'flake8' to check Python code syntax and style conventions
[1.175s] -- Added test 'lint_cmake' to check CMake code style
[1.176s] -- Added test 'pep257' to check Python code against some of the docstring style conventions in PEP 257
[1.177s] -- Added test 'uncrustify' to check C / C++ code style
[1.177s] -- Configured uncrustify additional arguments: 
[1.177s] -- Added test 'xmllint' to check XML markup files
[1.178s] -- Configuring done
[1.184s] -- Generating done
[1.185s] -- Build files have been written to: /home/suke/chicken_core/build/dwa_ros2
[1.189s] Invoked command in '/home/suke/chicken_core/build/dwa_ros2' returned '0': CMAKE_PREFIX_PATH=${CMAKE_PREFIX_PATH}:/home/suke/chicken_core/install/yolov10_ros:/home/suke/chicken_core/install/depth_anything_v2_ros2:/home/suke/chicken_core/install/cart_controller:/home/suke/ouxt_automation/robotx_ws/install/opencv_tests:/home/suke/ouxt_automation/robotx_ws/install/detic_onnx_ros2:/opt/ros/humble /usr/bin/cmake /home/suke/chicken_core/src/planning/dwa_ros2 -DAMENT_CMAKE_SYMLINK_INSTALL=1 -DCMAKE_INSTALL_PREFIX=/home/suke/chicken_core/install/dwa_ros2
[1.190s] Invoking command in '/home/suke/chicken_core/build/dwa_ros2': CMAKE_PREFIX_PATH=${CMAKE_PREFIX_PATH}:/home/suke/chicken_core/install/yolov10_ros:/home/suke/chicken_core/install/depth_anything_v2_ros2:/home/suke/chicken_core/install/cart_controller:/home/suke/ouxt_automation/robotx_ws/install/opencv_tests:/home/suke/ouxt_automation/robotx_ws/install/detic_onnx_ros2:/opt/ros/humble /usr/bin/cmake --build /home/suke/chicken_core/build/dwa_ros2 -- -j20 -l20
[1.227s] [35m[1mConsolidate compiler generated dependencies of target dwa_ros2[0m
[1.241s] [100%] Built target dwa_ros2
[1.251s] Invoked command in '/home/suke/chicken_core/build/dwa_ros2' returned '0': CMAKE_PREFIX_PATH=${CMAKE_PREFIX_PATH}:/home/suke/chicken_core/install/yolov10_ros:/home/suke/chicken_core/install/depth_anything_v2_ros2:/home/suke/chicken_core/install/cart_controller:/home/suke/ouxt_automation/robotx_ws/install/opencv_tests:/home/suke/ouxt_automation/robotx_ws/install/detic_onnx_ros2:/opt/ros/humble /usr/bin/cmake --build /home/suke/chicken_core/build/dwa_ros2 -- -j20 -l20
[1.281s] Invoking command in '/home/suke/chicken_core/build/dwa_ros2': CMAKE_PREFIX_PATH=${CMAKE_PREFIX_PATH}:/home/suke/chicken_core/install/yolov10_ros:/home/suke/chicken_core/install/depth_anything_v2_ros2:/home/suke/chicken_core/install/cart_controller:/home/suke/ouxt_automation/robotx_ws/install/opencv_tests:/home/suke/ouxt_automation/robotx_ws/install/detic_onnx_ros2:/opt/ros/humble /usr/bin/cmake --install /home/suke/chicken_core/build/dwa_ros2
[1.286s] -- Install configuration: ""
[1.287s] -- Execute custom install script
[1.287s] -- Up-to-date symlink: /home/suke/chicken_core/install/dwa_ros2/lib/libdwa_ros2.so
[1.287s] -- Up-to-date symlink: /home/suke/chicken_core/install/dwa_ros2/share/dwa_ros2//launch/dwa_ros2.launch.py
[1.287s] -- Up-to-date symlink: /home/suke/chicken_core/install/dwa_ros2/share/dwa_ros2//config/dwa.rviz
[1.287s] -- Up-to-date symlink: /home/suke/chicken_core/install/dwa_ros2/share/dwa_ros2//config/parameter.yaml
[1.287s] -- Up-to-date symlink: /home/suke/chicken_core/install/dwa_ros2/share/ament_index/resource_index/package_run_dependencies/dwa_ros2
[1.287s] -- Up-to-date symlink: /home/suke/chicken_core/install/dwa_ros2/share/ament_index/resource_index/parent_prefix_path/dwa_ros2
[1.287s] -- Up-to-date symlink: /home/suke/chicken_core/install/dwa_ros2/share/dwa_ros2/environment/ament_prefix_path.sh
[1.287s] -- Up-to-date symlink: /home/suke/chicken_core/install/dwa_ros2/share/dwa_ros2/environment/ament_prefix_path.dsv
[1.287s] -- Up-to-date symlink: /home/suke/chicken_core/install/dwa_ros2/share/dwa_ros2/environment/path.sh
[1.287s] -- Up-to-date symlink: /home/suke/chicken_core/install/dwa_ros2/share/dwa_ros2/environment/path.dsv
[1.288s] -- Up-to-date symlink: /home/suke/chicken_core/install/dwa_ros2/share/dwa_ros2/local_setup.bash
[1.288s] -- Up-to-date symlink: /home/suke/chicken_core/install/dwa_ros2/share/dwa_ros2/local_setup.sh
[1.288s] -- Up-to-date symlink: /home/suke/chicken_core/install/dwa_ros2/share/dwa_ros2/local_setup.zsh
[1.288s] -- Up-to-date symlink: /home/suke/chicken_core/install/dwa_ros2/share/dwa_ros2/local_setup.dsv
[1.288s] -- Symlinking: /home/suke/chicken_core/install/dwa_ros2/share/dwa_ros2/package.dsv
[1.295s] -- Up-to-date symlink: /home/suke/chicken_core/install/dwa_ros2/share/ament_index/resource_index/packages/dwa_ros2
[1.295s] -- Up-to-date symlink: /home/suke/chicken_core/install/dwa_ros2/share/ament_index/resource_index/rclcpp_components/dwa_ros2
[1.296s] -- Up-to-date symlink: /home/suke/chicken_core/install/dwa_ros2/share/dwa_ros2/cmake/dwa_ros2Config.cmake
[1.296s] -- Up-to-date symlink: /home/suke/chicken_core/install/dwa_ros2/share/dwa_ros2/cmake/dwa_ros2Config-version.cmake
[1.296s] -- Up-to-date symlink: /home/suke/chicken_core/install/dwa_ros2/share/dwa_ros2/package.xml
[1.297s] Invoked command in '/home/suke/chicken_core/build/dwa_ros2' returned '0': CMAKE_PREFIX_PATH=${CMAKE_PREFIX_PATH}:/home/suke/chicken_core/install/yolov10_ros:/home/suke/chicken_core/install/depth_anything_v2_ros2:/home/suke/chicken_core/install/cart_controller:/home/suke/ouxt_automation/robotx_ws/install/opencv_tests:/home/suke/ouxt_automation/robotx_ws/install/detic_onnx_ros2:/opt/ros/humble /usr/bin/cmake --install /home/suke/chicken_core/build/dwa_ros2
