[0.011s] Invoking command in '/home/suke/chicken_core/build/chicken_simulator': AMENT_PREFIX_PATH=/home/suke/chicken_core/install/chicken_utils:${AMENT_PREFIX_PATH} CMAKE_PREFIX_PATH=/home/suke/chicken_core/install/chicken_utils:/home/suke/ouxt_automation/robotx_ws/install/navi_sim:/home/suke/ouxt_automation/robotx_ws/install/wamv_description:/home/suke/ouxt_automation/robotx_ws/install/wamv_control:/home/suke/ouxt_automation/robotx_ws/install/vrx_bridge:/home/suke/ouxt_automation/robotx_ws/install/vision_opencv:/home/suke/ouxt_automation/robotx_ws/install/robotx_planner_bringup:/home/suke/ouxt_automation/robotx_ws/install/hermite_path_planner_bringup:/home/suke/ouxt_automation/robotx_ws/install/velocity_planner:/home/suke/ouxt_automation/robotx_ws/install/usv_controller:/home/suke/ouxt_automation/robotx_ws/install/robotx_communication:/home/suke/ouxt_automation/robotx_ws/install/tcp_sender:/home/suke/ouxt_automation/robotx_ws/install/playstation_controller_drivers:/home/suke/ouxt_automation/robotx_ws/install/sdl2_vendor2:/home/suke/ouxt_automation/robotx_ws/install/perception_bringup:/home/suke/ouxt_automation/robotx_ws/install/scan_segmentation:/home/suke/ouxt_automation/robotx_ws/install/robotx_msgs:/home/suke/ouxt_automation/robotx_ws/install/robotx_ekf:/home/suke/ouxt_automation/robotx_ws/install/robotx_costmap_calculator:/home/suke/ouxt_automation/robotx_ws/install/robotx_bt_planner:/home/suke/ouxt_automation/robotx_ws/install/robotx_behavior_tree:/home/suke/ouxt_automation/robotx_ws/install/robotx_behavior_msgs:/home/suke/ouxt_automation/robotx_ws/install/pure_pursuit_planner:/home/suke/ouxt_automation/robotx_ws/install/point_painting:/home/suke/ouxt_automation/robotx_ws/install/perception:/home/suke/ouxt_automation/robotx_ws/install/pcl_apps:/home/suke/ouxt_automation/robotx_ws/install/opencv_components:/home/suke/ouxt_automation/robotx_ws/install/perception_msgs:/home/suke/ouxt_automation/robotx_ws/install/pcl_type_adapter:/home/suke/ouxt_automation/robotx_ws/install/pcl_apps_msgs:/home/suke/ouxt_automation/robotx_ws/install/image_processing_utils:/home/suke/ouxt_automation/robotx_ws/install/image_geometry:/home/suke/ouxt_automation/robotx_ws/install/opencv_vendor:/home/suke/ouxt_automation/robotx_ws/install/odom_frame_publisher:/home/suke/ouxt_automation/robotx_ws/install/nmea_to_geopose:/home/suke/ouxt_automation/robotx_ws/install/ndt_omp:/home/suke/ouxt_automation/robotx_ws/install/mock_server:/home/suke/ouxt_automation/robotx_ws/install/lidar_camera_fusion:/home/suke/ouxt_automation/robotx_ws/install/message_synchronizer:/home/suke/ouxt_automation/robotx_ws/install/lua_vendor:/home/suke/ouxt_automation/robotx_ws/install/local_waypoint_server:/home/suke/ouxt_automation/robotx_ws/install/joy_to_twist:/home/suke/ouxt_automation/robotx_ws/install/hungarian_solver:/home/suke/ouxt_automation/robotx_ws/install/hermite_path_planner:/home/suke/ouxt_automation/robotx_ws/install/hermite_path_msgs:/home/suke/ouxt_automation/robotx_ws/install/grid_map_type_adapter:/home/suke/ouxt_automation/robotx_ws/install/geometry_msgs_data_buffer:/home/suke/ouxt_automation/robotx_ws/install/geographic_info:/home/suke/ouxt_automation/robotx_ws/install/geographic_conversion:/home/suke/ouxt_automation/robotx_ws/install/geodesy:/home/suke/ouxt_automation/robotx_ws/install/geographic_msgs:/home/suke/ouxt_automation/robotx_ws/install/detic_onnx_ros2_msg:/home/suke/ouxt_automation/robotx_ws/install/data_buffer:/home/suke/ouxt_automation/robotx_ws/install/cv_bridge:/home/suke/ouxt_automation/robotx_ws/install/costmap_to_point:/home/suke/ouxt_automation/robotx_ws/install/boost_geometry_util:/home/suke/ouxt_automation/robotx_ws/install/behavior_tree_action_builder:/home/suke/local/:/home/suke/ouxt_automation/robotx_ws/install/opencv_tests:/home/suke/ouxt_automation/robotx_ws/install/kalman_filter_localization:/home/suke/ouxt_automation/robotx_ws/install/detic_onnx_ros2:/opt/ros/humble LD_LIBRARY_PATH=/home/suke/chicken_core/install/chicken_utils/lib:${LD_LIBRARY_PATH} /usr/bin/cmake /home/suke/chicken_core/src/simulation/chicken_simulator -DCMAKE_INSTALL_PREFIX=/home/suke/chicken_core/install/chicken_simulator
[0.021s] -- Found ament_cmake_auto: 1.3.9 (/opt/ros/humble/share/ament_cmake_auto/cmake)
[0.105s] -- Override CMake install command with custom implementation using symlinks instead of copying resources
[0.178s] -- Found rosidl_generator_c: 3.1.5 (/opt/ros/humble/share/rosidl_generator_c/cmake)
[0.179s] -- Found rosidl_adapter: 3.1.5 (/opt/ros/humble/share/rosidl_adapter/cmake)
[0.183s] -- Found rosidl_generator_cpp: 3.1.5 (/opt/ros/humble/share/rosidl_generator_cpp/cmake)
[0.191s] -- Using all available rosidl_typesupport_c: rosidl_typesupport_fastrtps_c;rosidl_typesupport_introspection_c
[0.201s] -- Using all available rosidl_typesupport_cpp: rosidl_typesupport_fastrtps_cpp;rosidl_typesupport_introspection_cpp
[0.235s] -- Found rmw_implementation_cmake: 6.1.2 (/opt/ros/humble/share/rmw_implementation_cmake/cmake)
[0.237s] -- Found rmw_cyclonedds_cpp: 1.3.4 (/opt/ros/humble/share/rmw_cyclonedds_cpp/cmake)
[0.254s] -- Using RMW implementation 'rmw_cyclonedds_cpp' as default
[0.427s] -- Found DART: /usr/include (Required is at least version "6.6") found components: dart 
[0.473s] -- Found Protobuf: /usr/lib/x86_64-linux-gnu/libprotobuf.so (found version "3.12.4") 
[0.477s] -- Looking for ignition-math6 -- found version 6.15.1
[0.491s] -- Searching for dependencies of ignition-math6
[0.493s] -- Looking for OGRE...
[0.500s] -- Found Ogre Ghadamon (1.9.0)
[0.501s] -- Found OGRE: optimized;/usr/lib/x86_64-linux-gnu/libOgreMain.so;debug;/usr/lib/x86_64-linux-gnu/libOgreMain.so
[0.510s] -- Looking for OGRE_Paging...
[0.510s] -- Found OGRE_Paging: optimized;/usr/lib/x86_64-linux-gnu/libOgrePaging.so;debug;/usr/lib/x86_64-linux-gnu/libOgrePaging.so
[0.510s] -- Looking for OGRE_Terrain...
[0.510s] -- Found OGRE_Terrain: optimized;/usr/lib/x86_64-linux-gnu/libOgreTerrain.so;debug;/usr/lib/x86_64-linux-gnu/libOgreTerrain.so
[0.510s] -- Looking for OGRE_Property...
[0.510s] -- Found OGRE_Property: optimized;/usr/lib/x86_64-linux-gnu/libOgreProperty.so;debug;/usr/lib/x86_64-linux-gnu/libOgreProperty.so
[0.510s] -- Looking for OGRE_RTShaderSystem...
[0.510s] -- Found OGRE_RTShaderSystem: optimized;/usr/lib/x86_64-linux-gnu/libOgreRTShaderSystem.so;debug;/usr/lib/x86_64-linux-gnu/libOgreRTShaderSystem.so
[0.510s] -- Looking for OGRE_Volume...
[0.510s] -- Found OGRE_Volume: optimized;/usr/lib/x86_64-linux-gnu/libOgreVolume.so;debug;/usr/lib/x86_64-linux-gnu/libOgreVolume.so
[0.510s] -- Looking for OGRE_Overlay...
[0.510s] -- Found OGRE_Overlay: optimized;/usr/lib/x86_64-linux-gnu/libOgreOverlay.so;debug;/usr/lib/x86_64-linux-gnu/libOgreOverlay.so
[0.691s] -- Looking for ignition-math6 -- found version 6.15.1
[0.692s] -- Looking for ignition-transport8 -- found version 8.2.1
[0.693s] -- Searching for dependencies of ignition-transport8
[0.709s] -- Found Protobuf: /usr/lib/x86_64-linux-gnu/libprotobuf.so (found suitable version "3.12.4", minimum required is "3") 
[0.719s] -- Config-file not installed for ZeroMQ -- checking for pkg-config
[0.723s] -- Checking for module 'libzmq >= 4'
[0.740s] --   Found libzmq , version 4.3.4
[0.775s] -- Checking for module 'uuid'
[0.788s] --   Found uuid, version 2.37.2
[0.819s] -- Looking for ignition-msgs5 -- found version 5.8.1
[0.819s] -- Searching for dependencies of ignition-msgs5
[0.842s] -- Looking for ignition-math6 -- found version 6.15.1
[0.846s] -- Checking for module 'tinyxml2'
[0.862s] --   Found tinyxml2, version 9.0.0
[0.891s] -- Looking for ignition-msgs5 -- found version 5.8.1
[0.892s] -- Looking for ignition-common3 -- found version 3.14.0
[0.893s] -- Searching for dependencies of ignition-common3
[0.893s] -- Looking for dlfcn.h - found
[0.893s] -- Looking for libdl - found
[0.907s] -- Searching for <ignition-common3> component [graphics]
[0.908s] -- Looking for ignition-common3-graphics -- found version 3.14.0
[0.908s] -- Searching for dependencies of ignition-common3-graphics
[0.909s] -- Looking for ignition-math6 -- found version 6.15.1
[0.910s] -- Looking for ignition-fuel_tools4 -- found version 4.4.0
[0.911s] -- Searching for dependencies of ignition-fuel_tools4
[0.959s] -- Checking for module 'jsoncpp'
[0.975s] --   Found jsoncpp, version 1.9.5
[1.008s] -- Checking for module 'libzip'
[1.020s] --   Found libzip, version 1.7.3
[1.047s] -- Looking for ignition-common3 -- found version 3.14.0
[1.047s] -- Looking for ignition-math6 -- found version 6.15.1
[1.047s] -- Looking for ignition-msgs5 -- found version 5.8.1
[1.050s] -- Gazebo version: 11.10
[1.200s] -- Found eigen3_cmake_module: 0.1.1 (/opt/ros/humble/share/eigen3_cmake_module/cmake)
[1.201s] -- Ensuring Eigen3 include directory is part of orocos-kdl CMake target
[1.688s] -- Found ament_lint_auto: 0.12.11 (/opt/ros/humble/share/ament_lint_auto/cmake)
[1.702s] -- Added test 'copyright' to check source files copyright and LICENSE
[1.703s] -- Added test 'cppcheck' to perform static code analysis on C / C++ code
[1.703s] -- Configured cppcheck include dirs: /home/suke/chicken_core/src/simulation/chicken_simulator/include;/home/suke/chicken_core/src/simulation/chicken_simulator/urdf
[1.703s] -- Configured cppcheck exclude dirs and/or files: 
[1.704s] -- Added test 'cpplint' to check C / C++ code against the Google style
[1.704s] -- Configured cpplint exclude dirs and/or files: 
[1.704s] -- Added test 'flake8' to check Python code syntax and style conventions
[1.704s] -- Added test 'lint_cmake' to check CMake code style
[1.704s] -- Added test 'pep257' to check Python code against some of the docstring style conventions in PEP 257
[1.705s] -- Added test 'uncrustify' to check C / C++ code style
[1.705s] -- Configured uncrustify additional arguments: 
[1.705s] -- Added test 'xmllint' to check XML markup files
[1.706s] -- Configuring done
[1.753s] -- Generating done
[1.754s] -- Build files have been written to: /home/suke/chicken_core/build/chicken_simulator
[1.762s] Invoked command in '/home/suke/chicken_core/build/chicken_simulator' returned '0': AMENT_PREFIX_PATH=/home/suke/chicken_core/install/chicken_utils:${AMENT_PREFIX_PATH} CMAKE_PREFIX_PATH=/home/suke/chicken_core/install/chicken_utils:/home/suke/ouxt_automation/robotx_ws/install/navi_sim:/home/suke/ouxt_automation/robotx_ws/install/wamv_description:/home/suke/ouxt_automation/robotx_ws/install/wamv_control:/home/suke/ouxt_automation/robotx_ws/install/vrx_bridge:/home/suke/ouxt_automation/robotx_ws/install/vision_opencv:/home/suke/ouxt_automation/robotx_ws/install/robotx_planner_bringup:/home/suke/ouxt_automation/robotx_ws/install/hermite_path_planner_bringup:/home/suke/ouxt_automation/robotx_ws/install/velocity_planner:/home/suke/ouxt_automation/robotx_ws/install/usv_controller:/home/suke/ouxt_automation/robotx_ws/install/robotx_communication:/home/suke/ouxt_automation/robotx_ws/install/tcp_sender:/home/suke/ouxt_automation/robotx_ws/install/playstation_controller_drivers:/home/suke/ouxt_automation/robotx_ws/install/sdl2_vendor2:/home/suke/ouxt_automation/robotx_ws/install/perception_bringup:/home/suke/ouxt_automation/robotx_ws/install/scan_segmentation:/home/suke/ouxt_automation/robotx_ws/install/robotx_msgs:/home/suke/ouxt_automation/robotx_ws/install/robotx_ekf:/home/suke/ouxt_automation/robotx_ws/install/robotx_costmap_calculator:/home/suke/ouxt_automation/robotx_ws/install/robotx_bt_planner:/home/suke/ouxt_automation/robotx_ws/install/robotx_behavior_tree:/home/suke/ouxt_automation/robotx_ws/install/robotx_behavior_msgs:/home/suke/ouxt_automation/robotx_ws/install/pure_pursuit_planner:/home/suke/ouxt_automation/robotx_ws/install/point_painting:/home/suke/ouxt_automation/robotx_ws/install/perception:/home/suke/ouxt_automation/robotx_ws/install/pcl_apps:/home/suke/ouxt_automation/robotx_ws/install/opencv_components:/home/suke/ouxt_automation/robotx_ws/install/perception_msgs:/home/suke/ouxt_automation/robotx_ws/install/pcl_type_adapter:/home/suke/ouxt_automation/robotx_ws/install/pcl_apps_msgs:/home/suke/ouxt_automation/robotx_ws/install/image_processing_utils:/home/suke/ouxt_automation/robotx_ws/install/image_geometry:/home/suke/ouxt_automation/robotx_ws/install/opencv_vendor:/home/suke/ouxt_automation/robotx_ws/install/odom_frame_publisher:/home/suke/ouxt_automation/robotx_ws/install/nmea_to_geopose:/home/suke/ouxt_automation/robotx_ws/install/ndt_omp:/home/suke/ouxt_automation/robotx_ws/install/mock_server:/home/suke/ouxt_automation/robotx_ws/install/lidar_camera_fusion:/home/suke/ouxt_automation/robotx_ws/install/message_synchronizer:/home/suke/ouxt_automation/robotx_ws/install/lua_vendor:/home/suke/ouxt_automation/robotx_ws/install/local_waypoint_server:/home/suke/ouxt_automation/robotx_ws/install/joy_to_twist:/home/suke/ouxt_automation/robotx_ws/install/hungarian_solver:/home/suke/ouxt_automation/robotx_ws/install/hermite_path_planner:/home/suke/ouxt_automation/robotx_ws/install/hermite_path_msgs:/home/suke/ouxt_automation/robotx_ws/install/grid_map_type_adapter:/home/suke/ouxt_automation/robotx_ws/install/geometry_msgs_data_buffer:/home/suke/ouxt_automation/robotx_ws/install/geographic_info:/home/suke/ouxt_automation/robotx_ws/install/geographic_conversion:/home/suke/ouxt_automation/robotx_ws/install/geodesy:/home/suke/ouxt_automation/robotx_ws/install/geographic_msgs:/home/suke/ouxt_automation/robotx_ws/install/detic_onnx_ros2_msg:/home/suke/ouxt_automation/robotx_ws/install/data_buffer:/home/suke/ouxt_automation/robotx_ws/install/cv_bridge:/home/suke/ouxt_automation/robotx_ws/install/costmap_to_point:/home/suke/ouxt_automation/robotx_ws/install/boost_geometry_util:/home/suke/ouxt_automation/robotx_ws/install/behavior_tree_action_builder:/home/suke/local/:/home/suke/ouxt_automation/robotx_ws/install/opencv_tests:/home/suke/ouxt_automation/robotx_ws/install/kalman_filter_localization:/home/suke/ouxt_automation/robotx_ws/install/detic_onnx_ros2:/opt/ros/humble LD_LIBRARY_PATH=/home/suke/chicken_core/install/chicken_utils/lib:${LD_LIBRARY_PATH} /usr/bin/cmake /home/suke/chicken_core/src/simulation/chicken_simulator -DCMAKE_INSTALL_PREFIX=/home/suke/chicken_core/install/chicken_simulator
[1.763s] Invoking command in '/home/suke/chicken_core/build/chicken_simulator': AMENT_PREFIX_PATH=/home/suke/chicken_core/install/chicken_utils:${AMENT_PREFIX_PATH} CMAKE_PREFIX_PATH=/home/suke/chicken_core/install/chicken_utils:/home/suke/ouxt_automation/robotx_ws/install/navi_sim:/home/suke/ouxt_automation/robotx_ws/install/wamv_description:/home/suke/ouxt_automation/robotx_ws/install/wamv_control:/home/suke/ouxt_automation/robotx_ws/install/vrx_bridge:/home/suke/ouxt_automation/robotx_ws/install/vision_opencv:/home/suke/ouxt_automation/robotx_ws/install/robotx_planner_bringup:/home/suke/ouxt_automation/robotx_ws/install/hermite_path_planner_bringup:/home/suke/ouxt_automation/robotx_ws/install/velocity_planner:/home/suke/ouxt_automation/robotx_ws/install/usv_controller:/home/suke/ouxt_automation/robotx_ws/install/robotx_communication:/home/suke/ouxt_automation/robotx_ws/install/tcp_sender:/home/suke/ouxt_automation/robotx_ws/install/playstation_controller_drivers:/home/suke/ouxt_automation/robotx_ws/install/sdl2_vendor2:/home/suke/ouxt_automation/robotx_ws/install/perception_bringup:/home/suke/ouxt_automation/robotx_ws/install/scan_segmentation:/home/suke/ouxt_automation/robotx_ws/install/robotx_msgs:/home/suke/ouxt_automation/robotx_ws/install/robotx_ekf:/home/suke/ouxt_automation/robotx_ws/install/robotx_costmap_calculator:/home/suke/ouxt_automation/robotx_ws/install/robotx_bt_planner:/home/suke/ouxt_automation/robotx_ws/install/robotx_behavior_tree:/home/suke/ouxt_automation/robotx_ws/install/robotx_behavior_msgs:/home/suke/ouxt_automation/robotx_ws/install/pure_pursuit_planner:/home/suke/ouxt_automation/robotx_ws/install/point_painting:/home/suke/ouxt_automation/robotx_ws/install/perception:/home/suke/ouxt_automation/robotx_ws/install/pcl_apps:/home/suke/ouxt_automation/robotx_ws/install/opencv_components:/home/suke/ouxt_automation/robotx_ws/install/perception_msgs:/home/suke/ouxt_automation/robotx_ws/install/pcl_type_adapter:/home/suke/ouxt_automation/robotx_ws/install/pcl_apps_msgs:/home/suke/ouxt_automation/robotx_ws/install/image_processing_utils:/home/suke/ouxt_automation/robotx_ws/install/image_geometry:/home/suke/ouxt_automation/robotx_ws/install/opencv_vendor:/home/suke/ouxt_automation/robotx_ws/install/odom_frame_publisher:/home/suke/ouxt_automation/robotx_ws/install/nmea_to_geopose:/home/suke/ouxt_automation/robotx_ws/install/ndt_omp:/home/suke/ouxt_automation/robotx_ws/install/mock_server:/home/suke/ouxt_automation/robotx_ws/install/lidar_camera_fusion:/home/suke/ouxt_automation/robotx_ws/install/message_synchronizer:/home/suke/ouxt_automation/robotx_ws/install/lua_vendor:/home/suke/ouxt_automation/robotx_ws/install/local_waypoint_server:/home/suke/ouxt_automation/robotx_ws/install/joy_to_twist:/home/suke/ouxt_automation/robotx_ws/install/hungarian_solver:/home/suke/ouxt_automation/robotx_ws/install/hermite_path_planner:/home/suke/ouxt_automation/robotx_ws/install/hermite_path_msgs:/home/suke/ouxt_automation/robotx_ws/install/grid_map_type_adapter:/home/suke/ouxt_automation/robotx_ws/install/geometry_msgs_data_buffer:/home/suke/ouxt_automation/robotx_ws/install/geographic_info:/home/suke/ouxt_automation/robotx_ws/install/geographic_conversion:/home/suke/ouxt_automation/robotx_ws/install/geodesy:/home/suke/ouxt_automation/robotx_ws/install/geographic_msgs:/home/suke/ouxt_automation/robotx_ws/install/detic_onnx_ros2_msg:/home/suke/ouxt_automation/robotx_ws/install/data_buffer:/home/suke/ouxt_automation/robotx_ws/install/cv_bridge:/home/suke/ouxt_automation/robotx_ws/install/costmap_to_point:/home/suke/ouxt_automation/robotx_ws/install/boost_geometry_util:/home/suke/ouxt_automation/robotx_ws/install/behavior_tree_action_builder:/home/suke/local/:/home/suke/ouxt_automation/robotx_ws/install/opencv_tests:/home/suke/ouxt_automation/robotx_ws/install/kalman_filter_localization:/home/suke/ouxt_automation/robotx_ws/install/detic_onnx_ros2:/opt/ros/humble LD_LIBRARY_PATH=/home/suke/chicken_core/install/chicken_utils/lib:${LD_LIBRARY_PATH} /usr/bin/cmake --build /home/suke/chicken_core/build/chicken_simulator -- -j20 -l20
[1.798s] [35m[1mConsolidate compiler generated dependencies of target chicken_simulator_node[0m
[1.798s] [35m[1mConsolidate compiler generated dependencies of target chicken_simulator[0m
[1.812s] [ 25%] [32m[1mLinking CXX executable chicken_simulator_node[0m
[1.814s] [ 50%] [32m[1mLinking CXX shared library libchicken_simulator.so[0m
[1.896s] [ 75%] Built target chicken_simulator_node
[2.349s] [100%] Built target chicken_simulator
[2.359s] Invoked command in '/home/suke/chicken_core/build/chicken_simulator' returned '0': AMENT_PREFIX_PATH=/home/suke/chicken_core/install/chicken_utils:${AMENT_PREFIX_PATH} CMAKE_PREFIX_PATH=/home/suke/chicken_core/install/chicken_utils:/home/suke/ouxt_automation/robotx_ws/install/navi_sim:/home/suke/ouxt_automation/robotx_ws/install/wamv_description:/home/suke/ouxt_automation/robotx_ws/install/wamv_control:/home/suke/ouxt_automation/robotx_ws/install/vrx_bridge:/home/suke/ouxt_automation/robotx_ws/install/vision_opencv:/home/suke/ouxt_automation/robotx_ws/install/robotx_planner_bringup:/home/suke/ouxt_automation/robotx_ws/install/hermite_path_planner_bringup:/home/suke/ouxt_automation/robotx_ws/install/velocity_planner:/home/suke/ouxt_automation/robotx_ws/install/usv_controller:/home/suke/ouxt_automation/robotx_ws/install/robotx_communication:/home/suke/ouxt_automation/robotx_ws/install/tcp_sender:/home/suke/ouxt_automation/robotx_ws/install/playstation_controller_drivers:/home/suke/ouxt_automation/robotx_ws/install/sdl2_vendor2:/home/suke/ouxt_automation/robotx_ws/install/perception_bringup:/home/suke/ouxt_automation/robotx_ws/install/scan_segmentation:/home/suke/ouxt_automation/robotx_ws/install/robotx_msgs:/home/suke/ouxt_automation/robotx_ws/install/robotx_ekf:/home/suke/ouxt_automation/robotx_ws/install/robotx_costmap_calculator:/home/suke/ouxt_automation/robotx_ws/install/robotx_bt_planner:/home/suke/ouxt_automation/robotx_ws/install/robotx_behavior_tree:/home/suke/ouxt_automation/robotx_ws/install/robotx_behavior_msgs:/home/suke/ouxt_automation/robotx_ws/install/pure_pursuit_planner:/home/suke/ouxt_automation/robotx_ws/install/point_painting:/home/suke/ouxt_automation/robotx_ws/install/perception:/home/suke/ouxt_automation/robotx_ws/install/pcl_apps:/home/suke/ouxt_automation/robotx_ws/install/opencv_components:/home/suke/ouxt_automation/robotx_ws/install/perception_msgs:/home/suke/ouxt_automation/robotx_ws/install/pcl_type_adapter:/home/suke/ouxt_automation/robotx_ws/install/pcl_apps_msgs:/home/suke/ouxt_automation/robotx_ws/install/image_processing_utils:/home/suke/ouxt_automation/robotx_ws/install/image_geometry:/home/suke/ouxt_automation/robotx_ws/install/opencv_vendor:/home/suke/ouxt_automation/robotx_ws/install/odom_frame_publisher:/home/suke/ouxt_automation/robotx_ws/install/nmea_to_geopose:/home/suke/ouxt_automation/robotx_ws/install/ndt_omp:/home/suke/ouxt_automation/robotx_ws/install/mock_server:/home/suke/ouxt_automation/robotx_ws/install/lidar_camera_fusion:/home/suke/ouxt_automation/robotx_ws/install/message_synchronizer:/home/suke/ouxt_automation/robotx_ws/install/lua_vendor:/home/suke/ouxt_automation/robotx_ws/install/local_waypoint_server:/home/suke/ouxt_automation/robotx_ws/install/joy_to_twist:/home/suke/ouxt_automation/robotx_ws/install/hungarian_solver:/home/suke/ouxt_automation/robotx_ws/install/hermite_path_planner:/home/suke/ouxt_automation/robotx_ws/install/hermite_path_msgs:/home/suke/ouxt_automation/robotx_ws/install/grid_map_type_adapter:/home/suke/ouxt_automation/robotx_ws/install/geometry_msgs_data_buffer:/home/suke/ouxt_automation/robotx_ws/install/geographic_info:/home/suke/ouxt_automation/robotx_ws/install/geographic_conversion:/home/suke/ouxt_automation/robotx_ws/install/geodesy:/home/suke/ouxt_automation/robotx_ws/install/geographic_msgs:/home/suke/ouxt_automation/robotx_ws/install/detic_onnx_ros2_msg:/home/suke/ouxt_automation/robotx_ws/install/data_buffer:/home/suke/ouxt_automation/robotx_ws/install/cv_bridge:/home/suke/ouxt_automation/robotx_ws/install/costmap_to_point:/home/suke/ouxt_automation/robotx_ws/install/boost_geometry_util:/home/suke/ouxt_automation/robotx_ws/install/behavior_tree_action_builder:/home/suke/local/:/home/suke/ouxt_automation/robotx_ws/install/opencv_tests:/home/suke/ouxt_automation/robotx_ws/install/kalman_filter_localization:/home/suke/ouxt_automation/robotx_ws/install/detic_onnx_ros2:/opt/ros/humble LD_LIBRARY_PATH=/home/suke/chicken_core/install/chicken_utils/lib:${LD_LIBRARY_PATH} /usr/bin/cmake --build /home/suke/chicken_core/build/chicken_simulator -- -j20 -l20
[2.386s] Invoking command in '/home/suke/chicken_core/build/chicken_simulator': AMENT_PREFIX_PATH=/home/suke/chicken_core/install/chicken_utils:${AMENT_PREFIX_PATH} CMAKE_PREFIX_PATH=/home/suke/chicken_core/install/chicken_utils:/home/suke/ouxt_automation/robotx_ws/install/navi_sim:/home/suke/ouxt_automation/robotx_ws/install/wamv_description:/home/suke/ouxt_automation/robotx_ws/install/wamv_control:/home/suke/ouxt_automation/robotx_ws/install/vrx_bridge:/home/suke/ouxt_automation/robotx_ws/install/vision_opencv:/home/suke/ouxt_automation/robotx_ws/install/robotx_planner_bringup:/home/suke/ouxt_automation/robotx_ws/install/hermite_path_planner_bringup:/home/suke/ouxt_automation/robotx_ws/install/velocity_planner:/home/suke/ouxt_automation/robotx_ws/install/usv_controller:/home/suke/ouxt_automation/robotx_ws/install/robotx_communication:/home/suke/ouxt_automation/robotx_ws/install/tcp_sender:/home/suke/ouxt_automation/robotx_ws/install/playstation_controller_drivers:/home/suke/ouxt_automation/robotx_ws/install/sdl2_vendor2:/home/suke/ouxt_automation/robotx_ws/install/perception_bringup:/home/suke/ouxt_automation/robotx_ws/install/scan_segmentation:/home/suke/ouxt_automation/robotx_ws/install/robotx_msgs:/home/suke/ouxt_automation/robotx_ws/install/robotx_ekf:/home/suke/ouxt_automation/robotx_ws/install/robotx_costmap_calculator:/home/suke/ouxt_automation/robotx_ws/install/robotx_bt_planner:/home/suke/ouxt_automation/robotx_ws/install/robotx_behavior_tree:/home/suke/ouxt_automation/robotx_ws/install/robotx_behavior_msgs:/home/suke/ouxt_automation/robotx_ws/install/pure_pursuit_planner:/home/suke/ouxt_automation/robotx_ws/install/point_painting:/home/suke/ouxt_automation/robotx_ws/install/perception:/home/suke/ouxt_automation/robotx_ws/install/pcl_apps:/home/suke/ouxt_automation/robotx_ws/install/opencv_components:/home/suke/ouxt_automation/robotx_ws/install/perception_msgs:/home/suke/ouxt_automation/robotx_ws/install/pcl_type_adapter:/home/suke/ouxt_automation/robotx_ws/install/pcl_apps_msgs:/home/suke/ouxt_automation/robotx_ws/install/image_processing_utils:/home/suke/ouxt_automation/robotx_ws/install/image_geometry:/home/suke/ouxt_automation/robotx_ws/install/opencv_vendor:/home/suke/ouxt_automation/robotx_ws/install/odom_frame_publisher:/home/suke/ouxt_automation/robotx_ws/install/nmea_to_geopose:/home/suke/ouxt_automation/robotx_ws/install/ndt_omp:/home/suke/ouxt_automation/robotx_ws/install/mock_server:/home/suke/ouxt_automation/robotx_ws/install/lidar_camera_fusion:/home/suke/ouxt_automation/robotx_ws/install/message_synchronizer:/home/suke/ouxt_automation/robotx_ws/install/lua_vendor:/home/suke/ouxt_automation/robotx_ws/install/local_waypoint_server:/home/suke/ouxt_automation/robotx_ws/install/joy_to_twist:/home/suke/ouxt_automation/robotx_ws/install/hungarian_solver:/home/suke/ouxt_automation/robotx_ws/install/hermite_path_planner:/home/suke/ouxt_automation/robotx_ws/install/hermite_path_msgs:/home/suke/ouxt_automation/robotx_ws/install/grid_map_type_adapter:/home/suke/ouxt_automation/robotx_ws/install/geometry_msgs_data_buffer:/home/suke/ouxt_automation/robotx_ws/install/geographic_info:/home/suke/ouxt_automation/robotx_ws/install/geographic_conversion:/home/suke/ouxt_automation/robotx_ws/install/geodesy:/home/suke/ouxt_automation/robotx_ws/install/geographic_msgs:/home/suke/ouxt_automation/robotx_ws/install/detic_onnx_ros2_msg:/home/suke/ouxt_automation/robotx_ws/install/data_buffer:/home/suke/ouxt_automation/robotx_ws/install/cv_bridge:/home/suke/ouxt_automation/robotx_ws/install/costmap_to_point:/home/suke/ouxt_automation/robotx_ws/install/boost_geometry_util:/home/suke/ouxt_automation/robotx_ws/install/behavior_tree_action_builder:/home/suke/local/:/home/suke/ouxt_automation/robotx_ws/install/opencv_tests:/home/suke/ouxt_automation/robotx_ws/install/kalman_filter_localization:/home/suke/ouxt_automation/robotx_ws/install/detic_onnx_ros2:/opt/ros/humble LD_LIBRARY_PATH=/home/suke/chicken_core/install/chicken_utils/lib:${LD_LIBRARY_PATH} /usr/bin/cmake --install /home/suke/chicken_core/build/chicken_simulator
[2.394s] -- Install configuration: ""
[2.394s] -- Execute custom install script
[2.394s] -- Up-to-date symlink: /home/suke/chicken_core/install/chicken_simulator/lib/chicken_simulator/chicken_simulator_node
[2.394s] -- Up-to-date symlink: /home/suke/chicken_core/install/chicken_simulator/include/chicken_simulator/chicken_simulator.hpp
[2.394s] -- Up-to-date symlink: /home/suke/chicken_core/install/chicken_simulator/share/chicken_simulator/environment/library_path.sh
[2.394s] -- Up-to-date symlink: /home/suke/chicken_core/install/chicken_simulator/share/chicken_simulator/environment/library_path.dsv
[2.394s] -- Up-to-date symlink: /home/suke/chicken_core/install/chicken_simulator/lib/libchicken_simulator.so
[2.395s] -- Up-to-date symlink: /home/suke/chicken_core/install/chicken_simulator/share/chicken_simulator/config/ros2_controller_params.yaml
[2.395s] -- Up-to-date symlink: /home/suke/chicken_core/install/chicken_simulator/share/chicken_simulator/rviz/rviz.rviz
[2.395s] -- Up-to-date symlink: /home/suke/chicken_core/install/chicken_simulator/share/chicken_simulator/launch/chicken_simulator_bringup.launch.py
[2.395s] -- Up-to-date symlink: /home/suke/chicken_core/install/chicken_simulator/share/chicken_simulator/urdf/kokko.urdf
[2.395s] -- Up-to-date symlink: /home/suke/chicken_core/install/chicken_simulator/share/chicken_simulator/world/willow_garage.world
[2.395s] -- Up-to-date symlink: /home/suke/chicken_core/install/chicken_simulator/share/ament_index/resource_index/package_run_dependencies/chicken_simulator
[2.395s] -- Up-to-date symlink: /home/suke/chicken_core/install/chicken_simulator/share/ament_index/resource_index/parent_prefix_path/chicken_simulator
[2.395s] -- Up-to-date symlink: /home/suke/chicken_core/install/chicken_simulator/share/chicken_simulator/environment/ament_prefix_path.sh
[2.395s] -- Up-to-date symlink: /home/suke/chicken_core/install/chicken_simulator/share/chicken_simulator/environment/ament_prefix_path.dsv
[2.395s] -- Up-to-date symlink: /home/suke/chicken_core/install/chicken_simulator/share/chicken_simulator/environment/path.sh
[2.396s] -- Up-to-date symlink: /home/suke/chicken_core/install/chicken_simulator/share/chicken_simulator/environment/path.dsv
[2.396s] -- Up-to-date symlink: /home/suke/chicken_core/install/chicken_simulator/share/chicken_simulator/local_setup.bash
[2.396s] -- Up-to-date symlink: /home/suke/chicken_core/install/chicken_simulator/share/chicken_simulator/local_setup.sh
[2.396s] -- Up-to-date symlink: /home/suke/chicken_core/install/chicken_simulator/share/chicken_simulator/local_setup.zsh
[2.396s] -- Up-to-date symlink: /home/suke/chicken_core/install/chicken_simulator/share/chicken_simulator/local_setup.dsv
[2.396s] -- Symlinking: /home/suke/chicken_core/install/chicken_simulator/share/chicken_simulator/package.dsv
[2.403s] -- Up-to-date symlink: /home/suke/chicken_core/install/chicken_simulator/share/ament_index/resource_index/packages/chicken_simulator
[2.403s] -- Up-to-date symlink: /home/suke/chicken_core/install/chicken_simulator/share/ament_index/resource_index/rclcpp_components/chicken_simulator
[2.403s] -- Up-to-date symlink: /home/suke/chicken_core/install/chicken_simulator/share/chicken_simulator/cmake/ament_cmake_export_dependencies-extras.cmake
[2.403s] -- Up-to-date symlink: /home/suke/chicken_core/install/chicken_simulator/share/chicken_simulator/cmake/ament_cmake_export_include_directories-extras.cmake
[2.403s] -- Up-to-date symlink: /home/suke/chicken_core/install/chicken_simulator/share/chicken_simulator/cmake/ament_cmake_export_libraries-extras.cmake
[2.403s] -- Up-to-date symlink: /home/suke/chicken_core/install/chicken_simulator/share/chicken_simulator/cmake/chicken_simulatorConfig.cmake
[2.403s] -- Up-to-date symlink: /home/suke/chicken_core/install/chicken_simulator/share/chicken_simulator/cmake/chicken_simulatorConfig-version.cmake
[2.403s] -- Up-to-date symlink: /home/suke/chicken_core/install/chicken_simulator/share/chicken_simulator/package.xml
[2.405s] Invoked command in '/home/suke/chicken_core/build/chicken_simulator' returned '0': AMENT_PREFIX_PATH=/home/suke/chicken_core/install/chicken_utils:${AMENT_PREFIX_PATH} CMAKE_PREFIX_PATH=/home/suke/chicken_core/install/chicken_utils:/home/suke/ouxt_automation/robotx_ws/install/navi_sim:/home/suke/ouxt_automation/robotx_ws/install/wamv_description:/home/suke/ouxt_automation/robotx_ws/install/wamv_control:/home/suke/ouxt_automation/robotx_ws/install/vrx_bridge:/home/suke/ouxt_automation/robotx_ws/install/vision_opencv:/home/suke/ouxt_automation/robotx_ws/install/robotx_planner_bringup:/home/suke/ouxt_automation/robotx_ws/install/hermite_path_planner_bringup:/home/suke/ouxt_automation/robotx_ws/install/velocity_planner:/home/suke/ouxt_automation/robotx_ws/install/usv_controller:/home/suke/ouxt_automation/robotx_ws/install/robotx_communication:/home/suke/ouxt_automation/robotx_ws/install/tcp_sender:/home/suke/ouxt_automation/robotx_ws/install/playstation_controller_drivers:/home/suke/ouxt_automation/robotx_ws/install/sdl2_vendor2:/home/suke/ouxt_automation/robotx_ws/install/perception_bringup:/home/suke/ouxt_automation/robotx_ws/install/scan_segmentation:/home/suke/ouxt_automation/robotx_ws/install/robotx_msgs:/home/suke/ouxt_automation/robotx_ws/install/robotx_ekf:/home/suke/ouxt_automation/robotx_ws/install/robotx_costmap_calculator:/home/suke/ouxt_automation/robotx_ws/install/robotx_bt_planner:/home/suke/ouxt_automation/robotx_ws/install/robotx_behavior_tree:/home/suke/ouxt_automation/robotx_ws/install/robotx_behavior_msgs:/home/suke/ouxt_automation/robotx_ws/install/pure_pursuit_planner:/home/suke/ouxt_automation/robotx_ws/install/point_painting:/home/suke/ouxt_automation/robotx_ws/install/perception:/home/suke/ouxt_automation/robotx_ws/install/pcl_apps:/home/suke/ouxt_automation/robotx_ws/install/opencv_components:/home/suke/ouxt_automation/robotx_ws/install/perception_msgs:/home/suke/ouxt_automation/robotx_ws/install/pcl_type_adapter:/home/suke/ouxt_automation/robotx_ws/install/pcl_apps_msgs:/home/suke/ouxt_automation/robotx_ws/install/image_processing_utils:/home/suke/ouxt_automation/robotx_ws/install/image_geometry:/home/suke/ouxt_automation/robotx_ws/install/opencv_vendor:/home/suke/ouxt_automation/robotx_ws/install/odom_frame_publisher:/home/suke/ouxt_automation/robotx_ws/install/nmea_to_geopose:/home/suke/ouxt_automation/robotx_ws/install/ndt_omp:/home/suke/ouxt_automation/robotx_ws/install/mock_server:/home/suke/ouxt_automation/robotx_ws/install/lidar_camera_fusion:/home/suke/ouxt_automation/robotx_ws/install/message_synchronizer:/home/suke/ouxt_automation/robotx_ws/install/lua_vendor:/home/suke/ouxt_automation/robotx_ws/install/local_waypoint_server:/home/suke/ouxt_automation/robotx_ws/install/joy_to_twist:/home/suke/ouxt_automation/robotx_ws/install/hungarian_solver:/home/suke/ouxt_automation/robotx_ws/install/hermite_path_planner:/home/suke/ouxt_automation/robotx_ws/install/hermite_path_msgs:/home/suke/ouxt_automation/robotx_ws/install/grid_map_type_adapter:/home/suke/ouxt_automation/robotx_ws/install/geometry_msgs_data_buffer:/home/suke/ouxt_automation/robotx_ws/install/geographic_info:/home/suke/ouxt_automation/robotx_ws/install/geographic_conversion:/home/suke/ouxt_automation/robotx_ws/install/geodesy:/home/suke/ouxt_automation/robotx_ws/install/geographic_msgs:/home/suke/ouxt_automation/robotx_ws/install/detic_onnx_ros2_msg:/home/suke/ouxt_automation/robotx_ws/install/data_buffer:/home/suke/ouxt_automation/robotx_ws/install/cv_bridge:/home/suke/ouxt_automation/robotx_ws/install/costmap_to_point:/home/suke/ouxt_automation/robotx_ws/install/boost_geometry_util:/home/suke/ouxt_automation/robotx_ws/install/behavior_tree_action_builder:/home/suke/local/:/home/suke/ouxt_automation/robotx_ws/install/opencv_tests:/home/suke/ouxt_automation/robotx_ws/install/kalman_filter_localization:/home/suke/ouxt_automation/robotx_ws/install/detic_onnx_ros2:/opt/ros/humble LD_LIBRARY_PATH=/home/suke/chicken_core/install/chicken_utils/lib:${LD_LIBRARY_PATH} /usr/bin/cmake --install /home/suke/chicken_core/build/chicken_simulator
