[0.009s] Invoking command in '/home/suke/chicken_core/build/chicken_simulator': AMENT_PREFIX_PATH=/home/suke/chicken_core/install/chicken_utils:${AMENT_PREFIX_PATH} CMAKE_PREFIX_PATH=/home/suke/chicken_core/install/chicken_utils:/home/suke/ouxt_automation/robotx_ws/install/navi_sim:/home/suke/ouxt_automation/robotx_ws/install/wamv_description:/home/suke/ouxt_automation/robotx_ws/install/wamv_control:/home/suke/ouxt_automation/robotx_ws/install/vrx_bridge:/home/suke/ouxt_automation/robotx_ws/install/vision_opencv:/home/suke/ouxt_automation/robotx_ws/install/robotx_planner_bringup:/home/suke/ouxt_automation/robotx_ws/install/hermite_path_planner_bringup:/home/suke/ouxt_automation/robotx_ws/install/velocity_planner:/home/suke/ouxt_automation/robotx_ws/install/usv_controller:/home/suke/ouxt_automation/robotx_ws/install/robotx_communication:/home/suke/ouxt_automation/robotx_ws/install/tcp_sender:/home/suke/ouxt_automation/robotx_ws/install/playstation_controller_drivers:/home/suke/ouxt_automation/robotx_ws/install/sdl2_vendor2:/home/suke/ouxt_automation/robotx_ws/install/perception_bringup:/home/suke/ouxt_automation/robotx_ws/install/scan_segmentation:/home/suke/ouxt_automation/robotx_ws/install/robotx_msgs:/home/suke/ouxt_automation/robotx_ws/install/robotx_ekf:/home/suke/ouxt_automation/robotx_ws/install/robotx_costmap_calculator:/home/suke/ouxt_automation/robotx_ws/install/robotx_bt_planner:/home/suke/ouxt_automation/robotx_ws/install/robotx_behavior_tree:/home/suke/ouxt_automation/robotx_ws/install/robotx_behavior_msgs:/home/suke/ouxt_automation/robotx_ws/install/pure_pursuit_planner:/home/suke/ouxt_automation/robotx_ws/install/point_painting:/home/suke/ouxt_automation/robotx_ws/install/perception:/home/suke/ouxt_automation/robotx_ws/install/pcl_apps:/home/suke/ouxt_automation/robotx_ws/install/opencv_components:/home/suke/ouxt_automation/robotx_ws/install/perception_msgs:/home/suke/ouxt_automation/robotx_ws/install/pcl_type_adapter:/home/suke/ouxt_automation/robotx_ws/install/pcl_apps_msgs:/home/suke/ouxt_automation/robotx_ws/install/image_processing_utils:/home/suke/ouxt_automation/robotx_ws/install/image_geometry:/home/suke/ouxt_automation/robotx_ws/install/opencv_vendor:/home/suke/ouxt_automation/robotx_ws/install/odom_frame_publisher:/home/suke/ouxt_automation/robotx_ws/install/nmea_to_geopose:/home/suke/ouxt_automation/robotx_ws/install/ndt_omp:/home/suke/ouxt_automation/robotx_ws/install/mock_server:/home/suke/ouxt_automation/robotx_ws/install/lidar_camera_fusion:/home/suke/ouxt_automation/robotx_ws/install/message_synchronizer:/home/suke/ouxt_automation/robotx_ws/install/lua_vendor:/home/suke/ouxt_automation/robotx_ws/install/local_waypoint_server:/home/suke/ouxt_automation/robotx_ws/install/joy_to_twist:/home/suke/ouxt_automation/robotx_ws/install/hungarian_solver:/home/suke/ouxt_automation/robotx_ws/install/hermite_path_planner:/home/suke/ouxt_automation/robotx_ws/install/hermite_path_msgs:/home/suke/ouxt_automation/robotx_ws/install/grid_map_type_adapter:/home/suke/ouxt_automation/robotx_ws/install/geometry_msgs_data_buffer:/home/suke/ouxt_automation/robotx_ws/install/geographic_info:/home/suke/ouxt_automation/robotx_ws/install/geographic_conversion:/home/suke/ouxt_automation/robotx_ws/install/geodesy:/home/suke/ouxt_automation/robotx_ws/install/geographic_msgs:/home/suke/ouxt_automation/robotx_ws/install/detic_onnx_ros2_msg:/home/suke/ouxt_automation/robotx_ws/install/data_buffer:/home/suke/ouxt_automation/robotx_ws/install/cv_bridge:/home/suke/ouxt_automation/robotx_ws/install/costmap_to_point:/home/suke/ouxt_automation/robotx_ws/install/boost_geometry_util:/home/suke/ouxt_automation/robotx_ws/install/behavior_tree_action_builder:/home/suke/local/:/home/suke/ouxt_automation/robotx_ws/install/opencv_tests:/home/suke/ouxt_automation/robotx_ws/install/detic_onnx_ros2:/opt/ros/humble LD_LIBRARY_PATH=/home/suke/chicken_core/install/chicken_utils/lib:${LD_LIBRARY_PATH} /usr/bin/cmake /home/suke/chicken_core/src/simulation/chicken_simulator -DAMENT_CMAKE_SYMLINK_INSTALL=1 -DCMAKE_INSTALL_PREFIX=/home/suke/chicken_core/install/chicken_simulator
[0.050s] -- The C compiler identification is GNU 11.4.0
[0.092s] -- The CXX compiler identification is GNU 11.4.0
[0.100s] -- Detecting C compiler ABI info
[0.150s] -- Detecting C compiler ABI info - done
[0.156s] -- Check for working C compiler: /usr/lib/ccache/gcc - skipped
[0.156s] -- Detecting C compile features
[0.157s] -- Detecting C compile features - done
[0.159s] -- Detecting CXX compiler ABI info
[0.215s] -- Detecting CXX compiler ABI info - done
[0.221s] -- Check for working CXX compiler: /usr/lib/ccache/g++ - skipped
[0.222s] -- Detecting CXX compile features
[0.222s] -- Detecting CXX compile features - done
[0.229s] -- Found ament_cmake_auto: 1.3.9 (/opt/ros/humble/share/ament_cmake_auto/cmake)
[0.348s] -- Found Python3: /usr/bin/python3 (found version "3.10.12") found components: Interpreter 
[0.388s] -- Override CMake install command with custom implementation using symlinks instead of copying resources
[0.534s] -- Found rosidl_generator_c: 3.1.5 (/opt/ros/humble/share/rosidl_generator_c/cmake)
[0.545s] -- Found rosidl_adapter: 3.1.5 (/opt/ros/humble/share/rosidl_adapter/cmake)
[0.561s] -- Found rosidl_generator_cpp: 3.1.5 (/opt/ros/humble/share/rosidl_generator_cpp/cmake)
[0.587s] -- Using all available rosidl_typesupport_c: rosidl_typesupport_fastrtps_c;rosidl_typesupport_introspection_c
[0.616s] -- Using all available rosidl_typesupport_cpp: rosidl_typesupport_fastrtps_cpp;rosidl_typesupport_introspection_cpp
[0.692s] -- Found rmw_implementation_cmake: 6.1.2 (/opt/ros/humble/share/rmw_implementation_cmake/cmake)
[0.698s] -- Found rmw_cyclonedds_cpp: 1.3.4 (/opt/ros/humble/share/rmw_cyclonedds_cpp/cmake)
[0.744s] -- Using RMW implementation 'rmw_cyclonedds_cpp' as default
[0.767s] -- Looking for pthread.h
[0.813s] -- Looking for pthread.h - found
[0.814s] -- Performing Test CMAKE_HAVE_LIBC_PTHREAD
[0.872s] -- Performing Test CMAKE_HAVE_LIBC_PTHREAD - Success
[0.873s] -- Found Threads: TRUE  
[1.000s] -- Found PkgConfig: /usr/bin/pkg-config (found version "0.29.2") 
[1.001s] -- Checking for module 'bullet>=2.82'
[1.017s] --   Found bullet, version 3.05
[1.133s] -- Found fcl: /usr/include (found suitable version "0.7.0", minimum required is "0.5.0") 
[1.183s] -- Found assimp: /usr/include (found version "5.2.0") 
[1.221s] -- Found DART: /usr/include (Required is at least version "6.6") found components: dart 
[1.270s] -- Found Boost: /usr/lib/x86_64-linux-gnu/cmake/Boost-1.74.0/BoostConfig.cmake (found suitable version "1.74.0", minimum required is "1.40.0") found components: thread system filesystem program_options regex iostreams date_time 
[1.282s] -- Found Protobuf: /usr/lib/x86_64-linux-gnu/libprotobuf.so (found version "3.12.4") 
[1.294s] -- Looking for ignition-math6 -- found version 6.15.1
[1.304s] -- Searching for dependencies of ignition-math6
[1.305s] -- Looking for OGRE...
[1.306s] -- OGRE_PREFIX_WATCH changed.
[1.310s] -- Checking for module 'OGRE'
[1.322s] --   Found OGRE, version 1.9.0
[1.350s] -- Found Ogre Ghadamon (1.9.0)
[1.359s] -- Found OGRE: optimized;/usr/lib/x86_64-linux-gnu/libOgreMain.so;debug;/usr/lib/x86_64-linux-gnu/libOgreMain.so
[1.365s] -- Looking for OGRE_Paging...
[1.371s] -- Found OGRE_Paging: optimized;/usr/lib/x86_64-linux-gnu/libOgrePaging.so;debug;/usr/lib/x86_64-linux-gnu/libOgrePaging.so
[1.371s] -- Looking for OGRE_Terrain...
[1.376s] -- Found OGRE_Terrain: optimized;/usr/lib/x86_64-linux-gnu/libOgreTerrain.so;debug;/usr/lib/x86_64-linux-gnu/libOgreTerrain.so
[1.376s] -- Looking for OGRE_Property...
[1.382s] -- Found OGRE_Property: optimized;/usr/lib/x86_64-linux-gnu/libOgreProperty.so;debug;/usr/lib/x86_64-linux-gnu/libOgreProperty.so
[1.382s] -- Looking for OGRE_RTShaderSystem...
[1.387s] -- Found OGRE_RTShaderSystem: optimized;/usr/lib/x86_64-linux-gnu/libOgreRTShaderSystem.so;debug;/usr/lib/x86_64-linux-gnu/libOgreRTShaderSystem.so
[1.387s] -- Looking for OGRE_Volume...
[1.392s] -- Found OGRE_Volume: optimized;/usr/lib/x86_64-linux-gnu/libOgreVolume.so;debug;/usr/lib/x86_64-linux-gnu/libOgreVolume.so
[1.392s] -- Looking for OGRE_Overlay...
[1.398s] -- Found OGRE_Overlay: optimized;/usr/lib/x86_64-linux-gnu/libOgreOverlay.so;debug;/usr/lib/x86_64-linux-gnu/libOgreOverlay.so
[1.516s] -- Looking for ignition-math6 -- found version 6.15.1
[1.519s] -- Looking for ignition-transport8 -- found version 8.2.1
[1.520s] -- Searching for dependencies of ignition-transport8
[1.533s] -- Found Protobuf: /usr/lib/x86_64-linux-gnu/libprotobuf.so (found suitable version "3.12.4", minimum required is "3") 
[1.541s] -- Config-file not installed for ZeroMQ -- checking for pkg-config
[1.545s] -- Checking for module 'libzmq >= 4'
[1.555s] --   Found libzmq , version 4.3.4
[1.581s] -- Found ZeroMQ: TRUE (Required is at least version "4") 
[1.585s] -- Checking for module 'uuid'
[1.596s] --   Found uuid, version 2.37.2
[1.619s] -- Found UUID: TRUE  
[1.623s] -- Looking for ignition-msgs5 -- found version 5.8.1
[1.623s] -- Searching for dependencies of ignition-msgs5
[1.637s] -- Looking for ignition-math6 -- found version 6.15.1
[1.640s] -- Checking for module 'tinyxml2'
[1.650s] --   Found tinyxml2, version 9.0.0
[1.674s] -- Looking for ignition-msgs5 -- found version 5.8.1
[1.677s] -- Looking for ignition-common3 -- found version 3.14.0
[1.678s] -- Searching for dependencies of ignition-common3
[1.678s] -- Looking for dlfcn.h - found
[1.679s] -- Looking for libdl - found
[1.680s] -- Found DL: TRUE  
[1.690s] -- Found tinyobjloader: /usr/lib/x86_64-linux-gnu/cmake/tinyobjloader/tinyobjloader-config.cmake (found version "2.0.0") 
[1.690s] -- Searching for <ignition-common3> component [graphics]
[1.693s] -- Looking for ignition-common3-graphics -- found version 3.14.0
[1.694s] -- Searching for dependencies of ignition-common3-graphics
[1.694s] -- Looking for ignition-math6 -- found version 6.15.1
[1.697s] -- Looking for ignition-fuel_tools4 -- found version 4.4.0
[1.698s] -- Searching for dependencies of ignition-fuel_tools4
[1.755s] -- Found CURL: /usr/lib/x86_64-linux-gnu/libcurl.so (found version "7.81.0")  
[1.762s] -- Checking for module 'jsoncpp'
[1.773s] --   Found jsoncpp, version 1.9.5
[1.796s] -- Found JSONCPP: TRUE  
[1.799s] -- Checking for module 'libzip'
[1.810s] --   Found libzip, version 1.7.3
[1.833s] -- Found ZIP: TRUE  
[1.833s] -- Looking for ignition-common3 -- found version 3.14.0
[1.834s] -- Looking for ignition-math6 -- found version 6.15.1
[1.834s] -- Looking for ignition-msgs5 -- found version 5.8.1
[1.840s] -- Gazebo version: 11.10
[1.840s] -- Checking for module 'tbb'
[1.851s] --   Found tbb, version 2021.5.0
[2.046s] -- Found eigen3_cmake_module: 0.1.1 (/opt/ros/humble/share/eigen3_cmake_module/cmake)
[2.046s] -- Found Eigen3: TRUE (found version "3.4.0") 
[2.046s] -- Ensuring Eigen3 include directory is part of orocos-kdl CMake target
[2.567s] -- Found ament_lint_auto: 0.12.11 (/opt/ros/humble/share/ament_lint_auto/cmake)
[2.601s] -- Added test 'copyright' to check source files copyright and LICENSE
[2.602s] -- Added test 'cppcheck' to perform static code analysis on C / C++ code
[2.602s] -- Configured cppcheck include dirs: /home/suke/chicken_core/src/simulation/chicken_simulator/include;/home/suke/chicken_core/src/simulation/chicken_simulator/urdf
[2.602s] -- Configured cppcheck exclude dirs and/or files: 
[2.603s] -- Added test 'cpplint' to check C / C++ code against the Google style
[2.603s] -- Configured cpplint exclude dirs and/or files: 
[2.604s] -- Added test 'flake8' to check Python code syntax and style conventions
[2.604s] -- Added test 'lint_cmake' to check CMake code style
[2.605s] -- Added test 'pep257' to check Python code against some of the docstring style conventions in PEP 257
[2.606s] -- Added test 'uncrustify' to check C / C++ code style
[2.606s] -- Configured uncrustify additional arguments: 
[2.607s] -- Added test 'xmllint' to check XML markup files
[2.609s] -- Configuring done
[2.628s] -- Generating done
[2.629s] -- Build files have been written to: /home/suke/chicken_core/build/chicken_simulator
[2.638s] Invoked command in '/home/suke/chicken_core/build/chicken_simulator' returned '0': AMENT_PREFIX_PATH=/home/suke/chicken_core/install/chicken_utils:${AMENT_PREFIX_PATH} CMAKE_PREFIX_PATH=/home/suke/chicken_core/install/chicken_utils:/home/suke/ouxt_automation/robotx_ws/install/navi_sim:/home/suke/ouxt_automation/robotx_ws/install/wamv_description:/home/suke/ouxt_automation/robotx_ws/install/wamv_control:/home/suke/ouxt_automation/robotx_ws/install/vrx_bridge:/home/suke/ouxt_automation/robotx_ws/install/vision_opencv:/home/suke/ouxt_automation/robotx_ws/install/robotx_planner_bringup:/home/suke/ouxt_automation/robotx_ws/install/hermite_path_planner_bringup:/home/suke/ouxt_automation/robotx_ws/install/velocity_planner:/home/suke/ouxt_automation/robotx_ws/install/usv_controller:/home/suke/ouxt_automation/robotx_ws/install/robotx_communication:/home/suke/ouxt_automation/robotx_ws/install/tcp_sender:/home/suke/ouxt_automation/robotx_ws/install/playstation_controller_drivers:/home/suke/ouxt_automation/robotx_ws/install/sdl2_vendor2:/home/suke/ouxt_automation/robotx_ws/install/perception_bringup:/home/suke/ouxt_automation/robotx_ws/install/scan_segmentation:/home/suke/ouxt_automation/robotx_ws/install/robotx_msgs:/home/suke/ouxt_automation/robotx_ws/install/robotx_ekf:/home/suke/ouxt_automation/robotx_ws/install/robotx_costmap_calculator:/home/suke/ouxt_automation/robotx_ws/install/robotx_bt_planner:/home/suke/ouxt_automation/robotx_ws/install/robotx_behavior_tree:/home/suke/ouxt_automation/robotx_ws/install/robotx_behavior_msgs:/home/suke/ouxt_automation/robotx_ws/install/pure_pursuit_planner:/home/suke/ouxt_automation/robotx_ws/install/point_painting:/home/suke/ouxt_automation/robotx_ws/install/perception:/home/suke/ouxt_automation/robotx_ws/install/pcl_apps:/home/suke/ouxt_automation/robotx_ws/install/opencv_components:/home/suke/ouxt_automation/robotx_ws/install/perception_msgs:/home/suke/ouxt_automation/robotx_ws/install/pcl_type_adapter:/home/suke/ouxt_automation/robotx_ws/install/pcl_apps_msgs:/home/suke/ouxt_automation/robotx_ws/install/image_processing_utils:/home/suke/ouxt_automation/robotx_ws/install/image_geometry:/home/suke/ouxt_automation/robotx_ws/install/opencv_vendor:/home/suke/ouxt_automation/robotx_ws/install/odom_frame_publisher:/home/suke/ouxt_automation/robotx_ws/install/nmea_to_geopose:/home/suke/ouxt_automation/robotx_ws/install/ndt_omp:/home/suke/ouxt_automation/robotx_ws/install/mock_server:/home/suke/ouxt_automation/robotx_ws/install/lidar_camera_fusion:/home/suke/ouxt_automation/robotx_ws/install/message_synchronizer:/home/suke/ouxt_automation/robotx_ws/install/lua_vendor:/home/suke/ouxt_automation/robotx_ws/install/local_waypoint_server:/home/suke/ouxt_automation/robotx_ws/install/joy_to_twist:/home/suke/ouxt_automation/robotx_ws/install/hungarian_solver:/home/suke/ouxt_automation/robotx_ws/install/hermite_path_planner:/home/suke/ouxt_automation/robotx_ws/install/hermite_path_msgs:/home/suke/ouxt_automation/robotx_ws/install/grid_map_type_adapter:/home/suke/ouxt_automation/robotx_ws/install/geometry_msgs_data_buffer:/home/suke/ouxt_automation/robotx_ws/install/geographic_info:/home/suke/ouxt_automation/robotx_ws/install/geographic_conversion:/home/suke/ouxt_automation/robotx_ws/install/geodesy:/home/suke/ouxt_automation/robotx_ws/install/geographic_msgs:/home/suke/ouxt_automation/robotx_ws/install/detic_onnx_ros2_msg:/home/suke/ouxt_automation/robotx_ws/install/data_buffer:/home/suke/ouxt_automation/robotx_ws/install/cv_bridge:/home/suke/ouxt_automation/robotx_ws/install/costmap_to_point:/home/suke/ouxt_automation/robotx_ws/install/boost_geometry_util:/home/suke/ouxt_automation/robotx_ws/install/behavior_tree_action_builder:/home/suke/local/:/home/suke/ouxt_automation/robotx_ws/install/opencv_tests:/home/suke/ouxt_automation/robotx_ws/install/detic_onnx_ros2:/opt/ros/humble LD_LIBRARY_PATH=/home/suke/chicken_core/install/chicken_utils/lib:${LD_LIBRARY_PATH} /usr/bin/cmake /home/suke/chicken_core/src/simulation/chicken_simulator -DAMENT_CMAKE_SYMLINK_INSTALL=1 -DCMAKE_INSTALL_PREFIX=/home/suke/chicken_core/install/chicken_simulator
[2.639s] Invoking command in '/home/suke/chicken_core/build/chicken_simulator': AMENT_PREFIX_PATH=/home/suke/chicken_core/install/chicken_utils:${AMENT_PREFIX_PATH} CMAKE_PREFIX_PATH=/home/suke/chicken_core/install/chicken_utils:/home/suke/ouxt_automation/robotx_ws/install/navi_sim:/home/suke/ouxt_automation/robotx_ws/install/wamv_description:/home/suke/ouxt_automation/robotx_ws/install/wamv_control:/home/suke/ouxt_automation/robotx_ws/install/vrx_bridge:/home/suke/ouxt_automation/robotx_ws/install/vision_opencv:/home/suke/ouxt_automation/robotx_ws/install/robotx_planner_bringup:/home/suke/ouxt_automation/robotx_ws/install/hermite_path_planner_bringup:/home/suke/ouxt_automation/robotx_ws/install/velocity_planner:/home/suke/ouxt_automation/robotx_ws/install/usv_controller:/home/suke/ouxt_automation/robotx_ws/install/robotx_communication:/home/suke/ouxt_automation/robotx_ws/install/tcp_sender:/home/suke/ouxt_automation/robotx_ws/install/playstation_controller_drivers:/home/suke/ouxt_automation/robotx_ws/install/sdl2_vendor2:/home/suke/ouxt_automation/robotx_ws/install/perception_bringup:/home/suke/ouxt_automation/robotx_ws/install/scan_segmentation:/home/suke/ouxt_automation/robotx_ws/install/robotx_msgs:/home/suke/ouxt_automation/robotx_ws/install/robotx_ekf:/home/suke/ouxt_automation/robotx_ws/install/robotx_costmap_calculator:/home/suke/ouxt_automation/robotx_ws/install/robotx_bt_planner:/home/suke/ouxt_automation/robotx_ws/install/robotx_behavior_tree:/home/suke/ouxt_automation/robotx_ws/install/robotx_behavior_msgs:/home/suke/ouxt_automation/robotx_ws/install/pure_pursuit_planner:/home/suke/ouxt_automation/robotx_ws/install/point_painting:/home/suke/ouxt_automation/robotx_ws/install/perception:/home/suke/ouxt_automation/robotx_ws/install/pcl_apps:/home/suke/ouxt_automation/robotx_ws/install/opencv_components:/home/suke/ouxt_automation/robotx_ws/install/perception_msgs:/home/suke/ouxt_automation/robotx_ws/install/pcl_type_adapter:/home/suke/ouxt_automation/robotx_ws/install/pcl_apps_msgs:/home/suke/ouxt_automation/robotx_ws/install/image_processing_utils:/home/suke/ouxt_automation/robotx_ws/install/image_geometry:/home/suke/ouxt_automation/robotx_ws/install/opencv_vendor:/home/suke/ouxt_automation/robotx_ws/install/odom_frame_publisher:/home/suke/ouxt_automation/robotx_ws/install/nmea_to_geopose:/home/suke/ouxt_automation/robotx_ws/install/ndt_omp:/home/suke/ouxt_automation/robotx_ws/install/mock_server:/home/suke/ouxt_automation/robotx_ws/install/lidar_camera_fusion:/home/suke/ouxt_automation/robotx_ws/install/message_synchronizer:/home/suke/ouxt_automation/robotx_ws/install/lua_vendor:/home/suke/ouxt_automation/robotx_ws/install/local_waypoint_server:/home/suke/ouxt_automation/robotx_ws/install/joy_to_twist:/home/suke/ouxt_automation/robotx_ws/install/hungarian_solver:/home/suke/ouxt_automation/robotx_ws/install/hermite_path_planner:/home/suke/ouxt_automation/robotx_ws/install/hermite_path_msgs:/home/suke/ouxt_automation/robotx_ws/install/grid_map_type_adapter:/home/suke/ouxt_automation/robotx_ws/install/geometry_msgs_data_buffer:/home/suke/ouxt_automation/robotx_ws/install/geographic_info:/home/suke/ouxt_automation/robotx_ws/install/geographic_conversion:/home/suke/ouxt_automation/robotx_ws/install/geodesy:/home/suke/ouxt_automation/robotx_ws/install/geographic_msgs:/home/suke/ouxt_automation/robotx_ws/install/detic_onnx_ros2_msg:/home/suke/ouxt_automation/robotx_ws/install/data_buffer:/home/suke/ouxt_automation/robotx_ws/install/cv_bridge:/home/suke/ouxt_automation/robotx_ws/install/costmap_to_point:/home/suke/ouxt_automation/robotx_ws/install/boost_geometry_util:/home/suke/ouxt_automation/robotx_ws/install/behavior_tree_action_builder:/home/suke/local/:/home/suke/ouxt_automation/robotx_ws/install/opencv_tests:/home/suke/ouxt_automation/robotx_ws/install/detic_onnx_ros2:/opt/ros/humble LD_LIBRARY_PATH=/home/suke/chicken_core/install/chicken_utils/lib:${LD_LIBRARY_PATH} /usr/bin/cmake --build /home/suke/chicken_core/build/chicken_simulator -- -j20 -l20
[2.680s] [ 25%] [32mBuilding CXX object CMakeFiles/chicken_simulator_node.dir/rclcpp_components/node_main_chicken_simulator_node.cpp.o[0m
[2.680s] [ 50%] [32mBuilding CXX object CMakeFiles/chicken_simulator.dir/src/chicken_simulator.cpp.o[0m
[2.696s] [ 75%] [32m[1mLinking CXX executable chicken_simulator_node[0m
[2.705s] [100%] [32m[1mLinking CXX shared library libchicken_simulator.so[0m
[2.775s] [100%] Built target chicken_simulator_node
[3.132s] [100%] Built target chicken_simulator
[3.140s] Invoked command in '/home/suke/chicken_core/build/chicken_simulator' returned '0': AMENT_PREFIX_PATH=/home/suke/chicken_core/install/chicken_utils:${AMENT_PREFIX_PATH} CMAKE_PREFIX_PATH=/home/suke/chicken_core/install/chicken_utils:/home/suke/ouxt_automation/robotx_ws/install/navi_sim:/home/suke/ouxt_automation/robotx_ws/install/wamv_description:/home/suke/ouxt_automation/robotx_ws/install/wamv_control:/home/suke/ouxt_automation/robotx_ws/install/vrx_bridge:/home/suke/ouxt_automation/robotx_ws/install/vision_opencv:/home/suke/ouxt_automation/robotx_ws/install/robotx_planner_bringup:/home/suke/ouxt_automation/robotx_ws/install/hermite_path_planner_bringup:/home/suke/ouxt_automation/robotx_ws/install/velocity_planner:/home/suke/ouxt_automation/robotx_ws/install/usv_controller:/home/suke/ouxt_automation/robotx_ws/install/robotx_communication:/home/suke/ouxt_automation/robotx_ws/install/tcp_sender:/home/suke/ouxt_automation/robotx_ws/install/playstation_controller_drivers:/home/suke/ouxt_automation/robotx_ws/install/sdl2_vendor2:/home/suke/ouxt_automation/robotx_ws/install/perception_bringup:/home/suke/ouxt_automation/robotx_ws/install/scan_segmentation:/home/suke/ouxt_automation/robotx_ws/install/robotx_msgs:/home/suke/ouxt_automation/robotx_ws/install/robotx_ekf:/home/suke/ouxt_automation/robotx_ws/install/robotx_costmap_calculator:/home/suke/ouxt_automation/robotx_ws/install/robotx_bt_planner:/home/suke/ouxt_automation/robotx_ws/install/robotx_behavior_tree:/home/suke/ouxt_automation/robotx_ws/install/robotx_behavior_msgs:/home/suke/ouxt_automation/robotx_ws/install/pure_pursuit_planner:/home/suke/ouxt_automation/robotx_ws/install/point_painting:/home/suke/ouxt_automation/robotx_ws/install/perception:/home/suke/ouxt_automation/robotx_ws/install/pcl_apps:/home/suke/ouxt_automation/robotx_ws/install/opencv_components:/home/suke/ouxt_automation/robotx_ws/install/perception_msgs:/home/suke/ouxt_automation/robotx_ws/install/pcl_type_adapter:/home/suke/ouxt_automation/robotx_ws/install/pcl_apps_msgs:/home/suke/ouxt_automation/robotx_ws/install/image_processing_utils:/home/suke/ouxt_automation/robotx_ws/install/image_geometry:/home/suke/ouxt_automation/robotx_ws/install/opencv_vendor:/home/suke/ouxt_automation/robotx_ws/install/odom_frame_publisher:/home/suke/ouxt_automation/robotx_ws/install/nmea_to_geopose:/home/suke/ouxt_automation/robotx_ws/install/ndt_omp:/home/suke/ouxt_automation/robotx_ws/install/mock_server:/home/suke/ouxt_automation/robotx_ws/install/lidar_camera_fusion:/home/suke/ouxt_automation/robotx_ws/install/message_synchronizer:/home/suke/ouxt_automation/robotx_ws/install/lua_vendor:/home/suke/ouxt_automation/robotx_ws/install/local_waypoint_server:/home/suke/ouxt_automation/robotx_ws/install/joy_to_twist:/home/suke/ouxt_automation/robotx_ws/install/hungarian_solver:/home/suke/ouxt_automation/robotx_ws/install/hermite_path_planner:/home/suke/ouxt_automation/robotx_ws/install/hermite_path_msgs:/home/suke/ouxt_automation/robotx_ws/install/grid_map_type_adapter:/home/suke/ouxt_automation/robotx_ws/install/geometry_msgs_data_buffer:/home/suke/ouxt_automation/robotx_ws/install/geographic_info:/home/suke/ouxt_automation/robotx_ws/install/geographic_conversion:/home/suke/ouxt_automation/robotx_ws/install/geodesy:/home/suke/ouxt_automation/robotx_ws/install/geographic_msgs:/home/suke/ouxt_automation/robotx_ws/install/detic_onnx_ros2_msg:/home/suke/ouxt_automation/robotx_ws/install/data_buffer:/home/suke/ouxt_automation/robotx_ws/install/cv_bridge:/home/suke/ouxt_automation/robotx_ws/install/costmap_to_point:/home/suke/ouxt_automation/robotx_ws/install/boost_geometry_util:/home/suke/ouxt_automation/robotx_ws/install/behavior_tree_action_builder:/home/suke/local/:/home/suke/ouxt_automation/robotx_ws/install/opencv_tests:/home/suke/ouxt_automation/robotx_ws/install/detic_onnx_ros2:/opt/ros/humble LD_LIBRARY_PATH=/home/suke/chicken_core/install/chicken_utils/lib:${LD_LIBRARY_PATH} /usr/bin/cmake --build /home/suke/chicken_core/build/chicken_simulator -- -j20 -l20
[3.167s] Invoking command in '/home/suke/chicken_core/build/chicken_simulator': AMENT_PREFIX_PATH=/home/suke/chicken_core/install/chicken_utils:${AMENT_PREFIX_PATH} CMAKE_PREFIX_PATH=/home/suke/chicken_core/install/chicken_utils:/home/suke/ouxt_automation/robotx_ws/install/navi_sim:/home/suke/ouxt_automation/robotx_ws/install/wamv_description:/home/suke/ouxt_automation/robotx_ws/install/wamv_control:/home/suke/ouxt_automation/robotx_ws/install/vrx_bridge:/home/suke/ouxt_automation/robotx_ws/install/vision_opencv:/home/suke/ouxt_automation/robotx_ws/install/robotx_planner_bringup:/home/suke/ouxt_automation/robotx_ws/install/hermite_path_planner_bringup:/home/suke/ouxt_automation/robotx_ws/install/velocity_planner:/home/suke/ouxt_automation/robotx_ws/install/usv_controller:/home/suke/ouxt_automation/robotx_ws/install/robotx_communication:/home/suke/ouxt_automation/robotx_ws/install/tcp_sender:/home/suke/ouxt_automation/robotx_ws/install/playstation_controller_drivers:/home/suke/ouxt_automation/robotx_ws/install/sdl2_vendor2:/home/suke/ouxt_automation/robotx_ws/install/perception_bringup:/home/suke/ouxt_automation/robotx_ws/install/scan_segmentation:/home/suke/ouxt_automation/robotx_ws/install/robotx_msgs:/home/suke/ouxt_automation/robotx_ws/install/robotx_ekf:/home/suke/ouxt_automation/robotx_ws/install/robotx_costmap_calculator:/home/suke/ouxt_automation/robotx_ws/install/robotx_bt_planner:/home/suke/ouxt_automation/robotx_ws/install/robotx_behavior_tree:/home/suke/ouxt_automation/robotx_ws/install/robotx_behavior_msgs:/home/suke/ouxt_automation/robotx_ws/install/pure_pursuit_planner:/home/suke/ouxt_automation/robotx_ws/install/point_painting:/home/suke/ouxt_automation/robotx_ws/install/perception:/home/suke/ouxt_automation/robotx_ws/install/pcl_apps:/home/suke/ouxt_automation/robotx_ws/install/opencv_components:/home/suke/ouxt_automation/robotx_ws/install/perception_msgs:/home/suke/ouxt_automation/robotx_ws/install/pcl_type_adapter:/home/suke/ouxt_automation/robotx_ws/install/pcl_apps_msgs:/home/suke/ouxt_automation/robotx_ws/install/image_processing_utils:/home/suke/ouxt_automation/robotx_ws/install/image_geometry:/home/suke/ouxt_automation/robotx_ws/install/opencv_vendor:/home/suke/ouxt_automation/robotx_ws/install/odom_frame_publisher:/home/suke/ouxt_automation/robotx_ws/install/nmea_to_geopose:/home/suke/ouxt_automation/robotx_ws/install/ndt_omp:/home/suke/ouxt_automation/robotx_ws/install/mock_server:/home/suke/ouxt_automation/robotx_ws/install/lidar_camera_fusion:/home/suke/ouxt_automation/robotx_ws/install/message_synchronizer:/home/suke/ouxt_automation/robotx_ws/install/lua_vendor:/home/suke/ouxt_automation/robotx_ws/install/local_waypoint_server:/home/suke/ouxt_automation/robotx_ws/install/joy_to_twist:/home/suke/ouxt_automation/robotx_ws/install/hungarian_solver:/home/suke/ouxt_automation/robotx_ws/install/hermite_path_planner:/home/suke/ouxt_automation/robotx_ws/install/hermite_path_msgs:/home/suke/ouxt_automation/robotx_ws/install/grid_map_type_adapter:/home/suke/ouxt_automation/robotx_ws/install/geometry_msgs_data_buffer:/home/suke/ouxt_automation/robotx_ws/install/geographic_info:/home/suke/ouxt_automation/robotx_ws/install/geographic_conversion:/home/suke/ouxt_automation/robotx_ws/install/geodesy:/home/suke/ouxt_automation/robotx_ws/install/geographic_msgs:/home/suke/ouxt_automation/robotx_ws/install/detic_onnx_ros2_msg:/home/suke/ouxt_automation/robotx_ws/install/data_buffer:/home/suke/ouxt_automation/robotx_ws/install/cv_bridge:/home/suke/ouxt_automation/robotx_ws/install/costmap_to_point:/home/suke/ouxt_automation/robotx_ws/install/boost_geometry_util:/home/suke/ouxt_automation/robotx_ws/install/behavior_tree_action_builder:/home/suke/local/:/home/suke/ouxt_automation/robotx_ws/install/opencv_tests:/home/suke/ouxt_automation/robotx_ws/install/detic_onnx_ros2:/opt/ros/humble LD_LIBRARY_PATH=/home/suke/chicken_core/install/chicken_utils/lib:${LD_LIBRARY_PATH} /usr/bin/cmake --install /home/suke/chicken_core/build/chicken_simulator
[3.174s] -- Install configuration: ""
[3.174s] -- Execute custom install script
[3.174s] -- Symlinking: /home/suke/chicken_core/install/chicken_simulator/lib/chicken_simulator/chicken_simulator_node
[3.180s] -- Symlinking: /home/suke/chicken_core/install/chicken_simulator/include/chicken_simulator/chicken_simulator.hpp
[3.186s] -- Symlinking: /home/suke/chicken_core/install/chicken_simulator/share/chicken_simulator/environment/library_path.sh
[3.192s] -- Symlinking: /home/suke/chicken_core/install/chicken_simulator/share/chicken_simulator/environment/library_path.dsv
[3.199s] -- Symlinking: /home/suke/chicken_core/install/chicken_simulator/lib/libchicken_simulator.so
[3.206s] -- Symlinking: /home/suke/chicken_core/install/chicken_simulator/share/chicken_simulator/config/ros2_controller_params.yaml
[3.212s] -- Symlinking: /home/suke/chicken_core/install/chicken_simulator/share/chicken_simulator/rviz/rviz.rviz
[3.219s] -- Symlinking: /home/suke/chicken_core/install/chicken_simulator/share/chicken_simulator/launch/chicken_simulator_bringup.launch.py
[3.226s] -- Symlinking: /home/suke/chicken_core/install/chicken_simulator/share/chicken_simulator/urdf/kokko.urdf
[3.232s] -- Symlinking: /home/suke/chicken_core/install/chicken_simulator/share/chicken_simulator/world/willow_garage.world
[3.239s] -- Symlinking: /home/suke/chicken_core/install/chicken_simulator/share/ament_index/resource_index/package_run_dependencies/chicken_simulator
[3.246s] -- Symlinking: /home/suke/chicken_core/install/chicken_simulator/share/ament_index/resource_index/parent_prefix_path/chicken_simulator
[3.252s] -- Symlinking: /home/suke/chicken_core/install/chicken_simulator/share/chicken_simulator/environment/ament_prefix_path.sh
[3.258s] -- Symlinking: /home/suke/chicken_core/install/chicken_simulator/share/chicken_simulator/environment/ament_prefix_path.dsv
[3.265s] -- Symlinking: /home/suke/chicken_core/install/chicken_simulator/share/chicken_simulator/environment/path.sh
[3.271s] -- Symlinking: /home/suke/chicken_core/install/chicken_simulator/share/chicken_simulator/environment/path.dsv
[3.277s] -- Symlinking: /home/suke/chicken_core/install/chicken_simulator/share/chicken_simulator/local_setup.bash
[3.283s] -- Symlinking: /home/suke/chicken_core/install/chicken_simulator/share/chicken_simulator/local_setup.sh
[3.289s] -- Symlinking: /home/suke/chicken_core/install/chicken_simulator/share/chicken_simulator/local_setup.zsh
[3.295s] -- Symlinking: /home/suke/chicken_core/install/chicken_simulator/share/chicken_simulator/local_setup.dsv
[3.301s] -- Symlinking: /home/suke/chicken_core/install/chicken_simulator/share/chicken_simulator/package.dsv
[3.307s] -- Symlinking: /home/suke/chicken_core/install/chicken_simulator/share/ament_index/resource_index/packages/chicken_simulator
[3.313s] -- Symlinking: /home/suke/chicken_core/install/chicken_simulator/share/ament_index/resource_index/rclcpp_components/chicken_simulator
[3.319s] -- Symlinking: /home/suke/chicken_core/install/chicken_simulator/share/chicken_simulator/cmake/ament_cmake_export_dependencies-extras.cmake
[3.325s] -- Symlinking: /home/suke/chicken_core/install/chicken_simulator/share/chicken_simulator/cmake/ament_cmake_export_include_directories-extras.cmake
[3.332s] -- Symlinking: /home/suke/chicken_core/install/chicken_simulator/share/chicken_simulator/cmake/ament_cmake_export_libraries-extras.cmake
[3.338s] -- Symlinking: /home/suke/chicken_core/install/chicken_simulator/share/chicken_simulator/cmake/chicken_simulatorConfig.cmake
[3.344s] -- Symlinking: /home/suke/chicken_core/install/chicken_simulator/share/chicken_simulator/cmake/chicken_simulatorConfig-version.cmake
[3.351s] -- Symlinking: /home/suke/chicken_core/install/chicken_simulator/share/chicken_simulator/package.xml
[3.358s] Invoked command in '/home/suke/chicken_core/build/chicken_simulator' returned '0': AMENT_PREFIX_PATH=/home/suke/chicken_core/install/chicken_utils:${AMENT_PREFIX_PATH} CMAKE_PREFIX_PATH=/home/suke/chicken_core/install/chicken_utils:/home/suke/ouxt_automation/robotx_ws/install/navi_sim:/home/suke/ouxt_automation/robotx_ws/install/wamv_description:/home/suke/ouxt_automation/robotx_ws/install/wamv_control:/home/suke/ouxt_automation/robotx_ws/install/vrx_bridge:/home/suke/ouxt_automation/robotx_ws/install/vision_opencv:/home/suke/ouxt_automation/robotx_ws/install/robotx_planner_bringup:/home/suke/ouxt_automation/robotx_ws/install/hermite_path_planner_bringup:/home/suke/ouxt_automation/robotx_ws/install/velocity_planner:/home/suke/ouxt_automation/robotx_ws/install/usv_controller:/home/suke/ouxt_automation/robotx_ws/install/robotx_communication:/home/suke/ouxt_automation/robotx_ws/install/tcp_sender:/home/suke/ouxt_automation/robotx_ws/install/playstation_controller_drivers:/home/suke/ouxt_automation/robotx_ws/install/sdl2_vendor2:/home/suke/ouxt_automation/robotx_ws/install/perception_bringup:/home/suke/ouxt_automation/robotx_ws/install/scan_segmentation:/home/suke/ouxt_automation/robotx_ws/install/robotx_msgs:/home/suke/ouxt_automation/robotx_ws/install/robotx_ekf:/home/suke/ouxt_automation/robotx_ws/install/robotx_costmap_calculator:/home/suke/ouxt_automation/robotx_ws/install/robotx_bt_planner:/home/suke/ouxt_automation/robotx_ws/install/robotx_behavior_tree:/home/suke/ouxt_automation/robotx_ws/install/robotx_behavior_msgs:/home/suke/ouxt_automation/robotx_ws/install/pure_pursuit_planner:/home/suke/ouxt_automation/robotx_ws/install/point_painting:/home/suke/ouxt_automation/robotx_ws/install/perception:/home/suke/ouxt_automation/robotx_ws/install/pcl_apps:/home/suke/ouxt_automation/robotx_ws/install/opencv_components:/home/suke/ouxt_automation/robotx_ws/install/perception_msgs:/home/suke/ouxt_automation/robotx_ws/install/pcl_type_adapter:/home/suke/ouxt_automation/robotx_ws/install/pcl_apps_msgs:/home/suke/ouxt_automation/robotx_ws/install/image_processing_utils:/home/suke/ouxt_automation/robotx_ws/install/image_geometry:/home/suke/ouxt_automation/robotx_ws/install/opencv_vendor:/home/suke/ouxt_automation/robotx_ws/install/odom_frame_publisher:/home/suke/ouxt_automation/robotx_ws/install/nmea_to_geopose:/home/suke/ouxt_automation/robotx_ws/install/ndt_omp:/home/suke/ouxt_automation/robotx_ws/install/mock_server:/home/suke/ouxt_automation/robotx_ws/install/lidar_camera_fusion:/home/suke/ouxt_automation/robotx_ws/install/message_synchronizer:/home/suke/ouxt_automation/robotx_ws/install/lua_vendor:/home/suke/ouxt_automation/robotx_ws/install/local_waypoint_server:/home/suke/ouxt_automation/robotx_ws/install/joy_to_twist:/home/suke/ouxt_automation/robotx_ws/install/hungarian_solver:/home/suke/ouxt_automation/robotx_ws/install/hermite_path_planner:/home/suke/ouxt_automation/robotx_ws/install/hermite_path_msgs:/home/suke/ouxt_automation/robotx_ws/install/grid_map_type_adapter:/home/suke/ouxt_automation/robotx_ws/install/geometry_msgs_data_buffer:/home/suke/ouxt_automation/robotx_ws/install/geographic_info:/home/suke/ouxt_automation/robotx_ws/install/geographic_conversion:/home/suke/ouxt_automation/robotx_ws/install/geodesy:/home/suke/ouxt_automation/robotx_ws/install/geographic_msgs:/home/suke/ouxt_automation/robotx_ws/install/detic_onnx_ros2_msg:/home/suke/ouxt_automation/robotx_ws/install/data_buffer:/home/suke/ouxt_automation/robotx_ws/install/cv_bridge:/home/suke/ouxt_automation/robotx_ws/install/costmap_to_point:/home/suke/ouxt_automation/robotx_ws/install/boost_geometry_util:/home/suke/ouxt_automation/robotx_ws/install/behavior_tree_action_builder:/home/suke/local/:/home/suke/ouxt_automation/robotx_ws/install/opencv_tests:/home/suke/ouxt_automation/robotx_ws/install/detic_onnx_ros2:/opt/ros/humble LD_LIBRARY_PATH=/home/suke/chicken_core/install/chicken_utils/lib:${LD_LIBRARY_PATH} /usr/bin/cmake --install /home/suke/chicken_core/build/chicken_simulator
