[0.829s] Invoking command in '/home/suke/chicken_core/build/depth_anything_v2_ros2': PYTHONPATH=/home/suke/chicken_core/build/depth_anything_v2_ros2/prefix_override:/usr/lib/python3/dist-packages/colcon_core/task/python/colcon_distutils_commands:/home/suke/chicken_core/install/depth_anything_v2_ros2/lib/python3.10/site-packages:${PYTHONPATH} /usr/bin/python3 -W ignore:setup.py install is deprecated setup.py develop --uninstall --editable --build-directory /home/suke/chicken_core/build/depth_anything_v2_ros2/build
[0.990s] running develop
[0.990s] /usr/lib/python3/dist-packages/setuptools/command/easy_install.py:158: EasyInstallDeprecationWarning: easy_install command is deprecated. Use build and pip and other standards-based tools.
[0.990s]   warnings.warn(
[1.120s] Removing /home/suke/chicken_core/install/depth_anything_v2_ros2/lib/python3.10/site-packages/depth-anything-v2-ros2.egg-link (link to .)
[1.137s] Invoked command in '/home/suke/chicken_core/build/depth_anything_v2_ros2' returned '0': PYTHONPATH=/home/suke/chicken_core/build/depth_anything_v2_ros2/prefix_override:/usr/lib/python3/dist-packages/colcon_core/task/python/colcon_distutils_commands:/home/suke/chicken_core/install/depth_anything_v2_ros2/lib/python3.10/site-packages:${PYTHONPATH} /usr/bin/python3 -W ignore:setup.py install is deprecated setup.py develop --uninstall --editable --build-directory /home/suke/chicken_core/build/depth_anything_v2_ros2/build
[1.138s] Invoking command in '/home/suke/chicken_core/src/perception/depth_anything_v2_ros2': PYTHONPATH=/home/suke/chicken_core/build/depth_anything_v2_ros2/prefix_override:/usr/lib/python3/dist-packages/colcon_core/task/python/colcon_distutils_commands:/home/suke/chicken_core/install/depth_anything_v2_ros2/lib/python3.10/site-packages:${PYTHONPATH} /usr/bin/python3 -W ignore:setup.py install is deprecated setup.py egg_info --egg-base ../../../build/depth_anything_v2_ros2 build --build-base /home/suke/chicken_core/build/depth_anything_v2_ros2/build install --record /home/suke/chicken_core/build/depth_anything_v2_ros2/install.log --single-version-externally-managed install_data --force
[1.296s] running egg_info
[1.297s] writing ../../../build/depth_anything_v2_ros2/depth_anything_v2_ros2.egg-info/PKG-INFO
[1.297s] writing dependency_links to ../../../build/depth_anything_v2_ros2/depth_anything_v2_ros2.egg-info/dependency_links.txt
[1.297s] writing entry points to ../../../build/depth_anything_v2_ros2/depth_anything_v2_ros2.egg-info/entry_points.txt
[1.297s] writing requirements to ../../../build/depth_anything_v2_ros2/depth_anything_v2_ros2.egg-info/requires.txt
[1.297s] writing top-level names to ../../../build/depth_anything_v2_ros2/depth_anything_v2_ros2.egg-info/top_level.txt
[1.298s] reading manifest file '../../../build/depth_anything_v2_ros2/depth_anything_v2_ros2.egg-info/SOURCES.txt'
[1.298s] adding license file 'LICENSE'
[1.299s] writing manifest file '../../../build/depth_anything_v2_ros2/depth_anything_v2_ros2.egg-info/SOURCES.txt'
[1.299s] running build
[1.299s] running build_py
[1.299s] creating /home/suke/chicken_core/build/depth_anything_v2_ros2/build
[1.299s] creating /home/suke/chicken_core/build/depth_anything_v2_ros2/build/lib
[1.299s] creating /home/suke/chicken_core/build/depth_anything_v2_ros2/build/lib/depth_anything_v2_ros2
[1.299s] copying depth_anything_v2_ros2/depth_anything_v2_ros2.py -> /home/suke/chicken_core/build/depth_anything_v2_ros2/build/lib/depth_anything_v2_ros2
[1.299s] copying depth_anything_v2_ros2/__init__.py -> /home/suke/chicken_core/build/depth_anything_v2_ros2/build/lib/depth_anything_v2_ros2
[1.299s] running install
[1.299s] running install_lib
[1.300s] creating /home/suke/chicken_core/install/depth_anything_v2_ros2/lib/python3.10/site-packages/depth_anything_v2_ros2
[1.300s] copying /home/suke/chicken_core/build/depth_anything_v2_ros2/build/lib/depth_anything_v2_ros2/depth_anything_v2_ros2.py -> /home/suke/chicken_core/install/depth_anything_v2_ros2/lib/python3.10/site-packages/depth_anything_v2_ros2
[1.300s] copying /home/suke/chicken_core/build/depth_anything_v2_ros2/build/lib/depth_anything_v2_ros2/__init__.py -> /home/suke/chicken_core/install/depth_anything_v2_ros2/lib/python3.10/site-packages/depth_anything_v2_ros2
[1.300s] byte-compiling /home/suke/chicken_core/install/depth_anything_v2_ros2/lib/python3.10/site-packages/depth_anything_v2_ros2/depth_anything_v2_ros2.py to depth_anything_v2_ros2.cpython-310.pyc
[1.301s] byte-compiling /home/suke/chicken_core/install/depth_anything_v2_ros2/lib/python3.10/site-packages/depth_anything_v2_ros2/__init__.py to __init__.cpython-310.pyc
[1.301s] running install_data
[1.301s] copying resource/depth_anything_v2_ros2 -> /home/suke/chicken_core/install/depth_anything_v2_ros2/share/ament_index/resource_index/packages
[1.301s] copying depth_anything_v2/depth_anything_v2/dpt.py -> /home/suke/chicken_core/install/depth_anything_v2_ros2/lib/depth_anything_v2_ros2/depth_anything_v2/depth_anything_v2
[1.302s] copying depth_anything_v2/depth_anything_v2/dinov2.py -> /home/suke/chicken_core/install/depth_anything_v2_ros2/lib/depth_anything_v2_ros2/depth_anything_v2/depth_anything_v2
[1.302s] copying depth_anything_v2/depth_anything_v2/dinov2_layers/attention.py -> /home/suke/chicken_core/install/depth_anything_v2_ros2/lib/depth_anything_v2_ros2/depth_anything_v2/depth_anything_v2/dinov2_layers
[1.302s] copying depth_anything_v2/depth_anything_v2/dinov2_layers/mlp.py -> /home/suke/chicken_core/install/depth_anything_v2_ros2/lib/depth_anything_v2_ros2/depth_anything_v2/depth_anything_v2/dinov2_layers
[1.302s] copying depth_anything_v2/depth_anything_v2/dinov2_layers/block.py -> /home/suke/chicken_core/install/depth_anything_v2_ros2/lib/depth_anything_v2_ros2/depth_anything_v2/depth_anything_v2/dinov2_layers
[1.303s] copying depth_anything_v2/depth_anything_v2/dinov2_layers/__init__.py -> /home/suke/chicken_core/install/depth_anything_v2_ros2/lib/depth_anything_v2_ros2/depth_anything_v2/depth_anything_v2/dinov2_layers
[1.303s] copying depth_anything_v2/depth_anything_v2/dinov2_layers/patch_embed.py -> /home/suke/chicken_core/install/depth_anything_v2_ros2/lib/depth_anything_v2_ros2/depth_anything_v2/depth_anything_v2/dinov2_layers
[1.304s] copying depth_anything_v2/depth_anything_v2/dinov2_layers/swiglu_ffn.py -> /home/suke/chicken_core/install/depth_anything_v2_ros2/lib/depth_anything_v2_ros2/depth_anything_v2/depth_anything_v2/dinov2_layers
[1.304s] copying depth_anything_v2/depth_anything_v2/dinov2_layers/layer_scale.py -> /home/suke/chicken_core/install/depth_anything_v2_ros2/lib/depth_anything_v2_ros2/depth_anything_v2/depth_anything_v2/dinov2_layers
[1.304s] copying depth_anything_v2/depth_anything_v2/dinov2_layers/drop_path.py -> /home/suke/chicken_core/install/depth_anything_v2_ros2/lib/depth_anything_v2_ros2/depth_anything_v2/depth_anything_v2/dinov2_layers
[1.305s] copying depth_anything_v2/depth_anything_v2/util/blocks.py -> /home/suke/chicken_core/install/depth_anything_v2_ros2/lib/depth_anything_v2_ros2/depth_anything_v2/depth_anything_v2/util
[1.305s] copying depth_anything_v2/depth_anything_v2/util/transform.py -> /home/suke/chicken_core/install/depth_anything_v2_ros2/lib/depth_anything_v2_ros2/depth_anything_v2/depth_anything_v2/util
[1.306s] copying package.xml -> /home/suke/chicken_core/install/depth_anything_v2_ros2/share/depth_anything_v2_ros2
[1.306s] copying launch/default.launch.py -> /home/suke/chicken_core/install/depth_anything_v2_ros2/share/depth_anything_v2_ros2/launch
[1.306s] copying models/depth_anything_v2_vits.pth -> /home/suke/chicken_core/install/depth_anything_v2_ros2/share/depth_anything_v2_ros2/models
[1.550s] copying config/params.yaml -> /home/suke/chicken_core/install/depth_anything_v2_ros2/share/depth_anything_v2_ros2/config
[1.550s] running install_egg_info
[1.553s] Copying ../../../build/depth_anything_v2_ros2/depth_anything_v2_ros2.egg-info to /home/suke/chicken_core/install/depth_anything_v2_ros2/lib/python3.10/site-packages/depth_anything_v2_ros2-1.0.0-py3.10.egg-info
[1.553s] running install_scripts
[1.574s] Installing depth_anything_v2_ros2 script to /home/suke/chicken_core/install/depth_anything_v2_ros2/lib/depth_anything_v2_ros2
[1.574s] writing list of installed files to '/home/suke/chicken_core/build/depth_anything_v2_ros2/install.log'
[1.608s] Invoked command in '/home/suke/chicken_core/src/perception/depth_anything_v2_ros2' returned '0': PYTHONPATH=/home/suke/chicken_core/build/depth_anything_v2_ros2/prefix_override:/usr/lib/python3/dist-packages/colcon_core/task/python/colcon_distutils_commands:/home/suke/chicken_core/install/depth_anything_v2_ros2/lib/python3.10/site-packages:${PYTHONPATH} /usr/bin/python3 -W ignore:setup.py install is deprecated setup.py egg_info --egg-base ../../../build/depth_anything_v2_ros2 build --build-base /home/suke/chicken_core/build/depth_anything_v2_ros2/build install --record /home/suke/chicken_core/build/depth_anything_v2_ros2/install.log --single-version-externally-managed install_data --force
