[0.481s] Invoking command in '/home/suke/chicken_core/build/emcl2': CMAKE_PREFIX_PATH=${CMAKE_PREFIX_PATH}:/home/suke/ouxt_automation/robotx_ws/install/opencv_tests:/home/suke/ouxt_automation/robotx_ws/install/detic_onnx_ros2:/opt/ros/humble /usr/bin/cmake /home/suke/chicken_core/src/localization/emcl2_ros2 -DAMENT_CMAKE_SYMLINK_INSTALL=1 -DCMAKE_INSTALL_PREFIX=/home/suke/chicken_core/install/emcl2
[0.529s] -- The C compiler identification is GNU 11.4.0
[0.575s] -- The CXX compiler identification is GNU 11.4.0
[0.587s] -- Detecting C compiler ABI info
[0.643s] -- Detecting C compiler ABI info - done
[0.649s] -- Check for working C compiler: /usr/lib/ccache/gcc - skipped
[0.649s] -- Detecting C compile features
[0.649s] -- Detecting C compile features - done
[0.651s] -- Detecting CXX compiler ABI info
[0.716s] -- Detecting CXX compiler ABI info - done
[0.723s] -- Check for working CXX compiler: /usr/lib/ccache/g++ - skipped
[0.723s] -- Detecting CXX compile features
[0.724s] -- Detecting CXX compile features - done
[0.730s] -- Found ament_cmake_auto: 1.3.9 (/opt/ros/humble/share/ament_cmake_auto/cmake)
[0.855s] -- Found Python3: /usr/bin/python3 (found version "3.10.12") found components: Interpreter 
[0.895s] -- Override CMake install command with custom implementation using symlinks instead of copying resources
[1.084s] -- Found rosidl_generator_c: 3.1.5 (/opt/ros/humble/share/rosidl_generator_c/cmake)
[1.091s] -- Found rosidl_adapter: 3.1.5 (/opt/ros/humble/share/rosidl_adapter/cmake)
[1.101s] -- Found rosidl_generator_cpp: 3.1.5 (/opt/ros/humble/share/rosidl_generator_cpp/cmake)
[1.114s] -- Using all available rosidl_typesupport_c: rosidl_typesupport_fastrtps_c;rosidl_typesupport_introspection_c
[1.133s] -- Using all available rosidl_typesupport_cpp: rosidl_typesupport_fastrtps_cpp;rosidl_typesupport_introspection_cpp
[1.199s] -- Found rmw_implementation_cmake: 6.1.2 (/opt/ros/humble/share/rmw_implementation_cmake/cmake)
[1.204s] -- Found rmw_cyclonedds_cpp: 1.3.4 (/opt/ros/humble/share/rmw_cyclonedds_cpp/cmake)
[1.239s] -- Using RMW implementation 'rmw_cyclonedds_cpp' as default
[1.252s] -- Looking for pthread.h
[1.304s] -- Looking for pthread.h - found
[1.304s] -- Performing Test CMAKE_HAVE_LIBC_PTHREAD
[1.353s] -- Performing Test CMAKE_HAVE_LIBC_PTHREAD - Success
[1.353s] -- Found Threads: TRUE  
[1.852s] -- Found eigen3_cmake_module: 0.1.1 (/opt/ros/humble/share/eigen3_cmake_module/cmake)
[1.853s] -- Found Eigen3: TRUE (found version "3.4.0") 
[1.853s] -- Ensuring Eigen3 include directory is part of orocos-kdl CMake target
[1.882s] -- Found ament_lint_auto: 0.12.11 (/opt/ros/humble/share/ament_lint_auto/cmake)
[1.910s] -- Added test 'cppcheck' to perform static code analysis on C / C++ code
[1.911s] -- Configured cppcheck include dirs: /home/suke/chicken_core/src/localization/emcl2_ros2/include
[1.911s] -- Configured cppcheck exclude dirs and/or files: 
[1.911s] -- Added test 'flake8' to check Python code syntax and style conventions
[1.912s] -- Added test 'lint_cmake' to check CMake code style
[1.913s] -- Added test 'pep257' to check Python code against some of the docstring style conventions in PEP 257
[1.915s] -- Added test 'uncrustify' to check C / C++ code style
[1.915s] -- Configured uncrustify additional arguments: 
[1.916s] -- Added test 'xmllint' to check XML markup files
[1.918s] -- Configuring done
[1.924s] -- Generating done
[1.925s] -- Build files have been written to: /home/suke/chicken_core/build/emcl2
[1.931s] Invoked command in '/home/suke/chicken_core/build/emcl2' returned '0': CMAKE_PREFIX_PATH=${CMAKE_PREFIX_PATH}:/home/suke/ouxt_automation/robotx_ws/install/opencv_tests:/home/suke/ouxt_automation/robotx_ws/install/detic_onnx_ros2:/opt/ros/humble /usr/bin/cmake /home/suke/chicken_core/src/localization/emcl2_ros2 -DAMENT_CMAKE_SYMLINK_INSTALL=1 -DCMAKE_INSTALL_PREFIX=/home/suke/chicken_core/install/emcl2
[1.932s] Invoking command in '/home/suke/chicken_core/build/emcl2': CMAKE_PREFIX_PATH=${CMAKE_PREFIX_PATH}:/home/suke/ouxt_automation/robotx_ws/install/opencv_tests:/home/suke/ouxt_automation/robotx_ws/install/detic_onnx_ros2:/opt/ros/humble /usr/bin/cmake --build /home/suke/chicken_core/build/emcl2 -- -j20 -l20
[1.971s] [ 11%] [32mBuilding CXX object CMakeFiles/emcl2_node.dir/src/Particle.cpp.o[0m
[1.971s] [ 22%] [32mBuilding CXX object CMakeFiles/emcl2_node.dir/src/emcl2_node.cpp.o[0m
[1.971s] [ 33%] [32mBuilding CXX object CMakeFiles/emcl2_node.dir/src/Mcl.cpp.o[0m
[1.973s] [ 44%] [32mBuilding CXX object CMakeFiles/emcl2_node.dir/src/OdomModel.cpp.o[0m
[1.973s] [ 55%] [32mBuilding CXX object CMakeFiles/emcl2_node.dir/src/ExpResetMcl2.cpp.o[0m
[1.974s] [ 77%] [32mBuilding CXX object CMakeFiles/emcl2_node.dir/src/LikelihoodFieldMap.cpp.o[0m
[1.974s] [ 77%] [32mBuilding CXX object CMakeFiles/emcl2_node.dir/src/Pose.cpp.o[0m
[1.974s] [ 88%] [32mBuilding CXX object CMakeFiles/emcl2_node.dir/src/Scan.cpp.o[0m
[2.000s] [100%] [32m[1mLinking CXX executable emcl2_node[0m
[5.958s] [100%] Built target emcl2_node
[5.977s] Invoked command in '/home/suke/chicken_core/build/emcl2' returned '0': CMAKE_PREFIX_PATH=${CMAKE_PREFIX_PATH}:/home/suke/ouxt_automation/robotx_ws/install/opencv_tests:/home/suke/ouxt_automation/robotx_ws/install/detic_onnx_ros2:/opt/ros/humble /usr/bin/cmake --build /home/suke/chicken_core/build/emcl2 -- -j20 -l20
[6.023s] Invoking command in '/home/suke/chicken_core/build/emcl2': CMAKE_PREFIX_PATH=${CMAKE_PREFIX_PATH}:/home/suke/ouxt_automation/robotx_ws/install/opencv_tests:/home/suke/ouxt_automation/robotx_ws/install/detic_onnx_ros2:/opt/ros/humble /usr/bin/cmake --install /home/suke/chicken_core/build/emcl2
[6.028s] -- Install configuration: ""
[6.028s] -- Execute custom install script
[6.028s] -- Symlinking: /home/suke/chicken_core/install/emcl2/lib/emcl2/test.bash
[6.035s] -- Symlinking: /home/suke/chicken_core/install/emcl2/lib/emcl2/test_gui.bash
[6.042s] -- Symlinking: /home/suke/chicken_core/install/emcl2/include/emcl2/ExpResetMcl2.h
[6.049s] -- Symlinking: /home/suke/chicken_core/install/emcl2/include/emcl2/LikelihoodFieldMap.h
[6.055s] -- Symlinking: /home/suke/chicken_core/install/emcl2/include/emcl2/Mcl.h
[6.062s] -- Symlinking: /home/suke/chicken_core/install/emcl2/include/emcl2/OdomModel.h
[6.069s] -- Symlinking: /home/suke/chicken_core/install/emcl2/include/emcl2/Particle.h
[6.075s] -- Symlinking: /home/suke/chicken_core/install/emcl2/include/emcl2/Pose.h
[6.081s] -- Symlinking: /home/suke/chicken_core/install/emcl2/include/emcl2/Scan.h
[6.088s] -- Symlinking: /home/suke/chicken_core/install/emcl2/include/emcl2/emcl2_node.h
[6.094s] -- Symlinking: /home/suke/chicken_core/install/emcl2/lib/emcl2/emcl2_node
[6.101s] -- Symlinking: /home/suke/chicken_core/install/emcl2/share/emcl2/config/emcl2.param.yaml
[6.107s] -- Symlinking: /home/suke/chicken_core/install/emcl2/share/emcl2/config/emcl2_quick_start.param.yaml
[6.113s] -- Symlinking: /home/suke/chicken_core/install/emcl2/share/emcl2/launch/emcl2.launch.py
[6.119s] -- Symlinking: /home/suke/chicken_core/install/emcl2/share/emcl2/test/demo.bash
[6.126s] -- Symlinking: /home/suke/chicken_core/install/emcl2/share/emcl2/test/test.bash
[6.132s] -- Symlinking: /home/suke/chicken_core/install/emcl2/share/emcl2/test/test.launch.xml
[6.139s] -- Symlinking: /home/suke/chicken_core/install/emcl2/share/emcl2/test/test_gui.bash
[6.146s] -- Symlinking: /home/suke/chicken_core/install/emcl2/share/ament_index/resource_index/package_run_dependencies/emcl2
[6.153s] -- Symlinking: /home/suke/chicken_core/install/emcl2/share/ament_index/resource_index/parent_prefix_path/emcl2
[6.159s] -- Symlinking: /home/suke/chicken_core/install/emcl2/share/emcl2/environment/ament_prefix_path.sh
[6.165s] -- Symlinking: /home/suke/chicken_core/install/emcl2/share/emcl2/environment/ament_prefix_path.dsv
[6.172s] -- Symlinking: /home/suke/chicken_core/install/emcl2/share/emcl2/environment/path.sh
[6.178s] -- Symlinking: /home/suke/chicken_core/install/emcl2/share/emcl2/environment/path.dsv
[6.184s] -- Symlinking: /home/suke/chicken_core/install/emcl2/share/emcl2/local_setup.bash
[6.190s] -- Symlinking: /home/suke/chicken_core/install/emcl2/share/emcl2/local_setup.sh
[6.197s] -- Symlinking: /home/suke/chicken_core/install/emcl2/share/emcl2/local_setup.zsh
[6.203s] -- Symlinking: /home/suke/chicken_core/install/emcl2/share/emcl2/local_setup.dsv
[6.208s] -- Symlinking: /home/suke/chicken_core/install/emcl2/share/emcl2/package.dsv
[6.214s] -- Symlinking: /home/suke/chicken_core/install/emcl2/share/ament_index/resource_index/packages/emcl2
[6.220s] -- Symlinking: /home/suke/chicken_core/install/emcl2/share/emcl2/cmake/ament_cmake_export_dependencies-extras.cmake
[6.226s] -- Symlinking: /home/suke/chicken_core/install/emcl2/share/emcl2/cmake/ament_cmake_export_include_directories-extras.cmake
[6.233s] -- Symlinking: /home/suke/chicken_core/install/emcl2/share/emcl2/cmake/emcl2Config.cmake
[6.239s] -- Symlinking: /home/suke/chicken_core/install/emcl2/share/emcl2/cmake/emcl2Config-version.cmake
[6.244s] -- Symlinking: /home/suke/chicken_core/install/emcl2/share/emcl2/package.xml
[9.344s] Invoked command in '/home/suke/chicken_core/build/emcl2' returned '0': CMAKE_PREFIX_PATH=${CMAKE_PREFIX_PATH}:/home/suke/ouxt_automation/robotx_ws/install/opencv_tests:/home/suke/ouxt_automation/robotx_ws/install/detic_onnx_ros2:/opt/ros/humble /usr/bin/cmake --install /home/suke/chicken_core/build/emcl2
