[0.480s] Invoking command in '/home/suke/chicken_core/build/perception_bringup': CMAKE_PREFIX_PATH=${CMAKE_PREFIX_PATH}:/home/suke/ouxt_automation/robotx_ws/install/opencv_tests:/home/suke/ouxt_automation/robotx_ws/install/detic_onnx_ros2:/opt/ros/humble /usr/bin/cmake /home/suke/chicken_core/src/perception/perception_bringup -DAMENT_CMAKE_SYMLINK_INSTALL=1 -DCMAKE_INSTALL_PREFIX=/home/suke/chicken_core/install/perception_bringup
[0.527s] -- The C compiler identification is GNU 11.4.0
[0.582s] -- The CXX compiler identification is GNU 11.4.0
[0.591s] -- Detecting C compiler ABI info
[0.648s] -- Detecting C compiler ABI info - done
[0.654s] -- Check for working C compiler: /usr/lib/ccache/gcc - skipped
[0.655s] -- Detecting C compile features
[0.655s] -- Detecting C compile features - done
[0.657s] -- Detecting CXX compiler ABI info
[0.711s] -- Detecting CXX compiler ABI info - done
[0.719s] -- Check for working CXX compiler: /usr/lib/ccache/g++ - skipped
[0.719s] -- Detecting CXX compile features
[0.719s] -- Detecting CXX compile features - done
[0.726s] -- Found ament_cmake: 1.3.9 (/opt/ros/humble/share/ament_cmake/cmake)
[0.838s] -- Found Python3: /usr/bin/python3 (found version "3.10.12") found components: Interpreter 
[0.878s] -- Override CMake install command with custom implementation using symlinks instead of copying resources
[0.926s] -- Found ament_lint_auto: 0.12.11 (/opt/ros/humble/share/ament_lint_auto/cmake)
[0.991s] -- Added test 'lint_cmake' to check CMake code style
[0.992s] -- Added test 'xmllint' to check XML markup files
[0.993s] -- Configuring done
[0.994s] -- Generating done
[0.995s] -- Build files have been written to: /home/suke/chicken_core/build/perception_bringup
[0.998s] Invoked command in '/home/suke/chicken_core/build/perception_bringup' returned '0': CMAKE_PREFIX_PATH=${CMAKE_PREFIX_PATH}:/home/suke/ouxt_automation/robotx_ws/install/opencv_tests:/home/suke/ouxt_automation/robotx_ws/install/detic_onnx_ros2:/opt/ros/humble /usr/bin/cmake /home/suke/chicken_core/src/perception/perception_bringup -DAMENT_CMAKE_SYMLINK_INSTALL=1 -DCMAKE_INSTALL_PREFIX=/home/suke/chicken_core/install/perception_bringup
[0.999s] Invoking command in '/home/suke/chicken_core/build/perception_bringup': CMAKE_PREFIX_PATH=${CMAKE_PREFIX_PATH}:/home/suke/ouxt_automation/robotx_ws/install/opencv_tests:/home/suke/ouxt_automation/robotx_ws/install/detic_onnx_ros2:/opt/ros/humble /usr/bin/cmake --build /home/suke/chicken_core/build/perception_bringup -- -j20 -l20
[1.046s] Invoked command in '/home/suke/chicken_core/build/perception_bringup' returned '0': CMAKE_PREFIX_PATH=${CMAKE_PREFIX_PATH}:/home/suke/ouxt_automation/robotx_ws/install/opencv_tests:/home/suke/ouxt_automation/robotx_ws/install/detic_onnx_ros2:/opt/ros/humble /usr/bin/cmake --build /home/suke/chicken_core/build/perception_bringup -- -j20 -l20
[1.088s] Invoking command in '/home/suke/chicken_core/build/perception_bringup': CMAKE_PREFIX_PATH=${CMAKE_PREFIX_PATH}:/home/suke/ouxt_automation/robotx_ws/install/opencv_tests:/home/suke/ouxt_automation/robotx_ws/install/detic_onnx_ros2:/opt/ros/humble /usr/bin/cmake --install /home/suke/chicken_core/build/perception_bringup
[1.095s] -- Install configuration: ""
[1.095s] -- Execute custom install script
[1.095s] -- Symlinking: /home/suke/chicken_core/install/perception_bringup/share/ament_index/resource_index/package_run_dependencies/perception_bringup
[1.102s] -- Symlinking: /home/suke/chicken_core/install/perception_bringup/share/ament_index/resource_index/parent_prefix_path/perception_bringup
[1.109s] -- Symlinking: /home/suke/chicken_core/install/perception_bringup/share/perception_bringup/environment/ament_prefix_path.sh
[1.116s] -- Symlinking: /home/suke/chicken_core/install/perception_bringup/share/perception_bringup/environment/ament_prefix_path.dsv
[1.122s] -- Symlinking: /home/suke/chicken_core/install/perception_bringup/share/perception_bringup/environment/path.sh
[1.129s] -- Symlinking: /home/suke/chicken_core/install/perception_bringup/share/perception_bringup/environment/path.dsv
[1.135s] -- Symlinking: /home/suke/chicken_core/install/perception_bringup/share/perception_bringup/local_setup.bash
[1.144s] -- Symlinking: /home/suke/chicken_core/install/perception_bringup/share/perception_bringup/local_setup.sh
[1.151s] -- Symlinking: /home/suke/chicken_core/install/perception_bringup/share/perception_bringup/local_setup.zsh
[1.158s] -- Symlinking: /home/suke/chicken_core/install/perception_bringup/share/perception_bringup/local_setup.dsv
[1.166s] -- Symlinking: /home/suke/chicken_core/install/perception_bringup/share/perception_bringup/package.dsv
[1.173s] -- Symlinking: /home/suke/chicken_core/install/perception_bringup/share/ament_index/resource_index/packages/perception_bringup
[1.179s] -- Symlinking: /home/suke/chicken_core/install/perception_bringup/share/perception_bringup/cmake/perception_bringupConfig.cmake
[1.186s] -- Symlinking: /home/suke/chicken_core/install/perception_bringup/share/perception_bringup/cmake/perception_bringupConfig-version.cmake
[1.195s] -- Symlinking: /home/suke/chicken_core/install/perception_bringup/share/perception_bringup/package.xml
[1.203s] Invoked command in '/home/suke/chicken_core/build/perception_bringup' returned '0': CMAKE_PREFIX_PATH=${CMAKE_PREFIX_PATH}:/home/suke/ouxt_automation/robotx_ws/install/opencv_tests:/home/suke/ouxt_automation/robotx_ws/install/detic_onnx_ros2:/opt/ros/humble /usr/bin/cmake --install /home/suke/chicken_core/build/perception_bringup
