[0.788s] Invoking command in '/home/suke/chicken_core/build/yolov10_ros': PYTHONPATH=/home/suke/chicken_core/build/yolov10_ros/prefix_override:/usr/lib/python3/dist-packages/colcon_core/task/python/colcon_distutils_commands:/home/suke/chicken_core/install/yolov10_ros/lib/python3.10/site-packages:${PYTHONPATH} /usr/bin/python3 -W ignore:setup.py install is deprecated setup.py develop --editable --build-directory /home/suke/chicken_core/build/yolov10_ros/build --no-deps symlink_data --force
[0.968s] running develop
[0.968s] /usr/lib/python3/dist-packages/setuptools/command/easy_install.py:158: EasyInstallDeprecationWarning: easy_install command is deprecated. Use build and pip and other standards-based tools.
[0.968s]   warnings.warn(
[1.082s] running egg_info
[1.082s] writing yolov10_ros.egg-info/PKG-INFO
[1.082s] writing dependency_links to yolov10_ros.egg-info/dependency_links.txt
[1.082s] writing entry points to yolov10_ros.egg-info/entry_points.txt
[1.082s] writing requirements to yolov10_ros.egg-info/requires.txt
[1.082s] writing top-level names to yolov10_ros.egg-info/top_level.txt
[1.083s] reading manifest file 'yolov10_ros.egg-info/SOURCES.txt'
[1.084s] writing manifest file 'yolov10_ros.egg-info/SOURCES.txt'
[1.085s] running build_ext
[1.085s] Creating /home/suke/chicken_core/install/yolov10_ros/lib/python3.10/site-packages/yolov10-ros.egg-link (link to .)
[1.086s] Installing yolov10_node script to /home/suke/chicken_core/install/yolov10_ros/lib/yolov10_ros
[1.086s] 
[1.086s] Installed /home/suke/chicken_core/build/yolov10_ros
[1.086s] running symlink_data
[1.086s] symbolically linking /home/suke/chicken_core/build/yolov10_ros/resource/yolov10_ros -> /home/suke/chicken_core/install/yolov10_ros/share/ament_index/resource_index/packages
[1.086s] symbolically linking /home/suke/chicken_core/build/yolov10_ros/package.xml -> /home/suke/chicken_core/install/yolov10_ros/share/yolov10_ros
[1.107s] Invoked command in '/home/suke/chicken_core/build/yolov10_ros' returned '0': PYTHONPATH=/home/suke/chicken_core/build/yolov10_ros/prefix_override:/usr/lib/python3/dist-packages/colcon_core/task/python/colcon_distutils_commands:/home/suke/chicken_core/install/yolov10_ros/lib/python3.10/site-packages:${PYTHONPATH} /usr/bin/python3 -W ignore:setup.py install is deprecated setup.py develop --editable --build-directory /home/suke/chicken_core/build/yolov10_ros/build --no-deps symlink_data --force
