running develop
Removing /home/suke/chicken_core/install/cart_controller/lib/python3.10/site-packages/cart-controller.egg-link (link to .)
running egg_info
writing ../../../build/cart_controller/cart_controller.egg-info/PKG-INFO
writing dependency_links to ../../../build/cart_controller/cart_controller.egg-info/dependency_links.txt
writing entry points to ../../../build/cart_controller/cart_controller.egg-info/entry_points.txt
writing requirements to ../../../build/cart_controller/cart_controller.egg-info/requires.txt
writing top-level names to ../../../build/cart_controller/cart_controller.egg-info/top_level.txt
reading manifest file '../../../build/cart_controller/cart_controller.egg-info/SOURCES.txt'
adding license file 'LICENSE'
writing manifest file '../../../build/cart_controller/cart_controller.egg-info/SOURCES.txt'
running build
running build_py
creating /home/suke/chicken_core/build/cart_controller/build
creating /home/suke/chicken_core/build/cart_controller/build/lib
creating /home/suke/chicken_core/build/cart_controller/build/lib/cart_controller
copying cart_controller/__init__.py -> /home/suke/chicken_core/build/cart_controller/build/lib/cart_controller
copying cart_controller/controller_node.py -> /home/suke/chicken_core/build/cart_controller/build/lib/cart_controller
running install
running install_lib
creating /home/suke/chicken_core/install/cart_controller/lib/python3.10/site-packages/cart_controller
copying /home/suke/chicken_core/build/cart_controller/build/lib/cart_controller/__init__.py -> /home/suke/chicken_core/install/cart_controller/lib/python3.10/site-packages/cart_controller
copying /home/suke/chicken_core/build/cart_controller/build/lib/cart_controller/controller_node.py -> /home/suke/chicken_core/install/cart_controller/lib/python3.10/site-packages/cart_controller
byte-compiling /home/suke/chicken_core/install/cart_controller/lib/python3.10/site-packages/cart_controller/__init__.py to __init__.cpython-310.pyc
byte-compiling /home/suke/chicken_core/install/cart_controller/lib/python3.10/site-packages/cart_controller/controller_node.py to controller_node.cpython-310.pyc
running install_data
copying resource/cart_controller -> /home/suke/chicken_core/install/cart_controller/share/ament_index/resource_index/packages
copying package.xml -> /home/suke/chicken_core/install/cart_controller/share/cart_controller
copying launch/cart_launch.py -> /home/suke/chicken_core/install/cart_controller/share/cart_controller
running install_egg_info
Copying ../../../build/cart_controller/cart_controller.egg-info to /home/suke/chicken_core/install/cart_controller/lib/python3.10/site-packages/cart_controller-0.0.0-py3.10.egg-info
running install_scripts
Installing controller_node script to /home/suke/chicken_core/install/cart_controller/lib/cart_controller
writing list of installed files to '/home/suke/chicken_core/build/cart_controller/install.log'
