-- The C compiler identification is GNU 11.4.0
-- The CXX compiler identification is GNU 11.4.0
-- Detecting C compiler ABI info
-- Detecting C compiler ABI info - done
-- Check for working C compiler: /usr/lib/ccache/gcc - skipped
-- Detecting C compile features
-- Detecting C compile features - done
-- Detecting CXX compiler ABI info
-- Detecting CXX compiler ABI info - done
-- Check for working CXX compiler: /usr/lib/ccache/g++ - skipped
-- Detecting CXX compile features
-- Detecting CXX compile features - done
-- Found ament_cmake: 1.3.9 (/opt/ros/humble/share/ament_cmake/cmake)
-- Found Python3: /usr/bin/python3 (found version "3.10.12") found components: Interpreter 
-- Override CMake install command with custom implementation using symlinks instead of copying resources
-- Found rosidl_default_generators: 1.2.0 (/opt/ros/humble/share/rosidl_default_generators/cmake)
-- Using all available rosidl_typesupport_c: rosidl_typesupport_fastrtps_c;rosidl_typesupport_introspection_c
-- Found rosidl_adapter: 3.1.5 (/opt/ros/humble/share/rosidl_adapter/cmake)
-- Using all available rosidl_typesupport_cpp: rosidl_typesupport_fastrtps_cpp;rosidl_typesupport_introspection_cpp
-- Found std_msgs: 4.2.4 (/opt/ros/humble/share/std_msgs/cmake)
-- Found geometry_msgs: 4.2.4 (/opt/ros/humble/share/geometry_msgs/cmake)
-- Found ament_cmake_ros: 0.10.0 (/opt/ros/humble/share/ament_cmake_ros/cmake)
-- Using all available rosidl_typesupport_c: rosidl_typesupport_fastrtps_c;rosidl_typesupport_introspection_c
-- Using all available rosidl_typesupport_cpp: rosidl_typesupport_fastrtps_cpp;rosidl_typesupport_introspection_cpp
-- Found PythonInterp: /usr/bin/python3 (found suitable version "3.10.12", minimum required is "3.6") 
-- Found python_cmake_module: 0.10.0 (/opt/ros/humble/share/python_cmake_module/cmake)
-- Found PythonLibs: /usr/lib/x86_64-linux-gnu/libpython3.10.so (found suitable version "3.10.12", minimum required is "3.5") 
-- Using PYTHON_EXECUTABLE: /usr/bin/python3
-- Using PYTHON_INCLUDE_DIRS: /usr/include/python3.10
-- Using PYTHON_LIBRARIES: /usr/lib/x86_64-linux-gnu/libpython3.10.so
-- Found PythonExtra: .so  
-- Configuring done
-- Generating done
-- Build files have been written to: /home/suke/chicken_core/build/yolov10_msg
[  1%] [34m[1mGenerating C code for ROS interfaces[0m
[  1%] [34m[1mGenerating C++ code for ROS interfaces[0m
[  1%] Built target ament_cmake_python_symlink_yolov10_msg
running egg_info
creating yolov10_msg.egg-info
writing yolov10_msg.egg-info/PKG-INFO
writing dependency_links to yolov10_msg.egg-info/dependency_links.txt
writing top-level names to yolov10_msg.egg-info/top_level.txt
writing manifest file 'yolov10_msg.egg-info/SOURCES.txt'
reading manifest file 'yolov10_msg.egg-info/SOURCES.txt'
writing manifest file 'yolov10_msg.egg-info/SOURCES.txt'
[  1%] Built target yolov10_msg__cpp
[  3%] [34m[1mGenerating C++ introspection for ROS interfaces[0m
[  3%] [34m[1mGenerating C++ type support for eProsima Fast-RTPS[0m
[  3%] [34m[1mGenerating C++ type support dispatch for ROS interfaces[0m
[  4%] [32mBuilding C object CMakeFiles/yolov10_msg__rosidl_generator_c.dir/rosidl_generator_c/yolov10_msg/msg/detail/vector2__functions.c.o[0m
[  8%] [32mBuilding C object CMakeFiles/yolov10_msg__rosidl_generator_c.dir/rosidl_generator_c/yolov10_msg/msg/detail/point2_d__functions.c.o[0m
[  8%] [32mBuilding C object CMakeFiles/yolov10_msg__rosidl_generator_c.dir/rosidl_generator_c/yolov10_msg/msg/detail/key_point2_d__functions.c.o[0m
[  8%] [32mBuilding C object CMakeFiles/yolov10_msg__rosidl_generator_c.dir/rosidl_generator_c/yolov10_msg/msg/detail/bounding_box3_d__functions.c.o[0m
[  8%] [32mBuilding C object CMakeFiles/yolov10_msg__rosidl_generator_c.dir/rosidl_generator_c/yolov10_msg/msg/detail/pose2_d__functions.c.o[0m
[  9%] [32mBuilding C object CMakeFiles/yolov10_msg__rosidl_generator_c.dir/rosidl_generator_c/yolov10_msg/msg/detail/bounding_box2_d__functions.c.o[0m
[  9%] [32mBuilding C object CMakeFiles/yolov10_msg__rosidl_generator_c.dir/rosidl_generator_c/yolov10_msg/msg/detail/mask__functions.c.o[0m
[ 10%] [32mBuilding C object CMakeFiles/yolov10_msg__rosidl_generator_c.dir/rosidl_generator_c/yolov10_msg/msg/detail/key_point2_d_array__functions.c.o[0m
[ 10%] [32mBuilding C object CMakeFiles/yolov10_msg__rosidl_generator_c.dir/rosidl_generator_c/yolov10_msg/msg/detail/key_point3_d_array__functions.c.o[0m
[ 11%] [32mBuilding C object CMakeFiles/yolov10_msg__rosidl_generator_c.dir/rosidl_generator_c/yolov10_msg/msg/detail/key_point3_d__functions.c.o[0m
[ 12%] [32mBuilding C object CMakeFiles/yolov10_msg__rosidl_generator_c.dir/rosidl_generator_c/yolov10_msg/msg/detail/detection__functions.c.o[0m
[ 13%] [32mBuilding C object CMakeFiles/yolov10_msg__rosidl_generator_c.dir/rosidl_generator_c/yolov10_msg/msg/detail/detection_array__functions.c.o[0m
[ 17%] [32mBuilding CXX object CMakeFiles/yolov10_msg__rosidl_typesupport_cpp.dir/rosidl_typesupport_cpp/yolov10_msg/msg/pose2_d__type_support.cpp.o[0m
[ 17%] [32mBuilding CXX object CMakeFiles/yolov10_msg__rosidl_typesupport_cpp.dir/rosidl_typesupport_cpp/yolov10_msg/msg/point2_d__type_support.cpp.o[0m
[ 17%] [32mBuilding CXX object CMakeFiles/yolov10_msg__rosidl_typesupport_cpp.dir/rosidl_typesupport_cpp/yolov10_msg/msg/vector2__type_support.cpp.o[0m
[ 17%] [32mBuilding CXX object CMakeFiles/yolov10_msg__rosidl_typesupport_cpp.dir/rosidl_typesupport_cpp/yolov10_msg/msg/bounding_box2_d__type_support.cpp.o[0m
[ 17%] [32mBuilding CXX object CMakeFiles/yolov10_msg__rosidl_typesupport_cpp.dir/rosidl_typesupport_cpp/yolov10_msg/msg/bounding_box3_d__type_support.cpp.o[0m
[ 17%] [32mBuilding CXX object CMakeFiles/yolov10_msg__rosidl_typesupport_introspection_cpp.dir/rosidl_typesupport_introspection_cpp/yolov10_msg/msg/detail/point2_d__type_support.cpp.o[0m
[ 18%] [32mBuilding CXX object CMakeFiles/yolov10_msg__rosidl_typesupport_fastrtps_cpp.dir/rosidl_typesupport_fastrtps_cpp/yolov10_msg/msg/detail/dds_fastrtps/point2_d__type_support.cpp.o[0m
[ 20%] [32mBuilding CXX object CMakeFiles/yolov10_msg__rosidl_typesupport_fastrtps_cpp.dir/rosidl_typesupport_fastrtps_cpp/yolov10_msg/msg/detail/dds_fastrtps/bounding_box2_d__type_support.cpp.o[0m
[ 20%] [32mBuilding CXX object CMakeFiles/yolov10_msg__rosidl_typesupport_introspection_cpp.dir/rosidl_typesupport_introspection_cpp/yolov10_msg/msg/detail/vector2__type_support.cpp.o[0m
[ 22%] [32mBuilding CXX object CMakeFiles/yolov10_msg__rosidl_typesupport_fastrtps_cpp.dir/rosidl_typesupport_fastrtps_cpp/yolov10_msg/msg/detail/dds_fastrtps/pose2_d__type_support.cpp.o[0m
[ 22%] [32mBuilding CXX object CMakeFiles/yolov10_msg__rosidl_typesupport_fastrtps_cpp.dir/rosidl_typesupport_fastrtps_cpp/yolov10_msg/msg/detail/dds_fastrtps/bounding_box3_d__type_support.cpp.o[0m
[ 23%] [32mBuilding CXX object CMakeFiles/yolov10_msg__rosidl_typesupport_cpp.dir/rosidl_typesupport_cpp/yolov10_msg/msg/key_point2_d_array__type_support.cpp.o[0m
[ 24%] [32mBuilding CXX object CMakeFiles/yolov10_msg__rosidl_typesupport_fastrtps_cpp.dir/rosidl_typesupport_fastrtps_cpp/yolov10_msg/msg/detail/dds_fastrtps/vector2__type_support.cpp.o[0m
[ 31%] [32mBuilding CXX object CMakeFiles/yolov10_msg__rosidl_typesupport_introspection_cpp.dir/rosidl_typesupport_introspection_cpp/yolov10_msg/msg/detail/bounding_box3_d__type_support.cpp.o[0m
[ 31%] [32mBuilding CXX object CMakeFiles/yolov10_msg__rosidl_typesupport_cpp.dir/rosidl_typesupport_cpp/yolov10_msg/msg/mask__type_support.cpp.o[0m
[ 31%] [32mBuilding CXX object CMakeFiles/yolov10_msg__rosidl_typesupport_cpp.dir/rosidl_typesupport_cpp/yolov10_msg/msg/key_point2_d__type_support.cpp.o[0m
[ 31%] [32mBuilding CXX object CMakeFiles/yolov10_msg__rosidl_typesupport_fastrtps_cpp.dir/rosidl_typesupport_fastrtps_cpp/yolov10_msg/msg/detail/dds_fastrtps/mask__type_support.cpp.o[0m
[ 31%] [32mBuilding CXX object CMakeFiles/yolov10_msg__rosidl_typesupport_cpp.dir/rosidl_typesupport_cpp/yolov10_msg/msg/key_point3_d__type_support.cpp.o[0m
[ 31%] [32mBuilding CXX object CMakeFiles/yolov10_msg__rosidl_typesupport_introspection_cpp.dir/rosidl_typesupport_introspection_cpp/yolov10_msg/msg/detail/pose2_d__type_support.cpp.o[0m
[ 31%] [32mBuilding CXX object CMakeFiles/yolov10_msg__rosidl_typesupport_fastrtps_cpp.dir/rosidl_typesupport_fastrtps_cpp/yolov10_msg/msg/detail/dds_fastrtps/key_point2_d__type_support.cpp.o[0m
[ 31%] [32mBuilding CXX object CMakeFiles/yolov10_msg__rosidl_typesupport_introspection_cpp.dir/rosidl_typesupport_introspection_cpp/yolov10_msg/msg/detail/bounding_box2_d__type_support.cpp.o[0m
[ 32%] [32mBuilding CXX object CMakeFiles/yolov10_msg__rosidl_typesupport_introspection_cpp.dir/rosidl_typesupport_introspection_cpp/yolov10_msg/msg/detail/mask__type_support.cpp.o[0m
[ 33%] [32mBuilding CXX object CMakeFiles/yolov10_msg__rosidl_typesupport_cpp.dir/rosidl_typesupport_cpp/yolov10_msg/msg/key_point3_d_array__type_support.cpp.o[0m
[ 34%] [32m[1mLinking C shared library libyolov10_msg__rosidl_generator_c.so[0m
[ 34%] Built target ament_cmake_python_build_yolov10_msg_egg
[ 34%] [32mBuilding CXX object CMakeFiles/yolov10_msg__rosidl_typesupport_introspection_cpp.dir/rosidl_typesupport_introspection_cpp/yolov10_msg/msg/detail/key_point2_d__type_support.cpp.o[0m
[ 35%] [32mBuilding CXX object CMakeFiles/yolov10_msg__rosidl_typesupport_cpp.dir/rosidl_typesupport_cpp/yolov10_msg/msg/detection__type_support.cpp.o[0m
[ 36%] [32mBuilding CXX object CMakeFiles/yolov10_msg__rosidl_typesupport_introspection_cpp.dir/rosidl_typesupport_introspection_cpp/yolov10_msg/msg/detail/key_point2_d_array__type_support.cpp.o[0m
[ 36%] [32mBuilding CXX object CMakeFiles/yolov10_msg__rosidl_typesupport_fastrtps_cpp.dir/rosidl_typesupport_fastrtps_cpp/yolov10_msg/msg/detail/dds_fastrtps/key_point2_d_array__type_support.cpp.o[0m
[ 37%] [32mBuilding CXX object CMakeFiles/yolov10_msg__rosidl_typesupport_introspection_cpp.dir/rosidl_typesupport_introspection_cpp/yolov10_msg/msg/detail/key_point3_d__type_support.cpp.o[0m
[ 38%] [32mBuilding CXX object CMakeFiles/yolov10_msg__rosidl_typesupport_cpp.dir/rosidl_typesupport_cpp/yolov10_msg/msg/detection_array__type_support.cpp.o[0m
[ 39%] [32mBuilding CXX object CMakeFiles/yolov10_msg__rosidl_typesupport_introspection_cpp.dir/rosidl_typesupport_introspection_cpp/yolov10_msg/msg/detail/key_point3_d_array__type_support.cpp.o[0m
[ 40%] [32mBuilding CXX object CMakeFiles/yolov10_msg__rosidl_typesupport_fastrtps_cpp.dir/rosidl_typesupport_fastrtps_cpp/yolov10_msg/msg/detail/dds_fastrtps/key_point3_d__type_support.cpp.o[0m
[ 41%] [32mBuilding CXX object CMakeFiles/yolov10_msg__rosidl_typesupport_fastrtps_cpp.dir/rosidl_typesupport_fastrtps_cpp/yolov10_msg/msg/detail/dds_fastrtps/key_point3_d_array__type_support.cpp.o[0m
[ 42%] [32mBuilding CXX object CMakeFiles/yolov10_msg__rosidl_typesupport_fastrtps_cpp.dir/rosidl_typesupport_fastrtps_cpp/yolov10_msg/msg/detail/dds_fastrtps/detection__type_support.cpp.o[0m
[ 43%] [32mBuilding CXX object CMakeFiles/yolov10_msg__rosidl_typesupport_introspection_cpp.dir/rosidl_typesupport_introspection_cpp/yolov10_msg/msg/detail/detection__type_support.cpp.o[0m
[ 44%] [32mBuilding CXX object CMakeFiles/yolov10_msg__rosidl_typesupport_introspection_cpp.dir/rosidl_typesupport_introspection_cpp/yolov10_msg/msg/detail/detection_array__type_support.cpp.o[0m
[ 45%] [32m[1mLinking CXX shared library libyolov10_msg__rosidl_typesupport_introspection_cpp.so[0m
[ 45%] [32mBuilding CXX object CMakeFiles/yolov10_msg__rosidl_typesupport_fastrtps_cpp.dir/rosidl_typesupport_fastrtps_cpp/yolov10_msg/msg/detail/dds_fastrtps/detection_array__type_support.cpp.o[0m
[ 46%] [32m[1mLinking CXX shared library libyolov10_msg__rosidl_typesupport_cpp.so[0m
[ 46%] Built target yolov10_msg__rosidl_generator_c
[ 47%] [34m[1mGenerating C type support for eProsima Fast-RTPS[0m
[ 48%] [34m[1mGenerating C introspection for ROS interfaces[0m
[ 49%] [34m[1mGenerating C type support dispatch for ROS interfaces[0m
[ 50%] [32m[1mLinking CXX shared library libyolov10_msg__rosidl_typesupport_fastrtps_cpp.so[0m
[ 50%] Built target yolov10_msg__rosidl_typesupport_cpp
[ 50%] Built target yolov10_msg__rosidl_typesupport_introspection_cpp
[ 50%] Built target yolov10_msg__rosidl_typesupport_fastrtps_cpp
[ 51%] [32mBuilding CXX object CMakeFiles/yolov10_msg__rosidl_typesupport_c.dir/rosidl_typesupport_c/yolov10_msg/msg/vector2__type_support.cpp.o[0m
[ 51%] [32mBuilding CXX object CMakeFiles/yolov10_msg__rosidl_typesupport_c.dir/rosidl_typesupport_c/yolov10_msg/msg/point2_d__type_support.cpp.o[0m
[ 52%] [32mBuilding CXX object CMakeFiles/yolov10_msg__rosidl_typesupport_c.dir/rosidl_typesupport_c/yolov10_msg/msg/bounding_box2_d__type_support.cpp.o[0m
[ 53%] [32mBuilding CXX object CMakeFiles/yolov10_msg__rosidl_typesupport_c.dir/rosidl_typesupport_c/yolov10_msg/msg/pose2_d__type_support.cpp.o[0m
[ 55%] [32mBuilding CXX object CMakeFiles/yolov10_msg__rosidl_typesupport_c.dir/rosidl_typesupport_c/yolov10_msg/msg/bounding_box3_d__type_support.cpp.o[0m
[ 55%] [32mBuilding CXX object CMakeFiles/yolov10_msg__rosidl_typesupport_c.dir/rosidl_typesupport_c/yolov10_msg/msg/mask__type_support.cpp.o[0m
[ 56%] [32mBuilding CXX object CMakeFiles/yolov10_msg__rosidl_typesupport_c.dir/rosidl_typesupport_c/yolov10_msg/msg/detection_array__type_support.cpp.o[0m
[ 57%] [32mBuilding CXX object CMakeFiles/yolov10_msg__rosidl_typesupport_c.dir/rosidl_typesupport_c/yolov10_msg/msg/detection__type_support.cpp.o[0m
[ 58%] [32mBuilding CXX object CMakeFiles/yolov10_msg__rosidl_typesupport_c.dir/rosidl_typesupport_c/yolov10_msg/msg/key_point2_d_array__type_support.cpp.o[0m
[ 58%] [32mBuilding CXX object CMakeFiles/yolov10_msg__rosidl_typesupport_c.dir/rosidl_typesupport_c/yolov10_msg/msg/key_point3_d__type_support.cpp.o[0m
[ 59%] [32mBuilding CXX object CMakeFiles/yolov10_msg__rosidl_typesupport_c.dir/rosidl_typesupport_c/yolov10_msg/msg/key_point2_d__type_support.cpp.o[0m
[ 60%] [32mBuilding CXX object CMakeFiles/yolov10_msg__rosidl_typesupport_c.dir/rosidl_typesupport_c/yolov10_msg/msg/key_point3_d_array__type_support.cpp.o[0m
[ 61%] [32mBuilding CXX object CMakeFiles/yolov10_msg__rosidl_typesupport_fastrtps_c.dir/rosidl_typesupport_fastrtps_c/yolov10_msg/msg/detail/bounding_box2_d__type_support_c.cpp.o[0m
[ 61%] [32mBuilding CXX object CMakeFiles/yolov10_msg__rosidl_typesupport_fastrtps_c.dir/rosidl_typesupport_fastrtps_c/yolov10_msg/msg/detail/pose2_d__type_support_c.cpp.o[0m
[ 62%] [32mBuilding CXX object CMakeFiles/yolov10_msg__rosidl_typesupport_fastrtps_c.dir/rosidl_typesupport_fastrtps_c/yolov10_msg/msg/detail/vector2__type_support_c.cpp.o[0m
[ 63%] [32mBuilding CXX object CMakeFiles/yolov10_msg__rosidl_typesupport_fastrtps_c.dir/rosidl_typesupport_fastrtps_c/yolov10_msg/msg/detail/point2_d__type_support_c.cpp.o[0m
[ 64%] [32m[1mLinking CXX shared library libyolov10_msg__rosidl_typesupport_c.so[0m
[ 65%] [32mBuilding CXX object CMakeFiles/yolov10_msg__rosidl_typesupport_fastrtps_c.dir/rosidl_typesupport_fastrtps_c/yolov10_msg/msg/detail/bounding_box3_d__type_support_c.cpp.o[0m
[ 66%] [32mBuilding CXX object CMakeFiles/yolov10_msg__rosidl_typesupport_fastrtps_c.dir/rosidl_typesupport_fastrtps_c/yolov10_msg/msg/detail/key_point3_d_array__type_support_c.cpp.o[0m
[ 67%] [32mBuilding CXX object CMakeFiles/yolov10_msg__rosidl_typesupport_fastrtps_c.dir/rosidl_typesupport_fastrtps_c/yolov10_msg/msg/detail/key_point2_d__type_support_c.cpp.o[0m
[ 68%] [32mBuilding CXX object CMakeFiles/yolov10_msg__rosidl_typesupport_fastrtps_c.dir/rosidl_typesupport_fastrtps_c/yolov10_msg/msg/detail/key_point3_d__type_support_c.cpp.o[0m
[ 69%] [32mBuilding CXX object CMakeFiles/yolov10_msg__rosidl_typesupport_fastrtps_c.dir/rosidl_typesupport_fastrtps_c/yolov10_msg/msg/detail/key_point2_d_array__type_support_c.cpp.o[0m
[ 69%] [32mBuilding CXX object CMakeFiles/yolov10_msg__rosidl_typesupport_fastrtps_c.dir/rosidl_typesupport_fastrtps_c/yolov10_msg/msg/detail/mask__type_support_c.cpp.o[0m
[ 70%] [32mBuilding CXX object CMakeFiles/yolov10_msg__rosidl_typesupport_fastrtps_c.dir/rosidl_typesupport_fastrtps_c/yolov10_msg/msg/detail/detection__type_support_c.cpp.o[0m
[ 71%] [32mBuilding CXX object CMakeFiles/yolov10_msg__rosidl_typesupport_fastrtps_c.dir/rosidl_typesupport_fastrtps_c/yolov10_msg/msg/detail/detection_array__type_support_c.cpp.o[0m
[ 72%] [32mBuilding C object CMakeFiles/yolov10_msg__rosidl_typesupport_introspection_c.dir/rosidl_typesupport_introspection_c/yolov10_msg/msg/detail/pose2_d__type_support.c.o[0m
[ 72%] [32mBuilding C object CMakeFiles/yolov10_msg__rosidl_typesupport_introspection_c.dir/rosidl_typesupport_introspection_c/yolov10_msg/msg/detail/bounding_box2_d__type_support.c.o[0m
[ 75%] [32mBuilding C object CMakeFiles/yolov10_msg__rosidl_typesupport_introspection_c.dir/rosidl_typesupport_introspection_c/yolov10_msg/msg/detail/bounding_box3_d__type_support.c.o[0m
[ 75%] [32mBuilding C object CMakeFiles/yolov10_msg__rosidl_typesupport_introspection_c.dir/rosidl_typesupport_introspection_c/yolov10_msg/msg/detail/point2_d__type_support.c.o[0m
[ 75%] [32mBuilding C object CMakeFiles/yolov10_msg__rosidl_typesupport_introspection_c.dir/rosidl_typesupport_introspection_c/yolov10_msg/msg/detail/mask__type_support.c.o[0m
[ 76%] [32mBuilding C object CMakeFiles/yolov10_msg__rosidl_typesupport_introspection_c.dir/rosidl_typesupport_introspection_c/yolov10_msg/msg/detail/vector2__type_support.c.o[0m
[ 77%] [32mBuilding C object CMakeFiles/yolov10_msg__rosidl_typesupport_introspection_c.dir/rosidl_typesupport_introspection_c/yolov10_msg/msg/detail/key_point2_d__type_support.c.o[0m
[ 78%] [32mBuilding C object CMakeFiles/yolov10_msg__rosidl_typesupport_introspection_c.dir/rosidl_typesupport_introspection_c/yolov10_msg/msg/detail/key_point2_d_array__type_support.c.o[0m
[ 79%] [32mBuilding C object CMakeFiles/yolov10_msg__rosidl_typesupport_introspection_c.dir/rosidl_typesupport_introspection_c/yolov10_msg/msg/detail/key_point3_d__type_support.c.o[0m
[ 80%] [32mBuilding C object CMakeFiles/yolov10_msg__rosidl_typesupport_introspection_c.dir/rosidl_typesupport_introspection_c/yolov10_msg/msg/detail/detection_array__type_support.c.o[0m
[ 80%] [32mBuilding C object CMakeFiles/yolov10_msg__rosidl_typesupport_introspection_c.dir/rosidl_typesupport_introspection_c/yolov10_msg/msg/detail/detection__type_support.c.o[0m
[ 81%] [32mBuilding C object CMakeFiles/yolov10_msg__rosidl_typesupport_introspection_c.dir/rosidl_typesupport_introspection_c/yolov10_msg/msg/detail/key_point3_d_array__type_support.c.o[0m
[ 82%] [32m[1mLinking CXX shared library libyolov10_msg__rosidl_typesupport_fastrtps_c.so[0m
[ 82%] Built target yolov10_msg__rosidl_typesupport_c
[ 83%] [32m[1mLinking C shared library libyolov10_msg__rosidl_typesupport_introspection_c.so[0m
[ 83%] Built target yolov10_msg__rosidl_typesupport_fastrtps_c
[ 83%] Built target yolov10_msg__rosidl_typesupport_introspection_c
[ 83%] Built target yolov10_msg
[ 84%] [34m[1mGenerating Python code for ROS interfaces[0m
[ 84%] Built target yolov10_msg__py
[ 87%] [32mBuilding C object CMakeFiles/yolov10_msg__rosidl_generator_py.dir/rosidl_generator_py/yolov10_msg/msg/_vector2_s.c.o[0m
[ 87%] [32mBuilding C object CMakeFiles/yolov10_msg__rosidl_generator_py.dir/rosidl_generator_py/yolov10_msg/msg/_point2_d_s.c.o[0m
[ 87%] [32mBuilding C object CMakeFiles/yolov10_msg__rosidl_generator_py.dir/rosidl_generator_py/yolov10_msg/msg/_bounding_box2_d_s.c.o[0m
[ 87%] [32mBuilding C object CMakeFiles/yolov10_msg__rosidl_generator_py.dir/rosidl_generator_py/yolov10_msg/msg/_pose2_d_s.c.o[0m
[ 88%] [32mBuilding C object CMakeFiles/yolov10_msg__rosidl_generator_py.dir/rosidl_generator_py/yolov10_msg/msg/_bounding_box3_d_s.c.o[0m
[ 89%] [32mBuilding C object CMakeFiles/yolov10_msg__rosidl_generator_py.dir/rosidl_generator_py/yolov10_msg/msg/_key_point3_d_s.c.o[0m
[ 90%] [32mBuilding C object CMakeFiles/yolov10_msg__rosidl_generator_py.dir/rosidl_generator_py/yolov10_msg/msg/_mask_s.c.o[0m
[ 91%] [32mBuilding C object CMakeFiles/yolov10_msg__rosidl_generator_py.dir/rosidl_generator_py/yolov10_msg/msg/_key_point2_d_s.c.o[0m
[ 91%] [32mBuilding C object CMakeFiles/yolov10_msg__rosidl_generator_py.dir/rosidl_generator_py/yolov10_msg/msg/_key_point3_d_array_s.c.o[0m
[ 92%] [32mBuilding C object CMakeFiles/yolov10_msg__rosidl_generator_py.dir/rosidl_generator_py/yolov10_msg/msg/_detection_array_s.c.o[0m
[ 93%] [32mBuilding C object CMakeFiles/yolov10_msg__rosidl_generator_py.dir/rosidl_generator_py/yolov10_msg/msg/_key_point2_d_array_s.c.o[0m
[ 94%] [32mBuilding C object CMakeFiles/yolov10_msg__rosidl_generator_py.dir/rosidl_generator_py/yolov10_msg/msg/_detection_s.c.o[0m
[ 95%] [32m[1mLinking C shared library rosidl_generator_py/yolov10_msg/libyolov10_msg__rosidl_generator_py.so[0m
[ 95%] Built target yolov10_msg__rosidl_generator_py
[ 97%] [32mBuilding C object CMakeFiles/yolov10_msg__rosidl_typesupport_introspection_c__pyext.dir/rosidl_generator_py/yolov10_msg/_yolov10_msg_s.ep.rosidl_typesupport_introspection_c.c.o[0m
[ 97%] [32mBuilding C object CMakeFiles/yolov10_msg__rosidl_typesupport_fastrtps_c__pyext.dir/rosidl_generator_py/yolov10_msg/_yolov10_msg_s.ep.rosidl_typesupport_fastrtps_c.c.o[0m
[ 97%] [32mBuilding C object CMakeFiles/yolov10_msg__rosidl_typesupport_c__pyext.dir/rosidl_generator_py/yolov10_msg/_yolov10_msg_s.ep.rosidl_typesupport_c.c.o[0m
[ 98%] [32m[1mLinking C shared library rosidl_generator_py/yolov10_msg/yolov10_msg_s__rosidl_typesupport_c.cpython-310-x86_64-linux-gnu.so[0m
[ 99%] [32m[1mLinking C shared library rosidl_generator_py/yolov10_msg/yolov10_msg_s__rosidl_typesupport_fastrtps_c.cpython-310-x86_64-linux-gnu.so[0m
[100%] [32m[1mLinking C shared library rosidl_generator_py/yolov10_msg/yolov10_msg_s__rosidl_typesupport_introspection_c.cpython-310-x86_64-linux-gnu.so[0m
[100%] Built target yolov10_msg__rosidl_typesupport_fastrtps_c__pyext
[100%] Built target yolov10_msg__rosidl_typesupport_c__pyext
[100%] Built target yolov10_msg__rosidl_typesupport_introspection_c__pyext
-- Install configuration: ""
-- Execute custom install script
-- Symlinking: /home/suke/chicken_core/install/yolov10_msg/share/ament_index/resource_index/rosidl_interfaces/yolov10_msg
-- Symlinking: /home/suke/chicken_core/install/yolov10_msg/include/yolov10_msg/yolov10_msg/msg/bounding_box2_d.h
-- Symlinking: /home/suke/chicken_core/install/yolov10_msg/include/yolov10_msg/yolov10_msg/msg/bounding_box3_d.h
-- Symlinking: /home/suke/chicken_core/install/yolov10_msg/include/yolov10_msg/yolov10_msg/msg/detail/bounding_box2_d__functions.h
-- Symlinking: /home/suke/chicken_core/install/yolov10_msg/include/yolov10_msg/yolov10_msg/msg/detail/bounding_box2_d__struct.h
-- Symlinking: /home/suke/chicken_core/install/yolov10_msg/include/yolov10_msg/yolov10_msg/msg/detail/bounding_box2_d__type_support.h
-- Symlinking: /home/suke/chicken_core/install/yolov10_msg/include/yolov10_msg/yolov10_msg/msg/detail/bounding_box3_d__functions.h
-- Symlinking: /home/suke/chicken_core/install/yolov10_msg/include/yolov10_msg/yolov10_msg/msg/detail/bounding_box3_d__struct.h
-- Symlinking: /home/suke/chicken_core/install/yolov10_msg/include/yolov10_msg/yolov10_msg/msg/detail/bounding_box3_d__type_support.h
-- Symlinking: /home/suke/chicken_core/install/yolov10_msg/include/yolov10_msg/yolov10_msg/msg/detail/detection__functions.h
-- Symlinking: /home/suke/chicken_core/install/yolov10_msg/include/yolov10_msg/yolov10_msg/msg/detail/detection__struct.h
-- Symlinking: /home/suke/chicken_core/install/yolov10_msg/include/yolov10_msg/yolov10_msg/msg/detail/detection__type_support.h
-- Symlinking: /home/suke/chicken_core/install/yolov10_msg/include/yolov10_msg/yolov10_msg/msg/detail/detection_array__functions.h
-- Symlinking: /home/suke/chicken_core/install/yolov10_msg/include/yolov10_msg/yolov10_msg/msg/detail/detection_array__struct.h
-- Symlinking: /home/suke/chicken_core/install/yolov10_msg/include/yolov10_msg/yolov10_msg/msg/detail/detection_array__type_support.h
-- Symlinking: /home/suke/chicken_core/install/yolov10_msg/include/yolov10_msg/yolov10_msg/msg/detail/key_point2_d__functions.h
-- Symlinking: /home/suke/chicken_core/install/yolov10_msg/include/yolov10_msg/yolov10_msg/msg/detail/key_point2_d__struct.h
-- Symlinking: /home/suke/chicken_core/install/yolov10_msg/include/yolov10_msg/yolov10_msg/msg/detail/key_point2_d__type_support.h
-- Symlinking: /home/suke/chicken_core/install/yolov10_msg/include/yolov10_msg/yolov10_msg/msg/detail/key_point2_d_array__functions.h
-- Symlinking: /home/suke/chicken_core/install/yolov10_msg/include/yolov10_msg/yolov10_msg/msg/detail/key_point2_d_array__struct.h
-- Symlinking: /home/suke/chicken_core/install/yolov10_msg/include/yolov10_msg/yolov10_msg/msg/detail/key_point2_d_array__type_support.h
-- Symlinking: /home/suke/chicken_core/install/yolov10_msg/include/yolov10_msg/yolov10_msg/msg/detail/key_point3_d__functions.h
-- Symlinking: /home/suke/chicken_core/install/yolov10_msg/include/yolov10_msg/yolov10_msg/msg/detail/key_point3_d__struct.h
-- Symlinking: /home/suke/chicken_core/install/yolov10_msg/include/yolov10_msg/yolov10_msg/msg/detail/key_point3_d__type_support.h
-- Symlinking: /home/suke/chicken_core/install/yolov10_msg/include/yolov10_msg/yolov10_msg/msg/detail/key_point3_d_array__functions.h
-- Symlinking: /home/suke/chicken_core/install/yolov10_msg/include/yolov10_msg/yolov10_msg/msg/detail/key_point3_d_array__struct.h
-- Symlinking: /home/suke/chicken_core/install/yolov10_msg/include/yolov10_msg/yolov10_msg/msg/detail/key_point3_d_array__type_support.h
-- Symlinking: /home/suke/chicken_core/install/yolov10_msg/include/yolov10_msg/yolov10_msg/msg/detail/mask__functions.h
-- Symlinking: /home/suke/chicken_core/install/yolov10_msg/include/yolov10_msg/yolov10_msg/msg/detail/mask__struct.h
-- Symlinking: /home/suke/chicken_core/install/yolov10_msg/include/yolov10_msg/yolov10_msg/msg/detail/mask__type_support.h
-- Symlinking: /home/suke/chicken_core/install/yolov10_msg/include/yolov10_msg/yolov10_msg/msg/detail/point2_d__functions.h
-- Symlinking: /home/suke/chicken_core/install/yolov10_msg/include/yolov10_msg/yolov10_msg/msg/detail/point2_d__struct.h
-- Symlinking: /home/suke/chicken_core/install/yolov10_msg/include/yolov10_msg/yolov10_msg/msg/detail/point2_d__type_support.h
-- Symlinking: /home/suke/chicken_core/install/yolov10_msg/include/yolov10_msg/yolov10_msg/msg/detail/pose2_d__functions.h
-- Symlinking: /home/suke/chicken_core/install/yolov10_msg/include/yolov10_msg/yolov10_msg/msg/detail/pose2_d__struct.h
-- Symlinking: /home/suke/chicken_core/install/yolov10_msg/include/yolov10_msg/yolov10_msg/msg/detail/pose2_d__type_support.h
-- Symlinking: /home/suke/chicken_core/install/yolov10_msg/include/yolov10_msg/yolov10_msg/msg/detail/vector2__functions.h
-- Symlinking: /home/suke/chicken_core/install/yolov10_msg/include/yolov10_msg/yolov10_msg/msg/detail/vector2__struct.h
-- Symlinking: /home/suke/chicken_core/install/yolov10_msg/include/yolov10_msg/yolov10_msg/msg/detail/vector2__type_support.h
-- Symlinking: /home/suke/chicken_core/install/yolov10_msg/include/yolov10_msg/yolov10_msg/msg/detection.h
-- Symlinking: /home/suke/chicken_core/install/yolov10_msg/include/yolov10_msg/yolov10_msg/msg/detection_array.h
-- Symlinking: /home/suke/chicken_core/install/yolov10_msg/include/yolov10_msg/yolov10_msg/msg/key_point2_d.h
-- Symlinking: /home/suke/chicken_core/install/yolov10_msg/include/yolov10_msg/yolov10_msg/msg/key_point2_d_array.h
-- Symlinking: /home/suke/chicken_core/install/yolov10_msg/include/yolov10_msg/yolov10_msg/msg/key_point3_d.h
-- Symlinking: /home/suke/chicken_core/install/yolov10_msg/include/yolov10_msg/yolov10_msg/msg/key_point3_d_array.h
-- Symlinking: /home/suke/chicken_core/install/yolov10_msg/include/yolov10_msg/yolov10_msg/msg/mask.h
-- Symlinking: /home/suke/chicken_core/install/yolov10_msg/include/yolov10_msg/yolov10_msg/msg/point2_d.h
-- Symlinking: /home/suke/chicken_core/install/yolov10_msg/include/yolov10_msg/yolov10_msg/msg/pose2_d.h
-- Symlinking: /home/suke/chicken_core/install/yolov10_msg/include/yolov10_msg/yolov10_msg/msg/rosidl_generator_c__visibility_control.h
-- Symlinking: /home/suke/chicken_core/install/yolov10_msg/include/yolov10_msg/yolov10_msg/msg/vector2.h
-- Symlinking: /home/suke/chicken_core/install/yolov10_msg/share/yolov10_msg/environment/library_path.sh
-- Symlinking: /home/suke/chicken_core/install/yolov10_msg/share/yolov10_msg/environment/library_path.dsv
-- Symlinking: /home/suke/chicken_core/install/yolov10_msg/include/yolov10_msg/yolov10_msg/msg/detail/bounding_box2_d__rosidl_typesupport_fastrtps_c.h
-- Symlinking: /home/suke/chicken_core/install/yolov10_msg/include/yolov10_msg/yolov10_msg/msg/detail/bounding_box3_d__rosidl_typesupport_fastrtps_c.h
-- Symlinking: /home/suke/chicken_core/install/yolov10_msg/include/yolov10_msg/yolov10_msg/msg/detail/detection__rosidl_typesupport_fastrtps_c.h
-- Symlinking: /home/suke/chicken_core/install/yolov10_msg/include/yolov10_msg/yolov10_msg/msg/detail/detection_array__rosidl_typesupport_fastrtps_c.h
-- Symlinking: /home/suke/chicken_core/install/yolov10_msg/include/yolov10_msg/yolov10_msg/msg/detail/key_point2_d__rosidl_typesupport_fastrtps_c.h
-- Symlinking: /home/suke/chicken_core/install/yolov10_msg/include/yolov10_msg/yolov10_msg/msg/detail/key_point2_d_array__rosidl_typesupport_fastrtps_c.h
-- Symlinking: /home/suke/chicken_core/install/yolov10_msg/include/yolov10_msg/yolov10_msg/msg/detail/key_point3_d__rosidl_typesupport_fastrtps_c.h
-- Symlinking: /home/suke/chicken_core/install/yolov10_msg/include/yolov10_msg/yolov10_msg/msg/detail/key_point3_d_array__rosidl_typesupport_fastrtps_c.h
-- Symlinking: /home/suke/chicken_core/install/yolov10_msg/include/yolov10_msg/yolov10_msg/msg/detail/mask__rosidl_typesupport_fastrtps_c.h
-- Symlinking: /home/suke/chicken_core/install/yolov10_msg/include/yolov10_msg/yolov10_msg/msg/detail/point2_d__rosidl_typesupport_fastrtps_c.h
-- Symlinking: /home/suke/chicken_core/install/yolov10_msg/include/yolov10_msg/yolov10_msg/msg/detail/pose2_d__rosidl_typesupport_fastrtps_c.h
-- Symlinking: /home/suke/chicken_core/install/yolov10_msg/include/yolov10_msg/yolov10_msg/msg/detail/vector2__rosidl_typesupport_fastrtps_c.h
-- Symlinking: /home/suke/chicken_core/install/yolov10_msg/include/yolov10_msg/yolov10_msg/msg/rosidl_typesupport_fastrtps_c__visibility_control.h
-- Symlinking: /home/suke/chicken_core/install/yolov10_msg/include/yolov10_msg/yolov10_msg/msg/detail/bounding_box2_d__rosidl_typesupport_introspection_c.h
-- Symlinking: /home/suke/chicken_core/install/yolov10_msg/include/yolov10_msg/yolov10_msg/msg/detail/bounding_box3_d__rosidl_typesupport_introspection_c.h
-- Symlinking: /home/suke/chicken_core/install/yolov10_msg/include/yolov10_msg/yolov10_msg/msg/detail/detection__rosidl_typesupport_introspection_c.h
-- Symlinking: /home/suke/chicken_core/install/yolov10_msg/include/yolov10_msg/yolov10_msg/msg/detail/detection_array__rosidl_typesupport_introspection_c.h
-- Symlinking: /home/suke/chicken_core/install/yolov10_msg/include/yolov10_msg/yolov10_msg/msg/detail/key_point2_d__rosidl_typesupport_introspection_c.h
-- Symlinking: /home/suke/chicken_core/install/yolov10_msg/include/yolov10_msg/yolov10_msg/msg/detail/key_point2_d_array__rosidl_typesupport_introspection_c.h
-- Symlinking: /home/suke/chicken_core/install/yolov10_msg/include/yolov10_msg/yolov10_msg/msg/detail/key_point3_d__rosidl_typesupport_introspection_c.h
-- Symlinking: /home/suke/chicken_core/install/yolov10_msg/include/yolov10_msg/yolov10_msg/msg/detail/key_point3_d_array__rosidl_typesupport_introspection_c.h
-- Symlinking: /home/suke/chicken_core/install/yolov10_msg/include/yolov10_msg/yolov10_msg/msg/detail/mask__rosidl_typesupport_introspection_c.h
-- Symlinking: /home/suke/chicken_core/install/yolov10_msg/include/yolov10_msg/yolov10_msg/msg/detail/point2_d__rosidl_typesupport_introspection_c.h
-- Symlinking: /home/suke/chicken_core/install/yolov10_msg/include/yolov10_msg/yolov10_msg/msg/detail/pose2_d__rosidl_typesupport_introspection_c.h
-- Symlinking: /home/suke/chicken_core/install/yolov10_msg/include/yolov10_msg/yolov10_msg/msg/detail/vector2__rosidl_typesupport_introspection_c.h
-- Symlinking: /home/suke/chicken_core/install/yolov10_msg/include/yolov10_msg/yolov10_msg/msg/rosidl_typesupport_introspection_c__visibility_control.h
-- Symlinking: /home/suke/chicken_core/install/yolov10_msg/include/yolov10_msg/yolov10_msg/msg/bounding_box2_d.hpp
-- Symlinking: /home/suke/chicken_core/install/yolov10_msg/include/yolov10_msg/yolov10_msg/msg/bounding_box3_d.hpp
-- Symlinking: /home/suke/chicken_core/install/yolov10_msg/include/yolov10_msg/yolov10_msg/msg/detail/bounding_box2_d__builder.hpp
-- Symlinking: /home/suke/chicken_core/install/yolov10_msg/include/yolov10_msg/yolov10_msg/msg/detail/bounding_box2_d__struct.hpp
-- Symlinking: /home/suke/chicken_core/install/yolov10_msg/include/yolov10_msg/yolov10_msg/msg/detail/bounding_box2_d__traits.hpp
-- Symlinking: /home/suke/chicken_core/install/yolov10_msg/include/yolov10_msg/yolov10_msg/msg/detail/bounding_box3_d__builder.hpp
-- Symlinking: /home/suke/chicken_core/install/yolov10_msg/include/yolov10_msg/yolov10_msg/msg/detail/bounding_box3_d__struct.hpp
-- Symlinking: /home/suke/chicken_core/install/yolov10_msg/include/yolov10_msg/yolov10_msg/msg/detail/bounding_box3_d__traits.hpp
-- Symlinking: /home/suke/chicken_core/install/yolov10_msg/include/yolov10_msg/yolov10_msg/msg/detail/detection__builder.hpp
-- Symlinking: /home/suke/chicken_core/install/yolov10_msg/include/yolov10_msg/yolov10_msg/msg/detail/detection__struct.hpp
-- Symlinking: /home/suke/chicken_core/install/yolov10_msg/include/yolov10_msg/yolov10_msg/msg/detail/detection__traits.hpp
-- Symlinking: /home/suke/chicken_core/install/yolov10_msg/include/yolov10_msg/yolov10_msg/msg/detail/detection_array__builder.hpp
-- Symlinking: /home/suke/chicken_core/install/yolov10_msg/include/yolov10_msg/yolov10_msg/msg/detail/detection_array__struct.hpp
-- Symlinking: /home/suke/chicken_core/install/yolov10_msg/include/yolov10_msg/yolov10_msg/msg/detail/detection_array__traits.hpp
-- Symlinking: /home/suke/chicken_core/install/yolov10_msg/include/yolov10_msg/yolov10_msg/msg/detail/key_point2_d__builder.hpp
-- Symlinking: /home/suke/chicken_core/install/yolov10_msg/include/yolov10_msg/yolov10_msg/msg/detail/key_point2_d__struct.hpp
-- Symlinking: /home/suke/chicken_core/install/yolov10_msg/include/yolov10_msg/yolov10_msg/msg/detail/key_point2_d__traits.hpp
-- Symlinking: /home/suke/chicken_core/install/yolov10_msg/include/yolov10_msg/yolov10_msg/msg/detail/key_point2_d_array__builder.hpp
-- Symlinking: /home/suke/chicken_core/install/yolov10_msg/include/yolov10_msg/yolov10_msg/msg/detail/key_point2_d_array__struct.hpp
-- Symlinking: /home/suke/chicken_core/install/yolov10_msg/include/yolov10_msg/yolov10_msg/msg/detail/key_point2_d_array__traits.hpp
-- Symlinking: /home/suke/chicken_core/install/yolov10_msg/include/yolov10_msg/yolov10_msg/msg/detail/key_point3_d__builder.hpp
-- Symlinking: /home/suke/chicken_core/install/yolov10_msg/include/yolov10_msg/yolov10_msg/msg/detail/key_point3_d__struct.hpp
-- Symlinking: /home/suke/chicken_core/install/yolov10_msg/include/yolov10_msg/yolov10_msg/msg/detail/key_point3_d__traits.hpp
-- Symlinking: /home/suke/chicken_core/install/yolov10_msg/include/yolov10_msg/yolov10_msg/msg/detail/key_point3_d_array__builder.hpp
-- Symlinking: /home/suke/chicken_core/install/yolov10_msg/include/yolov10_msg/yolov10_msg/msg/detail/key_point3_d_array__struct.hpp
-- Symlinking: /home/suke/chicken_core/install/yolov10_msg/include/yolov10_msg/yolov10_msg/msg/detail/key_point3_d_array__traits.hpp
-- Symlinking: /home/suke/chicken_core/install/yolov10_msg/include/yolov10_msg/yolov10_msg/msg/detail/mask__builder.hpp
-- Symlinking: /home/suke/chicken_core/install/yolov10_msg/include/yolov10_msg/yolov10_msg/msg/detail/mask__struct.hpp
-- Symlinking: /home/suke/chicken_core/install/yolov10_msg/include/yolov10_msg/yolov10_msg/msg/detail/mask__traits.hpp
-- Symlinking: /home/suke/chicken_core/install/yolov10_msg/include/yolov10_msg/yolov10_msg/msg/detail/point2_d__builder.hpp
-- Symlinking: /home/suke/chicken_core/install/yolov10_msg/include/yolov10_msg/yolov10_msg/msg/detail/point2_d__struct.hpp
-- Symlinking: /home/suke/chicken_core/install/yolov10_msg/include/yolov10_msg/yolov10_msg/msg/detail/point2_d__traits.hpp
-- Symlinking: /home/suke/chicken_core/install/yolov10_msg/include/yolov10_msg/yolov10_msg/msg/detail/pose2_d__builder.hpp
-- Symlinking: /home/suke/chicken_core/install/yolov10_msg/include/yolov10_msg/yolov10_msg/msg/detail/pose2_d__struct.hpp
-- Symlinking: /home/suke/chicken_core/install/yolov10_msg/include/yolov10_msg/yolov10_msg/msg/detail/pose2_d__traits.hpp
-- Symlinking: /home/suke/chicken_core/install/yolov10_msg/include/yolov10_msg/yolov10_msg/msg/detail/vector2__builder.hpp
-- Symlinking: /home/suke/chicken_core/install/yolov10_msg/include/yolov10_msg/yolov10_msg/msg/detail/vector2__struct.hpp
-- Symlinking: /home/suke/chicken_core/install/yolov10_msg/include/yolov10_msg/yolov10_msg/msg/detail/vector2__traits.hpp
-- Symlinking: /home/suke/chicken_core/install/yolov10_msg/include/yolov10_msg/yolov10_msg/msg/detection.hpp
-- Symlinking: /home/suke/chicken_core/install/yolov10_msg/include/yolov10_msg/yolov10_msg/msg/detection_array.hpp
-- Symlinking: /home/suke/chicken_core/install/yolov10_msg/include/yolov10_msg/yolov10_msg/msg/key_point2_d.hpp
-- Symlinking: /home/suke/chicken_core/install/yolov10_msg/include/yolov10_msg/yolov10_msg/msg/key_point2_d_array.hpp
-- Symlinking: /home/suke/chicken_core/install/yolov10_msg/include/yolov10_msg/yolov10_msg/msg/key_point3_d.hpp
-- Symlinking: /home/suke/chicken_core/install/yolov10_msg/include/yolov10_msg/yolov10_msg/msg/key_point3_d_array.hpp
-- Symlinking: /home/suke/chicken_core/install/yolov10_msg/include/yolov10_msg/yolov10_msg/msg/mask.hpp
-- Symlinking: /home/suke/chicken_core/install/yolov10_msg/include/yolov10_msg/yolov10_msg/msg/point2_d.hpp
-- Symlinking: /home/suke/chicken_core/install/yolov10_msg/include/yolov10_msg/yolov10_msg/msg/pose2_d.hpp
-- Symlinking: /home/suke/chicken_core/install/yolov10_msg/include/yolov10_msg/yolov10_msg/msg/vector2.hpp
-- Symlinking: /home/suke/chicken_core/install/yolov10_msg/include/yolov10_msg/yolov10_msg/msg/detail/bounding_box2_d__rosidl_typesupport_fastrtps_cpp.hpp
-- Symlinking: /home/suke/chicken_core/install/yolov10_msg/include/yolov10_msg/yolov10_msg/msg/detail/bounding_box3_d__rosidl_typesupport_fastrtps_cpp.hpp
-- Symlinking: /home/suke/chicken_core/install/yolov10_msg/include/yolov10_msg/yolov10_msg/msg/detail/detection__rosidl_typesupport_fastrtps_cpp.hpp
-- Symlinking: /home/suke/chicken_core/install/yolov10_msg/include/yolov10_msg/yolov10_msg/msg/detail/detection_array__rosidl_typesupport_fastrtps_cpp.hpp
-- Symlinking: /home/suke/chicken_core/install/yolov10_msg/include/yolov10_msg/yolov10_msg/msg/detail/key_point2_d__rosidl_typesupport_fastrtps_cpp.hpp
-- Symlinking: /home/suke/chicken_core/install/yolov10_msg/include/yolov10_msg/yolov10_msg/msg/detail/key_point2_d_array__rosidl_typesupport_fastrtps_cpp.hpp
-- Symlinking: /home/suke/chicken_core/install/yolov10_msg/include/yolov10_msg/yolov10_msg/msg/detail/key_point3_d__rosidl_typesupport_fastrtps_cpp.hpp
-- Symlinking: /home/suke/chicken_core/install/yolov10_msg/include/yolov10_msg/yolov10_msg/msg/detail/key_point3_d_array__rosidl_typesupport_fastrtps_cpp.hpp
-- Symlinking: /home/suke/chicken_core/install/yolov10_msg/include/yolov10_msg/yolov10_msg/msg/detail/mask__rosidl_typesupport_fastrtps_cpp.hpp
-- Symlinking: /home/suke/chicken_core/install/yolov10_msg/include/yolov10_msg/yolov10_msg/msg/detail/point2_d__rosidl_typesupport_fastrtps_cpp.hpp
-- Symlinking: /home/suke/chicken_core/install/yolov10_msg/include/yolov10_msg/yolov10_msg/msg/detail/pose2_d__rosidl_typesupport_fastrtps_cpp.hpp
-- Symlinking: /home/suke/chicken_core/install/yolov10_msg/include/yolov10_msg/yolov10_msg/msg/detail/vector2__rosidl_typesupport_fastrtps_cpp.hpp
-- Symlinking: /home/suke/chicken_core/install/yolov10_msg/include/yolov10_msg/yolov10_msg/msg/rosidl_typesupport_fastrtps_cpp__visibility_control.h
-- Symlinking: /home/suke/chicken_core/install/yolov10_msg/include/yolov10_msg/yolov10_msg/msg/detail/bounding_box2_d__rosidl_typesupport_introspection_cpp.hpp
-- Symlinking: /home/suke/chicken_core/install/yolov10_msg/include/yolov10_msg/yolov10_msg/msg/detail/bounding_box3_d__rosidl_typesupport_introspection_cpp.hpp
-- Symlinking: /home/suke/chicken_core/install/yolov10_msg/include/yolov10_msg/yolov10_msg/msg/detail/detection__rosidl_typesupport_introspection_cpp.hpp
-- Symlinking: /home/suke/chicken_core/install/yolov10_msg/include/yolov10_msg/yolov10_msg/msg/detail/detection_array__rosidl_typesupport_introspection_cpp.hpp
-- Symlinking: /home/suke/chicken_core/install/yolov10_msg/include/yolov10_msg/yolov10_msg/msg/detail/key_point2_d__rosidl_typesupport_introspection_cpp.hpp
-- Symlinking: /home/suke/chicken_core/install/yolov10_msg/include/yolov10_msg/yolov10_msg/msg/detail/key_point2_d_array__rosidl_typesupport_introspection_cpp.hpp
-- Symlinking: /home/suke/chicken_core/install/yolov10_msg/include/yolov10_msg/yolov10_msg/msg/detail/key_point3_d__rosidl_typesupport_introspection_cpp.hpp
-- Symlinking: /home/suke/chicken_core/install/yolov10_msg/include/yolov10_msg/yolov10_msg/msg/detail/key_point3_d_array__rosidl_typesupport_introspection_cpp.hpp
-- Symlinking: /home/suke/chicken_core/install/yolov10_msg/include/yolov10_msg/yolov10_msg/msg/detail/mask__rosidl_typesupport_introspection_cpp.hpp
-- Symlinking: /home/suke/chicken_core/install/yolov10_msg/include/yolov10_msg/yolov10_msg/msg/detail/point2_d__rosidl_typesupport_introspection_cpp.hpp
-- Symlinking: /home/suke/chicken_core/install/yolov10_msg/include/yolov10_msg/yolov10_msg/msg/detail/pose2_d__rosidl_typesupport_introspection_cpp.hpp
-- Symlinking: /home/suke/chicken_core/install/yolov10_msg/include/yolov10_msg/yolov10_msg/msg/detail/vector2__rosidl_typesupport_introspection_cpp.hpp
-- Symlinking: /home/suke/chicken_core/install/yolov10_msg/share/yolov10_msg/environment/pythonpath.sh
-- Symlinking: /home/suke/chicken_core/install/yolov10_msg/share/yolov10_msg/environment/pythonpath.dsv
-- Symlinking: /home/suke/chicken_core/install/yolov10_msg/local/lib/python3.10/dist-packages/yolov10_msg-0.0.0-py3.10.egg-info/PKG-INFO
-- Symlinking: /home/suke/chicken_core/install/yolov10_msg/local/lib/python3.10/dist-packages/yolov10_msg-0.0.0-py3.10.egg-info/SOURCES.txt
-- Symlinking: /home/suke/chicken_core/install/yolov10_msg/local/lib/python3.10/dist-packages/yolov10_msg-0.0.0-py3.10.egg-info/dependency_links.txt
-- Symlinking: /home/suke/chicken_core/install/yolov10_msg/local/lib/python3.10/dist-packages/yolov10_msg-0.0.0-py3.10.egg-info/top_level.txt
-- Symlinking: /home/suke/chicken_core/install/yolov10_msg/local/lib/python3.10/dist-packages/yolov10_msg/__init__.py
-- Symlinking: /home/suke/chicken_core/install/yolov10_msg/local/lib/python3.10/dist-packages/yolov10_msg/_yolov10_msg_s.ep.rosidl_typesupport_c.c
-- Symlinking: /home/suke/chicken_core/install/yolov10_msg/local/lib/python3.10/dist-packages/yolov10_msg/_yolov10_msg_s.ep.rosidl_typesupport_fastrtps_c.c
-- Symlinking: /home/suke/chicken_core/install/yolov10_msg/local/lib/python3.10/dist-packages/yolov10_msg/_yolov10_msg_s.ep.rosidl_typesupport_introspection_c.c
-- Symlinking: /home/suke/chicken_core/install/yolov10_msg/local/lib/python3.10/dist-packages/yolov10_msg/libyolov10_msg__rosidl_generator_py.so
-- Symlinking: /home/suke/chicken_core/install/yolov10_msg/local/lib/python3.10/dist-packages/yolov10_msg/msg/__init__.py
-- Symlinking: /home/suke/chicken_core/install/yolov10_msg/local/lib/python3.10/dist-packages/yolov10_msg/msg/_bounding_box2_d.py
-- Symlinking: /home/suke/chicken_core/install/yolov10_msg/local/lib/python3.10/dist-packages/yolov10_msg/msg/_bounding_box2_d_s.c
-- Symlinking: /home/suke/chicken_core/install/yolov10_msg/local/lib/python3.10/dist-packages/yolov10_msg/msg/_bounding_box3_d.py
-- Symlinking: /home/suke/chicken_core/install/yolov10_msg/local/lib/python3.10/dist-packages/yolov10_msg/msg/_bounding_box3_d_s.c
-- Symlinking: /home/suke/chicken_core/install/yolov10_msg/local/lib/python3.10/dist-packages/yolov10_msg/msg/_detection.py
-- Symlinking: /home/suke/chicken_core/install/yolov10_msg/local/lib/python3.10/dist-packages/yolov10_msg/msg/_detection_array.py
-- Symlinking: /home/suke/chicken_core/install/yolov10_msg/local/lib/python3.10/dist-packages/yolov10_msg/msg/_detection_array_s.c
-- Symlinking: /home/suke/chicken_core/install/yolov10_msg/local/lib/python3.10/dist-packages/yolov10_msg/msg/_detection_s.c
-- Symlinking: /home/suke/chicken_core/install/yolov10_msg/local/lib/python3.10/dist-packages/yolov10_msg/msg/_key_point2_d.py
-- Symlinking: /home/suke/chicken_core/install/yolov10_msg/local/lib/python3.10/dist-packages/yolov10_msg/msg/_key_point2_d_array.py
-- Symlinking: /home/suke/chicken_core/install/yolov10_msg/local/lib/python3.10/dist-packages/yolov10_msg/msg/_key_point2_d_array_s.c
-- Symlinking: /home/suke/chicken_core/install/yolov10_msg/local/lib/python3.10/dist-packages/yolov10_msg/msg/_key_point2_d_s.c
-- Symlinking: /home/suke/chicken_core/install/yolov10_msg/local/lib/python3.10/dist-packages/yolov10_msg/msg/_key_point3_d.py
-- Symlinking: /home/suke/chicken_core/install/yolov10_msg/local/lib/python3.10/dist-packages/yolov10_msg/msg/_key_point3_d_array.py
-- Symlinking: /home/suke/chicken_core/install/yolov10_msg/local/lib/python3.10/dist-packages/yolov10_msg/msg/_key_point3_d_array_s.c
-- Symlinking: /home/suke/chicken_core/install/yolov10_msg/local/lib/python3.10/dist-packages/yolov10_msg/msg/_key_point3_d_s.c
-- Symlinking: /home/suke/chicken_core/install/yolov10_msg/local/lib/python3.10/dist-packages/yolov10_msg/msg/_mask.py
-- Symlinking: /home/suke/chicken_core/install/yolov10_msg/local/lib/python3.10/dist-packages/yolov10_msg/msg/_mask_s.c
-- Symlinking: /home/suke/chicken_core/install/yolov10_msg/local/lib/python3.10/dist-packages/yolov10_msg/msg/_point2_d.py
-- Symlinking: /home/suke/chicken_core/install/yolov10_msg/local/lib/python3.10/dist-packages/yolov10_msg/msg/_point2_d_s.c
-- Symlinking: /home/suke/chicken_core/install/yolov10_msg/local/lib/python3.10/dist-packages/yolov10_msg/msg/_pose2_d.py
-- Symlinking: /home/suke/chicken_core/install/yolov10_msg/local/lib/python3.10/dist-packages/yolov10_msg/msg/_pose2_d_s.c
-- Symlinking: /home/suke/chicken_core/install/yolov10_msg/local/lib/python3.10/dist-packages/yolov10_msg/msg/_vector2.py
-- Symlinking: /home/suke/chicken_core/install/yolov10_msg/local/lib/python3.10/dist-packages/yolov10_msg/msg/_vector2_s.c
-- Symlinking: /home/suke/chicken_core/install/yolov10_msg/local/lib/python3.10/dist-packages/yolov10_msg/yolov10_msg_s__rosidl_typesupport_c.cpython-310-x86_64-linux-gnu.so
-- Symlinking: /home/suke/chicken_core/install/yolov10_msg/local/lib/python3.10/dist-packages/yolov10_msg/yolov10_msg_s__rosidl_typesupport_fastrtps_c.cpython-310-x86_64-linux-gnu.so
-- Symlinking: /home/suke/chicken_core/install/yolov10_msg/local/lib/python3.10/dist-packages/yolov10_msg/yolov10_msg_s__rosidl_typesupport_introspection_c.cpython-310-x86_64-linux-gnu.so
-- Up-to-date symlink: /home/suke/chicken_core/install/yolov10_msg/local/lib/python3.10/dist-packages/yolov10_msg/yolov10_msg_s__rosidl_typesupport_fastrtps_c.cpython-310-x86_64-linux-gnu.so
-- Up-to-date symlink: /home/suke/chicken_core/install/yolov10_msg/local/lib/python3.10/dist-packages/yolov10_msg/yolov10_msg_s__rosidl_typesupport_introspection_c.cpython-310-x86_64-linux-gnu.so
-- Up-to-date symlink: /home/suke/chicken_core/install/yolov10_msg/local/lib/python3.10/dist-packages/yolov10_msg/yolov10_msg_s__rosidl_typesupport_c.cpython-310-x86_64-linux-gnu.so
-- Symlinking: /home/suke/chicken_core/install/yolov10_msg/share/yolov10_msg/msg/Point2D.idl
-- Symlinking: /home/suke/chicken_core/install/yolov10_msg/share/yolov10_msg/msg/Vector2.idl
-- Symlinking: /home/suke/chicken_core/install/yolov10_msg/share/yolov10_msg/msg/Pose2D.idl
-- Symlinking: /home/suke/chicken_core/install/yolov10_msg/share/yolov10_msg/msg/BoundingBox2D.idl
-- Symlinking: /home/suke/chicken_core/install/yolov10_msg/share/yolov10_msg/msg/BoundingBox3D.idl
-- Symlinking: /home/suke/chicken_core/install/yolov10_msg/share/yolov10_msg/msg/Mask.idl
-- Symlinking: /home/suke/chicken_core/install/yolov10_msg/share/yolov10_msg/msg/KeyPoint2D.idl
-- Symlinking: /home/suke/chicken_core/install/yolov10_msg/share/yolov10_msg/msg/KeyPoint2DArray.idl
-- Symlinking: /home/suke/chicken_core/install/yolov10_msg/share/yolov10_msg/msg/KeyPoint3D.idl
-- Symlinking: /home/suke/chicken_core/install/yolov10_msg/share/yolov10_msg/msg/KeyPoint3DArray.idl
-- Symlinking: /home/suke/chicken_core/install/yolov10_msg/share/yolov10_msg/msg/Detection.idl
-- Symlinking: /home/suke/chicken_core/install/yolov10_msg/share/yolov10_msg/msg/DetectionArray.idl
-- Symlinking: /home/suke/chicken_core/install/yolov10_msg/share/yolov10_msg/msg/Point2D.msg
-- Symlinking: /home/suke/chicken_core/install/yolov10_msg/share/yolov10_msg/msg/Vector2.msg
-- Symlinking: /home/suke/chicken_core/install/yolov10_msg/share/yolov10_msg/msg/Pose2D.msg
-- Symlinking: /home/suke/chicken_core/install/yolov10_msg/share/yolov10_msg/msg/BoundingBox2D.msg
-- Symlinking: /home/suke/chicken_core/install/yolov10_msg/share/yolov10_msg/msg/BoundingBox3D.msg
-- Symlinking: /home/suke/chicken_core/install/yolov10_msg/share/yolov10_msg/msg/Mask.msg
-- Symlinking: /home/suke/chicken_core/install/yolov10_msg/share/yolov10_msg/msg/KeyPoint2D.msg
-- Symlinking: /home/suke/chicken_core/install/yolov10_msg/share/yolov10_msg/msg/KeyPoint2DArray.msg
-- Symlinking: /home/suke/chicken_core/install/yolov10_msg/share/yolov10_msg/msg/KeyPoint3D.msg
-- Symlinking: /home/suke/chicken_core/install/yolov10_msg/share/yolov10_msg/msg/KeyPoint3DArray.msg
-- Symlinking: /home/suke/chicken_core/install/yolov10_msg/share/yolov10_msg/msg/Detection.msg
-- Symlinking: /home/suke/chicken_core/install/yolov10_msg/share/yolov10_msg/msg/DetectionArray.msg
-- Symlinking: /home/suke/chicken_core/install/yolov10_msg/share/ament_index/resource_index/package_run_dependencies/yolov10_msg
-- Symlinking: /home/suke/chicken_core/install/yolov10_msg/share/ament_index/resource_index/parent_prefix_path/yolov10_msg
-- Symlinking: /home/suke/chicken_core/install/yolov10_msg/share/yolov10_msg/environment/ament_prefix_path.sh
-- Symlinking: /home/suke/chicken_core/install/yolov10_msg/share/yolov10_msg/environment/ament_prefix_path.dsv
-- Symlinking: /home/suke/chicken_core/install/yolov10_msg/share/yolov10_msg/environment/path.sh
-- Symlinking: /home/suke/chicken_core/install/yolov10_msg/share/yolov10_msg/environment/path.dsv
-- Symlinking: /home/suke/chicken_core/install/yolov10_msg/share/yolov10_msg/local_setup.bash
-- Symlinking: /home/suke/chicken_core/install/yolov10_msg/share/yolov10_msg/local_setup.sh
-- Symlinking: /home/suke/chicken_core/install/yolov10_msg/share/yolov10_msg/local_setup.zsh
-- Symlinking: /home/suke/chicken_core/install/yolov10_msg/share/yolov10_msg/local_setup.dsv
-- Symlinking: /home/suke/chicken_core/install/yolov10_msg/share/yolov10_msg/package.dsv
-- Symlinking: /home/suke/chicken_core/install/yolov10_msg/share/ament_index/resource_index/packages/yolov10_msg
-- Symlinking: /home/suke/chicken_core/install/yolov10_msg/share/yolov10_msg/cmake/rosidl_cmake-extras.cmake
-- Symlinking: /home/suke/chicken_core/install/yolov10_msg/share/yolov10_msg/cmake/ament_cmake_export_dependencies-extras.cmake
-- Symlinking: /home/suke/chicken_core/install/yolov10_msg/share/yolov10_msg/cmake/ament_cmake_export_include_directories-extras.cmake
-- Symlinking: /home/suke/chicken_core/install/yolov10_msg/share/yolov10_msg/cmake/ament_cmake_export_libraries-extras.cmake
-- Symlinking: /home/suke/chicken_core/install/yolov10_msg/share/yolov10_msg/cmake/ament_cmake_export_targets-extras.cmake
-- Symlinking: /home/suke/chicken_core/install/yolov10_msg/share/yolov10_msg/cmake/rosidl_cmake_export_typesupport_targets-extras.cmake
-- Symlinking: /home/suke/chicken_core/install/yolov10_msg/share/yolov10_msg/cmake/rosidl_cmake_export_typesupport_libraries-extras.cmake
-- Symlinking: /home/suke/chicken_core/install/yolov10_msg/share/yolov10_msg/cmake/yolov10_msgConfig.cmake
-- Symlinking: /home/suke/chicken_core/install/yolov10_msg/share/yolov10_msg/cmake/yolov10_msgConfig-version.cmake
-- Symlinking: /home/suke/chicken_core/install/yolov10_msg/share/yolov10_msg/package.xml
-- Installing: /home/suke/chicken_core/install/yolov10_msg/lib/libyolov10_msg__rosidl_generator_c.so
-- Set runtime path of "/home/suke/chicken_core/install/yolov10_msg/lib/libyolov10_msg__rosidl_generator_c.so" to ""
-- Installing: /home/suke/chicken_core/install/yolov10_msg/lib/libyolov10_msg__rosidl_typesupport_fastrtps_c.so
-- Set runtime path of "/home/suke/chicken_core/install/yolov10_msg/lib/libyolov10_msg__rosidl_typesupport_fastrtps_c.so" to ""
-- Installing: /home/suke/chicken_core/install/yolov10_msg/lib/libyolov10_msg__rosidl_typesupport_introspection_c.so
-- Set runtime path of "/home/suke/chicken_core/install/yolov10_msg/lib/libyolov10_msg__rosidl_typesupport_introspection_c.so" to ""
-- Installing: /home/suke/chicken_core/install/yolov10_msg/lib/libyolov10_msg__rosidl_typesupport_c.so
-- Set runtime path of "/home/suke/chicken_core/install/yolov10_msg/lib/libyolov10_msg__rosidl_typesupport_c.so" to ""
-- Installing: /home/suke/chicken_core/install/yolov10_msg/lib/libyolov10_msg__rosidl_typesupport_fastrtps_cpp.so
-- Set runtime path of "/home/suke/chicken_core/install/yolov10_msg/lib/libyolov10_msg__rosidl_typesupport_fastrtps_cpp.so" to ""
-- Installing: /home/suke/chicken_core/install/yolov10_msg/lib/libyolov10_msg__rosidl_typesupport_introspection_cpp.so
-- Set runtime path of "/home/suke/chicken_core/install/yolov10_msg/lib/libyolov10_msg__rosidl_typesupport_introspection_cpp.so" to ""
-- Installing: /home/suke/chicken_core/install/yolov10_msg/lib/libyolov10_msg__rosidl_typesupport_cpp.so
-- Set runtime path of "/home/suke/chicken_core/install/yolov10_msg/lib/libyolov10_msg__rosidl_typesupport_cpp.so" to ""
Listing '/home/suke/chicken_core/install/yolov10_msg/local/lib/python3.10/dist-packages/yolov10_msg'...
Compiling '/home/suke/chicken_core/install/yolov10_msg/local/lib/python3.10/dist-packages/yolov10_msg/__init__.py'...
Listing '/home/suke/chicken_core/install/yolov10_msg/local/lib/python3.10/dist-packages/yolov10_msg/msg'...
Compiling '/home/suke/chicken_core/install/yolov10_msg/local/lib/python3.10/dist-packages/yolov10_msg/msg/__init__.py'...
Compiling '/home/suke/chicken_core/install/yolov10_msg/local/lib/python3.10/dist-packages/yolov10_msg/msg/_bounding_box2_d.py'...
Compiling '/home/suke/chicken_core/install/yolov10_msg/local/lib/python3.10/dist-packages/yolov10_msg/msg/_bounding_box3_d.py'...
Compiling '/home/suke/chicken_core/install/yolov10_msg/local/lib/python3.10/dist-packages/yolov10_msg/msg/_detection.py'...
Compiling '/home/suke/chicken_core/install/yolov10_msg/local/lib/python3.10/dist-packages/yolov10_msg/msg/_detection_array.py'...
Compiling '/home/suke/chicken_core/install/yolov10_msg/local/lib/python3.10/dist-packages/yolov10_msg/msg/_key_point2_d.py'...
Compiling '/home/suke/chicken_core/install/yolov10_msg/local/lib/python3.10/dist-packages/yolov10_msg/msg/_key_point2_d_array.py'...
Compiling '/home/suke/chicken_core/install/yolov10_msg/local/lib/python3.10/dist-packages/yolov10_msg/msg/_key_point3_d.py'...
Compiling '/home/suke/chicken_core/install/yolov10_msg/local/lib/python3.10/dist-packages/yolov10_msg/msg/_key_point3_d_array.py'...
Compiling '/home/suke/chicken_core/install/yolov10_msg/local/lib/python3.10/dist-packages/yolov10_msg/msg/_mask.py'...
Compiling '/home/suke/chicken_core/install/yolov10_msg/local/lib/python3.10/dist-packages/yolov10_msg/msg/_point2_d.py'...
Compiling '/home/suke/chicken_core/install/yolov10_msg/local/lib/python3.10/dist-packages/yolov10_msg/msg/_pose2_d.py'...
Compiling '/home/suke/chicken_core/install/yolov10_msg/local/lib/python3.10/dist-packages/yolov10_msg/msg/_vector2.py'...
-- Installing: /home/suke/chicken_core/install/yolov10_msg/lib/libyolov10_msg__rosidl_generator_py.so
-- Set runtime path of "/home/suke/chicken_core/install/yolov10_msg/lib/libyolov10_msg__rosidl_generator_py.so" to ""
-- Installing: /home/suke/chicken_core/install/yolov10_msg/share/yolov10_msg/cmake/export_yolov10_msg__rosidl_generator_cExport.cmake
-- Installing: /home/suke/chicken_core/install/yolov10_msg/share/yolov10_msg/cmake/export_yolov10_msg__rosidl_generator_cExport-noconfig.cmake
-- Installing: /home/suke/chicken_core/install/yolov10_msg/share/yolov10_msg/cmake/export_yolov10_msg__rosidl_typesupport_fastrtps_cExport.cmake
-- Installing: /home/suke/chicken_core/install/yolov10_msg/share/yolov10_msg/cmake/export_yolov10_msg__rosidl_typesupport_fastrtps_cExport-noconfig.cmake
-- Installing: /home/suke/chicken_core/install/yolov10_msg/share/yolov10_msg/cmake/yolov10_msg__rosidl_typesupport_introspection_cExport.cmake
-- Installing: /home/suke/chicken_core/install/yolov10_msg/share/yolov10_msg/cmake/yolov10_msg__rosidl_typesupport_introspection_cExport-noconfig.cmake
-- Installing: /home/suke/chicken_core/install/yolov10_msg/share/yolov10_msg/cmake/yolov10_msg__rosidl_typesupport_cExport.cmake
-- Installing: /home/suke/chicken_core/install/yolov10_msg/share/yolov10_msg/cmake/yolov10_msg__rosidl_typesupport_cExport-noconfig.cmake
-- Installing: /home/suke/chicken_core/install/yolov10_msg/share/yolov10_msg/cmake/export_yolov10_msg__rosidl_generator_cppExport.cmake
-- Installing: /home/suke/chicken_core/install/yolov10_msg/share/yolov10_msg/cmake/export_yolov10_msg__rosidl_typesupport_fastrtps_cppExport.cmake
-- Installing: /home/suke/chicken_core/install/yolov10_msg/share/yolov10_msg/cmake/export_yolov10_msg__rosidl_typesupport_fastrtps_cppExport-noconfig.cmake
-- Installing: /home/suke/chicken_core/install/yolov10_msg/share/yolov10_msg/cmake/yolov10_msg__rosidl_typesupport_introspection_cppExport.cmake
-- Installing: /home/suke/chicken_core/install/yolov10_msg/share/yolov10_msg/cmake/yolov10_msg__rosidl_typesupport_introspection_cppExport-noconfig.cmake
-- Installing: /home/suke/chicken_core/install/yolov10_msg/share/yolov10_msg/cmake/yolov10_msg__rosidl_typesupport_cppExport.cmake
-- Installing: /home/suke/chicken_core/install/yolov10_msg/share/yolov10_msg/cmake/yolov10_msg__rosidl_typesupport_cppExport-noconfig.cmake
-- Installing: /home/suke/chicken_core/install/yolov10_msg/share/yolov10_msg/cmake/export_yolov10_msg__rosidl_generator_pyExport.cmake
-- Installing: /home/suke/chicken_core/install/yolov10_msg/share/yolov10_msg/cmake/export_yolov10_msg__rosidl_generator_pyExport-noconfig.cmake
