[0.481s] Invoking command in '/home/suke/chicken_core/build/yolov10_msg': CMAKE_PREFIX_PATH=${CMAKE_PREFIX_PATH}:/home/suke/ouxt_automation/robotx_ws/install/opencv_tests:/home/suke/ouxt_automation/robotx_ws/install/detic_onnx_ros2:/opt/ros/humble /usr/bin/cmake /home/suke/chicken_core/src/perception/yolov10_msg -DAMENT_CMAKE_SYMLINK_INSTALL=1 -DCMAKE_INSTALL_PREFIX=/home/suke/chicken_core/install/yolov10_msg
[0.529s] -- The C compiler identification is GNU 11.4.0
[0.578s] -- The CXX compiler identification is GNU 11.4.0
[0.588s] -- Detecting C compiler ABI info
[0.636s] -- Detecting C compiler ABI info - done
[0.642s] -- Check for working C compiler: /usr/lib/ccache/gcc - skipped
[0.643s] -- Detecting C compile features
[0.643s] -- Detecting C compile features - done
[0.645s] -- Detecting CXX compiler ABI info
[0.719s] -- Detecting CXX compiler ABI info - done
[0.724s] -- Check for working CXX compiler: /usr/lib/ccache/g++ - skipped
[0.724s] -- Detecting CXX compile features
[0.724s] -- Detecting CXX compile features - done
[0.728s] -- Found ament_cmake: 1.3.9 (/opt/ros/humble/share/ament_cmake/cmake)
[0.889s] -- Found Python3: /usr/bin/python3 (found version "3.10.12") found components: Interpreter 
[0.930s] -- Override CMake install command with custom implementation using symlinks instead of copying resources
[0.980s] -- Found rosidl_default_generators: 1.2.0 (/opt/ros/humble/share/rosidl_default_generators/cmake)
[0.994s] -- Using all available rosidl_typesupport_c: rosidl_typesupport_fastrtps_c;rosidl_typesupport_introspection_c
[1.012s] -- Found rosidl_adapter: 3.1.5 (/opt/ros/humble/share/rosidl_adapter/cmake)
[1.069s] -- Using all available rosidl_typesupport_cpp: rosidl_typesupport_fastrtps_cpp;rosidl_typesupport_introspection_cpp
[1.115s] -- Found std_msgs: 4.2.4 (/opt/ros/humble/share/std_msgs/cmake)
[1.159s] -- Found geometry_msgs: 4.2.4 (/opt/ros/humble/share/geometry_msgs/cmake)
[1.432s] -- Found ament_cmake_ros: 0.10.0 (/opt/ros/humble/share/ament_cmake_ros/cmake)
[1.621s] -- Using all available rosidl_typesupport_c: rosidl_typesupport_fastrtps_c;rosidl_typesupport_introspection_c
[1.840s] -- Using all available rosidl_typesupport_cpp: rosidl_typesupport_fastrtps_cpp;rosidl_typesupport_introspection_cpp
[1.857s] -- Found PythonInterp: /usr/bin/python3 (found suitable version "3.10.12", minimum required is "3.6") 
[1.862s] -- Found python_cmake_module: 0.10.0 (/opt/ros/humble/share/python_cmake_module/cmake)
[1.891s] -- Found PythonLibs: /usr/lib/x86_64-linux-gnu/libpython3.10.so (found suitable version "3.10.12", minimum required is "3.5") 
[1.891s] -- Using PYTHON_EXECUTABLE: /usr/bin/python3
[1.891s] -- Using PYTHON_INCLUDE_DIRS: /usr/include/python3.10
[1.891s] -- Using PYTHON_LIBRARIES: /usr/lib/x86_64-linux-gnu/libpython3.10.so
[1.906s] -- Found PythonExtra: .so  
[1.983s] -- Configuring done
[2.011s] -- Generating done
[2.013s] -- Build files have been written to: /home/suke/chicken_core/build/yolov10_msg
[2.017s] Invoked command in '/home/suke/chicken_core/build/yolov10_msg' returned '0': CMAKE_PREFIX_PATH=${CMAKE_PREFIX_PATH}:/home/suke/ouxt_automation/robotx_ws/install/opencv_tests:/home/suke/ouxt_automation/robotx_ws/install/detic_onnx_ros2:/opt/ros/humble /usr/bin/cmake /home/suke/chicken_core/src/perception/yolov10_msg -DAMENT_CMAKE_SYMLINK_INSTALL=1 -DCMAKE_INSTALL_PREFIX=/home/suke/chicken_core/install/yolov10_msg
[2.018s] Invoking command in '/home/suke/chicken_core/build/yolov10_msg': CMAKE_PREFIX_PATH=${CMAKE_PREFIX_PATH}:/home/suke/ouxt_automation/robotx_ws/install/opencv_tests:/home/suke/ouxt_automation/robotx_ws/install/detic_onnx_ros2:/opt/ros/humble /usr/bin/cmake --build /home/suke/chicken_core/build/yolov10_msg -- -j20 -l20
[2.053s] [  1%] [34m[1mGenerating C code for ROS interfaces[0m
[2.061s] [  1%] [34m[1mGenerating C++ code for ROS interfaces[0m
[2.068s] [  1%] Built target ament_cmake_python_symlink_yolov10_msg
[2.235s] running egg_info
[2.235s] creating yolov10_msg.egg-info
[2.235s] writing yolov10_msg.egg-info/PKG-INFO
[2.236s] writing dependency_links to yolov10_msg.egg-info/dependency_links.txt
[2.236s] writing top-level names to yolov10_msg.egg-info/top_level.txt
[2.236s] writing manifest file 'yolov10_msg.egg-info/SOURCES.txt'
[2.237s] reading manifest file 'yolov10_msg.egg-info/SOURCES.txt'
[2.237s] writing manifest file 'yolov10_msg.egg-info/SOURCES.txt'
[2.578s] [  1%] Built target yolov10_msg__cpp
[2.588s] [  3%] [34m[1mGenerating C++ introspection for ROS interfaces[0m
[2.588s] [  3%] [34m[1mGenerating C++ type support for eProsima Fast-RTPS[0m
[2.588s] [  3%] [34m[1mGenerating C++ type support dispatch for ROS interfaces[0m
[2.661s] [  4%] [32mBuilding C object CMakeFiles/yolov10_msg__rosidl_generator_c.dir/rosidl_generator_c/yolov10_msg/msg/detail/vector2__functions.c.o[0m
[2.663s] [  8%] [32mBuilding C object CMakeFiles/yolov10_msg__rosidl_generator_c.dir/rosidl_generator_c/yolov10_msg/msg/detail/point2_d__functions.c.o[0m
[2.663s] [  8%] [32mBuilding C object CMakeFiles/yolov10_msg__rosidl_generator_c.dir/rosidl_generator_c/yolov10_msg/msg/detail/key_point2_d__functions.c.o[0m
[2.663s] [  8%] [32mBuilding C object CMakeFiles/yolov10_msg__rosidl_generator_c.dir/rosidl_generator_c/yolov10_msg/msg/detail/bounding_box3_d__functions.c.o[0m
[2.663s] [  8%] [32mBuilding C object CMakeFiles/yolov10_msg__rosidl_generator_c.dir/rosidl_generator_c/yolov10_msg/msg/detail/pose2_d__functions.c.o[0m
[2.663s] [  9%] [32mBuilding C object CMakeFiles/yolov10_msg__rosidl_generator_c.dir/rosidl_generator_c/yolov10_msg/msg/detail/bounding_box2_d__functions.c.o[0m
[2.664s] [  9%] [32mBuilding C object CMakeFiles/yolov10_msg__rosidl_generator_c.dir/rosidl_generator_c/yolov10_msg/msg/detail/mask__functions.c.o[0m
[2.664s] [ 10%] [32mBuilding C object CMakeFiles/yolov10_msg__rosidl_generator_c.dir/rosidl_generator_c/yolov10_msg/msg/detail/key_point2_d_array__functions.c.o[0m
[2.665s] [ 10%] [32mBuilding C object CMakeFiles/yolov10_msg__rosidl_generator_c.dir/rosidl_generator_c/yolov10_msg/msg/detail/key_point3_d_array__functions.c.o[0m
[2.665s] [ 11%] [32mBuilding C object CMakeFiles/yolov10_msg__rosidl_generator_c.dir/rosidl_generator_c/yolov10_msg/msg/detail/key_point3_d__functions.c.o[0m
[2.665s] [ 12%] [32mBuilding C object CMakeFiles/yolov10_msg__rosidl_generator_c.dir/rosidl_generator_c/yolov10_msg/msg/detail/detection__functions.c.o[0m
[2.665s] [ 13%] [32mBuilding C object CMakeFiles/yolov10_msg__rosidl_generator_c.dir/rosidl_generator_c/yolov10_msg/msg/detail/detection_array__functions.c.o[0m
[2.996s] [ 17%] [32mBuilding CXX object CMakeFiles/yolov10_msg__rosidl_typesupport_cpp.dir/rosidl_typesupport_cpp/yolov10_msg/msg/pose2_d__type_support.cpp.o[0m
[2.996s] [ 17%] [32mBuilding CXX object CMakeFiles/yolov10_msg__rosidl_typesupport_cpp.dir/rosidl_typesupport_cpp/yolov10_msg/msg/point2_d__type_support.cpp.o[0m
[2.996s] [ 17%] [32mBuilding CXX object CMakeFiles/yolov10_msg__rosidl_typesupport_cpp.dir/rosidl_typesupport_cpp/yolov10_msg/msg/vector2__type_support.cpp.o[0m
[2.996s] [ 17%] [32mBuilding CXX object CMakeFiles/yolov10_msg__rosidl_typesupport_cpp.dir/rosidl_typesupport_cpp/yolov10_msg/msg/bounding_box2_d__type_support.cpp.o[0m
[2.996s] [ 17%] [32mBuilding CXX object CMakeFiles/yolov10_msg__rosidl_typesupport_cpp.dir/rosidl_typesupport_cpp/yolov10_msg/msg/bounding_box3_d__type_support.cpp.o[0m
[3.144s] [ 17%] [32mBuilding CXX object CMakeFiles/yolov10_msg__rosidl_typesupport_introspection_cpp.dir/rosidl_typesupport_introspection_cpp/yolov10_msg/msg/detail/point2_d__type_support.cpp.o[0m
[3.221s] [ 18%] [32mBuilding CXX object CMakeFiles/yolov10_msg__rosidl_typesupport_fastrtps_cpp.dir/rosidl_typesupport_fastrtps_cpp/yolov10_msg/msg/detail/dds_fastrtps/point2_d__type_support.cpp.o[0m
[5.944s] [ 20%] [32mBuilding CXX object CMakeFiles/yolov10_msg__rosidl_typesupport_fastrtps_cpp.dir/rosidl_typesupport_fastrtps_cpp/yolov10_msg/msg/detail/dds_fastrtps/bounding_box2_d__type_support.cpp.o[0m
[5.945s] [ 20%] [32mBuilding CXX object CMakeFiles/yolov10_msg__rosidl_typesupport_introspection_cpp.dir/rosidl_typesupport_introspection_cpp/yolov10_msg/msg/detail/vector2__type_support.cpp.o[0m
[5.945s] [ 22%] [32mBuilding CXX object CMakeFiles/yolov10_msg__rosidl_typesupport_fastrtps_cpp.dir/rosidl_typesupport_fastrtps_cpp/yolov10_msg/msg/detail/dds_fastrtps/pose2_d__type_support.cpp.o[0m
[5.945s] [ 22%] [32mBuilding CXX object CMakeFiles/yolov10_msg__rosidl_typesupport_fastrtps_cpp.dir/rosidl_typesupport_fastrtps_cpp/yolov10_msg/msg/detail/dds_fastrtps/bounding_box3_d__type_support.cpp.o[0m
[5.945s] [ 23%] [32mBuilding CXX object CMakeFiles/yolov10_msg__rosidl_typesupport_cpp.dir/rosidl_typesupport_cpp/yolov10_msg/msg/key_point2_d_array__type_support.cpp.o[0m
[5.945s] [ 24%] [32mBuilding CXX object CMakeFiles/yolov10_msg__rosidl_typesupport_fastrtps_cpp.dir/rosidl_typesupport_fastrtps_cpp/yolov10_msg/msg/detail/dds_fastrtps/vector2__type_support.cpp.o[0m
[5.945s] [ 31%] [32mBuilding CXX object CMakeFiles/yolov10_msg__rosidl_typesupport_introspection_cpp.dir/rosidl_typesupport_introspection_cpp/yolov10_msg/msg/detail/bounding_box3_d__type_support.cpp.o[0m
[5.945s] [ 31%] [32mBuilding CXX object CMakeFiles/yolov10_msg__rosidl_typesupport_cpp.dir/rosidl_typesupport_cpp/yolov10_msg/msg/mask__type_support.cpp.o[0m
[5.945s] [ 31%] [32mBuilding CXX object CMakeFiles/yolov10_msg__rosidl_typesupport_cpp.dir/rosidl_typesupport_cpp/yolov10_msg/msg/key_point2_d__type_support.cpp.o[0m
[5.945s] [ 31%] [32mBuilding CXX object CMakeFiles/yolov10_msg__rosidl_typesupport_fastrtps_cpp.dir/rosidl_typesupport_fastrtps_cpp/yolov10_msg/msg/detail/dds_fastrtps/mask__type_support.cpp.o[0m
[5.945s] [ 31%] [32mBuilding CXX object CMakeFiles/yolov10_msg__rosidl_typesupport_cpp.dir/rosidl_typesupport_cpp/yolov10_msg/msg/key_point3_d__type_support.cpp.o[0m
[5.945s] [ 31%] [32mBuilding CXX object CMakeFiles/yolov10_msg__rosidl_typesupport_introspection_cpp.dir/rosidl_typesupport_introspection_cpp/yolov10_msg/msg/detail/pose2_d__type_support.cpp.o[0m
[5.947s] [ 31%] [32mBuilding CXX object CMakeFiles/yolov10_msg__rosidl_typesupport_fastrtps_cpp.dir/rosidl_typesupport_fastrtps_cpp/yolov10_msg/msg/detail/dds_fastrtps/key_point2_d__type_support.cpp.o[0m
[5.947s] [ 31%] [32mBuilding CXX object CMakeFiles/yolov10_msg__rosidl_typesupport_introspection_cpp.dir/rosidl_typesupport_introspection_cpp/yolov10_msg/msg/detail/bounding_box2_d__type_support.cpp.o[0m
[5.947s] [ 32%] [32mBuilding CXX object CMakeFiles/yolov10_msg__rosidl_typesupport_introspection_cpp.dir/rosidl_typesupport_introspection_cpp/yolov10_msg/msg/detail/mask__type_support.cpp.o[0m
[5.947s] [ 33%] [32mBuilding CXX object CMakeFiles/yolov10_msg__rosidl_typesupport_cpp.dir/rosidl_typesupport_cpp/yolov10_msg/msg/key_point3_d_array__type_support.cpp.o[0m
[5.956s] [ 34%] [32m[1mLinking C shared library libyolov10_msg__rosidl_generator_c.so[0m
[5.961s] [ 34%] Built target ament_cmake_python_build_yolov10_msg_egg
[5.974s] [ 34%] [32mBuilding CXX object CMakeFiles/yolov10_msg__rosidl_typesupport_introspection_cpp.dir/rosidl_typesupport_introspection_cpp/yolov10_msg/msg/detail/key_point2_d__type_support.cpp.o[0m
[5.982s] [ 35%] [32mBuilding CXX object CMakeFiles/yolov10_msg__rosidl_typesupport_cpp.dir/rosidl_typesupport_cpp/yolov10_msg/msg/detection__type_support.cpp.o[0m
[5.982s] [ 36%] [32mBuilding CXX object CMakeFiles/yolov10_msg__rosidl_typesupport_introspection_cpp.dir/rosidl_typesupport_introspection_cpp/yolov10_msg/msg/detail/key_point2_d_array__type_support.cpp.o[0m
[5.982s] [ 36%] [32mBuilding CXX object CMakeFiles/yolov10_msg__rosidl_typesupport_fastrtps_cpp.dir/rosidl_typesupport_fastrtps_cpp/yolov10_msg/msg/detail/dds_fastrtps/key_point2_d_array__type_support.cpp.o[0m
[5.990s] [ 37%] [32mBuilding CXX object CMakeFiles/yolov10_msg__rosidl_typesupport_introspection_cpp.dir/rosidl_typesupport_introspection_cpp/yolov10_msg/msg/detail/key_point3_d__type_support.cpp.o[0m
[5.990s] [ 38%] [32mBuilding CXX object CMakeFiles/yolov10_msg__rosidl_typesupport_cpp.dir/rosidl_typesupport_cpp/yolov10_msg/msg/detection_array__type_support.cpp.o[0m
[5.995s] [ 39%] [32mBuilding CXX object CMakeFiles/yolov10_msg__rosidl_typesupport_introspection_cpp.dir/rosidl_typesupport_introspection_cpp/yolov10_msg/msg/detail/key_point3_d_array__type_support.cpp.o[0m
[5.997s] [ 40%] [32mBuilding CXX object CMakeFiles/yolov10_msg__rosidl_typesupport_fastrtps_cpp.dir/rosidl_typesupport_fastrtps_cpp/yolov10_msg/msg/detail/dds_fastrtps/key_point3_d__type_support.cpp.o[0m
[5.997s] [ 41%] [32mBuilding CXX object CMakeFiles/yolov10_msg__rosidl_typesupport_fastrtps_cpp.dir/rosidl_typesupport_fastrtps_cpp/yolov10_msg/msg/detail/dds_fastrtps/key_point3_d_array__type_support.cpp.o[0m
[5.997s] [ 42%] [32mBuilding CXX object CMakeFiles/yolov10_msg__rosidl_typesupport_fastrtps_cpp.dir/rosidl_typesupport_fastrtps_cpp/yolov10_msg/msg/detail/dds_fastrtps/detection__type_support.cpp.o[0m
[5.999s] [ 43%] [32mBuilding CXX object CMakeFiles/yolov10_msg__rosidl_typesupport_introspection_cpp.dir/rosidl_typesupport_introspection_cpp/yolov10_msg/msg/detail/detection__type_support.cpp.o[0m
[6.001s] [ 44%] [32mBuilding CXX object CMakeFiles/yolov10_msg__rosidl_typesupport_introspection_cpp.dir/rosidl_typesupport_introspection_cpp/yolov10_msg/msg/detail/detection_array__type_support.cpp.o[0m
[9.323s] [ 45%] [32m[1mLinking CXX shared library libyolov10_msg__rosidl_typesupport_introspection_cpp.so[0m
[9.323s] [ 45%] [32mBuilding CXX object CMakeFiles/yolov10_msg__rosidl_typesupport_fastrtps_cpp.dir/rosidl_typesupport_fastrtps_cpp/yolov10_msg/msg/detail/dds_fastrtps/detection_array__type_support.cpp.o[0m
[9.323s] [ 46%] [32m[1mLinking CXX shared library libyolov10_msg__rosidl_typesupport_cpp.so[0m
[9.323s] [ 46%] Built target yolov10_msg__rosidl_generator_c
[9.331s] [ 47%] [34m[1mGenerating C type support for eProsima Fast-RTPS[0m
[9.332s] [ 48%] [34m[1mGenerating C introspection for ROS interfaces[0m
[9.333s] [ 49%] [34m[1mGenerating C type support dispatch for ROS interfaces[0m
[9.370s] [ 50%] [32m[1mLinking CXX shared library libyolov10_msg__rosidl_typesupport_fastrtps_cpp.so[0m
[9.466s] [ 50%] Built target yolov10_msg__rosidl_typesupport_cpp
[9.484s] [ 50%] Built target yolov10_msg__rosidl_typesupport_introspection_cpp
[9.493s] [ 50%] Built target yolov10_msg__rosidl_typesupport_fastrtps_cpp
[9.731s] [ 51%] [32mBuilding CXX object CMakeFiles/yolov10_msg__rosidl_typesupport_c.dir/rosidl_typesupport_c/yolov10_msg/msg/vector2__type_support.cpp.o[0m
[9.731s] [ 51%] [32mBuilding CXX object CMakeFiles/yolov10_msg__rosidl_typesupport_c.dir/rosidl_typesupport_c/yolov10_msg/msg/point2_d__type_support.cpp.o[0m
[9.732s] [ 52%] [32mBuilding CXX object CMakeFiles/yolov10_msg__rosidl_typesupport_c.dir/rosidl_typesupport_c/yolov10_msg/msg/bounding_box2_d__type_support.cpp.o[0m
[9.733s] [ 53%] [32mBuilding CXX object CMakeFiles/yolov10_msg__rosidl_typesupport_c.dir/rosidl_typesupport_c/yolov10_msg/msg/pose2_d__type_support.cpp.o[0m
[9.733s] [ 55%] [32mBuilding CXX object CMakeFiles/yolov10_msg__rosidl_typesupport_c.dir/rosidl_typesupport_c/yolov10_msg/msg/bounding_box3_d__type_support.cpp.o[0m
[9.733s] [ 55%] [32mBuilding CXX object CMakeFiles/yolov10_msg__rosidl_typesupport_c.dir/rosidl_typesupport_c/yolov10_msg/msg/mask__type_support.cpp.o[0m
[9.734s] [ 56%] [32mBuilding CXX object CMakeFiles/yolov10_msg__rosidl_typesupport_c.dir/rosidl_typesupport_c/yolov10_msg/msg/detection_array__type_support.cpp.o[0m
[9.734s] [ 57%] [32mBuilding CXX object CMakeFiles/yolov10_msg__rosidl_typesupport_c.dir/rosidl_typesupport_c/yolov10_msg/msg/detection__type_support.cpp.o[0m
[9.734s] [ 58%] [32mBuilding CXX object CMakeFiles/yolov10_msg__rosidl_typesupport_c.dir/rosidl_typesupport_c/yolov10_msg/msg/key_point2_d_array__type_support.cpp.o[0m
[9.734s] [ 58%] [32mBuilding CXX object CMakeFiles/yolov10_msg__rosidl_typesupport_c.dir/rosidl_typesupport_c/yolov10_msg/msg/key_point3_d__type_support.cpp.o[0m
[9.734s] [ 59%] [32mBuilding CXX object CMakeFiles/yolov10_msg__rosidl_typesupport_c.dir/rosidl_typesupport_c/yolov10_msg/msg/key_point2_d__type_support.cpp.o[0m
[9.734s] [ 60%] [32mBuilding CXX object CMakeFiles/yolov10_msg__rosidl_typesupport_c.dir/rosidl_typesupport_c/yolov10_msg/msg/key_point3_d_array__type_support.cpp.o[0m
[9.849s] [ 61%] [32mBuilding CXX object CMakeFiles/yolov10_msg__rosidl_typesupport_fastrtps_c.dir/rosidl_typesupport_fastrtps_c/yolov10_msg/msg/detail/bounding_box2_d__type_support_c.cpp.o[0m
[9.849s] [ 61%] [32mBuilding CXX object CMakeFiles/yolov10_msg__rosidl_typesupport_fastrtps_c.dir/rosidl_typesupport_fastrtps_c/yolov10_msg/msg/detail/pose2_d__type_support_c.cpp.o[0m
[9.849s] [ 62%] [32mBuilding CXX object CMakeFiles/yolov10_msg__rosidl_typesupport_fastrtps_c.dir/rosidl_typesupport_fastrtps_c/yolov10_msg/msg/detail/vector2__type_support_c.cpp.o[0m
[9.850s] [ 63%] [32mBuilding CXX object CMakeFiles/yolov10_msg__rosidl_typesupport_fastrtps_c.dir/rosidl_typesupport_fastrtps_c/yolov10_msg/msg/detail/point2_d__type_support_c.cpp.o[0m
[9.850s] [ 64%] [32m[1mLinking CXX shared library libyolov10_msg__rosidl_typesupport_c.so[0m
[9.851s] [ 65%] [32mBuilding CXX object CMakeFiles/yolov10_msg__rosidl_typesupport_fastrtps_c.dir/rosidl_typesupport_fastrtps_c/yolov10_msg/msg/detail/bounding_box3_d__type_support_c.cpp.o[0m
[9.852s] [ 66%] [32mBuilding CXX object CMakeFiles/yolov10_msg__rosidl_typesupport_fastrtps_c.dir/rosidl_typesupport_fastrtps_c/yolov10_msg/msg/detail/key_point3_d_array__type_support_c.cpp.o[0m
[9.852s] [ 67%] [32mBuilding CXX object CMakeFiles/yolov10_msg__rosidl_typesupport_fastrtps_c.dir/rosidl_typesupport_fastrtps_c/yolov10_msg/msg/detail/key_point2_d__type_support_c.cpp.o[0m
[9.852s] [ 68%] [32mBuilding CXX object CMakeFiles/yolov10_msg__rosidl_typesupport_fastrtps_c.dir/rosidl_typesupport_fastrtps_c/yolov10_msg/msg/detail/key_point3_d__type_support_c.cpp.o[0m
[9.852s] [ 69%] [32mBuilding CXX object CMakeFiles/yolov10_msg__rosidl_typesupport_fastrtps_c.dir/rosidl_typesupport_fastrtps_c/yolov10_msg/msg/detail/key_point2_d_array__type_support_c.cpp.o[0m
[9.852s] [ 69%] [32mBuilding CXX object CMakeFiles/yolov10_msg__rosidl_typesupport_fastrtps_c.dir/rosidl_typesupport_fastrtps_c/yolov10_msg/msg/detail/mask__type_support_c.cpp.o[0m
[9.853s] [ 70%] [32mBuilding CXX object CMakeFiles/yolov10_msg__rosidl_typesupport_fastrtps_c.dir/rosidl_typesupport_fastrtps_c/yolov10_msg/msg/detail/detection__type_support_c.cpp.o[0m
[9.853s] [ 71%] [32mBuilding CXX object CMakeFiles/yolov10_msg__rosidl_typesupport_fastrtps_c.dir/rosidl_typesupport_fastrtps_c/yolov10_msg/msg/detail/detection_array__type_support_c.cpp.o[0m
[9.915s] [ 72%] [32mBuilding C object CMakeFiles/yolov10_msg__rosidl_typesupport_introspection_c.dir/rosidl_typesupport_introspection_c/yolov10_msg/msg/detail/pose2_d__type_support.c.o[0m
[9.915s] [ 72%] [32mBuilding C object CMakeFiles/yolov10_msg__rosidl_typesupport_introspection_c.dir/rosidl_typesupport_introspection_c/yolov10_msg/msg/detail/bounding_box2_d__type_support.c.o[0m
[9.915s] [ 75%] [32mBuilding C object CMakeFiles/yolov10_msg__rosidl_typesupport_introspection_c.dir/rosidl_typesupport_introspection_c/yolov10_msg/msg/detail/bounding_box3_d__type_support.c.o[0m
[9.915s] [ 75%] [32mBuilding C object CMakeFiles/yolov10_msg__rosidl_typesupport_introspection_c.dir/rosidl_typesupport_introspection_c/yolov10_msg/msg/detail/point2_d__type_support.c.o[0m
[9.915s] [ 75%] [32mBuilding C object CMakeFiles/yolov10_msg__rosidl_typesupport_introspection_c.dir/rosidl_typesupport_introspection_c/yolov10_msg/msg/detail/mask__type_support.c.o[0m
[9.915s] [ 76%] [32mBuilding C object CMakeFiles/yolov10_msg__rosidl_typesupport_introspection_c.dir/rosidl_typesupport_introspection_c/yolov10_msg/msg/detail/vector2__type_support.c.o[0m
[9.918s] [ 77%] [32mBuilding C object CMakeFiles/yolov10_msg__rosidl_typesupport_introspection_c.dir/rosidl_typesupport_introspection_c/yolov10_msg/msg/detail/key_point2_d__type_support.c.o[0m
[10.015s] [ 78%] [32mBuilding C object CMakeFiles/yolov10_msg__rosidl_typesupport_introspection_c.dir/rosidl_typesupport_introspection_c/yolov10_msg/msg/detail/key_point2_d_array__type_support.c.o[0m
[10.123s] [ 79%] [32mBuilding C object CMakeFiles/yolov10_msg__rosidl_typesupport_introspection_c.dir/rosidl_typesupport_introspection_c/yolov10_msg/msg/detail/key_point3_d__type_support.c.o[0m
[10.124s] [ 80%] [32mBuilding C object CMakeFiles/yolov10_msg__rosidl_typesupport_introspection_c.dir/rosidl_typesupport_introspection_c/yolov10_msg/msg/detail/detection_array__type_support.c.o[0m
[10.124s] [ 80%] [32mBuilding C object CMakeFiles/yolov10_msg__rosidl_typesupport_introspection_c.dir/rosidl_typesupport_introspection_c/yolov10_msg/msg/detail/detection__type_support.c.o[0m
[10.124s] [ 81%] [32mBuilding C object CMakeFiles/yolov10_msg__rosidl_typesupport_introspection_c.dir/rosidl_typesupport_introspection_c/yolov10_msg/msg/detail/key_point3_d_array__type_support.c.o[0m
[10.139s] [ 82%] [32m[1mLinking CXX shared library libyolov10_msg__rosidl_typesupport_fastrtps_c.so[0m
[10.197s] [ 82%] Built target yolov10_msg__rosidl_typesupport_c
[10.203s] [ 83%] [32m[1mLinking C shared library libyolov10_msg__rosidl_typesupport_introspection_c.so[0m
[10.211s] [ 83%] Built target yolov10_msg__rosidl_typesupport_fastrtps_c
[10.228s] [ 83%] Built target yolov10_msg__rosidl_typesupport_introspection_c
[10.243s] [ 83%] Built target yolov10_msg
[10.260s] [ 84%] [34m[1mGenerating Python code for ROS interfaces[0m
[11.105s] [ 84%] Built target yolov10_msg__py
[11.127s] [ 87%] [32mBuilding C object CMakeFiles/yolov10_msg__rosidl_generator_py.dir/rosidl_generator_py/yolov10_msg/msg/_vector2_s.c.o[0m
[11.127s] [ 87%] [32mBuilding C object CMakeFiles/yolov10_msg__rosidl_generator_py.dir/rosidl_generator_py/yolov10_msg/msg/_point2_d_s.c.o[0m
[11.127s] [ 87%] [32mBuilding C object CMakeFiles/yolov10_msg__rosidl_generator_py.dir/rosidl_generator_py/yolov10_msg/msg/_bounding_box2_d_s.c.o[0m
[11.127s] [ 87%] [32mBuilding C object CMakeFiles/yolov10_msg__rosidl_generator_py.dir/rosidl_generator_py/yolov10_msg/msg/_pose2_d_s.c.o[0m
[11.127s] [ 88%] [32mBuilding C object CMakeFiles/yolov10_msg__rosidl_generator_py.dir/rosidl_generator_py/yolov10_msg/msg/_bounding_box3_d_s.c.o[0m
[11.131s] [ 89%] [32mBuilding C object CMakeFiles/yolov10_msg__rosidl_generator_py.dir/rosidl_generator_py/yolov10_msg/msg/_key_point3_d_s.c.o[0m
[11.133s] [ 90%] [32mBuilding C object CMakeFiles/yolov10_msg__rosidl_generator_py.dir/rosidl_generator_py/yolov10_msg/msg/_mask_s.c.o[0m
[11.133s] [ 91%] [32mBuilding C object CMakeFiles/yolov10_msg__rosidl_generator_py.dir/rosidl_generator_py/yolov10_msg/msg/_key_point2_d_s.c.o[0m
[11.134s] [ 91%] [32mBuilding C object CMakeFiles/yolov10_msg__rosidl_generator_py.dir/rosidl_generator_py/yolov10_msg/msg/_key_point3_d_array_s.c.o[0m
[11.134s] [ 92%] [32mBuilding C object CMakeFiles/yolov10_msg__rosidl_generator_py.dir/rosidl_generator_py/yolov10_msg/msg/_detection_array_s.c.o[0m
[11.135s] [ 93%] [32mBuilding C object CMakeFiles/yolov10_msg__rosidl_generator_py.dir/rosidl_generator_py/yolov10_msg/msg/_key_point2_d_array_s.c.o[0m
[11.136s] [ 94%] [32mBuilding C object CMakeFiles/yolov10_msg__rosidl_generator_py.dir/rosidl_generator_py/yolov10_msg/msg/_detection_s.c.o[0m
[11.173s] [ 95%] [32m[1mLinking C shared library rosidl_generator_py/yolov10_msg/libyolov10_msg__rosidl_generator_py.so[0m
[11.308s] [ 95%] Built target yolov10_msg__rosidl_generator_py
[11.335s] [ 97%] [32mBuilding C object CMakeFiles/yolov10_msg__rosidl_typesupport_introspection_c__pyext.dir/rosidl_generator_py/yolov10_msg/_yolov10_msg_s.ep.rosidl_typesupport_introspection_c.c.o[0m
[11.335s] [ 97%] [32mBuilding C object CMakeFiles/yolov10_msg__rosidl_typesupport_fastrtps_c__pyext.dir/rosidl_generator_py/yolov10_msg/_yolov10_msg_s.ep.rosidl_typesupport_fastrtps_c.c.o[0m
[11.335s] [ 97%] [32mBuilding C object CMakeFiles/yolov10_msg__rosidl_typesupport_c__pyext.dir/rosidl_generator_py/yolov10_msg/_yolov10_msg_s.ep.rosidl_typesupport_c.c.o[0m
[11.413s] [ 98%] [32m[1mLinking C shared library rosidl_generator_py/yolov10_msg/yolov10_msg_s__rosidl_typesupport_c.cpython-310-x86_64-linux-gnu.so[0m
[11.414s] [ 99%] [32m[1mLinking C shared library rosidl_generator_py/yolov10_msg/yolov10_msg_s__rosidl_typesupport_fastrtps_c.cpython-310-x86_64-linux-gnu.so[0m
[11.418s] [100%] [32m[1mLinking C shared library rosidl_generator_py/yolov10_msg/yolov10_msg_s__rosidl_typesupport_introspection_c.cpython-310-x86_64-linux-gnu.so[0m
[11.463s] [100%] Built target yolov10_msg__rosidl_typesupport_fastrtps_c__pyext
[11.463s] [100%] Built target yolov10_msg__rosidl_typesupport_c__pyext
[11.466s] [100%] Built target yolov10_msg__rosidl_typesupport_introspection_c__pyext
[11.489s] Invoked command in '/home/suke/chicken_core/build/yolov10_msg' returned '0': CMAKE_PREFIX_PATH=${CMAKE_PREFIX_PATH}:/home/suke/ouxt_automation/robotx_ws/install/opencv_tests:/home/suke/ouxt_automation/robotx_ws/install/detic_onnx_ros2:/opt/ros/humble /usr/bin/cmake --build /home/suke/chicken_core/build/yolov10_msg -- -j20 -l20
[12.282s] Invoking command in '/home/suke/chicken_core/build/yolov10_msg': CMAKE_PREFIX_PATH=${CMAKE_PREFIX_PATH}:/home/suke/ouxt_automation/robotx_ws/install/opencv_tests:/home/suke/ouxt_automation/robotx_ws/install/detic_onnx_ros2:/opt/ros/humble /usr/bin/cmake --install /home/suke/chicken_core/build/yolov10_msg
[12.288s] -- Install configuration: ""
[12.288s] -- Execute custom install script
[12.288s] -- Symlinking: /home/suke/chicken_core/install/yolov10_msg/share/ament_index/resource_index/rosidl_interfaces/yolov10_msg
[12.295s] -- Symlinking: /home/suke/chicken_core/install/yolov10_msg/include/yolov10_msg/yolov10_msg/msg/bounding_box2_d.h
[12.301s] -- Symlinking: /home/suke/chicken_core/install/yolov10_msg/include/yolov10_msg/yolov10_msg/msg/bounding_box3_d.h
[12.306s] -- Symlinking: /home/suke/chicken_core/install/yolov10_msg/include/yolov10_msg/yolov10_msg/msg/detail/bounding_box2_d__functions.h
[12.312s] -- Symlinking: /home/suke/chicken_core/install/yolov10_msg/include/yolov10_msg/yolov10_msg/msg/detail/bounding_box2_d__struct.h
[12.318s] -- Symlinking: /home/suke/chicken_core/install/yolov10_msg/include/yolov10_msg/yolov10_msg/msg/detail/bounding_box2_d__type_support.h
[12.323s] -- Symlinking: /home/suke/chicken_core/install/yolov10_msg/include/yolov10_msg/yolov10_msg/msg/detail/bounding_box3_d__functions.h
[12.329s] -- Symlinking: /home/suke/chicken_core/install/yolov10_msg/include/yolov10_msg/yolov10_msg/msg/detail/bounding_box3_d__struct.h
[12.335s] -- Symlinking: /home/suke/chicken_core/install/yolov10_msg/include/yolov10_msg/yolov10_msg/msg/detail/bounding_box3_d__type_support.h
[12.341s] -- Symlinking: /home/suke/chicken_core/install/yolov10_msg/include/yolov10_msg/yolov10_msg/msg/detail/detection__functions.h
[12.347s] -- Symlinking: /home/suke/chicken_core/install/yolov10_msg/include/yolov10_msg/yolov10_msg/msg/detail/detection__struct.h
[12.352s] -- Symlinking: /home/suke/chicken_core/install/yolov10_msg/include/yolov10_msg/yolov10_msg/msg/detail/detection__type_support.h
[12.358s] -- Symlinking: /home/suke/chicken_core/install/yolov10_msg/include/yolov10_msg/yolov10_msg/msg/detail/detection_array__functions.h
[12.364s] -- Symlinking: /home/suke/chicken_core/install/yolov10_msg/include/yolov10_msg/yolov10_msg/msg/detail/detection_array__struct.h
[12.369s] -- Symlinking: /home/suke/chicken_core/install/yolov10_msg/include/yolov10_msg/yolov10_msg/msg/detail/detection_array__type_support.h
[12.375s] -- Symlinking: /home/suke/chicken_core/install/yolov10_msg/include/yolov10_msg/yolov10_msg/msg/detail/key_point2_d__functions.h
[12.381s] -- Symlinking: /home/suke/chicken_core/install/yolov10_msg/include/yolov10_msg/yolov10_msg/msg/detail/key_point2_d__struct.h
[12.387s] -- Symlinking: /home/suke/chicken_core/install/yolov10_msg/include/yolov10_msg/yolov10_msg/msg/detail/key_point2_d__type_support.h
[12.393s] -- Symlinking: /home/suke/chicken_core/install/yolov10_msg/include/yolov10_msg/yolov10_msg/msg/detail/key_point2_d_array__functions.h
[12.399s] -- Symlinking: /home/suke/chicken_core/install/yolov10_msg/include/yolov10_msg/yolov10_msg/msg/detail/key_point2_d_array__struct.h
[12.405s] -- Symlinking: /home/suke/chicken_core/install/yolov10_msg/include/yolov10_msg/yolov10_msg/msg/detail/key_point2_d_array__type_support.h
[12.411s] -- Symlinking: /home/suke/chicken_core/install/yolov10_msg/include/yolov10_msg/yolov10_msg/msg/detail/key_point3_d__functions.h
[12.417s] -- Symlinking: /home/suke/chicken_core/install/yolov10_msg/include/yolov10_msg/yolov10_msg/msg/detail/key_point3_d__struct.h
[12.422s] -- Symlinking: /home/suke/chicken_core/install/yolov10_msg/include/yolov10_msg/yolov10_msg/msg/detail/key_point3_d__type_support.h
[12.429s] -- Symlinking: /home/suke/chicken_core/install/yolov10_msg/include/yolov10_msg/yolov10_msg/msg/detail/key_point3_d_array__functions.h
[12.435s] -- Symlinking: /home/suke/chicken_core/install/yolov10_msg/include/yolov10_msg/yolov10_msg/msg/detail/key_point3_d_array__struct.h
[12.441s] -- Symlinking: /home/suke/chicken_core/install/yolov10_msg/include/yolov10_msg/yolov10_msg/msg/detail/key_point3_d_array__type_support.h
[12.447s] -- Symlinking: /home/suke/chicken_core/install/yolov10_msg/include/yolov10_msg/yolov10_msg/msg/detail/mask__functions.h
[12.453s] -- Symlinking: /home/suke/chicken_core/install/yolov10_msg/include/yolov10_msg/yolov10_msg/msg/detail/mask__struct.h
[12.459s] -- Symlinking: /home/suke/chicken_core/install/yolov10_msg/include/yolov10_msg/yolov10_msg/msg/detail/mask__type_support.h
[12.465s] -- Symlinking: /home/suke/chicken_core/install/yolov10_msg/include/yolov10_msg/yolov10_msg/msg/detail/point2_d__functions.h
[12.472s] -- Symlinking: /home/suke/chicken_core/install/yolov10_msg/include/yolov10_msg/yolov10_msg/msg/detail/point2_d__struct.h
[12.478s] -- Symlinking: /home/suke/chicken_core/install/yolov10_msg/include/yolov10_msg/yolov10_msg/msg/detail/point2_d__type_support.h
[12.483s] -- Symlinking: /home/suke/chicken_core/install/yolov10_msg/include/yolov10_msg/yolov10_msg/msg/detail/pose2_d__functions.h
[12.489s] -- Symlinking: /home/suke/chicken_core/install/yolov10_msg/include/yolov10_msg/yolov10_msg/msg/detail/pose2_d__struct.h
[12.494s] -- Symlinking: /home/suke/chicken_core/install/yolov10_msg/include/yolov10_msg/yolov10_msg/msg/detail/pose2_d__type_support.h
[12.501s] -- Symlinking: /home/suke/chicken_core/install/yolov10_msg/include/yolov10_msg/yolov10_msg/msg/detail/vector2__functions.h
[12.506s] -- Symlinking: /home/suke/chicken_core/install/yolov10_msg/include/yolov10_msg/yolov10_msg/msg/detail/vector2__struct.h
[12.512s] -- Symlinking: /home/suke/chicken_core/install/yolov10_msg/include/yolov10_msg/yolov10_msg/msg/detail/vector2__type_support.h
[12.518s] -- Symlinking: /home/suke/chicken_core/install/yolov10_msg/include/yolov10_msg/yolov10_msg/msg/detection.h
[12.524s] -- Symlinking: /home/suke/chicken_core/install/yolov10_msg/include/yolov10_msg/yolov10_msg/msg/detection_array.h
[12.529s] -- Symlinking: /home/suke/chicken_core/install/yolov10_msg/include/yolov10_msg/yolov10_msg/msg/key_point2_d.h
[12.535s] -- Symlinking: /home/suke/chicken_core/install/yolov10_msg/include/yolov10_msg/yolov10_msg/msg/key_point2_d_array.h
[12.541s] -- Symlinking: /home/suke/chicken_core/install/yolov10_msg/include/yolov10_msg/yolov10_msg/msg/key_point3_d.h
[12.546s] -- Symlinking: /home/suke/chicken_core/install/yolov10_msg/include/yolov10_msg/yolov10_msg/msg/key_point3_d_array.h
[12.552s] -- Symlinking: /home/suke/chicken_core/install/yolov10_msg/include/yolov10_msg/yolov10_msg/msg/mask.h
[12.558s] -- Symlinking: /home/suke/chicken_core/install/yolov10_msg/include/yolov10_msg/yolov10_msg/msg/point2_d.h
[12.563s] -- Symlinking: /home/suke/chicken_core/install/yolov10_msg/include/yolov10_msg/yolov10_msg/msg/pose2_d.h
[12.569s] -- Symlinking: /home/suke/chicken_core/install/yolov10_msg/include/yolov10_msg/yolov10_msg/msg/rosidl_generator_c__visibility_control.h
[12.575s] -- Symlinking: /home/suke/chicken_core/install/yolov10_msg/include/yolov10_msg/yolov10_msg/msg/vector2.h
[12.581s] -- Symlinking: /home/suke/chicken_core/install/yolov10_msg/share/yolov10_msg/environment/library_path.sh
[12.586s] -- Symlinking: /home/suke/chicken_core/install/yolov10_msg/share/yolov10_msg/environment/library_path.dsv
[12.592s] -- Symlinking: /home/suke/chicken_core/install/yolov10_msg/include/yolov10_msg/yolov10_msg/msg/detail/bounding_box2_d__rosidl_typesupport_fastrtps_c.h
[12.598s] -- Symlinking: /home/suke/chicken_core/install/yolov10_msg/include/yolov10_msg/yolov10_msg/msg/detail/bounding_box3_d__rosidl_typesupport_fastrtps_c.h
[12.604s] -- Symlinking: /home/suke/chicken_core/install/yolov10_msg/include/yolov10_msg/yolov10_msg/msg/detail/detection__rosidl_typesupport_fastrtps_c.h
[12.609s] -- Symlinking: /home/suke/chicken_core/install/yolov10_msg/include/yolov10_msg/yolov10_msg/msg/detail/detection_array__rosidl_typesupport_fastrtps_c.h
[12.615s] -- Symlinking: /home/suke/chicken_core/install/yolov10_msg/include/yolov10_msg/yolov10_msg/msg/detail/key_point2_d__rosidl_typesupport_fastrtps_c.h
[12.621s] -- Symlinking: /home/suke/chicken_core/install/yolov10_msg/include/yolov10_msg/yolov10_msg/msg/detail/key_point2_d_array__rosidl_typesupport_fastrtps_c.h
[12.627s] -- Symlinking: /home/suke/chicken_core/install/yolov10_msg/include/yolov10_msg/yolov10_msg/msg/detail/key_point3_d__rosidl_typesupport_fastrtps_c.h
[12.634s] -- Symlinking: /home/suke/chicken_core/install/yolov10_msg/include/yolov10_msg/yolov10_msg/msg/detail/key_point3_d_array__rosidl_typesupport_fastrtps_c.h
[12.640s] -- Symlinking: /home/suke/chicken_core/install/yolov10_msg/include/yolov10_msg/yolov10_msg/msg/detail/mask__rosidl_typesupport_fastrtps_c.h
[12.646s] -- Symlinking: /home/suke/chicken_core/install/yolov10_msg/include/yolov10_msg/yolov10_msg/msg/detail/point2_d__rosidl_typesupport_fastrtps_c.h
[12.652s] -- Symlinking: /home/suke/chicken_core/install/yolov10_msg/include/yolov10_msg/yolov10_msg/msg/detail/pose2_d__rosidl_typesupport_fastrtps_c.h
[12.658s] -- Symlinking: /home/suke/chicken_core/install/yolov10_msg/include/yolov10_msg/yolov10_msg/msg/detail/vector2__rosidl_typesupport_fastrtps_c.h
[12.664s] -- Symlinking: /home/suke/chicken_core/install/yolov10_msg/include/yolov10_msg/yolov10_msg/msg/rosidl_typesupport_fastrtps_c__visibility_control.h
[12.670s] -- Symlinking: /home/suke/chicken_core/install/yolov10_msg/include/yolov10_msg/yolov10_msg/msg/detail/bounding_box2_d__rosidl_typesupport_introspection_c.h
[12.676s] -- Symlinking: /home/suke/chicken_core/install/yolov10_msg/include/yolov10_msg/yolov10_msg/msg/detail/bounding_box3_d__rosidl_typesupport_introspection_c.h
[12.682s] -- Symlinking: /home/suke/chicken_core/install/yolov10_msg/include/yolov10_msg/yolov10_msg/msg/detail/detection__rosidl_typesupport_introspection_c.h
[12.688s] -- Symlinking: /home/suke/chicken_core/install/yolov10_msg/include/yolov10_msg/yolov10_msg/msg/detail/detection_array__rosidl_typesupport_introspection_c.h
[12.694s] -- Symlinking: /home/suke/chicken_core/install/yolov10_msg/include/yolov10_msg/yolov10_msg/msg/detail/key_point2_d__rosidl_typesupport_introspection_c.h
[12.700s] -- Symlinking: /home/suke/chicken_core/install/yolov10_msg/include/yolov10_msg/yolov10_msg/msg/detail/key_point2_d_array__rosidl_typesupport_introspection_c.h
[12.706s] -- Symlinking: /home/suke/chicken_core/install/yolov10_msg/include/yolov10_msg/yolov10_msg/msg/detail/key_point3_d__rosidl_typesupport_introspection_c.h
[12.712s] -- Symlinking: /home/suke/chicken_core/install/yolov10_msg/include/yolov10_msg/yolov10_msg/msg/detail/key_point3_d_array__rosidl_typesupport_introspection_c.h
[12.718s] -- Symlinking: /home/suke/chicken_core/install/yolov10_msg/include/yolov10_msg/yolov10_msg/msg/detail/mask__rosidl_typesupport_introspection_c.h
[12.724s] -- Symlinking: /home/suke/chicken_core/install/yolov10_msg/include/yolov10_msg/yolov10_msg/msg/detail/point2_d__rosidl_typesupport_introspection_c.h
[12.730s] -- Symlinking: /home/suke/chicken_core/install/yolov10_msg/include/yolov10_msg/yolov10_msg/msg/detail/pose2_d__rosidl_typesupport_introspection_c.h
[12.736s] -- Symlinking: /home/suke/chicken_core/install/yolov10_msg/include/yolov10_msg/yolov10_msg/msg/detail/vector2__rosidl_typesupport_introspection_c.h
[12.742s] -- Symlinking: /home/suke/chicken_core/install/yolov10_msg/include/yolov10_msg/yolov10_msg/msg/rosidl_typesupport_introspection_c__visibility_control.h
[12.750s] -- Symlinking: /home/suke/chicken_core/install/yolov10_msg/include/yolov10_msg/yolov10_msg/msg/bounding_box2_d.hpp
[12.756s] -- Symlinking: /home/suke/chicken_core/install/yolov10_msg/include/yolov10_msg/yolov10_msg/msg/bounding_box3_d.hpp
[12.762s] -- Symlinking: /home/suke/chicken_core/install/yolov10_msg/include/yolov10_msg/yolov10_msg/msg/detail/bounding_box2_d__builder.hpp
[12.768s] -- Symlinking: /home/suke/chicken_core/install/yolov10_msg/include/yolov10_msg/yolov10_msg/msg/detail/bounding_box2_d__struct.hpp
[12.774s] -- Symlinking: /home/suke/chicken_core/install/yolov10_msg/include/yolov10_msg/yolov10_msg/msg/detail/bounding_box2_d__traits.hpp
[12.780s] -- Symlinking: /home/suke/chicken_core/install/yolov10_msg/include/yolov10_msg/yolov10_msg/msg/detail/bounding_box3_d__builder.hpp
[12.786s] -- Symlinking: /home/suke/chicken_core/install/yolov10_msg/include/yolov10_msg/yolov10_msg/msg/detail/bounding_box3_d__struct.hpp
[12.792s] -- Symlinking: /home/suke/chicken_core/install/yolov10_msg/include/yolov10_msg/yolov10_msg/msg/detail/bounding_box3_d__traits.hpp
[12.798s] -- Symlinking: /home/suke/chicken_core/install/yolov10_msg/include/yolov10_msg/yolov10_msg/msg/detail/detection__builder.hpp
[12.804s] -- Symlinking: /home/suke/chicken_core/install/yolov10_msg/include/yolov10_msg/yolov10_msg/msg/detail/detection__struct.hpp
[12.810s] -- Symlinking: /home/suke/chicken_core/install/yolov10_msg/include/yolov10_msg/yolov10_msg/msg/detail/detection__traits.hpp
[12.816s] -- Symlinking: /home/suke/chicken_core/install/yolov10_msg/include/yolov10_msg/yolov10_msg/msg/detail/detection_array__builder.hpp
[12.821s] -- Symlinking: /home/suke/chicken_core/install/yolov10_msg/include/yolov10_msg/yolov10_msg/msg/detail/detection_array__struct.hpp
[12.828s] -- Symlinking: /home/suke/chicken_core/install/yolov10_msg/include/yolov10_msg/yolov10_msg/msg/detail/detection_array__traits.hpp
[12.836s] -- Symlinking: /home/suke/chicken_core/install/yolov10_msg/include/yolov10_msg/yolov10_msg/msg/detail/key_point2_d__builder.hpp
[12.842s] -- Symlinking: /home/suke/chicken_core/install/yolov10_msg/include/yolov10_msg/yolov10_msg/msg/detail/key_point2_d__struct.hpp
[12.849s] -- Symlinking: /home/suke/chicken_core/install/yolov10_msg/include/yolov10_msg/yolov10_msg/msg/detail/key_point2_d__traits.hpp
[12.857s] -- Symlinking: /home/suke/chicken_core/install/yolov10_msg/include/yolov10_msg/yolov10_msg/msg/detail/key_point2_d_array__builder.hpp
[12.863s] -- Symlinking: /home/suke/chicken_core/install/yolov10_msg/include/yolov10_msg/yolov10_msg/msg/detail/key_point2_d_array__struct.hpp
[12.869s] -- Symlinking: /home/suke/chicken_core/install/yolov10_msg/include/yolov10_msg/yolov10_msg/msg/detail/key_point2_d_array__traits.hpp
[12.875s] -- Symlinking: /home/suke/chicken_core/install/yolov10_msg/include/yolov10_msg/yolov10_msg/msg/detail/key_point3_d__builder.hpp
[12.881s] -- Symlinking: /home/suke/chicken_core/install/yolov10_msg/include/yolov10_msg/yolov10_msg/msg/detail/key_point3_d__struct.hpp
[12.887s] -- Symlinking: /home/suke/chicken_core/install/yolov10_msg/include/yolov10_msg/yolov10_msg/msg/detail/key_point3_d__traits.hpp
[12.893s] -- Symlinking: /home/suke/chicken_core/install/yolov10_msg/include/yolov10_msg/yolov10_msg/msg/detail/key_point3_d_array__builder.hpp
[12.898s] -- Symlinking: /home/suke/chicken_core/install/yolov10_msg/include/yolov10_msg/yolov10_msg/msg/detail/key_point3_d_array__struct.hpp
[12.904s] -- Symlinking: /home/suke/chicken_core/install/yolov10_msg/include/yolov10_msg/yolov10_msg/msg/detail/key_point3_d_array__traits.hpp
[12.910s] -- Symlinking: /home/suke/chicken_core/install/yolov10_msg/include/yolov10_msg/yolov10_msg/msg/detail/mask__builder.hpp
[12.916s] -- Symlinking: /home/suke/chicken_core/install/yolov10_msg/include/yolov10_msg/yolov10_msg/msg/detail/mask__struct.hpp
[12.921s] -- Symlinking: /home/suke/chicken_core/install/yolov10_msg/include/yolov10_msg/yolov10_msg/msg/detail/mask__traits.hpp
[12.927s] -- Symlinking: /home/suke/chicken_core/install/yolov10_msg/include/yolov10_msg/yolov10_msg/msg/detail/point2_d__builder.hpp
[12.932s] -- Symlinking: /home/suke/chicken_core/install/yolov10_msg/include/yolov10_msg/yolov10_msg/msg/detail/point2_d__struct.hpp
[12.939s] -- Symlinking: /home/suke/chicken_core/install/yolov10_msg/include/yolov10_msg/yolov10_msg/msg/detail/point2_d__traits.hpp
[12.945s] -- Symlinking: /home/suke/chicken_core/install/yolov10_msg/include/yolov10_msg/yolov10_msg/msg/detail/pose2_d__builder.hpp
[12.951s] -- Symlinking: /home/suke/chicken_core/install/yolov10_msg/include/yolov10_msg/yolov10_msg/msg/detail/pose2_d__struct.hpp
[12.956s] -- Symlinking: /home/suke/chicken_core/install/yolov10_msg/include/yolov10_msg/yolov10_msg/msg/detail/pose2_d__traits.hpp
[12.962s] -- Symlinking: /home/suke/chicken_core/install/yolov10_msg/include/yolov10_msg/yolov10_msg/msg/detail/vector2__builder.hpp
[12.968s] -- Symlinking: /home/suke/chicken_core/install/yolov10_msg/include/yolov10_msg/yolov10_msg/msg/detail/vector2__struct.hpp
[12.974s] -- Symlinking: /home/suke/chicken_core/install/yolov10_msg/include/yolov10_msg/yolov10_msg/msg/detail/vector2__traits.hpp
[12.979s] -- Symlinking: /home/suke/chicken_core/install/yolov10_msg/include/yolov10_msg/yolov10_msg/msg/detection.hpp
[12.985s] -- Symlinking: /home/suke/chicken_core/install/yolov10_msg/include/yolov10_msg/yolov10_msg/msg/detection_array.hpp
[12.991s] -- Symlinking: /home/suke/chicken_core/install/yolov10_msg/include/yolov10_msg/yolov10_msg/msg/key_point2_d.hpp
[12.998s] -- Symlinking: /home/suke/chicken_core/install/yolov10_msg/include/yolov10_msg/yolov10_msg/msg/key_point2_d_array.hpp
[13.005s] -- Symlinking: /home/suke/chicken_core/install/yolov10_msg/include/yolov10_msg/yolov10_msg/msg/key_point3_d.hpp
[13.013s] -- Symlinking: /home/suke/chicken_core/install/yolov10_msg/include/yolov10_msg/yolov10_msg/msg/key_point3_d_array.hpp
[13.019s] -- Symlinking: /home/suke/chicken_core/install/yolov10_msg/include/yolov10_msg/yolov10_msg/msg/mask.hpp
[13.026s] -- Symlinking: /home/suke/chicken_core/install/yolov10_msg/include/yolov10_msg/yolov10_msg/msg/point2_d.hpp
[13.033s] -- Symlinking: /home/suke/chicken_core/install/yolov10_msg/include/yolov10_msg/yolov10_msg/msg/pose2_d.hpp
[13.041s] -- Symlinking: /home/suke/chicken_core/install/yolov10_msg/include/yolov10_msg/yolov10_msg/msg/vector2.hpp
[13.048s] -- Symlinking: /home/suke/chicken_core/install/yolov10_msg/include/yolov10_msg/yolov10_msg/msg/detail/bounding_box2_d__rosidl_typesupport_fastrtps_cpp.hpp
[13.055s] -- Symlinking: /home/suke/chicken_core/install/yolov10_msg/include/yolov10_msg/yolov10_msg/msg/detail/bounding_box3_d__rosidl_typesupport_fastrtps_cpp.hpp
[13.061s] -- Symlinking: /home/suke/chicken_core/install/yolov10_msg/include/yolov10_msg/yolov10_msg/msg/detail/detection__rosidl_typesupport_fastrtps_cpp.hpp
[13.068s] -- Symlinking: /home/suke/chicken_core/install/yolov10_msg/include/yolov10_msg/yolov10_msg/msg/detail/detection_array__rosidl_typesupport_fastrtps_cpp.hpp
[13.075s] -- Symlinking: /home/suke/chicken_core/install/yolov10_msg/include/yolov10_msg/yolov10_msg/msg/detail/key_point2_d__rosidl_typesupport_fastrtps_cpp.hpp
[13.082s] -- Symlinking: /home/suke/chicken_core/install/yolov10_msg/include/yolov10_msg/yolov10_msg/msg/detail/key_point2_d_array__rosidl_typesupport_fastrtps_cpp.hpp
[13.089s] -- Symlinking: /home/suke/chicken_core/install/yolov10_msg/include/yolov10_msg/yolov10_msg/msg/detail/key_point3_d__rosidl_typesupport_fastrtps_cpp.hpp
[13.096s] -- Symlinking: /home/suke/chicken_core/install/yolov10_msg/include/yolov10_msg/yolov10_msg/msg/detail/key_point3_d_array__rosidl_typesupport_fastrtps_cpp.hpp
[13.102s] -- Symlinking: /home/suke/chicken_core/install/yolov10_msg/include/yolov10_msg/yolov10_msg/msg/detail/mask__rosidl_typesupport_fastrtps_cpp.hpp
[13.109s] -- Symlinking: /home/suke/chicken_core/install/yolov10_msg/include/yolov10_msg/yolov10_msg/msg/detail/point2_d__rosidl_typesupport_fastrtps_cpp.hpp
[13.116s] -- Symlinking: /home/suke/chicken_core/install/yolov10_msg/include/yolov10_msg/yolov10_msg/msg/detail/pose2_d__rosidl_typesupport_fastrtps_cpp.hpp
[13.124s] -- Symlinking: /home/suke/chicken_core/install/yolov10_msg/include/yolov10_msg/yolov10_msg/msg/detail/vector2__rosidl_typesupport_fastrtps_cpp.hpp
[13.134s] -- Symlinking: /home/suke/chicken_core/install/yolov10_msg/include/yolov10_msg/yolov10_msg/msg/rosidl_typesupport_fastrtps_cpp__visibility_control.h
[13.140s] -- Symlinking: /home/suke/chicken_core/install/yolov10_msg/include/yolov10_msg/yolov10_msg/msg/detail/bounding_box2_d__rosidl_typesupport_introspection_cpp.hpp
[13.146s] -- Symlinking: /home/suke/chicken_core/install/yolov10_msg/include/yolov10_msg/yolov10_msg/msg/detail/bounding_box3_d__rosidl_typesupport_introspection_cpp.hpp
[13.152s] -- Symlinking: /home/suke/chicken_core/install/yolov10_msg/include/yolov10_msg/yolov10_msg/msg/detail/detection__rosidl_typesupport_introspection_cpp.hpp
[13.158s] -- Symlinking: /home/suke/chicken_core/install/yolov10_msg/include/yolov10_msg/yolov10_msg/msg/detail/detection_array__rosidl_typesupport_introspection_cpp.hpp
[13.164s] -- Symlinking: /home/suke/chicken_core/install/yolov10_msg/include/yolov10_msg/yolov10_msg/msg/detail/key_point2_d__rosidl_typesupport_introspection_cpp.hpp
[13.169s] -- Symlinking: /home/suke/chicken_core/install/yolov10_msg/include/yolov10_msg/yolov10_msg/msg/detail/key_point2_d_array__rosidl_typesupport_introspection_cpp.hpp
[13.175s] -- Symlinking: /home/suke/chicken_core/install/yolov10_msg/include/yolov10_msg/yolov10_msg/msg/detail/key_point3_d__rosidl_typesupport_introspection_cpp.hpp
[13.181s] -- Symlinking: /home/suke/chicken_core/install/yolov10_msg/include/yolov10_msg/yolov10_msg/msg/detail/key_point3_d_array__rosidl_typesupport_introspection_cpp.hpp
[13.186s] -- Symlinking: /home/suke/chicken_core/install/yolov10_msg/include/yolov10_msg/yolov10_msg/msg/detail/mask__rosidl_typesupport_introspection_cpp.hpp
[13.194s] -- Symlinking: /home/suke/chicken_core/install/yolov10_msg/include/yolov10_msg/yolov10_msg/msg/detail/point2_d__rosidl_typesupport_introspection_cpp.hpp
[13.201s] -- Symlinking: /home/suke/chicken_core/install/yolov10_msg/include/yolov10_msg/yolov10_msg/msg/detail/pose2_d__rosidl_typesupport_introspection_cpp.hpp
[13.207s] -- Symlinking: /home/suke/chicken_core/install/yolov10_msg/include/yolov10_msg/yolov10_msg/msg/detail/vector2__rosidl_typesupport_introspection_cpp.hpp
[13.216s] -- Symlinking: /home/suke/chicken_core/install/yolov10_msg/share/yolov10_msg/environment/pythonpath.sh
[13.223s] -- Symlinking: /home/suke/chicken_core/install/yolov10_msg/share/yolov10_msg/environment/pythonpath.dsv
[13.232s] -- Symlinking: /home/suke/chicken_core/install/yolov10_msg/local/lib/python3.10/dist-packages/yolov10_msg-0.0.0-py3.10.egg-info/PKG-INFO
[13.238s] -- Symlinking: /home/suke/chicken_core/install/yolov10_msg/local/lib/python3.10/dist-packages/yolov10_msg-0.0.0-py3.10.egg-info/SOURCES.txt
[13.243s] -- Symlinking: /home/suke/chicken_core/install/yolov10_msg/local/lib/python3.10/dist-packages/yolov10_msg-0.0.0-py3.10.egg-info/dependency_links.txt
[13.251s] -- Symlinking: /home/suke/chicken_core/install/yolov10_msg/local/lib/python3.10/dist-packages/yolov10_msg-0.0.0-py3.10.egg-info/top_level.txt
[13.259s] -- Symlinking: /home/suke/chicken_core/install/yolov10_msg/local/lib/python3.10/dist-packages/yolov10_msg/__init__.py
[13.266s] -- Symlinking: /home/suke/chicken_core/install/yolov10_msg/local/lib/python3.10/dist-packages/yolov10_msg/_yolov10_msg_s.ep.rosidl_typesupport_c.c
[13.273s] -- Symlinking: /home/suke/chicken_core/install/yolov10_msg/local/lib/python3.10/dist-packages/yolov10_msg/_yolov10_msg_s.ep.rosidl_typesupport_fastrtps_c.c
[13.279s] -- Symlinking: /home/suke/chicken_core/install/yolov10_msg/local/lib/python3.10/dist-packages/yolov10_msg/_yolov10_msg_s.ep.rosidl_typesupport_introspection_c.c
[13.284s] -- Symlinking: /home/suke/chicken_core/install/yolov10_msg/local/lib/python3.10/dist-packages/yolov10_msg/libyolov10_msg__rosidl_generator_py.so
[13.289s] -- Symlinking: /home/suke/chicken_core/install/yolov10_msg/local/lib/python3.10/dist-packages/yolov10_msg/msg/__init__.py
[13.295s] -- Symlinking: /home/suke/chicken_core/install/yolov10_msg/local/lib/python3.10/dist-packages/yolov10_msg/msg/_bounding_box2_d.py
[13.300s] -- Symlinking: /home/suke/chicken_core/install/yolov10_msg/local/lib/python3.10/dist-packages/yolov10_msg/msg/_bounding_box2_d_s.c
[13.306s] -- Symlinking: /home/suke/chicken_core/install/yolov10_msg/local/lib/python3.10/dist-packages/yolov10_msg/msg/_bounding_box3_d.py
[13.312s] -- Symlinking: /home/suke/chicken_core/install/yolov10_msg/local/lib/python3.10/dist-packages/yolov10_msg/msg/_bounding_box3_d_s.c
[13.318s] -- Symlinking: /home/suke/chicken_core/install/yolov10_msg/local/lib/python3.10/dist-packages/yolov10_msg/msg/_detection.py
[13.324s] -- Symlinking: /home/suke/chicken_core/install/yolov10_msg/local/lib/python3.10/dist-packages/yolov10_msg/msg/_detection_array.py
[13.330s] -- Symlinking: /home/suke/chicken_core/install/yolov10_msg/local/lib/python3.10/dist-packages/yolov10_msg/msg/_detection_array_s.c
[13.337s] -- Symlinking: /home/suke/chicken_core/install/yolov10_msg/local/lib/python3.10/dist-packages/yolov10_msg/msg/_detection_s.c
[13.343s] -- Symlinking: /home/suke/chicken_core/install/yolov10_msg/local/lib/python3.10/dist-packages/yolov10_msg/msg/_key_point2_d.py
[13.349s] -- Symlinking: /home/suke/chicken_core/install/yolov10_msg/local/lib/python3.10/dist-packages/yolov10_msg/msg/_key_point2_d_array.py
[13.356s] -- Symlinking: /home/suke/chicken_core/install/yolov10_msg/local/lib/python3.10/dist-packages/yolov10_msg/msg/_key_point2_d_array_s.c
[13.361s] -- Symlinking: /home/suke/chicken_core/install/yolov10_msg/local/lib/python3.10/dist-packages/yolov10_msg/msg/_key_point2_d_s.c
[13.367s] -- Symlinking: /home/suke/chicken_core/install/yolov10_msg/local/lib/python3.10/dist-packages/yolov10_msg/msg/_key_point3_d.py
[13.373s] -- Symlinking: /home/suke/chicken_core/install/yolov10_msg/local/lib/python3.10/dist-packages/yolov10_msg/msg/_key_point3_d_array.py
[13.380s] -- Symlinking: /home/suke/chicken_core/install/yolov10_msg/local/lib/python3.10/dist-packages/yolov10_msg/msg/_key_point3_d_array_s.c
[13.386s] -- Symlinking: /home/suke/chicken_core/install/yolov10_msg/local/lib/python3.10/dist-packages/yolov10_msg/msg/_key_point3_d_s.c
[13.392s] -- Symlinking: /home/suke/chicken_core/install/yolov10_msg/local/lib/python3.10/dist-packages/yolov10_msg/msg/_mask.py
[13.398s] -- Symlinking: /home/suke/chicken_core/install/yolov10_msg/local/lib/python3.10/dist-packages/yolov10_msg/msg/_mask_s.c
[13.404s] -- Symlinking: /home/suke/chicken_core/install/yolov10_msg/local/lib/python3.10/dist-packages/yolov10_msg/msg/_point2_d.py
[13.410s] -- Symlinking: /home/suke/chicken_core/install/yolov10_msg/local/lib/python3.10/dist-packages/yolov10_msg/msg/_point2_d_s.c
[13.416s] -- Symlinking: /home/suke/chicken_core/install/yolov10_msg/local/lib/python3.10/dist-packages/yolov10_msg/msg/_pose2_d.py
[13.422s] -- Symlinking: /home/suke/chicken_core/install/yolov10_msg/local/lib/python3.10/dist-packages/yolov10_msg/msg/_pose2_d_s.c
[13.428s] -- Symlinking: /home/suke/chicken_core/install/yolov10_msg/local/lib/python3.10/dist-packages/yolov10_msg/msg/_vector2.py
[13.434s] -- Symlinking: /home/suke/chicken_core/install/yolov10_msg/local/lib/python3.10/dist-packages/yolov10_msg/msg/_vector2_s.c
[13.440s] -- Symlinking: /home/suke/chicken_core/install/yolov10_msg/local/lib/python3.10/dist-packages/yolov10_msg/yolov10_msg_s__rosidl_typesupport_c.cpython-310-x86_64-linux-gnu.so
[13.445s] -- Symlinking: /home/suke/chicken_core/install/yolov10_msg/local/lib/python3.10/dist-packages/yolov10_msg/yolov10_msg_s__rosidl_typesupport_fastrtps_c.cpython-310-x86_64-linux-gnu.so
[13.451s] -- Symlinking: /home/suke/chicken_core/install/yolov10_msg/local/lib/python3.10/dist-packages/yolov10_msg/yolov10_msg_s__rosidl_typesupport_introspection_c.cpython-310-x86_64-linux-gnu.so
[13.456s] -- Up-to-date symlink: /home/suke/chicken_core/install/yolov10_msg/local/lib/python3.10/dist-packages/yolov10_msg/yolov10_msg_s__rosidl_typesupport_fastrtps_c.cpython-310-x86_64-linux-gnu.so
[13.456s] -- Up-to-date symlink: /home/suke/chicken_core/install/yolov10_msg/local/lib/python3.10/dist-packages/yolov10_msg/yolov10_msg_s__rosidl_typesupport_introspection_c.cpython-310-x86_64-linux-gnu.so
[13.456s] -- Up-to-date symlink: /home/suke/chicken_core/install/yolov10_msg/local/lib/python3.10/dist-packages/yolov10_msg/yolov10_msg_s__rosidl_typesupport_c.cpython-310-x86_64-linux-gnu.so
[13.457s] -- Symlinking: /home/suke/chicken_core/install/yolov10_msg/share/yolov10_msg/msg/Point2D.idl
[13.463s] -- Symlinking: /home/suke/chicken_core/install/yolov10_msg/share/yolov10_msg/msg/Vector2.idl
[13.468s] -- Symlinking: /home/suke/chicken_core/install/yolov10_msg/share/yolov10_msg/msg/Pose2D.idl
[13.474s] -- Symlinking: /home/suke/chicken_core/install/yolov10_msg/share/yolov10_msg/msg/BoundingBox2D.idl
[13.479s] -- Symlinking: /home/suke/chicken_core/install/yolov10_msg/share/yolov10_msg/msg/BoundingBox3D.idl
[13.485s] -- Symlinking: /home/suke/chicken_core/install/yolov10_msg/share/yolov10_msg/msg/Mask.idl
[13.490s] -- Symlinking: /home/suke/chicken_core/install/yolov10_msg/share/yolov10_msg/msg/KeyPoint2D.idl
[13.496s] -- Symlinking: /home/suke/chicken_core/install/yolov10_msg/share/yolov10_msg/msg/KeyPoint2DArray.idl
[13.502s] -- Symlinking: /home/suke/chicken_core/install/yolov10_msg/share/yolov10_msg/msg/KeyPoint3D.idl
[13.508s] -- Symlinking: /home/suke/chicken_core/install/yolov10_msg/share/yolov10_msg/msg/KeyPoint3DArray.idl
[13.513s] -- Symlinking: /home/suke/chicken_core/install/yolov10_msg/share/yolov10_msg/msg/Detection.idl
[13.520s] -- Symlinking: /home/suke/chicken_core/install/yolov10_msg/share/yolov10_msg/msg/DetectionArray.idl
[13.525s] -- Symlinking: /home/suke/chicken_core/install/yolov10_msg/share/yolov10_msg/msg/Point2D.msg
[13.531s] -- Symlinking: /home/suke/chicken_core/install/yolov10_msg/share/yolov10_msg/msg/Vector2.msg
[13.536s] -- Symlinking: /home/suke/chicken_core/install/yolov10_msg/share/yolov10_msg/msg/Pose2D.msg
[13.542s] -- Symlinking: /home/suke/chicken_core/install/yolov10_msg/share/yolov10_msg/msg/BoundingBox2D.msg
[13.548s] -- Symlinking: /home/suke/chicken_core/install/yolov10_msg/share/yolov10_msg/msg/BoundingBox3D.msg
[13.554s] -- Symlinking: /home/suke/chicken_core/install/yolov10_msg/share/yolov10_msg/msg/Mask.msg
[13.559s] -- Symlinking: /home/suke/chicken_core/install/yolov10_msg/share/yolov10_msg/msg/KeyPoint2D.msg
[13.565s] -- Symlinking: /home/suke/chicken_core/install/yolov10_msg/share/yolov10_msg/msg/KeyPoint2DArray.msg
[13.571s] -- Symlinking: /home/suke/chicken_core/install/yolov10_msg/share/yolov10_msg/msg/KeyPoint3D.msg
[13.576s] -- Symlinking: /home/suke/chicken_core/install/yolov10_msg/share/yolov10_msg/msg/KeyPoint3DArray.msg
[13.582s] -- Symlinking: /home/suke/chicken_core/install/yolov10_msg/share/yolov10_msg/msg/Detection.msg
[13.588s] -- Symlinking: /home/suke/chicken_core/install/yolov10_msg/share/yolov10_msg/msg/DetectionArray.msg
[13.596s] -- Symlinking: /home/suke/chicken_core/install/yolov10_msg/share/ament_index/resource_index/package_run_dependencies/yolov10_msg
[13.602s] -- Symlinking: /home/suke/chicken_core/install/yolov10_msg/share/ament_index/resource_index/parent_prefix_path/yolov10_msg
[13.608s] -- Symlinking: /home/suke/chicken_core/install/yolov10_msg/share/yolov10_msg/environment/ament_prefix_path.sh
[13.614s] -- Symlinking: /home/suke/chicken_core/install/yolov10_msg/share/yolov10_msg/environment/ament_prefix_path.dsv
[13.620s] -- Symlinking: /home/suke/chicken_core/install/yolov10_msg/share/yolov10_msg/environment/path.sh
[13.625s] -- Symlinking: /home/suke/chicken_core/install/yolov10_msg/share/yolov10_msg/environment/path.dsv
[13.631s] -- Symlinking: /home/suke/chicken_core/install/yolov10_msg/share/yolov10_msg/local_setup.bash
[13.637s] -- Symlinking: /home/suke/chicken_core/install/yolov10_msg/share/yolov10_msg/local_setup.sh
[13.643s] -- Symlinking: /home/suke/chicken_core/install/yolov10_msg/share/yolov10_msg/local_setup.zsh
[13.649s] -- Symlinking: /home/suke/chicken_core/install/yolov10_msg/share/yolov10_msg/local_setup.dsv
[13.654s] -- Symlinking: /home/suke/chicken_core/install/yolov10_msg/share/yolov10_msg/package.dsv
[13.660s] -- Symlinking: /home/suke/chicken_core/install/yolov10_msg/share/ament_index/resource_index/packages/yolov10_msg
[13.665s] -- Symlinking: /home/suke/chicken_core/install/yolov10_msg/share/yolov10_msg/cmake/rosidl_cmake-extras.cmake
[13.671s] -- Symlinking: /home/suke/chicken_core/install/yolov10_msg/share/yolov10_msg/cmake/ament_cmake_export_dependencies-extras.cmake
[13.677s] -- Symlinking: /home/suke/chicken_core/install/yolov10_msg/share/yolov10_msg/cmake/ament_cmake_export_include_directories-extras.cmake
[13.683s] -- Symlinking: /home/suke/chicken_core/install/yolov10_msg/share/yolov10_msg/cmake/ament_cmake_export_libraries-extras.cmake
[13.689s] -- Symlinking: /home/suke/chicken_core/install/yolov10_msg/share/yolov10_msg/cmake/ament_cmake_export_targets-extras.cmake
[13.694s] -- Symlinking: /home/suke/chicken_core/install/yolov10_msg/share/yolov10_msg/cmake/rosidl_cmake_export_typesupport_targets-extras.cmake
[13.700s] -- Symlinking: /home/suke/chicken_core/install/yolov10_msg/share/yolov10_msg/cmake/rosidl_cmake_export_typesupport_libraries-extras.cmake
[13.706s] -- Symlinking: /home/suke/chicken_core/install/yolov10_msg/share/yolov10_msg/cmake/yolov10_msgConfig.cmake
[13.711s] -- Symlinking: /home/suke/chicken_core/install/yolov10_msg/share/yolov10_msg/cmake/yolov10_msgConfig-version.cmake
[13.717s] -- Symlinking: /home/suke/chicken_core/install/yolov10_msg/share/yolov10_msg/package.xml
[13.723s] -- Installing: /home/suke/chicken_core/install/yolov10_msg/lib/libyolov10_msg__rosidl_generator_c.so
[13.723s] -- Set runtime path of "/home/suke/chicken_core/install/yolov10_msg/lib/libyolov10_msg__rosidl_generator_c.so" to ""
[13.723s] -- Installing: /home/suke/chicken_core/install/yolov10_msg/lib/libyolov10_msg__rosidl_typesupport_fastrtps_c.so
[13.723s] -- Set runtime path of "/home/suke/chicken_core/install/yolov10_msg/lib/libyolov10_msg__rosidl_typesupport_fastrtps_c.so" to ""
[13.723s] -- Installing: /home/suke/chicken_core/install/yolov10_msg/lib/libyolov10_msg__rosidl_typesupport_introspection_c.so
[13.723s] -- Set runtime path of "/home/suke/chicken_core/install/yolov10_msg/lib/libyolov10_msg__rosidl_typesupport_introspection_c.so" to ""
[13.723s] -- Installing: /home/suke/chicken_core/install/yolov10_msg/lib/libyolov10_msg__rosidl_typesupport_c.so
[13.723s] -- Set runtime path of "/home/suke/chicken_core/install/yolov10_msg/lib/libyolov10_msg__rosidl_typesupport_c.so" to ""
[13.723s] -- Installing: /home/suke/chicken_core/install/yolov10_msg/lib/libyolov10_msg__rosidl_typesupport_fastrtps_cpp.so
[13.724s] -- Set runtime path of "/home/suke/chicken_core/install/yolov10_msg/lib/libyolov10_msg__rosidl_typesupport_fastrtps_cpp.so" to ""
[13.724s] -- Installing: /home/suke/chicken_core/install/yolov10_msg/lib/libyolov10_msg__rosidl_typesupport_introspection_cpp.so
[13.724s] -- Set runtime path of "/home/suke/chicken_core/install/yolov10_msg/lib/libyolov10_msg__rosidl_typesupport_introspection_cpp.so" to ""
[13.724s] -- Installing: /home/suke/chicken_core/install/yolov10_msg/lib/libyolov10_msg__rosidl_typesupport_cpp.so
[13.724s] -- Set runtime path of "/home/suke/chicken_core/install/yolov10_msg/lib/libyolov10_msg__rosidl_typesupport_cpp.so" to ""
[13.752s] Listing '/home/suke/chicken_core/install/yolov10_msg/local/lib/python3.10/dist-packages/yolov10_msg'...
[13.752s] Compiling '/home/suke/chicken_core/install/yolov10_msg/local/lib/python3.10/dist-packages/yolov10_msg/__init__.py'...
[13.753s] Listing '/home/suke/chicken_core/install/yolov10_msg/local/lib/python3.10/dist-packages/yolov10_msg/msg'...
[13.753s] Compiling '/home/suke/chicken_core/install/yolov10_msg/local/lib/python3.10/dist-packages/yolov10_msg/msg/__init__.py'...
[13.753s] Compiling '/home/suke/chicken_core/install/yolov10_msg/local/lib/python3.10/dist-packages/yolov10_msg/msg/_bounding_box2_d.py'...
[13.753s] Compiling '/home/suke/chicken_core/install/yolov10_msg/local/lib/python3.10/dist-packages/yolov10_msg/msg/_bounding_box3_d.py'...
[13.753s] Compiling '/home/suke/chicken_core/install/yolov10_msg/local/lib/python3.10/dist-packages/yolov10_msg/msg/_detection.py'...
[13.753s] Compiling '/home/suke/chicken_core/install/yolov10_msg/local/lib/python3.10/dist-packages/yolov10_msg/msg/_detection_array.py'...
[13.753s] Compiling '/home/suke/chicken_core/install/yolov10_msg/local/lib/python3.10/dist-packages/yolov10_msg/msg/_key_point2_d.py'...
[13.753s] Compiling '/home/suke/chicken_core/install/yolov10_msg/local/lib/python3.10/dist-packages/yolov10_msg/msg/_key_point2_d_array.py'...
[13.753s] Compiling '/home/suke/chicken_core/install/yolov10_msg/local/lib/python3.10/dist-packages/yolov10_msg/msg/_key_point3_d.py'...
[13.753s] Compiling '/home/suke/chicken_core/install/yolov10_msg/local/lib/python3.10/dist-packages/yolov10_msg/msg/_key_point3_d_array.py'...
[13.753s] Compiling '/home/suke/chicken_core/install/yolov10_msg/local/lib/python3.10/dist-packages/yolov10_msg/msg/_mask.py'...
[13.753s] Compiling '/home/suke/chicken_core/install/yolov10_msg/local/lib/python3.10/dist-packages/yolov10_msg/msg/_point2_d.py'...
[13.753s] Compiling '/home/suke/chicken_core/install/yolov10_msg/local/lib/python3.10/dist-packages/yolov10_msg/msg/_pose2_d.py'...
[13.753s] Compiling '/home/suke/chicken_core/install/yolov10_msg/local/lib/python3.10/dist-packages/yolov10_msg/msg/_vector2.py'...
[13.755s] -- Installing: /home/suke/chicken_core/install/yolov10_msg/lib/libyolov10_msg__rosidl_generator_py.so
[13.755s] -- Set runtime path of "/home/suke/chicken_core/install/yolov10_msg/lib/libyolov10_msg__rosidl_generator_py.so" to ""
[13.755s] -- Installing: /home/suke/chicken_core/install/yolov10_msg/share/yolov10_msg/cmake/export_yolov10_msg__rosidl_generator_cExport.cmake
[13.755s] -- Installing: /home/suke/chicken_core/install/yolov10_msg/share/yolov10_msg/cmake/export_yolov10_msg__rosidl_generator_cExport-noconfig.cmake
[13.755s] -- Installing: /home/suke/chicken_core/install/yolov10_msg/share/yolov10_msg/cmake/export_yolov10_msg__rosidl_typesupport_fastrtps_cExport.cmake
[13.755s] -- Installing: /home/suke/chicken_core/install/yolov10_msg/share/yolov10_msg/cmake/export_yolov10_msg__rosidl_typesupport_fastrtps_cExport-noconfig.cmake
[13.755s] -- Installing: /home/suke/chicken_core/install/yolov10_msg/share/yolov10_msg/cmake/yolov10_msg__rosidl_typesupport_introspection_cExport.cmake
[13.755s] -- Installing: /home/suke/chicken_core/install/yolov10_msg/share/yolov10_msg/cmake/yolov10_msg__rosidl_typesupport_introspection_cExport-noconfig.cmake
[13.755s] -- Installing: /home/suke/chicken_core/install/yolov10_msg/share/yolov10_msg/cmake/yolov10_msg__rosidl_typesupport_cExport.cmake
[13.755s] -- Installing: /home/suke/chicken_core/install/yolov10_msg/share/yolov10_msg/cmake/yolov10_msg__rosidl_typesupport_cExport-noconfig.cmake
[13.755s] -- Installing: /home/suke/chicken_core/install/yolov10_msg/share/yolov10_msg/cmake/export_yolov10_msg__rosidl_generator_cppExport.cmake
[13.755s] -- Installing: /home/suke/chicken_core/install/yolov10_msg/share/yolov10_msg/cmake/export_yolov10_msg__rosidl_typesupport_fastrtps_cppExport.cmake
[13.756s] -- Installing: /home/suke/chicken_core/install/yolov10_msg/share/yolov10_msg/cmake/export_yolov10_msg__rosidl_typesupport_fastrtps_cppExport-noconfig.cmake
[13.756s] -- Installing: /home/suke/chicken_core/install/yolov10_msg/share/yolov10_msg/cmake/yolov10_msg__rosidl_typesupport_introspection_cppExport.cmake
[13.756s] -- Installing: /home/suke/chicken_core/install/yolov10_msg/share/yolov10_msg/cmake/yolov10_msg__rosidl_typesupport_introspection_cppExport-noconfig.cmake
[13.756s] -- Installing: /home/suke/chicken_core/install/yolov10_msg/share/yolov10_msg/cmake/yolov10_msg__rosidl_typesupport_cppExport.cmake
[13.756s] -- Installing: /home/suke/chicken_core/install/yolov10_msg/share/yolov10_msg/cmake/yolov10_msg__rosidl_typesupport_cppExport-noconfig.cmake
[13.756s] -- Installing: /home/suke/chicken_core/install/yolov10_msg/share/yolov10_msg/cmake/export_yolov10_msg__rosidl_generator_pyExport.cmake
[13.756s] -- Installing: /home/suke/chicken_core/install/yolov10_msg/share/yolov10_msg/cmake/export_yolov10_msg__rosidl_generator_pyExport-noconfig.cmake
[13.757s] Invoked command in '/home/suke/chicken_core/build/yolov10_msg' returned '0': CMAKE_PREFIX_PATH=${CMAKE_PREFIX_PATH}:/home/suke/ouxt_automation/robotx_ws/install/opencv_tests:/home/suke/ouxt_automation/robotx_ws/install/detic_onnx_ros2:/opt/ros/humble /usr/bin/cmake --install /home/suke/chicken_core/build/yolov10_msg
